Mplus VERSION 8.6
MUTHEN & MUTHEN
04/18/2021   8:19 AM

INPUT INSTRUCTIONS

  TITLE: Your title goes here
  DATA: FILE = b6yw2_wo.dat;
  VARIABLE:
  NAMES = prop prop_r_wo prop_f_wo prop_p_wo prop_rp_wo prop_pers
       prop_p_r_wo prop_p_f_wo prop_p_p_wo prop_p_rp_wo viol viol_r_wo
       viol_f_wo viol_p_wo viol_rp_wo;
  USEVARIABLE = prop_r_wo prop_f_wo prop_p_wo
       prop_p_r_wo prop_p_f_wo prop_p_p_wo viol_r_wo
       viol_f_wo viol_p_wo ;

  MISSING=.;



  Analysis:


    !COVERAGE = 0;
    ESTIMATOR = BAYES;
    PROCESSORS = 4;
    BCONVERGENCE = 0.05;
    THIN = 3000;
    ! FBITERATIONS = 100;
    BITERATIONS = 500000 20000;
    CHAINS = 4;
    BSEED = 201509;
    ALGORITHM = GIBBS(PX1);


  MODEL:

  t_viol BY viol_f_wo@1 viol_p_wo@1 viol_r_wo@1;
  t_veh BY prop_f_wo@1 prop_p_wo@1 prop_r_wo@1;
  t_pers BY prop_p_f_wo@1 prop_p_p_wo@1 prop_p_r_wo@1;

  m_rep BY viol_p_wo@1 prop_p_wo@1 prop_p_p_wo@1;
  m_vic BY viol_r_wo@1 prop_r_wo@1 prop_p_r_wo@1;
  m_loc BY viol_f_wo@1 prop_f_wo@1 prop_p_f_wo@1;

  m_vic WITH m_rep@0;
  m_vic WITH m_loc@0;
  m_vic WITH t_viol@0;
  m_vic WITH t_veh@0;
  m_vic WITH t_pers@0;


  m_rep WITH m_loc@0;
  m_rep WITH t_viol@0;
  m_rep WITH t_veh@0;
  m_rep WITH t_pers@0;

  m_loc WITH t_viol@0;
  m_loc WITH t_veh@0;
  m_loc WITH t_pers@0;


  [t_viol t_veh t_pers m_vic m_rep m_loc ];

  [viol_p_wo@0 prop_p_wo@0 prop_p_p_wo@0 viol_r_wo@0 prop_r_wo@0
  prop_p_r_wo@0 viol_f_wo@0 prop_f_wo@0 prop_p_f_wo@0];



  OUTPUT:
  	CINTERVAL STANDARDIZED(STDYX) RESIDUAL SVALUES
  	TECH1 TECH5 TECH8 TECH10 TECH16 TECH12 TECH16;



*** WARNING in VARIABLE command
  Note that only the first 8 characters of variable names are used in the output.
  Shorten variable names to avoid any confusion.
*** WARNING in OUTPUT command
  TECH10 option is only available with categorical or count outcomes.
  Request for TECH10 is ignored.
*** WARNING in OUTPUT command
  TECH12 option is available only with TYPE=MIXTURE.
  Request for TECH12 is ignored.
   3 WARNING(S) FOUND IN THE INPUT INSTRUCTIONS



Your title goes here

SUMMARY OF ANALYSIS

Number of groups                                                 1
Number of observations                                          73

Number of dependent variables                                    9
Number of independent variables                                  0
Number of continuous latent variables                            6

Observed dependent variables

  Continuous
   PROP_R_WO   PROP_F_WO   PROP_P_WO   PROP_P_R_W  PROP_P_F_W  PROP_P_P_W
   VIOL_R_WO   VIOL_F_WO   VIOL_P_WO

Continuous latent variables
   T_VIOL      T_VEH       T_PERS      M_REP       M_VIC       M_LOC


Estimator                                                    BAYES
Specifications for Bayesian Estimation
  Point estimate                                            MEDIAN
  Number of Markov chain Monte Carlo (MCMC) chains               4
  Random seed for the first chain                           201509
  Starting value information                           UNPERTURBED
  Algorithm used for Markov chain Monte Carlo           GIBBS(PX1)
  Convergence criterion                                  0.500D-01
  Maximum number of iterations                              500000
  K-th iteration used for thinning                            3000

Input data file(s)
  b6yw2_wo.dat
Input data format  FREE


SUMMARY OF DATA



COVARIANCE COVERAGE OF DATA

Minimum covariance coverage value   0.100

     Number of missing data patterns             1


     PROPORTION OF DATA PRESENT


           Covariance Coverage
              PROP_R_W      PROP_F_W      PROP_P_W      PROP_P_R      PROP_P_F
              ________      ________      ________      ________      ________
 PROP_R_W       1.000
 PROP_F_W       1.000         1.000
 PROP_P_W       1.000         1.000         1.000
 PROP_P_R       1.000         1.000         1.000         1.000
 PROP_P_F       1.000         1.000         1.000         1.000         1.000
 PROP_P_P       1.000         1.000         1.000         1.000         1.000
 VIOL_R_W       1.000         1.000         1.000         1.000         1.000
 VIOL_F_W       1.000         1.000         1.000         1.000         1.000
 VIOL_P_W       1.000         1.000         1.000         1.000         1.000


           Covariance Coverage
              PROP_P_P      VIOL_R_W      VIOL_F_W      VIOL_P_W
              ________      ________      ________      ________
 PROP_P_P       1.000
 VIOL_R_W       1.000         1.000
 VIOL_F_W       1.000         1.000         1.000
 VIOL_P_W       1.000         1.000         1.000         1.000



UNIVARIATE SAMPLE STATISTICS


     UNIVARIATE HIGHER-ORDER MOMENT DESCRIPTIVE STATISTICS

         Variable/         Mean/     Skewness/   Minimum/ % with                Percentiles
        Sample Size      Variance    Kurtosis    Maximum  Min/Max      20%/60%    40%/80%    Median

     PROP_R_WO             3.863      -1.556       0.000    2.74%       3.090      3.954      4.064
              73.000       1.148       3.019       5.297    1.37%       4.250      4.654
     PROP_F_WO             3.008      -1.017       0.000    5.48%       2.102      3.042      3.208
              73.000       1.184       1.025       4.818    1.37%       3.378      3.935
     PROP_P_WO             2.024      -0.618       0.000    8.22%       1.372      1.893      2.146
              73.000       0.807       0.016       3.729    1.37%       2.407      2.699
     PROP_P_R_WO           4.091      -1.473       0.000    1.37%       3.449      4.098      4.343
              73.000       1.289       2.394       5.776    1.37%       4.565      4.890
     PROP_P_F_WO           2.876      -0.031       0.000    4.11%       1.610      2.476      2.871
              73.000       1.917      -0.331       6.180    1.37%       3.220      3.967
     PROP_P_P_WO           1.796       0.021       0.000   15.07%       0.670      1.581      1.852
              73.000       1.297      -0.715       4.471    1.37%       2.098      2.713
     VIOL_R_WO             3.358      -1.196       0.000    1.37%       2.781      3.330      3.613
              73.000       1.031       1.411       5.035    1.37%       3.739      4.068
     VIOL_F_WO             2.384      -0.262       0.000    4.11%       1.602      2.152      2.458
              73.000       1.152      -0.130       4.849    1.37%       2.752      3.255
     VIOL_P_WO             1.236       0.107       0.000   20.55%       0.000      0.990      1.318
              73.000       0.790      -0.950       3.204    1.37%       1.445      2.023


THE MODEL ESTIMATION TERMINATED NORMALLY

     USE THE FBITERATIONS OPTION TO INCREASE THE NUMBER OF ITERATIONS BY A FACTOR
     OF AT LEAST TWO TO CHECK CONVERGENCE AND THAT THE PSR VALUE DOES NOT INCREASE.



MODEL FIT INFORMATION

Number of Free Parameters                              24

Bayesian Posterior Predictive Checking using Chi-Square

          95% Confidence Interval for the Difference Between
          the Observed and the Replicated Chi-Square Values

                                202.233           255.486

          Posterior Predictive P-Value              0.000

Information Criteria

          Deviance (DIC)                         1073.761
          Estimated Number of Parameters (pD)      17.333
          Bayesian (BIC)                         1139.005

RMSEA (Root Mean Square Error Of Approximation)

          Estimate                           0.294
          90 Percent C.I.                    0.288  0.303
          Probability RMSEA <= .05           0.000

CFI/TLI

          CFI                                0.798
          90 Percent C.I.                    0.785  0.807

          TLI                                0.801
          90 Percent C.I.                    0.789  0.811



MODEL RESULTS

                                Posterior  One-Tailed         95% C.I.
                    Estimate       S.D.      P-Value   Lower 2.5%  Upper 2.5%  Significance

 T_VIOL   BY
    VIOL_F_WO          1.000       0.000      0.000       1.000       1.000
    VIOL_P_WO          1.000       0.000      0.000       1.000       1.000
    VIOL_R_WO          1.000       0.000      0.000       1.000       1.000

 T_VEH    BY
    PROP_F_WO          1.000       0.000      0.000       1.000       1.000
    PROP_P_WO          1.000       0.000      0.000       1.000       1.000
    PROP_R_WO          1.000       0.000      0.000       1.000       1.000

 T_PERS   BY
    PROP_P_F_W         1.000       0.000      0.000       1.000       1.000
    PROP_P_P_W         1.000       0.000      0.000       1.000       1.000
    PROP_P_R_W         1.000       0.000      0.000       1.000       1.000

 M_REP    BY
    VIOL_P_WO          1.000       0.000      0.000       1.000       1.000
    PROP_P_WO          1.000       0.000      0.000       1.000       1.000
    PROP_P_P_W         1.000       0.000      0.000       1.000       1.000

 M_VIC    BY
    VIOL_R_WO          1.000       0.000      0.000       1.000       1.000
    PROP_R_WO          1.000       0.000      0.000       1.000       1.000
    PROP_P_R_W         1.000       0.000      0.000       1.000       1.000

 M_LOC    BY
    VIOL_F_WO          1.000       0.000      0.000       1.000       1.000
    PROP_F_WO          1.000       0.000      0.000       1.000       1.000
    PROP_P_F_W         1.000       0.000      0.000       1.000       1.000

 M_VIC    WITH
    M_REP              0.000       0.000      1.000       0.000       0.000
    M_LOC              0.000       0.000      1.000       0.000       0.000
    T_VIOL             0.000       0.000      1.000       0.000       0.000
    T_VEH              0.000       0.000      1.000       0.000       0.000
    T_PERS             0.000       0.000      1.000       0.000       0.000

 M_REP    WITH
    M_LOC              0.000       0.000      1.000       0.000       0.000
    T_VIOL             0.000       0.000      1.000       0.000       0.000
    T_VEH              0.000       0.000      1.000       0.000       0.000
    T_PERS             0.000       0.000      1.000       0.000       0.000

 M_LOC    WITH
    T_VIOL             0.000       0.000      1.000       0.000       0.000
    T_VEH              0.000       0.000      1.000       0.000       0.000
    T_PERS             0.000       0.000      1.000       0.000       0.000

 T_VEH    WITH
    T_VIOL             0.970       0.195      0.000       0.674       1.432      *

 T_PERS   WITH
    T_VIOL             1.103       0.216      0.000       0.775       1.618      *
    T_VEH              1.161       0.229      0.000       0.815       1.708      *

 Means
    T_VIOL            67.286      78.257      0.283     -82.836     199.342
    T_VEH             67.863      78.257      0.280     -82.250     199.923
    T_PERS            67.917      78.257      0.280     -82.193     199.993
    M_REP            -65.963      78.257      0.288    -198.037      84.178
    M_VIC            -63.934      78.257      0.296    -196.022      86.193
    M_LOC            -64.882      78.257      0.292    -196.965      85.247

 Intercepts
    PROP_R_WO          0.000       0.000      1.000       0.000       0.000
    PROP_F_WO          0.000       0.000      1.000       0.000       0.000
    PROP_P_WO          0.000       0.000      1.000       0.000       0.000
    PROP_P_R_W         0.000       0.000      1.000       0.000       0.000
    PROP_P_F_W         0.000       0.000      1.000       0.000       0.000
    PROP_P_P_W         0.000       0.000      1.000       0.000       0.000
    VIOL_R_WO          0.000       0.000      1.000       0.000       0.000
    VIOL_F_WO          0.000       0.000      1.000       0.000       0.000
    VIOL_P_WO          0.000       0.000      1.000       0.000       0.000

 Variances
    T_VIOL             0.961       0.190      0.000       0.673       1.412      *
    T_VEH              1.107       0.218      0.000       0.776       1.624      *
    T_PERS             1.306       0.261      0.000       0.913       1.931      *
    M_REP              0.021       0.023      0.000       0.001       0.086      *
    M_VIC              0.159       0.048      0.000       0.089       0.275      *
    M_LOC              0.015       0.016      0.000       0.001       0.059      *

 Residual Variances
    PROP_R_WO          0.046       0.026      0.000       0.008       0.108      *
    PROP_F_WO          0.051       0.028      0.000       0.009       0.117      *
    PROP_P_WO          0.150       0.043      0.000       0.082       0.250      *
    PROP_P_R_W         0.103       0.034      0.000       0.058       0.188      *
    PROP_P_F_W         0.317       0.080      0.000       0.189       0.500      *
    PROP_P_P_W         0.292       0.075      0.000       0.174       0.470      *
    VIOL_R_WO          0.033       0.021      0.000       0.004       0.084      *
    VIOL_F_WO          0.152       0.042      0.000       0.087       0.251      *
    VIOL_P_WO          0.413       0.088      0.000       0.278       0.621      *


STANDARDIZED MODEL RESULTS


STDYX Standardization

                                Posterior  One-Tailed         95% C.I.
                    Estimate       S.D.      P-Value   Lower 2.5%  Upper 2.5%  Significance
 T_VIOL   BY
    VIOL_F_WO          0.922       0.023      0.000       0.868       0.956      *
    VIOL_P_WO          0.828       0.034      0.000       0.754       0.886      *
    VIOL_R_WO          0.912       0.024      0.000       0.856       0.948      *

 T_VEH    BY
    PROP_F_WO          0.970       0.016      0.000       0.929       0.992      *
    PROP_P_WO          0.929       0.019      0.000       0.885       0.958      *
    PROP_R_WO          0.918       0.027      0.000       0.854       0.957      *

 T_PERS   BY
    PROP_P_F_W         0.892       0.029      0.000       0.826       0.939      *
    PROP_P_P_W         0.897       0.028      0.000       0.832       0.942      *
    PROP_P_R_W         0.911       0.021      0.000       0.862       0.945      *

 M_REP    BY
    VIOL_P_WO          0.121       0.058      0.000       0.025       0.245      *
    PROP_P_WO          0.126       0.060      0.000       0.026       0.253      *
    PROP_P_P_W         0.112       0.053      0.000       0.023       0.224      *

 M_VIC    BY
    VIOL_R_WO          0.370       0.055      0.000       0.271       0.487      *
    PROP_R_WO          0.347       0.054      0.000       0.251       0.460      *
    PROP_P_R_W         0.317       0.049      0.000       0.230       0.421      *

 M_LOC    BY
    VIOL_F_WO          0.114       0.056      0.000       0.024       0.237      *
    PROP_F_WO          0.112       0.055      0.000       0.023       0.233      *
    PROP_P_F_W         0.095       0.046      0.000       0.020       0.196      *

 M_VIC    WITH
    M_REP              0.000       0.000      1.000       0.000       0.000
    M_LOC              0.000       0.000      1.000       0.000       0.000
    T_VIOL             0.000       0.000      1.000       0.000       0.000
    T_VEH              0.000       0.000      1.000       0.000       0.000
    T_PERS             0.000       0.000      1.000       0.000       0.000

 M_REP    WITH
    M_LOC              0.000       0.000      1.000       0.000       0.000
    T_VIOL             0.000       0.000      1.000       0.000       0.000
    T_VEH              0.000       0.000      1.000       0.000       0.000
    T_PERS             0.000       0.000      1.000       0.000       0.000

 M_LOC    WITH
    T_VIOL             0.000       0.000      1.000       0.000       0.000
    T_VEH              0.000       0.000      1.000       0.000       0.000
    T_PERS             0.000       0.000      1.000       0.000       0.000

 T_VEH    WITH
    T_VIOL             0.943       0.019      0.000       0.896       0.970      *

 T_PERS   WITH
    T_VIOL             0.987       0.009      0.000       0.963       0.998      *
    T_VEH              0.968       0.014      0.000       0.933       0.987      *

 Means
    T_VIOL            67.899      80.630      0.283     -85.572     207.260
    T_VEH             63.819      75.103      0.280     -79.000     193.425
    T_PERS            58.763      69.157      0.280     -72.803     178.402
    M_REP           -429.716    1906.338      0.288   -3214.582     908.852
    M_VIC           -158.490     202.018      0.296    -518.696     222.752
    M_LOC           -500.951    2071.835      0.292   -3588.477    1067.051

 Intercepts
    PROP_R_WO          0.000       0.000      1.000       0.000       0.000
    PROP_F_WO          0.000       0.000      1.000       0.000       0.000
    PROP_P_WO          0.000       0.000      1.000       0.000       0.000
    PROP_P_R_W         0.000       0.000      1.000       0.000       0.000
    PROP_P_F_W         0.000       0.000      1.000       0.000       0.000
    PROP_P_P_W         0.000       0.000      1.000       0.000       0.000
    VIOL_R_WO          0.000       0.000      1.000       0.000       0.000
    VIOL_F_WO          0.000       0.000      1.000       0.000       0.000
    VIOL_P_WO          0.000       0.000      1.000       0.000       0.000

 Variances
    T_VIOL             1.000       0.000      0.000       1.000       1.000
    T_VEH              1.000       0.000      0.000       1.000       1.000
    T_PERS             1.000       0.000      0.000       1.000       1.000
    M_REP              1.000       0.000      0.000       1.000       1.000
    M_VIC              1.000       0.000      0.000       1.000       1.000
    M_LOC              1.000       0.000      0.000       1.000       1.000

 Residual Variances
    PROP_R_WO          0.034       0.019      0.000       0.006       0.082      *
    PROP_F_WO          0.043       0.025      0.000       0.007       0.106      *
    PROP_P_WO          0.116       0.035      0.000       0.061       0.196      *
    PROP_P_R_W         0.066       0.021      0.000       0.035       0.118      *
    PROP_P_F_W         0.192       0.050      0.000       0.108       0.305      *
    PROP_P_P_W         0.179       0.048      0.000       0.101       0.287      *
    VIOL_R_WO          0.028       0.019      0.000       0.003       0.075      *
    VIOL_F_WO          0.134       0.039      0.000       0.073       0.223      *
    VIOL_P_WO          0.295       0.056      0.000       0.196       0.415      *


R-SQUARE

                                Posterior  One-Tailed         95% C.I.
    Variable        Estimate       S.D.      P-Value   Lower 2.5%  Upper 2.5%

    PROP_R_WO          0.966       0.019      0.000       0.918       0.994
    PROP_F_WO          0.957       0.025      0.000       0.894       0.993
    PROP_P_WO          0.884       0.035      0.000       0.804       0.939
    PROP_P_R_WO        0.934       0.021      0.000       0.882       0.965
    PROP_P_F_WO        0.808       0.050      0.000       0.695       0.892
    PROP_P_P_WO        0.821       0.048      0.000       0.713       0.899
    VIOL_R_WO          0.972       0.019      0.000       0.925       0.997
    VIOL_F_WO          0.866       0.039      0.000       0.777       0.927
    VIOL_P_WO          0.705       0.056      0.000       0.585       0.804


CREDIBILITY INTERVALS OF MODEL RESULTS

                  Lower .5%  Lower 2.5%    Lower 5%    Estimate    Upper 5%  Upper 2.5%   Upper .5%

 T_VIOL   BY
    VIOL_F_WO        1.000       1.000       1.000       1.000       1.000       1.000       1.000
    VIOL_P_WO        1.000       1.000       1.000       1.000       1.000       1.000       1.000
    VIOL_R_WO        1.000       1.000       1.000       1.000       1.000       1.000       1.000

 T_VEH    BY
    PROP_F_WO        1.000       1.000       1.000       1.000       1.000       1.000       1.000
    PROP_P_WO        1.000       1.000       1.000       1.000       1.000       1.000       1.000
    PROP_R_WO        1.000       1.000       1.000       1.000       1.000       1.000       1.000

 T_PERS   BY
    PROP_P_F_W       1.000       1.000       1.000       1.000       1.000       1.000       1.000
    PROP_P_P_W       1.000       1.000       1.000       1.000       1.000       1.000       1.000
    PROP_P_R_W       1.000       1.000       1.000       1.000       1.000       1.000       1.000

 M_REP    BY
    VIOL_P_WO        1.000       1.000       1.000       1.000       1.000       1.000       1.000
    PROP_P_WO        1.000       1.000       1.000       1.000       1.000       1.000       1.000
    PROP_P_P_W       1.000       1.000       1.000       1.000       1.000       1.000       1.000

 M_VIC    BY
    VIOL_R_WO        1.000       1.000       1.000       1.000       1.000       1.000       1.000
    PROP_R_WO        1.000       1.000       1.000       1.000       1.000       1.000       1.000
    PROP_P_R_W       1.000       1.000       1.000       1.000       1.000       1.000       1.000

 M_LOC    BY
    VIOL_F_WO        1.000       1.000       1.000       1.000       1.000       1.000       1.000
    PROP_F_WO        1.000       1.000       1.000       1.000       1.000       1.000       1.000
    PROP_P_F_W       1.000       1.000       1.000       1.000       1.000       1.000       1.000

 M_VIC    WITH
    M_REP            0.000       0.000       0.000       0.000       0.000       0.000       0.000
    M_LOC            0.000       0.000       0.000       0.000       0.000       0.000       0.000
    T_VIOL           0.000       0.000       0.000       0.000       0.000       0.000       0.000
    T_VEH            0.000       0.000       0.000       0.000       0.000       0.000       0.000
    T_PERS           0.000       0.000       0.000       0.000       0.000       0.000       0.000

 M_REP    WITH
    M_LOC            0.000       0.000       0.000       0.000       0.000       0.000       0.000
    T_VIOL           0.000       0.000       0.000       0.000       0.000       0.000       0.000
    T_VEH            0.000       0.000       0.000       0.000       0.000       0.000       0.000
    T_PERS           0.000       0.000       0.000       0.000       0.000       0.000       0.000

 M_LOC    WITH
    T_VIOL           0.000       0.000       0.000       0.000       0.000       0.000       0.000
    T_VEH            0.000       0.000       0.000       0.000       0.000       0.000       0.000
    T_PERS           0.000       0.000       0.000       0.000       0.000       0.000       0.000

 T_VEH    WITH
    T_VIOL           0.604       0.674       0.713       0.970       1.343       1.432       1.633

 T_PERS   WITH
    T_VIOL           0.699       0.775       0.819       1.103       1.520       1.618       1.846
    T_VEH            0.734       0.815       0.860       1.161       1.602       1.708       1.944

 Means
    T_VIOL         -97.129     -82.836     -72.387      67.286     183.862     199.342     218.592
    T_VEH          -96.544     -82.250     -71.793      67.863     184.437     199.923     219.201
    T_PERS         -96.482     -82.193     -71.746      67.917     184.487     199.993     219.240
    M_REP         -217.309    -198.037    -182.522     -65.963      73.690      84.178      98.398
    M_VIC         -215.285    -196.022    -180.516     -63.934      75.722      86.193     100.422
    M_LOC         -216.237    -196.965    -181.447     -64.882      74.764      85.247      99.474

 Intercepts
    PROP_R_WO        0.000       0.000       0.000       0.000       0.000       0.000       0.000
    PROP_F_WO        0.000       0.000       0.000       0.000       0.000       0.000       0.000
    PROP_P_WO        0.000       0.000       0.000       0.000       0.000       0.000       0.000
    PROP_P_R_W       0.000       0.000       0.000       0.000       0.000       0.000       0.000
    PROP_P_F_W       0.000       0.000       0.000       0.000       0.000       0.000       0.000
    PROP_P_P_W       0.000       0.000       0.000       0.000       0.000       0.000       0.000
    VIOL_R_WO        0.000       0.000       0.000       0.000       0.000       0.000       0.000
    VIOL_F_WO        0.000       0.000       0.000       0.000       0.000       0.000       0.000
    VIOL_P_WO        0.000       0.000       0.000       0.000       0.000       0.000       0.000

 Variances
    T_VIOL           0.605       0.673       0.710       0.961       1.323       1.412       1.608
    T_VEH            0.700       0.776       0.819       1.107       1.525       1.624       1.843
    T_PERS           0.819       0.913       0.965       1.306       1.809       1.931       2.201
    M_REP            0.000       0.001       0.002       0.021       0.072       0.086       0.114
    M_VIC            0.074       0.089       0.098       0.159       0.253       0.275       0.325
    M_LOC            0.000       0.001       0.001       0.015       0.050       0.059       0.081

 Residual Variances
    PROP_R_WO        0.002       0.008       0.013       0.046       0.096       0.108       0.134
    PROP_F_WO        0.003       0.009       0.014       0.051       0.104       0.117       0.145
    PROP_P_WO        0.064       0.082       0.092       0.150       0.231       0.250       0.294
    PROP_P_R_W       0.047       0.058       0.064       0.103       0.170       0.188       0.237
    PROP_P_F_W       0.156       0.189       0.207       0.317       0.466       0.500       0.577
    PROP_P_P_W       0.142       0.174       0.190       0.292       0.435       0.470       0.543
    VIOL_R_WO        0.001       0.004       0.007       0.033       0.073       0.084       0.107
    VIOL_F_WO        0.070       0.087       0.096       0.152       0.232       0.251       0.292
    VIOL_P_WO        0.245       0.278       0.297       0.413       0.580       0.621       0.707


CREDIBILITY INTERVALS OF STANDARDIZED MODEL RESULTS


STDYX Standardization

                  Lower .5%  Lower 2.5%    Lower 5%    Estimate    Upper 5%  Upper 2.5%   Upper .5%

 T_VIOL   BY
    VIOL_F_WO        0.847       0.868       0.878       0.922       0.952       0.956       0.965
    VIOL_P_WO        0.727       0.754       0.767       0.828       0.878       0.886       0.901
    VIOL_R_WO        0.835       0.856       0.867       0.912       0.943       0.948       0.957

 T_VEH    BY
    PROP_F_WO        0.910       0.929       0.938       0.970       0.989       0.992       0.995
    PROP_P_WO        0.866       0.885       0.893       0.929       0.955       0.958       0.965
    PROP_R_WO        0.829       0.854       0.866       0.918       0.953       0.957       0.965

 T_PERS   BY
    PROP_P_F_W       0.801       0.826       0.838       0.892       0.933       0.939       0.951
    PROP_P_P_W       0.807       0.832       0.844       0.897       0.936       0.942       0.954
    PROP_P_R_W       0.843       0.862       0.871       0.911       0.941       0.945       0.953

 M_REP    BY
    VIOL_P_WO        0.011       0.025       0.035       0.121       0.225       0.245       0.284
    PROP_P_WO        0.011       0.026       0.037       0.126       0.233       0.253       0.291
    PROP_P_P_W       0.010       0.023       0.033       0.112       0.207       0.224       0.258

 M_VIC    BY
    VIOL_R_WO        0.244       0.271       0.285       0.370       0.468       0.487       0.525
    PROP_R_WO        0.225       0.251       0.265       0.347       0.441       0.460       0.499
    PROP_P_R_W       0.207       0.230       0.243       0.317       0.404       0.421       0.457

 M_LOC    BY
    VIOL_F_WO        0.011       0.024       0.033       0.114       0.216       0.237       0.278
    PROP_F_WO        0.010       0.023       0.033       0.112       0.212       0.233       0.275
    PROP_P_F_W       0.009       0.020       0.028       0.095       0.178       0.196       0.231

 M_VIC    WITH
    M_REP            0.000       0.000       0.000       0.000       0.000       0.000       0.000
    M_LOC            0.000       0.000       0.000       0.000       0.000       0.000       0.000
    T_VIOL           0.000       0.000       0.000       0.000       0.000       0.000       0.000
    T_VEH            0.000       0.000       0.000       0.000       0.000       0.000       0.000
    T_PERS           0.000       0.000       0.000       0.000       0.000       0.000       0.000

 M_REP    WITH
    M_LOC            0.000       0.000       0.000       0.000       0.000       0.000       0.000
    T_VIOL           0.000       0.000       0.000       0.000       0.000       0.000       0.000
    T_VEH            0.000       0.000       0.000       0.000       0.000       0.000       0.000
    T_PERS           0.000       0.000       0.000       0.000       0.000       0.000       0.000

 M_LOC    WITH
    T_VIOL           0.000       0.000       0.000       0.000       0.000       0.000       0.000
    T_VEH            0.000       0.000       0.000       0.000       0.000       0.000       0.000
    T_PERS           0.000       0.000       0.000       0.000       0.000       0.000       0.000

 T_VEH    WITH
    T_VIOL           0.874       0.896       0.905       0.943       0.967       0.970       0.976

 T_PERS   WITH
    T_VIOL           0.952       0.963       0.968       0.987       0.996       0.998       0.999
    T_VEH            0.915       0.933       0.940       0.968       0.985       0.987       0.991

 Means
    T_VIOL        -103.786     -85.572     -73.567      67.899     188.645     207.260     236.861
    T_VEH          -96.032     -79.000     -68.147      63.819     176.360     193.425     221.673
    T_PERS         -88.390     -72.803     -62.564      58.763     162.618     178.402     204.023
    M_REP        -7107.765   -3214.582   -2247.745    -429.716     622.405     908.852    2107.033
    M_VIC         -613.240    -518.696    -464.034    -158.490     189.777     222.752     278.534
    M_LOC        -7991.495   -3588.477   -2508.527    -500.951     734.790    1067.051    2405.326

 Intercepts
    PROP_R_WO        0.000       0.000       0.000       0.000       0.000       0.000       0.000
    PROP_F_WO        0.000       0.000       0.000       0.000       0.000       0.000       0.000
    PROP_P_WO        0.000       0.000       0.000       0.000       0.000       0.000       0.000
    PROP_P_R_W       0.000       0.000       0.000       0.000       0.000       0.000       0.000
    PROP_P_F_W       0.000       0.000       0.000       0.000       0.000       0.000       0.000
    PROP_P_P_W       0.000       0.000       0.000       0.000       0.000       0.000       0.000
    VIOL_R_WO        0.000       0.000       0.000       0.000       0.000       0.000       0.000
    VIOL_F_WO        0.000       0.000       0.000       0.000       0.000       0.000       0.000
    VIOL_P_WO        0.000       0.000       0.000       0.000       0.000       0.000       0.000

 Variances
    T_VIOL           1.000       1.000       1.000       1.000       1.000       1.000       1.000
    T_VEH            1.000       1.000       1.000       1.000       1.000       1.000       1.000
    T_PERS           1.000       1.000       1.000       1.000       1.000       1.000       1.000
    M_REP            1.000       1.000       1.000       1.000       1.000       1.000       1.000
    M_VIC            1.000       1.000       1.000       1.000       1.000       1.000       1.000
    M_LOC            1.000       1.000       1.000       1.000       1.000       1.000       1.000

 Residual Variances
    PROP_R_WO        0.002       0.006       0.010       0.034       0.073       0.082       0.103
    PROP_F_WO        0.002       0.007       0.011       0.043       0.093       0.106       0.132
    PROP_P_WO        0.048       0.061       0.069       0.116       0.181       0.196       0.228
    PROP_P_R_W       0.028       0.035       0.039       0.066       0.107       0.118       0.143
    PROP_P_F_W       0.086       0.108       0.120       0.192       0.285       0.305       0.344
    PROP_P_P_W       0.081       0.101       0.112       0.179       0.267       0.287       0.327
    VIOL_R_WO        0.001       0.003       0.006       0.028       0.066       0.075       0.098
    VIOL_F_WO        0.059       0.073       0.081       0.134       0.206       0.223       0.256
    VIOL_P_WO        0.170       0.196       0.210       0.295       0.395       0.415       0.455


MODEL COMMAND WITH FINAL ESTIMATES USED AS STARTING VALUES

     t_viol BY viol_f_wo@1;
     t_viol BY viol_p_wo@1;
     t_viol BY viol_r_wo@1;
     t_veh BY prop_f_wo@1;
     t_veh BY prop_p_wo@1;
     t_veh BY prop_r_wo@1;
     t_pers BY prop_p_f_wo@1;
     t_pers BY prop_p_p_wo@1;
     t_pers BY prop_p_r_wo@1;
     m_rep BY viol_p_wo@1;
     m_rep BY prop_p_wo@1;
     m_rep BY prop_p_p_wo@1;
     m_vic BY viol_r_wo@1;
     m_vic BY prop_r_wo@1;
     m_vic BY prop_p_r_wo@1;
     m_loc BY viol_f_wo@1;
     m_loc BY prop_f_wo@1;
     m_loc BY prop_p_f_wo@1;

     m_vic WITH m_rep@0;
     m_vic WITH m_loc@0;
     m_vic WITH t_viol@0;
     m_vic WITH t_veh@0;
     m_vic WITH t_pers@0;
     m_rep WITH m_loc@0;
     m_rep WITH t_viol@0;
     m_rep WITH t_veh@0;
     m_rep WITH t_pers@0;
     m_loc WITH t_viol@0;
     m_loc WITH t_veh@0;
     m_loc WITH t_pers@0;
     t_veh WITH t_viol*0.96973;
     t_pers WITH t_viol*1.10313;
     t_pers WITH t_veh*1.16105;

     [ prop_r_wo@0 ];
     [ prop_f_wo@0 ];
     [ prop_p_wo@0 ];
     [ prop_p_r_wo@0 ];
     [ prop_p_f_wo@0 ];
     [ prop_p_p_wo@0 ];
     [ viol_r_wo@0 ];
     [ viol_f_wo@0 ];
     [ viol_p_wo@0 ];
     [ t_viol*67.28578 ];
     [ t_veh*67.86318 ];
     [ t_pers*67.91728 ];
     [ m_rep*-65.96264 ];
     [ m_vic*-63.93385 ];
     [ m_loc*-64.88177 ];

     prop_r_wo*0.04581;
     prop_f_wo*0.05101;
     prop_p_wo*0.14967;
     prop_p_r_wo*0.10340;
     prop_p_f_wo*0.31674;
     prop_p_p_wo*0.29153;
     viol_r_wo*0.03304;
     viol_f_wo*0.15221;
     viol_p_wo*0.41345;
     t_viol*0.96073;
     t_veh*1.10681;
     t_pers*1.30641;
     m_rep*0.02062;
     m_vic*0.15899;
     m_loc*0.01502;



RESIDUAL OUTPUT


     ESTIMATED MODEL


           Means
              PROP_R_W      PROP_F_W      PROP_P_W      PROP_P_R      PROP_P_F
              ________      ________      ________      ________      ________
                3.929         2.981         1.901         3.983         3.036


           Means
              PROP_P_P      VIOL_R_W      VIOL_F_W      VIOL_P_W
              ________      ________      ________      ________
                1.955         3.352         2.404         1.323


           Covariances
              PROP_R_W      PROP_F_W      PROP_P_W      PROP_P_R      PROP_P_F
              ________      ________      ________      ________      ________
 PROP_R_W       1.312
 PROP_F_W       1.107         1.173
 PROP_P_W       1.107         1.107         1.277
 PROP_P_R       1.320         1.161         1.161         1.569
 PROP_P_F       1.161         1.176         1.161         1.306         1.638
 PROP_P_P       1.161         1.161         1.182         1.306         1.306
 VIOL_R_W       1.129         0.970         0.970         1.262         1.103
 VIOL_F_W       0.970         0.985         0.970         1.103         1.118
 VIOL_P_W       0.970         0.970         0.990         1.103         1.103


           Covariances
              PROP_P_P      VIOL_R_W      VIOL_F_W      VIOL_P_W
              ________      ________      ________      ________
 PROP_P_P       1.619
 VIOL_R_W       1.103         1.153
 VIOL_F_W       1.103         0.961         1.128
 VIOL_P_W       1.124         0.961         0.961         1.395


           Correlations
              PROP_R_W      PROP_F_W      PROP_P_W      PROP_P_R      PROP_P_F
              ________      ________      ________      ________      ________
 PROP_R_W       1.000
 PROP_F_W       0.892         1.000
 PROP_P_W       0.855         0.904         1.000
 PROP_P_R       0.920         0.856         0.820         1.000
 PROP_P_F       0.792         0.848         0.803         0.815         1.000
 PROP_P_P       0.797         0.843         0.822         0.820         0.802
 VIOL_R_W       0.918         0.834         0.799         0.939         0.803
 VIOL_F_W       0.797         0.856         0.808         0.829         0.823
 VIOL_P_W       0.717         0.758         0.742         0.746         0.730


           Correlations
              PROP_P_P      VIOL_R_W      VIOL_F_W      VIOL_P_W
              ________      ________      ________      ________
 PROP_P_P       1.000
 VIOL_R_W       0.808         1.000
 VIOL_F_W       0.816         0.843         1.000
 VIOL_P_W       0.748         0.758         0.766         1.000


TECHNICAL 1 OUTPUT


     PARAMETER SPECIFICATION


           NU
              PROP_R_W      PROP_F_W      PROP_P_W      PROP_P_R      PROP_P_F
              ________      ________      ________      ________      ________
                    0             0             0             0             0


           NU
              PROP_P_P      VIOL_R_W      VIOL_F_W      VIOL_P_W
              ________      ________      ________      ________
                    0             0             0             0


           LAMBDA
              T_VIOL        T_VEH         T_PERS        M_REP         M_VIC
              ________      ________      ________      ________      ________
 PROP_R_W           0             0             0             0             0
 PROP_F_W           0             0             0             0             0
 PROP_P_W           0             0             0             0             0
 PROP_P_R           0             0             0             0             0
 PROP_P_F           0             0             0             0             0
 PROP_P_P           0             0             0             0             0
 VIOL_R_W           0             0             0             0             0
 VIOL_F_W           0             0             0             0             0
 VIOL_P_W           0             0             0             0             0


           LAMBDA
              M_LOC
              ________
 PROP_R_W           0
 PROP_F_W           0
 PROP_P_W           0
 PROP_P_R           0
 PROP_P_F           0
 PROP_P_P           0
 VIOL_R_W           0
 VIOL_F_W           0
 VIOL_P_W           0


           THETA
              PROP_R_W      PROP_F_W      PROP_P_W      PROP_P_R      PROP_P_F
              ________      ________      ________      ________      ________
 PROP_R_W           1
 PROP_F_W           0             2
 PROP_P_W           0             0             3
 PROP_P_R           0             0             0             4
 PROP_P_F           0             0             0             0             5
 PROP_P_P           0             0             0             0             0
 VIOL_R_W           0             0             0             0             0
 VIOL_F_W           0             0             0             0             0
 VIOL_P_W           0             0             0             0             0


           THETA
              PROP_P_P      VIOL_R_W      VIOL_F_W      VIOL_P_W
              ________      ________      ________      ________
 PROP_P_P           6
 VIOL_R_W           0             7
 VIOL_F_W           0             0             8
 VIOL_P_W           0             0             0             9


           ALPHA
              T_VIOL        T_VEH         T_PERS        M_REP         M_VIC
              ________      ________      ________      ________      ________
                   10            11            12            13            14


           ALPHA
              M_LOC
              ________
                   15


           BETA
              T_VIOL        T_VEH         T_PERS        M_REP         M_VIC
              ________      ________      ________      ________      ________
 T_VIOL             0             0             0             0             0
 T_VEH              0             0             0             0             0
 T_PERS             0             0             0             0             0
 M_REP              0             0             0             0             0
 M_VIC              0             0             0             0             0
 M_LOC              0             0             0             0             0


           BETA
              M_LOC
              ________
 T_VIOL             0
 T_VEH              0
 T_PERS             0
 M_REP              0
 M_VIC              0
 M_LOC              0


           PSI
              T_VIOL        T_VEH         T_PERS        M_REP         M_VIC
              ________      ________      ________      ________      ________
 T_VIOL            16
 T_VEH             17            18
 T_PERS            19            20            21
 M_REP              0             0             0            22
 M_VIC              0             0             0             0            23
 M_LOC              0             0             0             0             0


           PSI
              M_LOC
              ________
 M_LOC             24


     STARTING VALUES


           NU
              PROP_R_W      PROP_F_W      PROP_P_W      PROP_P_R      PROP_P_F
              ________      ________      ________      ________      ________
                0.000         0.000         0.000         0.000         0.000


           NU
              PROP_P_P      VIOL_R_W      VIOL_F_W      VIOL_P_W
              ________      ________      ________      ________
                0.000         0.000         0.000         0.000


           LAMBDA
              T_VIOL        T_VEH         T_PERS        M_REP         M_VIC
              ________      ________      ________      ________      ________
 PROP_R_W       0.000         1.000         0.000         0.000         1.000
 PROP_F_W       0.000         1.000         0.000         0.000         0.000
 PROP_P_W       0.000         1.000         0.000         1.000         0.000
 PROP_P_R       0.000         0.000         1.000         0.000         1.000
 PROP_P_F       0.000         0.000         1.000         0.000         0.000
 PROP_P_P       0.000         0.000         1.000         1.000         0.000
 VIOL_R_W       1.000         0.000         0.000         0.000         1.000
 VIOL_F_W       1.000         0.000         0.000         0.000         0.000
 VIOL_P_W       1.000         0.000         0.000         1.000         0.000


           LAMBDA
              M_LOC
              ________
 PROP_R_W       0.000
 PROP_F_W       1.000
 PROP_P_W       0.000
 PROP_P_R       0.000
 PROP_P_F       1.000
 PROP_P_P       0.000
 VIOL_R_W       0.000
 VIOL_F_W       1.000
 VIOL_P_W       0.000


           THETA
              PROP_R_W      PROP_F_W      PROP_P_W      PROP_P_R      PROP_P_F
              ________      ________      ________      ________      ________
 PROP_R_W       0.574
 PROP_F_W       0.000         0.592
 PROP_P_W       0.000         0.000         0.403
 PROP_P_R       0.000         0.000         0.000         0.644
 PROP_P_F       0.000         0.000         0.000         0.000         0.958
 PROP_P_P       0.000         0.000         0.000         0.000         0.000
 VIOL_R_W       0.000         0.000         0.000         0.000         0.000
 VIOL_F_W       0.000         0.000         0.000         0.000         0.000
 VIOL_P_W       0.000         0.000         0.000         0.000         0.000


           THETA
              PROP_P_P      VIOL_R_W      VIOL_F_W      VIOL_P_W
              ________      ________      ________      ________
 PROP_P_P       0.648
 VIOL_R_W       0.000         0.516
 VIOL_F_W       0.000         0.000         0.576
 VIOL_P_W       0.000         0.000         0.000         0.395


           ALPHA
              T_VIOL        T_VEH         T_PERS        M_REP         M_VIC
              ________      ________      ________      ________      ________
                0.000         0.000         0.000         0.000         0.000


           ALPHA
              M_LOC
              ________
                0.000


           BETA
              T_VIOL        T_VEH         T_PERS        M_REP         M_VIC
              ________      ________      ________      ________      ________
 T_VIOL         0.000         0.000         0.000         0.000         0.000
 T_VEH          0.000         0.000         0.000         0.000         0.000
 T_PERS         0.000         0.000         0.000         0.000         0.000
 M_REP          0.000         0.000         0.000         0.000         0.000
 M_VIC          0.000         0.000         0.000         0.000         0.000
 M_LOC          0.000         0.000         0.000         0.000         0.000


           BETA
              M_LOC
              ________
 T_VIOL         0.000
 T_VEH          0.000
 T_PERS         0.000
 M_REP          0.000
 M_VIC          0.000
 M_LOC          0.000


           PSI
              T_VIOL        T_VEH         T_PERS        M_REP         M_VIC
              ________      ________      ________      ________      ________
 T_VIOL         1.000
 T_VEH          0.000         1.000
 T_PERS         0.000         0.000         1.000
 M_REP          0.000         0.000         0.000         1.000
 M_VIC          0.000         0.000         0.000         0.000         1.000
 M_LOC          0.000         0.000         0.000         0.000         0.000


           PSI
              M_LOC
              ________
 M_LOC          1.000



     PRIORS FOR ALL PARAMETERS            PRIOR MEAN      PRIOR VARIANCE     PRIOR STD. DEV.

     Parameter 1~IG(-1.000,0.000)          infinity            infinity            infinity
     Parameter 2~IG(-1.000,0.000)          infinity            infinity            infinity
     Parameter 3~IG(-1.000,0.000)          infinity            infinity            infinity
     Parameter 4~IG(-1.000,0.000)          infinity            infinity            infinity
     Parameter 5~IG(-1.000,0.000)          infinity            infinity            infinity
     Parameter 6~IG(-1.000,0.000)          infinity            infinity            infinity
     Parameter 7~IG(-1.000,0.000)          infinity            infinity            infinity
     Parameter 8~IG(-1.000,0.000)          infinity            infinity            infinity
     Parameter 9~IG(-1.000,0.000)          infinity            infinity            infinity
     Parameter 10~N(0.000,infinity)          0.0000            infinity            infinity
     Parameter 11~N(0.000,infinity)          0.0000            infinity            infinity
     Parameter 12~N(0.000,infinity)          0.0000            infinity            infinity
     Parameter 13~N(0.000,infinity)          0.0000            infinity            infinity
     Parameter 14~N(0.000,infinity)          0.0000            infinity            infinity
     Parameter 15~N(0.000,infinity)          0.0000            infinity            infinity
     Parameter 16~IW(0.000,-4)             infinity            infinity            infinity
     Parameter 17~IW(0.000,-4)             infinity            infinity            infinity
     Parameter 18~IW(0.000,-4)             infinity            infinity            infinity
     Parameter 19~IW(0.000,-4)             infinity            infinity            infinity
     Parameter 20~IW(0.000,-4)             infinity            infinity            infinity
     Parameter 21~IW(0.000,-4)             infinity            infinity            infinity
     Parameter 22~IG(-1.000,0.000)         infinity            infinity            infinity
     Parameter 23~IG(-1.000,0.000)         infinity            infinity            infinity
     Parameter 24~IG(-1.000,0.000)         infinity            infinity            infinity


TECHNICAL 16 OUTPUT


     Testing significance of variance components


     Parameter     BF for <0.0001    BF for <0.001    BF for <0.01    BF for <0.1




TECHNICAL 8 OUTPUT


   TECHNICAL 8 OUTPUT FOR BAYES ESTIMATION

     CHAIN    BSEED
     1        201509
     2        501689
     3        654631
     4        993086

                     POTENTIAL       PARAMETER WITH
     ITERATION    SCALE REDUCTION      HIGHEST PSR
     100              2.258               11
     200              1.317               14
     300              1.311               10
     400              1.309               14
     500              1.669               14
     600              2.330               14
     700              2.729               14
     800              2.576               14
     900              2.386               12
     1000             2.589               10
     1100             2.866               13
     1200             3.280               13
     1300             3.931               13
     1400             4.042               13
     1500             4.041               13
     1600             3.818               13
     1700             3.783               10
     1800             3.814               11
     1900             3.930               15
     2000             3.902               15
     2100             3.877               15
     2200             3.469               15
     2300             3.233               11
     2400             2.998               11
     2500             2.759               11
     2600             2.389               11
     2700             2.150               13
     2800             2.033               10
     2900             1.892               10
     3000             1.802               10
     3100             1.788               10
     3200             1.781               15
     3300             1.770               13
     3400             1.758               13
     3500             1.759               13
     3600             1.769               15
     3700             1.793               15
     3800             1.831               15
     3900             1.884               15
     4000             1.935               15
     4100             1.980               15
     4200             2.042               15
     4300             2.075               15
     4400             2.072               15
     4500             2.077               15
     4600             2.125               15
     4700             2.178               15
     4800             2.217               15
     4900             2.244               15
     5000             2.268               15
     5100             2.282               15
     5200             2.272               15
     5300             2.265               15
     5400             2.280               15
     5500             2.296               15
     5600             2.303               15
     5700             2.283               15
     5800             2.292               15
     5900             2.288               15
     6000             2.260               15
     6100             2.223               11
     6200             2.168               11
     6300             2.083               12
     6400             1.997               12
     6500             1.920               12
     6600             1.859               12
     6700             1.777               12
     6800             1.692               12
     6900             1.611               11
     7000             1.565               12
     7100             1.546               12
     7200             1.535               12
     7300             1.533               12
     7400             1.537               11
     7500             1.545               11
     7600             1.549               12
     7700             1.554               12
     7800             1.562               12
     7900             1.576               12
     8000             1.595               11
     8100             1.606               11
     8200             1.608               12
     8300             1.605               12
     8400             1.607               12
     8500             1.599               12
     8600             1.584               12
     8700             1.567               12
     8800             1.549               12
     8900             1.530               11
     9000             1.523               11
     9100             1.523               11
     9200             1.526               11
     9300             1.529               11
     9400             1.534               12
     9500             1.540               12
     9600             1.549               12
     9700             1.557               12
     9800             1.567               12
     9900             1.573               12
     10000            1.579               12
     10100            1.593               12
     10200            1.611               12
     10300            1.627               12
     10400            1.642               12
     10500            1.659               12
     10600            1.676               12
     10700            1.693               12
     10800            1.707               12
     10900            1.722               12
     11000            1.739               13
     11100            1.759               12
     11200            1.777               13
     11300            1.793               13
     11400            1.809               13
     11500            1.827               13
     11600            1.842               13
     11700            1.853               13
     11800            1.865               13
     11900            1.876               14
     12000            1.890               14
     12100            1.905               12
     12200            1.921               14
     12300            1.933               12
     12400            1.938               14
     12500            1.941               13
     12600            1.946               13
     12700            1.954               12
     12800            1.963               12
     12900            1.974               12
     13000            1.981               12
     13100            1.994               12
     13200            2.005               15
     13300            2.010               15
     13400            2.020               15
     13500            2.035               15
     13600            2.048               15
     13700            2.060               15
     13800            2.071               15
     13900            2.082               15
     14000            2.095               15
     14100            2.109               15
     14200            2.119               15
     14300            2.129               15
     14400            2.145               15
     14500            2.158               10
     14600            2.167               15
     14700            2.170               15
     14800            2.174               15
     14900            2.183               15
     15000            2.184               15
     15100            2.182               15
     15200            2.175               15
     15300            2.171               15
     15400            2.169               15
     15500            2.177               10
     15600            2.186               10
     15700            2.194               10
     15800            2.205               10
     15900            2.219               10
     16000            2.229               10
     16100            2.230               10
     16200            2.231               15
     16300            2.236               15
     16400            2.246               10
     16500            2.258               10
     16600            2.272               10
     16700            2.289               15
     16800            2.306               15
     16900            2.329               15
     17000            2.348               11
     17100            2.368               10
     17200            2.388               10
     17300            2.411               10
     17400            2.436               10
     17500            2.456               10
     17600            2.478               10
     17700            2.497               13
     17800            2.514               15
     17900            2.533               10
     18000            2.548               10
     18100            2.565               10
     18200            2.578               10
     18300            2.590               15
     18400            2.604               10
     18500            2.620               10
     18600            2.632               10
     18700            2.645               10
     18800            2.658               10
     18900            2.670               10
     19000            2.680               11
     19100            2.697               11
     19200            2.718               10
     19300            2.742               10
     19400            2.766               10
     19500            2.786               10
     19600            2.805               10
     19700            2.820               11
     19800            2.831               11
     19900            2.839               11
     20000            2.844               11
     20100            2.851               11
     20200            2.858               11
     20300            2.864               11
     20400            2.867               11
     20500            2.866               11
     20600            2.857               11
     20700            2.849               11
     20800            2.844               11
     20900            2.844               11
     21000            2.834               11
     21100            2.817               14
     21200            2.806               11
     21300            2.800               11
     21400            2.794               14
     21500            2.790               14
     21600            2.779               14
     21700            2.772               14
     21800            2.767               14
     21900            2.762               14
     22000            2.759               14
     22100            2.759               14
     22200            2.766               14
     22300            2.773               14
     22400            2.778               14
     22500            2.784               14
     22600            2.788               14
     22700            2.794               14
     22800            2.800               14
     22900            2.811               14
     23000            2.819               14
     23100            2.824               14
     23200            2.825               14
     23300            2.823               14
     23400            2.814               14
     23500            2.809               14
     23600            2.808               14
     23700            2.811               14
     23800            2.812               14
     23900            2.816               14
     24000            2.819               14
     24100            2.825               14
     24200            2.829               14
     24300            2.836               14
     24400            2.845               14
     24500            2.851               14
     24600            2.857               14
     24700            2.863               15
     24800            2.870               15
     24900            2.875               15
     25000            2.878               15
     25100            2.881               15
     25200            2.882               15
     25300            2.879               15
     25400            2.872               15
     25500            2.865               15
     25600            2.857               15
     25700            2.846               15
     25800            2.833               15
     25900            2.818               10
     26000            2.803               10
     26100            2.795               10
     26200            2.792               10
     26300            2.787               15
     26400            2.782               15
     26500            2.780               15
     26600            2.782               15
     26700            2.784               15
     26800            2.791               15
     26900            2.802               15
     27000            2.814               15
     27100            2.827               15
     27200            2.838               15
     27300            2.848               15
     27400            2.860               15
     27500            2.870               15
     27600            2.877               15
     27700            2.877               15
     27800            2.878               15
     27900            2.879               15
     28000            2.881               15
     28100            2.885               15
     28200            2.887               15
     28300            2.884               15
     28400            2.882               15
     28500            2.884               15
     28600            2.882               15
     28700            2.877               15
     28800            2.870               15
     28900            2.866               15
     29000            2.864               15
     29100            2.860               15
     29200            2.857               15
     29300            2.861               15
     29400            2.868               15
     29500            2.872               15
     29600            2.876               15
     29700            2.880               15
     29800            2.887               15
     29900            2.892               15
     30000            2.896               15
     30100            2.904               15
     30200            2.910               13
     30300            2.916               15
     30400            2.922               15
     30500            2.930               13
     30600            2.932               13
     30700            2.931               15
     30800            2.929               13
     30900            2.927               15
     31000            2.928               15
     31100            2.932               15
     31200            2.938               13
     31300            2.945               13
     31400            2.955               13
     31500            2.962               13
     31600            2.969               13
     31700            2.973               13
     31800            2.976               13
     31900            2.977               13
     32000            2.980               13
     32100            2.983               13
     32200            2.987               15
     32300            2.994               15
     32400            3.000               15
     32500            3.006               15
     32600            3.009               15
     32700            3.014               15
     32800            3.023               15
     32900            3.034               15
     33000            3.048               13
     33100            3.060               13
     33200            3.073               15
     33300            3.085               13
     33400            3.093               15
     33500            3.099               15
     33600            3.105               15
     33700            3.110               15
     33800            3.115               15
     33900            3.120               15
     34000            3.127               15
     34100            3.136               15
     34200            3.145               15
     34300            3.156               10
     34400            3.165               15
     34500            3.175               15
     34600            3.186               15
     34700            3.191               15
     34800            3.194               15
     34900            3.194               15
     35000            3.194               15
     35100            3.197               15
     35200            3.203               15
     35300            3.216               15
     35400            3.229               15
     35500            3.244               15
     35600            3.258               15
     35700            3.274               15
     35800            3.290               15
     35900            3.301               15
     36000            3.312               15
     36100            3.324               15
     36200            3.336               15
     36300            3.344               15
     36400            3.351               15
     36500            3.361               15
     36600            3.374               15
     36700            3.389               15
     36800            3.402               15
     36900            3.412               15
     37000            3.422               15
     37100            3.426               13
     37200            3.425               13
     37300            3.423               13
     37400            3.416               13
     37500            3.409               13
     37600            3.402               13
     37700            3.393               13
     37800            3.376               13
     37900            3.355               13
     38000            3.334               13
     38100            3.315               13
     38200            3.301               13
     38300            3.290               13
     38400            3.272               13
     38500            3.255               13
     38600            3.236               13
     38700            3.222               13
     38800            3.208               13
     38900            3.194               13
     39000            3.186               13
     39100            3.179               13
     39200            3.171               13
     39300            3.158               13
     39400            3.145               13
     39500            3.135               13
     39600            3.124               13
     39700            3.113               13
     39800            3.102               13
     39900            3.093               13
     40000            3.080               13
     40100            3.066               11
     40200            3.053               11
     40300            3.042               10
     40400            3.032               13
     40500            3.016               11
     40600            2.998               11
     40700            2.985               11
     40800            2.976               11
     40900            2.962               11
     41000            2.946               11
     41100            2.931               11
     41200            2.919               11
     41300            2.907               11
     41400            2.894               11
     41500            2.883               11
     41600            2.871               11
     41700            2.860               11
     41800            2.847               11
     41900            2.832               11
     42000            2.815               11
     42100            2.793               11
     42200            2.769               13
     42300            2.742               13
     42400            2.715               13
     42500            2.687               13
     42600            2.656               13
     42700            2.627               13
     42800            2.601               13
     42900            2.572               13
     43000            2.547               13
     43100            2.520               13
     43200            2.495               13
     43300            2.474               13
     43400            2.455               13
     43500            2.437               13
     43600            2.419               13
     43700            2.398               13
     43800            2.377               13
     43900            2.355               13
     44000            2.336               13
     44100            2.320               13
     44200            2.305               13
     44300            2.292               13
     44400            2.278               13
     44500            2.264               13
     44600            2.251               13
     44700            2.241               13
     44800            2.231               13
     44900            2.222               13
     45000            2.211               13
     45100            2.204               13
     45200            2.199               13
     45300            2.192               13
     45400            2.183               13
     45500            2.176               13
     45600            2.167               13
     45700            2.159               13
     45800            2.150               13
     45900            2.141               13
     46000            2.135               13
     46100            2.128               13
     46200            2.121               13
     46300            2.113               13
     46400            2.105               13
     46500            2.098               13
     46600            2.090               13
     46700            2.085               13
     46800            2.081               13
     46900            2.079               13
     47000            2.076               13
     47100            2.071               13
     47200            2.066               13
     47300            2.063               13
     47400            2.059               13
     47500            2.055               13
     47600            2.051               13
     47700            2.048               13
     47800            2.044               13
     47900            2.040               13
     48000            2.035               13
     48100            2.030               13
     48200            2.024               13
     48300            2.018               13
     48400            2.013               13
     48500            2.008               13
     48600            2.004               13
     48700            1.997               13
     48800            1.991               13
     48900            1.986               13
     49000            1.982               13
     49100            1.979               13
     49200            1.977               15
     49300            1.974               13
     49400            1.973               15
     49500            1.971               15
     49600            1.969               15
     49700            1.968               15
     49800            1.967               15
     49900            1.966               15
     50000            1.965               15
     50100            1.963               15
     50200            1.961               15
     50300            1.959               15
     50400            1.956               15
     50500            1.954               15
     50600            1.951               15
     50700            1.947               15
     50800            1.943               15
     50900            1.940               15
     51000            1.936               15
     51100            1.933               15
     51200            1.929               15
     51300            1.924               15
     51400            1.919               15
     51500            1.914               15
     51600            1.910               13
     51700            1.905               15
     51800            1.898               15
     51900            1.892               15
     52000            1.886               15
     52100            1.878               15
     52200            1.871               15
     52300            1.863               15
     52400            1.854               13
     52500            1.845               13
     52600            1.836               13
     52700            1.827               13
     52800            1.818               13
     52900            1.811               13
     53000            1.803               13
     53100            1.797               13
     53200            1.789               13
     53300            1.783               13
     53400            1.777               13
     53500            1.771               13
     53600            1.764               13
     53700            1.758               13
     53800            1.752               13
     53900            1.746               13
     54000            1.739               13
     54100            1.733               13
     54200            1.726               13
     54300            1.719               13
     54400            1.711               13
     54500            1.703               13
     54600            1.694               13
     54700            1.685               13
     54800            1.676               13
     54900            1.667               13
     55000            1.658               13
     55100            1.650               13
     55200            1.641               13
     55300            1.633               13
     55400            1.625               13
     55500            1.617               13
     55600            1.609               13
     55700            1.600               13
     55800            1.592               13
     55900            1.583               13
     56000            1.575               13
     56100            1.567               13
     56200            1.559               13
     56300            1.552               13
     56400            1.544               13
     56500            1.537               13
     56600            1.529               13
     56700            1.523               15
     56800            1.516               15
     56900            1.508               15
     57000            1.499               15
     57100            1.491               15
     57200            1.482               15
     57300            1.474               15
     57400            1.467               15
     57500            1.459               15
     57600            1.452               13
     57700            1.444               13
     57800            1.435               15
     57900            1.426               13
     58000            1.418               13
     58100            1.409               13
     58200            1.401               13
     58300            1.394               13
     58400            1.386               13
     58500            1.378               13
     58600            1.369               13
     58700            1.361               13
     58800            1.353               13
     58900            1.344               13
     59000            1.336               13
     59100            1.329               13
     59200            1.321               13
     59300            1.315               15
     59400            1.308               15
     59500            1.301               15
     59600            1.294               15
     59700            1.288               10
     59800            1.282               15
     59900            1.276               10
     60000            1.270               10
     60100            1.265               15
     60200            1.259               10
     60300            1.254               12
     60400            1.248               12
     60500            1.243               15
     60600            1.237               12
     60700            1.232               12
     60800            1.228               15
     60900            1.223               15
     61000            1.219               15
     61100            1.214               15
     61200            1.210               15
     61300            1.206               15
     61400            1.203               10
     61500            1.199               10
     61600            1.196               15
     61700            1.192               15
     61800            1.188               15
     61900            1.185               15
     62000            1.181               10
     62100            1.178               10
     62200            1.174               10
     62300            1.171               10
     62400            1.167               10
     62500            1.164               10
     62600            1.161               10
     62700            1.157               15
     62800            1.154               10
     62900            1.150               15
     63000            1.147               10
     63100            1.144               10
     63200            1.140               10
     63300            1.137               10
     63400            1.134               10
     63500            1.132               10
     63600            1.129               10
     63700            1.127               10
     63800            1.125               15
     63900            1.123               15
     64000            1.121               15
     64100            1.120               15
     64200            1.118               12
     64300            1.116               12
     64400            1.115               12
     64500            1.113               12
     64600            1.112               12
     64700            1.110               12
     64800            1.109               12
     64900            1.107               12
     65000            1.106               12
     65100            1.105               12
     65200            1.103               12
     65300            1.102               12
     65400            1.100               12
     65500            1.099               12
     65600            1.098               12
     65700            1.097               12
     65800            1.095               12
     65900            1.094               12
     66000            1.093               12
     66100            1.092               12
     66200            1.091               12
     66300            1.090               12
     66400            1.089               12
     66500            1.088               12
     66600            1.087               12
     66700            1.086               12


TECHNICAL 5 OUTPUT


DIAGRAM INFORMATION

  Use View Diagram under the Diagram menu in the Mplus Editor to view the diagram.
  If running Mplus from the Mplus Diagrammer, the diagram opens automatically.

  Diagram output
    c:\users\msassac6\dropbox (the university of manchester)\grants\measurement error and crime - project\longitudinal c

     Beginning Time:  08:19:05
        Ending Time:  22:20:48
       Elapsed Time:  14:01:43



MUTHEN & MUTHEN
3463 Stoner Ave.
Los Angeles, CA  90066

Tel: (310) 391-9971
Fax: (310) 391-8971
Web: www.StatModel.com
Support: Support@StatModel.com

Copyright (c) 1998-2021 Muthen & Muthen
