Mplus VERSION 8.6
MUTHEN & MUTHEN
04/20/2021   8:37 AM

INPUT INSTRUCTIONS

  TITLE: Your title goes here
  DATA: FILE = b6yw2_wo.dat;
  VARIABLE:
  NAMES = prop_vh prop_vh_r prop_vh_f prop_vh_p prop_vh_rp prop prop_r prop_f prop_p
         prop_rp viol viol_r viol_f viol_p viol_rp;
  USEVARIABLE = prop_r prop_f prop_p prop_rp
       prop_vh_r prop_vh_f prop_vh_p prop_vh_rp viol_r
       viol_f viol_p viol_rp;

  MISSING=.;



  Analysis:


    !COVERAGE = 0;
    !ESTIMATOR = BAYES;
    !PROCESSORS = 4;
    !BCONVERGENCE = 0.05;
    !THIN = 3000;
    ! FBITERATIONS = 100;
    !BITERATIONS = 500000 20000;
    !CHAINS = 4;
    !BSEED = 201509;
    !ALGORITHM = GIBBS(PX1);


  MODEL:

  t_viol BY viol_f@1 viol_p@1 viol_r@1 viol_rp@1;
  t_pers BY prop_f@1 prop_p@1 prop_r@1 prop_rp@1;
  t_veh BY prop_vh_f@1 prop_vh_p@1 prop_vh_r@1 prop_vh_rp@1;

  m_rep BY viol_p@1 prop_p@1 prop_vh_p@1;
  m_vic BY viol_r@1 prop_r@1 prop_vh_r@1;
  m_loc BY viol_f@1 prop_f@1 prop_vh_f@1;
  m_vicrep BY viol_rp@1 prop_rp@1 prop_vh_rp@1;

  m_vic WITH m_rep@0;
  m_vic WITH m_loc@0;
  m_vic WITH m_vicrep@0;
  m_vic WITH t_viol@0;
  m_vic WITH t_veh@0;
  m_vic WITH t_pers@0;


  m_rep WITH m_loc@0;
  m_rep WITH m_vicrep@0;
  m_rep WITH t_viol@0;
  m_rep WITH t_veh@0;
  m_rep WITH t_pers@0;

  m_loc WITH m_vicrep@0;
  m_loc WITH t_viol@0;
  m_loc WITH t_veh@0;
  m_loc WITH t_pers@0;

  m_vicrep WITH t_viol@0;
  m_vicrep WITH t_veh@0;
  m_vicrep WITH t_pers@0;

  ![t_viol t_veh t_pers m_vic m_rep m_loc m_vicrep];

  ![viol_p@0 prop_p@0 prop_vh_p@0 viol_r@0 prop_r@0
  !prop_vh_r@0 viol_f@0 prop_f@0 prop_p_f@0 viol_rp@0
  !prop_rp@0 prop_vh_rp@0];



  OUTPUT:
  	CINTERVAL STANDARDIZED(STDYX) RESIDUAL SVALUES
  	TECH1 TECH5 TECH8 TECH10 TECH16 TECH12 TECH16;



*** WARNING in VARIABLE command
  Note that only the first 8 characters of variable names are used in the output.
  Shorten variable names to avoid any confusion.
*** WARNING in OUTPUT command
  TECH8 option is available only with analysis types MIXTURE, RANDOM, or
  TWOLEVEL with estimators ML, MLF, or MLR or ALGORITHM=INTEGRATION.
  Request for TECH8 is ignored.
*** WARNING in OUTPUT command
  TECH10 option is available only with estimators ML, MLF, and MLR for TYPE=MIXTURE or
  analysis with ALGORITHM=INTEGRATION.
  Request for TECH10 is ignored.
*** WARNING in OUTPUT command
  TECH12 option is available only with TYPE=MIXTURE.
  Request for TECH12 is ignored.
*** WARNING in OUTPUT command
  TECH16 option is only available with ESTIMATOR=BAYES.
  Request for TECH16 will be ignored.
   5 WARNING(S) FOUND IN THE INPUT INSTRUCTIONS



Your title goes here

SUMMARY OF ANALYSIS

Number of groups                                                 1
Number of observations                                          73

Number of dependent variables                                   12
Number of independent variables                                  0
Number of continuous latent variables                            7

Observed dependent variables

  Continuous
   PROP_R      PROP_F      PROP_P      PROP_RP     PROP_VH_R   PROP_VH_F
   PROP_VH_P   PROP_VH_RP  VIOL_R      VIOL_F      VIOL_P      VIOL_RP

Continuous latent variables
   T_VIOL      T_PERS      T_VEH       M_REP       M_VIC       M_LOC
   M_VICREP


Estimator                                                       ML
Information matrix                                        OBSERVED
Maximum number of iterations                                  1000
Convergence criterion                                    0.500D-04
Maximum number of steepest descent iterations                   20
Maximum number of iterations for H1                           2000
Convergence criterion for H1                             0.100D-03

Input data file(s)
  b6yw2_wo.dat

Input data format  FREE


SUMMARY OF DATA

     Number of missing data patterns             1


COVARIANCE COVERAGE OF DATA

Minimum covariance coverage value   0.100


     PROPORTION OF DATA PRESENT


           Covariance Coverage
              PROP_R        PROP_F        PROP_P        PROP_RP       PROP_VH_
              ________      ________      ________      ________      ________
 PROP_R         1.000
 PROP_F         1.000         1.000
 PROP_P         1.000         1.000         1.000
 PROP_RP        1.000         1.000         1.000         1.000
 PROP_VH_       1.000         1.000         1.000         1.000         1.000
 PROP_VH_       1.000         1.000         1.000         1.000         1.000
 PROP_VH_       1.000         1.000         1.000         1.000         1.000
 PROP_VH_       1.000         1.000         1.000         1.000         1.000
 VIOL_R         1.000         1.000         1.000         1.000         1.000
 VIOL_F         1.000         1.000         1.000         1.000         1.000
 VIOL_P         1.000         1.000         1.000         1.000         1.000
 VIOL_RP        1.000         1.000         1.000         1.000         1.000


           Covariance Coverage
              PROP_VH_      PROP_VH_      PROP_VH_      VIOL_R        VIOL_F
              ________      ________      ________      ________      ________
 PROP_VH_       1.000
 PROP_VH_       1.000         1.000
 PROP_VH_       1.000         1.000         1.000
 VIOL_R         1.000         1.000         1.000         1.000
 VIOL_F         1.000         1.000         1.000         1.000         1.000
 VIOL_P         1.000         1.000         1.000         1.000         1.000
 VIOL_RP        1.000         1.000         1.000         1.000         1.000


           Covariance Coverage
              VIOL_P        VIOL_RP
              ________      ________
 VIOL_P         1.000
 VIOL_RP        1.000         1.000



UNIVARIATE SAMPLE STATISTICS


     UNIVARIATE HIGHER-ORDER MOMENT DESCRIPTIVE STATISTICS

         Variable/         Mean/     Skewness/   Minimum/ % with                Percentiles
        Sample Size      Variance    Kurtosis    Maximum  Min/Max      20%/60%    40%/80%    Median

     PROP_R                4.091      -1.473       0.000    1.37%       3.449      4.098      4.343
              73.000       1.289       2.394       5.776    1.37%       4.565      4.890
     PROP_F                2.876      -0.031       0.000    4.11%       1.610      2.476      2.871
              73.000       1.917      -0.331       6.180    1.37%       3.220      3.967
     PROP_P                1.796       0.021       0.000   15.07%       0.670      1.581      1.852
              73.000       1.297      -0.715       4.471    1.37%       2.098      2.713
     PROP_RP               2.530      -1.038       0.000    5.48%       1.793      2.337      2.813
              73.000       0.912       0.696       3.930    1.37%       2.987      3.252
     PROP_VH_R             3.863      -1.556       0.000    2.74%       3.090      3.954      4.064
              73.000       1.148       3.019       5.297    1.37%       4.250      4.654
     PROP_VH_F             3.008      -1.017       0.000    5.48%       2.102      3.042      3.208
              73.000       1.184       1.025       4.818    1.37%       3.378      3.935
     PROP_VH_P             2.024      -0.618       0.000    8.22%       1.372      1.893      2.146
              73.000       0.807       0.016       3.729    1.37%       2.407      2.699
     PROP_VH_RP            2.294      -0.759       0.000    5.48%       1.605      2.225      2.490
              73.000       0.810       0.358       3.915    1.37%       2.622      2.981
     VIOL_R                3.358      -1.196       0.000    1.37%       2.781      3.330      3.613
              73.000       1.031       1.411       5.035    1.37%       3.739      4.068
     VIOL_F                2.384      -0.262       0.000    4.11%       1.602      2.152      2.458
              73.000       1.152      -0.130       4.849    1.37%       2.752      3.255
     VIOL_P                1.236       0.107       0.000   20.55%       0.000      0.990      1.318
              73.000       0.790      -0.950       3.204    1.37%       1.445      2.023
     VIOL_RP               1.438      -0.253       0.000   16.44%       0.626      1.296      1.532
              73.000       0.761      -0.929       2.961    1.37%       1.718      2.255


THE MODEL ESTIMATION TERMINATED NORMALLY



MODEL FIT INFORMATION

Number of Free Parameters                       34

Loglikelihood

          H0 Value                        -643.486
          H1 Value                        -453.487

Information Criteria

          Akaike (AIC)                    1354.972
          Bayesian (BIC)                  1432.848
          Sample-Size Adjusted BIC        1325.713
            (n* = (n + 2) / 24)

Chi-Square Test of Model Fit

          Value                            379.997
          Degrees of Freedom                    56
          P-Value                           0.0000

RMSEA (Root Mean Square Error Of Approximation)

          Estimate                           0.282
          90 Percent C.I.                    0.255  0.309
          Probability RMSEA <= .05           0.000

CFI/TLI

          CFI                                0.792
          TLI                                0.755

Chi-Square Test of Model Fit for the Baseline Model

          Value                           1623.965
          Degrees of Freedom                    66
          P-Value                           0.0000

SRMR (Standardized Root Mean Square Residual)

          Value                              0.147



MODEL RESULTS

                                                    Two-Tailed
                    Estimate       S.E.  Est./S.E.    P-Value

 T_VIOL   BY
    VIOL_F             1.000      0.000    999.000    999.000
    VIOL_P             1.000      0.000    999.000    999.000
    VIOL_R             1.000      0.000    999.000    999.000
    VIOL_RP            1.000      0.000    999.000    999.000

 T_PERS   BY
    PROP_F             1.000      0.000    999.000    999.000
    PROP_P             1.000      0.000    999.000    999.000
    PROP_R             1.000      0.000    999.000    999.000
    PROP_RP            1.000      0.000    999.000    999.000

 T_VEH    BY
    PROP_VH_F          1.000      0.000    999.000    999.000
    PROP_VH_P          1.000      0.000    999.000    999.000
    PROP_VH_R          1.000      0.000    999.000    999.000
    PROP_VH_RP         1.000      0.000    999.000    999.000

 M_REP    BY
    VIOL_P             1.000      0.000    999.000    999.000
    PROP_P             1.000      0.000    999.000    999.000
    PROP_VH_P          1.000      0.000    999.000    999.000

 M_VIC    BY
    VIOL_R             1.000      0.000    999.000    999.000
    PROP_R             1.000      0.000    999.000    999.000
    PROP_VH_R          1.000      0.000    999.000    999.000

 M_LOC    BY
    VIOL_F             1.000      0.000    999.000    999.000
    PROP_F             1.000      0.000    999.000    999.000
    PROP_VH_F          1.000      0.000    999.000    999.000

 M_VICREP BY
    VIOL_RP            1.000      0.000    999.000    999.000
    PROP_RP            1.000      0.000    999.000    999.000
    PROP_VH_RP         1.000      0.000    999.000    999.000

 M_VIC    WITH
    M_REP              0.000      0.000    999.000    999.000
    M_LOC              0.000      0.000    999.000    999.000
    M_VICREP           0.000      0.000    999.000    999.000
    T_VIOL             0.000      0.000    999.000    999.000
    T_VEH              0.000      0.000    999.000    999.000
    T_PERS             0.000      0.000    999.000    999.000

 M_REP    WITH
    M_LOC              0.000      0.000    999.000    999.000
    M_VICREP           0.000      0.000    999.000    999.000
    T_VIOL             0.000      0.000    999.000    999.000
    T_VEH              0.000      0.000    999.000    999.000
    T_PERS             0.000      0.000    999.000    999.000

 M_LOC    WITH
    M_VICREP           0.000      0.000    999.000    999.000
    T_VIOL             0.000      0.000    999.000    999.000
    T_VEH              0.000      0.000    999.000    999.000
    T_PERS             0.000      0.000    999.000    999.000

 M_VICREP WITH
    T_VIOL             0.000      0.000    999.000    999.000
    T_VEH              0.000      0.000    999.000    999.000
    T_PERS             0.000      0.000    999.000    999.000

 T_PERS   WITH
    T_VIOL             0.766      0.138      5.560      0.000

 T_VEH    WITH
    T_VIOL             0.695      0.128      5.447      0.000
    T_PERS             0.826      0.148      5.592      0.000

 Intercepts
    PROP_R             4.091      0.120     34.024      0.000
    PROP_F             2.876      0.137     21.028      0.000
    PROP_P             1.796      0.135     13.267      0.000
    PROP_RP            2.530      0.121     20.881      0.000
    PROP_VH_R          3.863      0.115     33.464      0.000
    PROP_VH_F          3.008      0.114     26.397      0.000
    PROP_VH_P          2.024      0.112     18.095      0.000
    PROP_VH_RP         2.294      0.112     20.397      0.000
    VIOL_R             3.358      0.105     31.868      0.000
    VIOL_F             2.384      0.115     20.784      0.000
    VIOL_P             1.236      0.123     10.015      0.000
    VIOL_RP            1.438      0.116     12.430      0.000

 Variances
    T_VIOL             0.683      0.124      5.493      0.000
    T_PERS             0.908      0.162      5.612      0.000
    T_VEH              0.826      0.144      5.724      0.000
    M_REP              0.045      0.027      1.658      0.097
    M_VIC              0.103      0.030      3.464      0.001
    M_LOC              0.100      0.030      3.373      0.001
    M_VICREP           0.019      0.021      0.924      0.355

 Residual Variances
    PROP_R             0.045      0.017      2.573      0.010
    PROP_F             0.358      0.071      5.037      0.000
    PROP_P             0.385      0.075      5.153      0.000
    PROP_RP            0.145      0.036      3.975      0.000
    PROP_VH_R          0.044      0.016      2.740      0.006
    PROP_VH_F          0.021      0.021      1.009      0.313
    PROP_VH_P          0.042      0.022      1.902      0.057
    PROP_VH_RP         0.078      0.024      3.261      0.001
    VIOL_R             0.025      0.014      1.852      0.064
    VIOL_F             0.178      0.045      3.928      0.000
    VIOL_P             0.384      0.075      5.132      0.000
    VIOL_RP            0.275      0.053      5.179      0.000


QUALITY OF NUMERICAL RESULTS

     Condition Number for the Information Matrix              0.264E-03
       (ratio of smallest to largest eigenvalue)


STANDARDIZED MODEL RESULTS


STDYX Standardization

                                                    Two-Tailed
                    Estimate       S.E.  Est./S.E.    P-Value

 T_VIOL   BY
    VIOL_F             0.843      0.034     25.008      0.000
    VIOL_P             0.784      0.037     21.075      0.000
    VIOL_R             0.918      0.023     39.144      0.000
    VIOL_RP            0.836      0.032     26.208      0.000

 T_PERS   BY
    PROP_F             0.815      0.034     23.827      0.000
    PROP_P             0.824      0.035     23.518      0.000
    PROP_R             0.927      0.020     46.622      0.000
    PROP_RP            0.920      0.021     43.711      0.000

 T_VEH    BY
    PROP_VH_F          0.934      0.021     44.460      0.000
    PROP_VH_P          0.951      0.014     65.602      0.000
    PROP_VH_R          0.922      0.022     41.760      0.000
    PROP_VH_RP         0.946      0.015     65.012      0.000

 M_REP    BY
    VIOL_P             0.200      0.060      3.332      0.001
    PROP_P             0.182      0.053      3.417      0.001
    PROP_VH_P          0.221      0.066      3.364      0.001

 M_VIC    BY
    VIOL_R             0.356      0.055      6.423      0.000
    PROP_R             0.312      0.050      6.275      0.000
    PROP_VH_R          0.325      0.051      6.391      0.000

 M_LOC    BY
    VIOL_F             0.323      0.051      6.330      0.000
    PROP_F             0.271      0.043      6.278      0.000
    PROP_VH_F          0.325      0.053      6.174      0.000

 M_VICREP BY
    VIOL_RP            0.139      0.073      1.899      0.058
    PROP_RP            0.133      0.070      1.895      0.058
    PROP_VH_RP         0.143      0.077      1.873      0.061

 M_VIC    WITH
    M_REP              0.000      0.000    999.000    999.000
    M_LOC              0.000      0.000    999.000    999.000
    M_VICREP           0.000      0.000    999.000    999.000
    T_VIOL             0.000      0.000    999.000    999.000
    T_VEH              0.000      0.000    999.000    999.000
    T_PERS             0.000      0.000    999.000    999.000

 M_REP    WITH
    M_LOC              0.000      0.000    999.000    999.000
    M_VICREP           0.000      0.000    999.000    999.000
    T_VIOL             0.000      0.000    999.000    999.000
    T_VEH              0.000      0.000    999.000    999.000
    T_PERS             0.000      0.000    999.000    999.000

 M_LOC    WITH
    M_VICREP           0.000      0.000    999.000    999.000
    T_VIOL             0.000      0.000    999.000    999.000
    T_VEH              0.000      0.000    999.000    999.000
    T_PERS             0.000      0.000    999.000    999.000

 M_VICREP WITH
    T_VIOL             0.000      0.000    999.000    999.000
    T_VEH              0.000      0.000    999.000    999.000
    T_PERS             0.000      0.000    999.000    999.000

 T_PERS   WITH
    T_VIOL             0.973      0.013     77.821      0.000

 T_VEH    WITH
    T_VIOL             0.926      0.021     44.349      0.000
    T_PERS             0.954      0.015     65.416      0.000

 Intercepts
    PROP_R             3.982      0.326     12.205      0.000
    PROP_F             2.461      0.196     12.539      0.000
    PROP_P             1.553      0.157      9.878      0.000
    PROP_RP            2.444      0.225     10.866      0.000
    PROP_VH_R          3.917      0.313     12.529      0.000
    PROP_VH_F          3.090      0.260     11.883      0.000
    PROP_VH_P          2.118      0.209     10.137      0.000
    PROP_VH_RP         2.387      0.226     10.555      0.000
    VIOL_R             3.730      0.306     12.187      0.000
    VIOL_F             2.433      0.205     11.873      0.000
    VIOL_P             1.172      0.141      8.287      0.000
    VIOL_RP            1.455      0.157      9.268      0.000

 Variances
    T_VIOL             1.000      0.000    999.000    999.000
    T_PERS             1.000      0.000    999.000    999.000
    T_VEH              1.000      0.000    999.000    999.000
    M_REP              1.000      0.000    999.000    999.000
    M_VIC              1.000      0.000    999.000    999.000
    M_LOC              1.000      0.000    999.000    999.000
    M_VICREP           1.000      0.000    999.000    999.000

 Residual Variances
    PROP_R             0.043      0.017      2.471      0.013
    PROP_F             0.262      0.050      5.292      0.000
    PROP_P             0.288      0.053      5.390      0.000
    PROP_RP            0.135      0.037      3.679      0.000
    PROP_VH_R          0.045      0.017      2.627      0.009
    PROP_VH_F          0.023      0.023      0.998      0.318
    PROP_VH_P          0.046      0.025      1.862      0.063
    PROP_VH_RP         0.084      0.027      3.105      0.002
    VIOL_R             0.031      0.018      1.759      0.079
    VIOL_F             0.186      0.044      4.171      0.000
    VIOL_P             0.346      0.058      5.966      0.000
    VIOL_RP            0.282      0.053      5.279      0.000


R-SQUARE

    Observed                                        Two-Tailed
    Variable        Estimate       S.E.  Est./S.E.    P-Value

    PROP_R             0.957      0.017     55.559      0.000
    PROP_F             0.738      0.050     14.887      0.000
    PROP_P             0.712      0.053     13.321      0.000
    PROP_RP            0.865      0.037     23.563      0.000
    PROP_VH_           0.955      0.017     56.025      0.000
    PROP_VH_           0.977      0.023     43.073      0.000
    PROP_VH_           0.954      0.025     38.236      0.000
    PROP_VH_           0.916      0.027     33.685      0.000
    VIOL_R             0.969      0.018     55.043      0.000
    VIOL_F             0.814      0.044     18.311      0.000
    VIOL_P             0.654      0.058     11.298      0.000
    VIOL_RP            0.718      0.053     13.462      0.000


CONFIDENCE INTERVALS OF MODEL RESULTS

                  Lower .5%  Lower 2.5%    Lower 5%    Estimate    Upper 5%  Upper 2.5%   Upper .5%

 T_VIOL   BY
    VIOL_F           1.000       1.000       1.000       1.000       1.000       1.000       1.000
    VIOL_P           1.000       1.000       1.000       1.000       1.000       1.000       1.000
    VIOL_R           1.000       1.000       1.000       1.000       1.000       1.000       1.000
    VIOL_RP          1.000       1.000       1.000       1.000       1.000       1.000       1.000

 T_PERS   BY
    PROP_F           1.000       1.000       1.000       1.000       1.000       1.000       1.000
    PROP_P           1.000       1.000       1.000       1.000       1.000       1.000       1.000
    PROP_R           1.000       1.000       1.000       1.000       1.000       1.000       1.000
    PROP_RP          1.000       1.000       1.000       1.000       1.000       1.000       1.000

 T_VEH    BY
    PROP_VH_F        1.000       1.000       1.000       1.000       1.000       1.000       1.000
    PROP_VH_P        1.000       1.000       1.000       1.000       1.000       1.000       1.000
    PROP_VH_R        1.000       1.000       1.000       1.000       1.000       1.000       1.000
    PROP_VH_RP       1.000       1.000       1.000       1.000       1.000       1.000       1.000

 M_REP    BY
    VIOL_P           1.000       1.000       1.000       1.000       1.000       1.000       1.000
    PROP_P           1.000       1.000       1.000       1.000       1.000       1.000       1.000
    PROP_VH_P        1.000       1.000       1.000       1.000       1.000       1.000       1.000

 M_VIC    BY
    VIOL_R           1.000       1.000       1.000       1.000       1.000       1.000       1.000
    PROP_R           1.000       1.000       1.000       1.000       1.000       1.000       1.000
    PROP_VH_R        1.000       1.000       1.000       1.000       1.000       1.000       1.000

 M_LOC    BY
    VIOL_F           1.000       1.000       1.000       1.000       1.000       1.000       1.000
    PROP_F           1.000       1.000       1.000       1.000       1.000       1.000       1.000
    PROP_VH_F        1.000       1.000       1.000       1.000       1.000       1.000       1.000

 M_VICREP BY
    VIOL_RP          1.000       1.000       1.000       1.000       1.000       1.000       1.000
    PROP_RP          1.000       1.000       1.000       1.000       1.000       1.000       1.000
    PROP_VH_RP       1.000       1.000       1.000       1.000       1.000       1.000       1.000

 M_VIC    WITH
    M_REP            0.000       0.000       0.000       0.000       0.000       0.000       0.000
    M_LOC            0.000       0.000       0.000       0.000       0.000       0.000       0.000
    M_VICREP         0.000       0.000       0.000       0.000       0.000       0.000       0.000
    T_VIOL           0.000       0.000       0.000       0.000       0.000       0.000       0.000
    T_VEH            0.000       0.000       0.000       0.000       0.000       0.000       0.000
    T_PERS           0.000       0.000       0.000       0.000       0.000       0.000       0.000

 M_REP    WITH
    M_LOC            0.000       0.000       0.000       0.000       0.000       0.000       0.000
    M_VICREP         0.000       0.000       0.000       0.000       0.000       0.000       0.000
    T_VIOL           0.000       0.000       0.000       0.000       0.000       0.000       0.000
    T_VEH            0.000       0.000       0.000       0.000       0.000       0.000       0.000
    T_PERS           0.000       0.000       0.000       0.000       0.000       0.000       0.000

 M_LOC    WITH
    M_VICREP         0.000       0.000       0.000       0.000       0.000       0.000       0.000
    T_VIOL           0.000       0.000       0.000       0.000       0.000       0.000       0.000
    T_VEH            0.000       0.000       0.000       0.000       0.000       0.000       0.000
    T_PERS           0.000       0.000       0.000       0.000       0.000       0.000       0.000

 M_VICREP WITH
    T_VIOL           0.000       0.000       0.000       0.000       0.000       0.000       0.000
    T_VEH            0.000       0.000       0.000       0.000       0.000       0.000       0.000
    T_PERS           0.000       0.000       0.000       0.000       0.000       0.000       0.000

 T_PERS   WITH
    T_VIOL           0.411       0.496       0.539       0.766       0.993       1.036       1.121

 T_VEH    WITH
    T_VIOL           0.367       0.445       0.485       0.695       0.905       0.946       1.024
    T_PERS           0.446       0.537       0.583       0.826       1.069       1.116       1.207

 Intercepts
    PROP_R           3.781       3.855       3.893       4.091       4.289       4.327       4.401
    PROP_F           2.524       2.608       2.651       2.876       3.101       3.145       3.229
    PROP_P           1.447       1.530       1.573       1.796       2.018       2.061       2.144
    PROP_RP          2.218       2.292       2.330       2.530       2.729       2.767       2.842
    PROP_VH_         3.566       3.637       3.673       3.863       4.053       4.090       4.161
    PROP_VH_         2.715       2.785       2.821       3.008       3.196       3.231       3.302
    PROP_VH_         1.736       1.805       1.840       2.024       2.208       2.243       2.312
    PROP_VH_         2.004       2.074       2.109       2.294       2.479       2.514       2.584
    VIOL_R           3.086       3.151       3.185       3.358       3.531       3.564       3.629
    VIOL_F           2.089       2.160       2.196       2.384       2.573       2.609       2.680
    VIOL_P           0.918       0.994       1.033       1.236       1.438       1.477       1.553
    VIOL_RP          1.140       1.211       1.247       1.438       1.628       1.664       1.736

 Variances
    T_VIOL           0.362       0.439       0.478       0.683       0.887       0.926       1.003
    T_PERS           0.491       0.591       0.642       0.908       1.174       1.225       1.324
    T_VEH            0.455       0.543       0.589       0.826       1.064       1.110       1.198
    M_REP           -0.025      -0.008       0.000       0.045       0.089       0.097       0.114
    M_VIC            0.026       0.045       0.054       0.103       0.152       0.161       0.179
    M_LOC            0.024       0.042       0.051       0.100       0.149       0.158       0.176
    M_VICREP        -0.034      -0.021      -0.015       0.019       0.053       0.059       0.072

 Residual Variances
    PROP_R           0.000       0.011       0.016       0.045       0.074       0.079       0.090
    PROP_F           0.175       0.219       0.241       0.358       0.475       0.498       0.541
    PROP_P           0.193       0.239       0.262       0.385       0.508       0.532       0.578
    PROP_RP          0.051       0.073       0.085       0.145       0.205       0.216       0.238
    PROP_VH_         0.003       0.012       0.017       0.044       0.070       0.075       0.085
    PROP_VH_        -0.033      -0.020      -0.014       0.021       0.056       0.063       0.076
    PROP_VH_        -0.015      -0.001       0.006       0.042       0.079       0.086       0.100
    PROP_VH_         0.016       0.031       0.039       0.078       0.117       0.125       0.139
    VIOL_R          -0.010      -0.001       0.003       0.025       0.047       0.052       0.060
    VIOL_F           0.061       0.089       0.104       0.178       0.253       0.267       0.295
    VIOL_P           0.191       0.237       0.261       0.384       0.507       0.531       0.577
    VIOL_RP          0.138       0.171       0.188       0.275       0.362       0.379       0.412


CONFIDENCE INTERVALS OF STANDARDIZED MODEL RESULTS


STDYX Standardization

                  Lower .5%  Lower 2.5%    Lower 5%    Estimate    Upper 5%  Upper 2.5%   Upper .5%

 T_VIOL   BY
    VIOL_F           0.756       0.777       0.787       0.843       0.898       0.909       0.930
    VIOL_P           0.688       0.711       0.723       0.784       0.845       0.857       0.880
    VIOL_R           0.857       0.872       0.879       0.918       0.956       0.964       0.978
    VIOL_RP          0.754       0.773       0.784       0.836       0.888       0.899       0.918

 T_PERS   BY
    PROP_F           0.727       0.748       0.759       0.815       0.871       0.882       0.903
    PROP_P           0.734       0.755       0.766       0.824       0.881       0.892       0.914
    PROP_R           0.876       0.888       0.895       0.927       0.960       0.966       0.979
    PROP_RP          0.866       0.879       0.886       0.920       0.955       0.962       0.975

 T_VEH    BY
    PROP_VH_F        0.880       0.893       0.899       0.934       0.968       0.975       0.988
    PROP_VH_P        0.914       0.923       0.927       0.951       0.975       0.980       0.989
    PROP_VH_R        0.865       0.878       0.885       0.922       0.958       0.965       0.979
    PROP_VH_RP       0.909       0.918       0.922       0.946       0.970       0.975       0.984

 M_REP    BY
    VIOL_P           0.045       0.082       0.101       0.200       0.299       0.318       0.355
    PROP_P           0.045       0.078       0.095       0.182       0.270       0.287       0.320
    PROP_VH_P        0.052       0.092       0.113       0.221       0.329       0.349       0.390

 M_VIC    BY
    VIOL_R           0.213       0.248       0.265       0.356       0.447       0.465       0.499
    PROP_R           0.184       0.215       0.230       0.312       0.394       0.410       0.440
    PROP_VH_R        0.194       0.225       0.241       0.325       0.409       0.425       0.456

 M_LOC    BY
    VIOL_F           0.191       0.223       0.239       0.323       0.406       0.423       0.454
    PROP_F           0.160       0.186       0.200       0.271       0.342       0.355       0.382
    PROP_VH_F        0.189       0.222       0.238       0.325       0.411       0.428       0.460

 M_VICREP BY
    VIOL_RP         -0.050      -0.004       0.019       0.139       0.260       0.283       0.328
    PROP_RP         -0.048      -0.005       0.018       0.133       0.249       0.271       0.314
    PROP_VH_RP      -0.054      -0.007       0.017       0.143       0.269       0.293       0.340

 M_VIC    WITH
    M_REP            0.000       0.000       0.000       0.000       0.000       0.000       0.000
    M_LOC            0.000       0.000       0.000       0.000       0.000       0.000       0.000
    M_VICREP         0.000       0.000       0.000       0.000       0.000       0.000       0.000
    T_VIOL           0.000       0.000       0.000       0.000       0.000       0.000       0.000
    T_VEH            0.000       0.000       0.000       0.000       0.000       0.000       0.000
    T_PERS           0.000       0.000       0.000       0.000       0.000       0.000       0.000

 M_REP    WITH
    M_LOC            0.000       0.000       0.000       0.000       0.000       0.000       0.000
    M_VICREP         0.000       0.000       0.000       0.000       0.000       0.000       0.000
    T_VIOL           0.000       0.000       0.000       0.000       0.000       0.000       0.000
    T_VEH            0.000       0.000       0.000       0.000       0.000       0.000       0.000
    T_PERS           0.000       0.000       0.000       0.000       0.000       0.000       0.000

 M_LOC    WITH
    M_VICREP         0.000       0.000       0.000       0.000       0.000       0.000       0.000
    T_VIOL           0.000       0.000       0.000       0.000       0.000       0.000       0.000
    T_VEH            0.000       0.000       0.000       0.000       0.000       0.000       0.000
    T_PERS           0.000       0.000       0.000       0.000       0.000       0.000       0.000

 M_VICREP WITH
    T_VIOL           0.000       0.000       0.000       0.000       0.000       0.000       0.000
    T_VEH            0.000       0.000       0.000       0.000       0.000       0.000       0.000
    T_PERS           0.000       0.000       0.000       0.000       0.000       0.000       0.000

 T_PERS   WITH
    T_VIOL           0.941       0.949       0.953       0.973       0.994       0.998       1.005

 T_VEH    WITH
    T_VIOL           0.872       0.885       0.892       0.926       0.960       0.967       0.980
    T_PERS           0.916       0.925       0.930       0.954       0.978       0.982       0.991

 Intercepts
    PROP_R           3.142       3.343       3.446       3.982       4.519       4.622       4.823
    PROP_F           1.956       2.076       2.138       2.461       2.784       2.846       2.967
    PROP_P           1.148       1.245       1.294       1.553       1.811       1.861       1.958
    PROP_RP          1.865       2.003       2.074       2.444       2.814       2.885       3.023
    PROP_VH_         3.111       3.304       3.402       3.917       4.431       4.529       4.722
    PROP_VH_         2.420       2.580       2.662       3.090       3.517       3.599       3.759
    PROP_VH_         1.580       1.708       1.774       2.118       2.462       2.527       2.656
    PROP_VH_         1.805       1.944       2.015       2.387       2.759       2.831       2.970
    VIOL_R           2.942       3.130       3.226       3.730       4.233       4.330       4.518
    VIOL_F           1.905       2.031       2.096       2.433       2.770       2.834       2.960
    VIOL_P           0.808       0.895       0.940       1.172       1.405       1.449       1.537
    VIOL_RP          1.050       1.147       1.197       1.455       1.713       1.763       1.859

 Variances
    T_VIOL           1.000       1.000       1.000       1.000       1.000       1.000       1.000
    T_PERS           1.000       1.000       1.000       1.000       1.000       1.000       1.000
    T_VEH            1.000       1.000       1.000       1.000       1.000       1.000       1.000
    M_REP            1.000       1.000       1.000       1.000       1.000       1.000       1.000
    M_VIC            1.000       1.000       1.000       1.000       1.000       1.000       1.000
    M_LOC            1.000       1.000       1.000       1.000       1.000       1.000       1.000
    M_VICREP         1.000       1.000       1.000       1.000       1.000       1.000       1.000

 Residual Variances
    PROP_R          -0.002       0.009       0.014       0.043       0.071       0.076       0.087
    PROP_F           0.135       0.165       0.181       0.262       0.344       0.359       0.390
    PROP_P           0.150       0.183       0.200       0.288       0.376       0.393       0.426
    PROP_RP          0.041       0.063       0.075       0.135       0.195       0.207       0.230
    PROP_VH_         0.001       0.011       0.017       0.045       0.073       0.078       0.089
    PROP_VH_        -0.036      -0.022      -0.015       0.023       0.060       0.067       0.081
    PROP_VH_        -0.018      -0.002       0.005       0.046       0.087       0.095       0.111
    PROP_VH_         0.014       0.031       0.040       0.084       0.129       0.138       0.154
    VIOL_R          -0.014      -0.004       0.002       0.031       0.060       0.065       0.076
    VIOL_F           0.071       0.098       0.112       0.186       0.259       0.273       0.300
    VIOL_P           0.196       0.232       0.250       0.346       0.441       0.459       0.495
    VIOL_RP          0.144       0.177       0.194       0.282       0.369       0.386       0.419


MODEL COMMAND WITH FINAL ESTIMATES USED AS STARTING VALUES

     t_viol BY viol_f@1;
     t_viol BY viol_p@1;
     t_viol BY viol_r@1;
     t_viol BY viol_rp@1;
     t_pers BY prop_f@1;
     t_pers BY prop_p@1;
     t_pers BY prop_r@1;
     t_pers BY prop_rp@1;
     t_veh BY prop_vh_f@1;
     t_veh BY prop_vh_p@1;
     t_veh BY prop_vh_r@1;
     t_veh BY prop_vh_rp@1;
     m_rep BY viol_p@1;
     m_rep BY prop_p@1;
     m_rep BY prop_vh_p@1;
     m_vic BY viol_r@1;
     m_vic BY prop_r@1;
     m_vic BY prop_vh_r@1;
     m_loc BY viol_f@1;
     m_loc BY prop_f@1;
     m_loc BY prop_vh_f@1;
     m_vicrep BY viol_rp@1;
     m_vicrep BY prop_rp@1;
     m_vicrep BY prop_vh_rp@1;

     m_vic WITH m_rep@0;
     m_vic WITH m_loc@0;
     m_vic WITH m_vicrep@0;
     m_vic WITH t_viol@0;
     m_vic WITH t_veh@0;
     m_vic WITH t_pers@0;
     m_rep WITH m_loc@0;
     m_rep WITH m_vicrep@0;
     m_rep WITH t_viol@0;
     m_rep WITH t_veh@0;
     m_rep WITH t_pers@0;
     m_loc WITH m_vicrep@0;
     m_loc WITH t_viol@0;
     m_loc WITH t_veh@0;
     m_loc WITH t_pers@0;
     m_vicrep WITH t_viol@0;
     m_vicrep WITH t_veh@0;
     m_vicrep WITH t_pers@0;
     t_pers WITH t_viol*0.76601;
     t_veh WITH t_viol*0.69540;
     t_veh WITH t_pers*0.82621;

     [ prop_r*4.09117 ];
     [ prop_f*2.87641 ];
     [ prop_p*1.79575 ];
     [ prop_rp*2.52962 ];
     [ prop_vh_r*3.86324 ];
     [ prop_vh_f*3.00812 ];
     [ prop_vh_p*2.02411 ];
     [ prop_vh_rp*2.29400 ];
     [ viol_r*3.35788 ];
     [ viol_f*2.38437 ];
     [ viol_p*1.23553 ];
     [ viol_rp*1.43770 ];

     prop_r*0.04494;
     prop_f*0.35821;
     prop_p*0.38525;
     prop_rp*0.14469;
     prop_vh_r*0.04357;
     prop_vh_f*0.02147;
     prop_vh_p*0.04241;
     prop_vh_rp*0.07794;
     viol_r*0.02509;
     viol_f*0.17825;
     viol_p*0.38391;
     viol_rp*0.27507;
     t_viol*0.68253;
     t_pers*0.90767;
     t_veh*0.82650;
     m_rep*0.04452;
     m_vic*0.10285;
     m_loc*0.10002;
     m_vicrep*0.01897;



RESIDUAL OUTPUT


     ESTIMATED MODEL AND RESIDUALS (OBSERVED - ESTIMATED)


           Model Estimated Means
              PROP_R        PROP_F        PROP_P        PROP_RP       PROP_VH_
              ________      ________      ________      ________      ________
                4.091         2.876         1.796         2.530         3.863


           Model Estimated Means
              PROP_VH_      PROP_VH_      PROP_VH_      VIOL_R        VIOL_F
              ________      ________      ________      ________      ________
                3.008         2.024         2.294         3.358         2.384


           Model Estimated Means
              VIOL_P        VIOL_RP
              ________      ________
                1.236         1.438


           Residuals for Means
              PROP_R        PROP_F        PROP_P        PROP_RP       PROP_VH_
              ________      ________      ________      ________      ________
                0.000         0.000         0.000         0.000         0.000


           Residuals for Means
              PROP_VH_      PROP_VH_      PROP_VH_      VIOL_R        VIOL_F
              ________      ________      ________      ________      ________
                0.000         0.000         0.000         0.000         0.000


           Residuals for Means
              VIOL_P        VIOL_RP
              ________      ________
                0.000         0.000


           Standardized Residuals (z-scores) for Means
              PROP_R        PROP_F        PROP_P        PROP_RP       PROP_VH_
              ________      ________      ________      ________      ________
                0.000         0.000         0.000         0.000         0.000


           Standardized Residuals (z-scores) for Means
              PROP_VH_      PROP_VH_      PROP_VH_      VIOL_R        VIOL_F
              ________      ________      ________      ________      ________
                0.000         0.000         0.000         0.000         0.000


           Standardized Residuals (z-scores) for Means
              VIOL_P        VIOL_RP
              ________      ________
                0.000         0.000


           Normalized Residuals for Means
              PROP_R        PROP_F        PROP_P        PROP_RP       PROP_VH_
              ________      ________      ________      ________      ________
                0.000         0.000         0.000         0.000         0.000


           Normalized Residuals for Means
              PROP_VH_      PROP_VH_      PROP_VH_      VIOL_R        VIOL_F
              ________      ________      ________      ________      ________
                0.000         0.000         0.000         0.000         0.000


           Normalized Residuals for Means
              VIOL_P        VIOL_RP
              ________      ________
                0.000         0.000


           Model Estimated Covariances
              PROP_R        PROP_F        PROP_P        PROP_RP       PROP_VH_
              ________      ________      ________      ________      ________
 PROP_R         1.055
 PROP_F         0.908         1.366
 PROP_P         0.908         0.908         1.337
 PROP_RP        0.908         0.908         0.908         1.071
 PROP_VH_       0.929         0.826         0.826         0.826         0.973
 PROP_VH_       0.826         0.926         0.826         0.826         0.826
 PROP_VH_       0.826         0.826         0.871         0.826         0.826
 PROP_VH_       0.826         0.826         0.826         0.845         0.826
 VIOL_R         0.869         0.766         0.766         0.766         0.798
 VIOL_F         0.766         0.866         0.766         0.766         0.695
 VIOL_P         0.766         0.766         0.811         0.766         0.695
 VIOL_RP        0.766         0.766         0.766         0.785         0.695


           Model Estimated Covariances
              PROP_VH_      PROP_VH_      PROP_VH_      VIOL_R        VIOL_F
              ________      ________      ________      ________      ________
 PROP_VH_       0.948
 PROP_VH_       0.826         0.913
 PROP_VH_       0.826         0.826         0.923
 VIOL_R         0.695         0.695         0.695         0.810
 VIOL_F         0.795         0.695         0.695         0.683         0.961
 VIOL_P         0.695         0.740         0.695         0.683         0.683
 VIOL_RP        0.695         0.695         0.714         0.683         0.683


           Model Estimated Covariances
              VIOL_P        VIOL_RP
              ________      ________
 VIOL_P         1.111
 VIOL_RP        0.683         0.977


           Model Estimated Correlations
              PROP_R        PROP_F        PROP_P        PROP_RP       PROP_VH_
              ________      ________      ________      ________      ________
 PROP_R         1.000
 PROP_F         0.756         1.000
 PROP_P         0.764         0.672         1.000
 PROP_RP        0.854         0.750         0.758         1.000
 PROP_VH_       0.917         0.717         0.724         0.809         1.000
 PROP_VH_       0.826         0.814         0.734         0.820         0.861
 PROP_VH_       0.841         0.740         0.788         0.835         0.877
 PROP_VH_       0.837         0.736         0.743         0.850         0.872
 VIOL_R         0.939         0.728         0.736         0.822         0.899
 VIOL_F         0.761         0.756         0.676         0.755         0.719
 VIOL_P         0.707         0.622         0.665         0.702         0.669
 VIOL_RP        0.755         0.663         0.670         0.767         0.713


           Model Estimated Correlations
              PROP_VH_      PROP_VH_      PROP_VH_      VIOL_R        VIOL_F
              ________      ________      ________      ________      ________
 PROP_VH_       1.000
 PROP_VH_       0.888         1.000
 PROP_VH_       0.883         0.900         1.000
 VIOL_R         0.793         0.808         0.804         1.000
 VIOL_F         0.833         0.742         0.738         0.773         1.000
 VIOL_P         0.678         0.735         0.687         0.719         0.661
 VIOL_RP        0.723         0.736         0.752         0.767         0.705


           Model Estimated Correlations
              VIOL_P        VIOL_RP
              ________      ________
 VIOL_P         1.000
 VIOL_RP        0.655         1.000


           Residuals for Covariances
              PROP_R        PROP_F        PROP_P        PROP_RP       PROP_VH_
              ________      ________      ________      ________      ________
 PROP_R         0.233
 PROP_F         0.314         0.551
 PROP_P         0.041         0.587        -0.041
 PROP_RP        0.107        -0.008        -0.162        -0.159
 PROP_VH_       0.212         0.340         0.092         0.086         0.175
 PROP_VH_       0.283         0.387         0.211         0.040         0.278
 PROP_VH_       0.025         0.183        -0.093        -0.146         0.006
 PROP_VH_       0.012         0.063        -0.134        -0.150         0.023
 VIOL_R         0.233         0.327         0.096         0.125         0.220
 VIOL_F         0.189         0.473         0.280        -0.044         0.188
 VIOL_P        -0.238         0.150        -0.128        -0.377        -0.185
 VIOL_RP       -0.050        -0.008        -0.182        -0.205        -0.010


           Residuals for Covariances
              PROP_VH_      PROP_VH_      PROP_VH_      VIOL_R        VIOL_F
              ________      ________      ________      ________      ________
 PROP_VH_       0.236
 PROP_VH_       0.076        -0.107
 PROP_VH_       0.038        -0.081        -0.114
 VIOL_R         0.293         0.064         0.039         0.221
 VIOL_F         0.172         0.061        -0.053         0.206         0.192
 VIOL_P        -0.122        -0.250        -0.273        -0.167         0.101
 VIOL_RP       -0.031        -0.162        -0.210         0.011        -0.031


           Residuals for Covariances
              VIOL_P        VIOL_RP
              ________      ________
 VIOL_P        -0.321
 VIOL_RP       -0.190        -0.216


           Residuals for Correlations
              PROP_R        PROP_F        PROP_P        PROP_RP       PROP_VH_
              ________      ________      ________      ________      ________
 PROP_R         0.000
 PROP_F         0.021         0.000
 PROP_P        -0.030         0.277         0.000
 PROP_RP        0.082        -0.070        -0.073         0.000
 PROP_VH_       0.022         0.069         0.028         0.083         0.000
 PROP_VH_       0.072         0.058         0.103         0.014         0.087
 PROP_VH_      -0.006         0.072        -0.027        -0.043        -0.011
 PROP_VH_      -0.016        -0.022        -0.068        -0.041         0.010
 VIOL_R         0.017         0.049         0.010         0.097         0.037
 VIOL_F         0.023         0.145         0.180        -0.050         0.049
 VIOL_P        -0.184         0.122         0.009        -0.244        -0.133
 VIOL_RP       -0.031        -0.035        -0.082        -0.071         0.020


           Residuals for Correlations
              PROP_VH_      PROP_VH_      PROP_VH_      VIOL_R        VIOL_F
              ________      ________      ________      ________      ________
 PROP_VH_       0.000
 PROP_VH_       0.035         0.000
 PROP_VH_      -0.001         0.023         0.000
 VIOL_R         0.101         0.024         0.000         0.000
 VIOL_F        -0.005         0.042        -0.073         0.042         0.000
 VIOL_P        -0.084        -0.121        -0.158        -0.148         0.161
 VIOL_RP       -0.023        -0.056        -0.110         0.016        -0.008


           Residuals for Correlations
              VIOL_P        VIOL_RP
              ________      ________
 VIOL_P         0.000
 VIOL_RP       -0.019         0.000


           Standardized Residuals (z-scores) for Covariances
              PROP_R        PROP_F        PROP_P        PROP_RP       PROP_VH_
              ________      ________      ________      ________      ________
 PROP_R         1.672
 PROP_F         1.870         2.081
 PROP_P         0.434         2.992        -0.352
 PROP_RP        1.677        -0.084       999.000       999.000
 PROP_VH_       1.648         2.069         0.911         1.380         1.411
 PROP_VH_       2.243         2.125         1.786         0.708         2.313
 PROP_VH_       0.522         1.588       999.000       999.000         0.165
 PROP_VH_       0.261         0.622       999.000       999.000         0.554
 VIOL_R         1.844         2.090         0.987         1.809         1.840
 VIOL_F         1.607         2.486         2.180        -0.859         1.682
 VIOL_P       999.000         1.301        -5.552       999.000       999.000
 VIOL_RP       -1.299        -0.082       999.000       999.000        -0.211


           Standardized Residuals (z-scores) for Covariances
              PROP_VH_      PROP_VH_      PROP_VH_      VIOL_R        VIOL_F
              ________      ________      ________      ________      ________
 PROP_VH_       1.755
 PROP_VH_       1.305       999.000
 PROP_VH_       0.755       999.000       999.000
 VIOL_R         2.493         1.166         0.782         1.863
 VIOL_F         1.386         0.936        -1.150         1.908         1.400
 VIOL_P        -3.815       999.000       999.000       999.000         1.370
 VIOL_RP       -0.682       999.000       999.000         0.262        -0.624


           Standardized Residuals (z-scores) for Covariances
              VIOL_P        VIOL_RP
              ________      ________
 VIOL_P       999.000
 VIOL_RP      999.000       999.000


           Normalized Residuals for Covariances
              PROP_R        PROP_F        PROP_P        PROP_RP       PROP_VH_
              ________      ________      ________      ________      ________
 PROP_R         1.093
 PROP_F         1.346         1.737
 PROP_P         0.220         2.309        -0.190
 PROP_RP        0.613        -0.042        -1.052        -1.054
 PROP_VH_       1.087         1.538         0.512         0.539         0.920
 PROP_VH_       1.457         1.655         1.115         0.255         1.481
 PROP_VH_       0.162         0.977        -0.619        -1.142         0.040
 PROP_VH_       0.077         0.352        -0.927        -1.160         0.155
 VIOL_R         1.250         1.568         0.571         0.811         1.260
 VIOL_F         1.044         2.020         1.486        -0.297         1.108
 VIOL_P        -1.787         0.834        -0.897        -3.449        -1.463
 VIOL_RP       -0.349        -0.046        -1.346        -1.727        -0.071


           Normalized Residuals for Covariances
              PROP_VH_      PROP_VH_      PROP_VH_      VIOL_R        VIOL_F
              ________      ________      ________      ________      ________
 PROP_VH_       1.205
 PROP_VH_       0.488        -0.800
 PROP_VH_       0.248        -0.627        -0.848
 VIOL_R         1.688         0.459         0.287         1.293
 VIOL_F         0.971         0.426        -0.391         1.251         1.005
 VIOL_P        -0.924        -2.280        -2.575        -1.370         0.699
 VIOL_RP       -0.230        -1.464        -1.927         0.087        -0.229


           Normalized Residuals for Covariances
              VIOL_P        VIOL_RP
              ________      ________
 VIOL_P        -2.459
 VIOL_RP       -1.764        -1.713


TECHNICAL 1 OUTPUT


     PARAMETER SPECIFICATION


           NU
              PROP_R        PROP_F        PROP_P        PROP_RP       PROP_VH_
              ________      ________      ________      ________      ________
                  1             2             3             4             5


           NU
              PROP_VH_      PROP_VH_      PROP_VH_      VIOL_R        VIOL_F
              ________      ________      ________      ________      ________
                  6             7             8             9            10


           NU
              VIOL_P        VIOL_RP
              ________      ________
                 11            12


           LAMBDA
              T_VIOL        T_PERS        T_VEH         M_REP         M_VIC
              ________      ________      ________      ________      ________
 PROP_R             0             0             0             0             0
 PROP_F             0             0             0             0             0
 PROP_P             0             0             0             0             0
 PROP_RP            0             0             0             0             0
 PROP_VH_           0             0             0             0             0
 PROP_VH_           0             0             0             0             0
 PROP_VH_           0             0             0             0             0
 PROP_VH_           0             0             0             0             0
 VIOL_R             0             0             0             0             0
 VIOL_F             0             0             0             0             0
 VIOL_P             0             0             0             0             0
 VIOL_RP            0             0             0             0             0


           LAMBDA
              M_LOC         M_VICREP
              ________      ________
 PROP_R             0             0
 PROP_F             0             0
 PROP_P             0             0
 PROP_RP            0             0
 PROP_VH_           0             0
 PROP_VH_           0             0
 PROP_VH_           0             0
 PROP_VH_           0             0
 VIOL_R             0             0
 VIOL_F             0             0
 VIOL_P             0             0
 VIOL_RP            0             0


           THETA
              PROP_R        PROP_F        PROP_P        PROP_RP       PROP_VH_
              ________      ________      ________      ________      ________
 PROP_R            13
 PROP_F             0            14
 PROP_P             0             0            15
 PROP_RP            0             0             0            16
 PROP_VH_           0             0             0             0            17
 PROP_VH_           0             0             0             0             0
 PROP_VH_           0             0             0             0             0
 PROP_VH_           0             0             0             0             0
 VIOL_R             0             0             0             0             0
 VIOL_F             0             0             0             0             0
 VIOL_P             0             0             0             0             0
 VIOL_RP            0             0             0             0             0


           THETA
              PROP_VH_      PROP_VH_      PROP_VH_      VIOL_R        VIOL_F
              ________      ________      ________      ________      ________
 PROP_VH_          18
 PROP_VH_           0            19
 PROP_VH_           0             0            20
 VIOL_R             0             0             0            21
 VIOL_F             0             0             0             0            22
 VIOL_P             0             0             0             0             0
 VIOL_RP            0             0             0             0             0


           THETA
              VIOL_P        VIOL_RP
              ________      ________
 VIOL_P            23
 VIOL_RP            0            24


           ALPHA
              T_VIOL        T_PERS        T_VEH         M_REP         M_VIC
              ________      ________      ________      ________      ________
                  0             0             0             0             0


           ALPHA
              M_LOC         M_VICREP
              ________      ________
                  0             0


           BETA
              T_VIOL        T_PERS        T_VEH         M_REP         M_VIC
              ________      ________      ________      ________      ________
 T_VIOL             0             0             0             0             0
 T_PERS             0             0             0             0             0
 T_VEH              0             0             0             0             0
 M_REP              0             0             0             0             0
 M_VIC              0             0             0             0             0
 M_LOC              0             0             0             0             0
 M_VICREP           0             0             0             0             0


           BETA
              M_LOC         M_VICREP
              ________      ________
 T_VIOL             0             0
 T_PERS             0             0
 T_VEH              0             0
 M_REP              0             0
 M_VIC              0             0
 M_LOC              0             0
 M_VICREP           0             0


           PSI
              T_VIOL        T_PERS        T_VEH         M_REP         M_VIC
              ________      ________      ________      ________      ________
 T_VIOL            25
 T_PERS            26            27
 T_VEH             28            29            30
 M_REP              0             0             0            31
 M_VIC              0             0             0             0            32
 M_LOC              0             0             0             0             0
 M_VICREP           0             0             0             0             0


           PSI
              M_LOC         M_VICREP
              ________      ________
 M_LOC             33
 M_VICREP           0            34


     STARTING VALUES


           NU
              PROP_R        PROP_F        PROP_P        PROP_RP       PROP_VH_
              ________      ________      ________      ________      ________
                4.091         2.876         1.796         2.530         3.863


           NU
              PROP_VH_      PROP_VH_      PROP_VH_      VIOL_R        VIOL_F
              ________      ________      ________      ________      ________
                3.008         2.024         2.294         3.358         2.384


           NU
              VIOL_P        VIOL_RP
              ________      ________
                1.236         1.438


           LAMBDA
              T_VIOL        T_PERS        T_VEH         M_REP         M_VIC
              ________      ________      ________      ________      ________
 PROP_R         0.000         1.000         0.000         0.000         1.000
 PROP_F         0.000         1.000         0.000         0.000         0.000
 PROP_P         0.000         1.000         0.000         1.000         0.000
 PROP_RP        0.000         1.000         0.000         0.000         0.000
 PROP_VH_       0.000         0.000         1.000         0.000         1.000
 PROP_VH_       0.000         0.000         1.000         0.000         0.000
 PROP_VH_       0.000         0.000         1.000         1.000         0.000
 PROP_VH_       0.000         0.000         1.000         0.000         0.000
 VIOL_R         1.000         0.000         0.000         0.000         1.000
 VIOL_F         1.000         0.000         0.000         0.000         0.000
 VIOL_P         1.000         0.000         0.000         1.000         0.000
 VIOL_RP        1.000         0.000         0.000         0.000         0.000


           LAMBDA
              M_LOC         M_VICREP
              ________      ________
 PROP_R         0.000         0.000
 PROP_F         1.000         0.000
 PROP_P         0.000         0.000
 PROP_RP        0.000         1.000
 PROP_VH_       0.000         0.000
 PROP_VH_       1.000         0.000
 PROP_VH_       0.000         0.000
 PROP_VH_       0.000         1.000
 VIOL_R         0.000         0.000
 VIOL_F         1.000         0.000
 VIOL_P         0.000         0.000
 VIOL_RP        0.000         1.000


           THETA
              PROP_R        PROP_F        PROP_P        PROP_RP       PROP_VH_
              ________      ________      ________      ________      ________
 PROP_R         0.644
 PROP_F         0.000         0.958
 PROP_P         0.000         0.000         0.648
 PROP_RP        0.000         0.000         0.000         0.456
 PROP_VH_       0.000         0.000         0.000         0.000         0.574
 PROP_VH_       0.000         0.000         0.000         0.000         0.000
 PROP_VH_       0.000         0.000         0.000         0.000         0.000
 PROP_VH_       0.000         0.000         0.000         0.000         0.000
 VIOL_R         0.000         0.000         0.000         0.000         0.000
 VIOL_F         0.000         0.000         0.000         0.000         0.000
 VIOL_P         0.000         0.000         0.000         0.000         0.000
 VIOL_RP        0.000         0.000         0.000         0.000         0.000


           THETA
              PROP_VH_      PROP_VH_      PROP_VH_      VIOL_R        VIOL_F
              ________      ________      ________      ________      ________
 PROP_VH_       0.592
 PROP_VH_       0.000         0.403
 PROP_VH_       0.000         0.000         0.405
 VIOL_R         0.000         0.000         0.000         0.516
 VIOL_F         0.000         0.000         0.000         0.000         0.576
 VIOL_P         0.000         0.000         0.000         0.000         0.000
 VIOL_RP        0.000         0.000         0.000         0.000         0.000


           THETA
              VIOL_P        VIOL_RP
              ________      ________
 VIOL_P         0.395
 VIOL_RP        0.000         0.380


           ALPHA
              T_VIOL        T_PERS        T_VEH         M_REP         M_VIC
              ________      ________      ________      ________      ________
                0.000         0.000         0.000         0.000         0.000


           ALPHA
              M_LOC         M_VICREP
              ________      ________
                0.000         0.000


           BETA
              T_VIOL        T_PERS        T_VEH         M_REP         M_VIC
              ________      ________      ________      ________      ________
 T_VIOL         0.000         0.000         0.000         0.000         0.000
 T_PERS         0.000         0.000         0.000         0.000         0.000
 T_VEH          0.000         0.000         0.000         0.000         0.000
 M_REP          0.000         0.000         0.000         0.000         0.000
 M_VIC          0.000         0.000         0.000         0.000         0.000
 M_LOC          0.000         0.000         0.000         0.000         0.000
 M_VICREP       0.000         0.000         0.000         0.000         0.000


           BETA
              M_LOC         M_VICREP
              ________      ________
 T_VIOL         0.000         0.000
 T_PERS         0.000         0.000
 T_VEH          0.000         0.000
 M_REP          0.000         0.000
 M_VIC          0.000         0.000
 M_LOC          0.000         0.000
 M_VICREP       0.000         0.000


           PSI
              T_VIOL        T_PERS        T_VEH         M_REP         M_VIC
              ________      ________      ________      ________      ________
 T_VIOL         0.050
 T_PERS         0.000         0.050
 T_VEH          0.000         0.000         0.050
 M_REP          0.000         0.000         0.000         0.050
 M_VIC          0.000         0.000         0.000         0.000         0.050
 M_LOC          0.000         0.000         0.000         0.000         0.000
 M_VICREP       0.000         0.000         0.000         0.000         0.000


           PSI
              M_LOC         M_VICREP
              ________      ________
 M_LOC          0.050
 M_VICREP       0.000         0.050


TECHNICAL 5/6 OUTPUT



TECHNICAL OUTPUT FROM EM ALGORITHM ITERATIONS FOR THE H1 MODEL

   ITER        FUNCTION     ABS CHANGE   REL CHANGE

      1     0.12617022D+02
      2    -0.96302148D+01  -22.2472372   -1.7632716
      3    -0.96302148D+01  -22.2472372   -1.7632716

   TECHNICAL OUTPUT FROM QUASI-NEWTON ITERATIONS


   ITERATIONS USING GRADIENT


   ITER STEP   FUNCTION     ABS CHANGE   REL CHANGE   STEP LENGTH   DERIVATIVE

      1   0 0.97277980D+01                           0.000000D+00 -.314454D+02
          1 0.78203513D+01   -1.9074467   -0.1960821 0.100000D+00 -.114528D+02
          2 0.72914840D+01   -0.5288673   -0.0676270 0.157285D+00 -.739747D+01
          3 0.67468234D+01   -0.5446606   -0.0746982 0.261781D+00 -.342714D+01
          4 0.65600277D+01   -0.1867957   -0.0276865 0.351980D+00 -.580587D+00
      1   0 0.97277980D+01                           0.000000D+00 -.314454D+02
          1 0.78203513D+01   -1.9074467   -0.1960821 0.100000D+00 -.114528D+02
          2 0.72914840D+01   -0.5288673   -0.0676270 0.157285D+00 -.739747D+01
          3 0.67468234D+01   -0.5446606   -0.0746982 0.261781D+00 -.342714D+01
          4 0.65600277D+01   -0.1867957   -0.0276865 0.351980D+00 -.580587D+00
      2   0 0.65600277D+01                           0.000000D+00 -.788596D+01
          1                                          0.351980D+00
          2 0.94322573D+01    2.8722295    0.4378380 0.193589D+00 0.207557D+03
          3 0.64900045D+01   -2.9422527   -0.3119352 0.116771D+00 0.481865D+01
          4 0.63840928D+01   -0.1059118   -0.0163192 0.596107D-01 -.232648D+00
      2   0 0.65600277D+01                           0.000000D+00 -.788596D+01
          1                                          0.351980D+00
          2 0.94322573D+01    2.8722295    0.4378380 0.193589D+00 0.207557D+03
          3 0.64900045D+01   -2.9422527   -0.3119352 0.116771D+00 0.481865D+01
          4 0.63840928D+01   -0.1059118   -0.0163192 0.596107D-01 -.232648D+00
      3   0 0.63840928D+01                           0.000000D+00 -.334984D+01
          1 0.62488340D+01   -0.1352588   -0.0211869 0.596107D-01 -.155048D+01
          2 0.61887456D+01   -0.0600883   -0.0096159 0.110976D+00 -.814074D+00
          3 0.61754865D+01   -0.0132591   -0.0021425 0.186831D+00 0.661841D+00
          4 0.61672516D+01   -0.0082349   -0.0013335 0.159796D+00 -.110942D-01
      3   0 0.63840928D+01                           0.000000D+00 -.334984D+01
          1 0.62488340D+01   -0.1352588   -0.0211869 0.596107D-01 -.155048D+01
          2 0.61887456D+01   -0.0600883   -0.0096159 0.110976D+00 -.814074D+00
          3 0.61754865D+01   -0.0132591   -0.0021425 0.186831D+00 0.661841D+00
          4 0.61672516D+01   -0.0082349   -0.0013335 0.159796D+00 -.110942D-01
      4   0 0.61672516D+01                           0.000000D+00 -.571803D+01
          1 0.62117106D+01    0.0444590    0.0072089 0.159796D+00 0.161386D+02
          2 0.59451384D+01   -0.2665723   -0.0429145 0.941677D-01 -.355329D+00
      4   0 0.61672516D+01                           0.000000D+00 -.571803D+01
          1 0.62117106D+01    0.0444590    0.0072089 0.159796D+00 0.161386D+02
          2 0.59451384D+01   -0.2665723   -0.0429145 0.941677D-01 -.355329D+00
      5   0 0.59451384D+01                           0.000000D+00 -.314428D+01
          1 0.57543166D+01   -0.1908218   -0.0320971 0.941677D-01 0.315562D+00
          2 0.57538604D+01   -0.0004562   -0.0000793 0.899017D-01 -.923795D-01
      5   0 0.59451384D+01                           0.000000D+00 -.314428D+01
          1 0.57543166D+01   -0.1908218   -0.0320971 0.941677D-01 0.315562D+00
          2 0.57538604D+01   -0.0004562   -0.0000793 0.899017D-01 -.923795D-01
      6   0 0.57538604D+01                           0.000000D+00 -.627857D+01
          1 0.57862917D+01    0.0324313    0.0056364 0.899017D-01 0.171103D+01
          2 0.57014041D+01   -0.0848876   -0.0146705 0.305772D-01 0.574456D+00
      6   0 0.57538604D+01                           0.000000D+00 -.627857D+01
          1 0.57862917D+01    0.0324313    0.0056364 0.899017D-01 0.171103D+01
          2 0.57014041D+01   -0.0848876   -0.0146705 0.305772D-01 0.574456D+00
      7   0 0.57014041D+01                           0.000000D+00 -.288020D+01
          1 0.56332543D+01   -0.0681498   -0.0119532 0.305772D-01 -.126275D+01
          2 0.56263790D+01   -0.0068753   -0.0012205 0.436062D-01 0.369128D+00
          3 0.56259567D+01   -0.0004223   -0.0000750 0.412357D-01 -.571859D-02
      7   0 0.57014041D+01                           0.000000D+00 -.288020D+01
          1 0.56332543D+01   -0.0681498   -0.0119532 0.305772D-01 -.126275D+01
          2 0.56263790D+01   -0.0068753   -0.0012205 0.436062D-01 0.369128D+00
          3 0.56259567D+01   -0.0004223   -0.0000750 0.412357D-01 -.571859D-02
      8   0 0.56259567D+01                           0.000000D+00 -.397204D+01
          1 0.55903418D+01   -0.0356149   -0.0063305 0.412357D-01 0.584292D+00
          2 0.55859823D+01   -0.0043595   -0.0007798 0.252455D-01 -.137669D+00
      8   0 0.56259567D+01                           0.000000D+00 -.397204D+01
          1 0.55903418D+01   -0.0356149   -0.0063305 0.412357D-01 0.584292D+00
          2 0.55859823D+01   -0.0043595   -0.0007798 0.252455D-01 -.137669D+00
      9   0 0.55859823D+01                           0.000000D+00 -.262948D+01
          1 0.55323746D+01   -0.0536076   -0.0095968 0.252455D-01 -.143911D+01
          2 0.55214353D+01   -0.0109393   -0.0019773 0.426029D-01 0.401977D+00
          3 0.55208778D+01   -0.0005575   -0.0001010 0.396943D-01 -.964120D-02
      9   0 0.55859823D+01                           0.000000D+00 -.262948D+01
          1 0.55323746D+01   -0.0536076   -0.0095968 0.252455D-01 -.143911D+01
          2 0.55214353D+01   -0.0109393   -0.0019773 0.426029D-01 0.401977D+00
          3 0.55208778D+01   -0.0005575   -0.0001010 0.396943D-01 -.964120D-02
     10   0 0.55208778D+01                           0.000000D+00 -.400096D+01
          1 0.54910122D+01   -0.0298656   -0.0054096 0.396943D-01 0.756040D+00
          2 0.54844258D+01   -0.0065865   -0.0011995 0.227241D-01 -.112425D+00
     10   0 0.55208778D+01                           0.000000D+00 -.400096D+01
          1 0.54910122D+01   -0.0298656   -0.0054096 0.396943D-01 0.756040D+00
          2 0.54844258D+01   -0.0065865   -0.0011995 0.227241D-01 -.112425D+00
     11   0 0.54844258D+01                           0.000000D+00 -.243353D+01
          1 0.54385924D+01   -0.0458334   -0.0083570 0.227241D-01 -.147637D+01
          2 0.54252679D+01   -0.0133245   -0.0024500 0.429346D-01 0.410870D+00
          3 0.54246279D+01   -0.0006400   -0.0001180 0.396431D-01 -.120097D-01
     11   0 0.54844258D+01                           0.000000D+00 -.243353D+01
          1 0.54385924D+01   -0.0458334   -0.0083570 0.227241D-01 -.147637D+01
          2 0.54252679D+01   -0.0133245   -0.0024500 0.429346D-01 0.410870D+00
          3 0.54246279D+01   -0.0006400   -0.0001180 0.396431D-01 -.120097D-01
     12   0 0.54246279D+01                           0.000000D+00 -.413187D+01
          1 0.53981278D+01   -0.0265001   -0.0048852 0.396431D-01 0.902605D+00
          2 0.53892229D+01   -0.0089048   -0.0016496 0.214340D-01 -.937935D-01
     12   0 0.54246279D+01                           0.000000D+00 -.413187D+01
          1 0.53981278D+01   -0.0265001   -0.0048852 0.396431D-01 0.902605D+00
          2 0.53892229D+01   -0.0089048   -0.0016496 0.214340D-01 -.937935D-01
     13   0 0.53892229D+01                           0.000000D+00 -.233007D+01
          1 0.53468619D+01   -0.0423610   -0.0078603 0.214340D-01 -.152754D+01
          2 0.53308234D+01   -0.0160385   -0.0029996 0.448349D-01 0.451852D+00
          3 0.53299993D+01   -0.0008241   -0.0001546 0.409438D-01 -.156295D-01
     13   0 0.53892229D+01                           0.000000D+00 -.233007D+01
          1 0.53468619D+01   -0.0423610   -0.0078603 0.214340D-01 -.152754D+01
          2 0.53308234D+01   -0.0160385   -0.0029996 0.448349D-01 0.451852D+00
          3 0.53299993D+01   -0.0008241   -0.0001546 0.409438D-01 -.156295D-01
     14   0 0.53299993D+01                           0.000000D+00 -.435326D+01
          1 0.53062468D+01   -0.0237526   -0.0044564 0.409438D-01 0.105984D+01
          2 0.52941280D+01   -0.0121188   -0.0022839 0.208298D-01 -.715274D-01
     14   0 0.53299993D+01                           0.000000D+00 -.435326D+01
          1 0.53062468D+01   -0.0237526   -0.0044564 0.409438D-01 0.105984D+01
          2 0.52941280D+01   -0.0121188   -0.0022839 0.208298D-01 -.715274D-01
     15   0 0.52941280D+01                           0.000000D+00 -.227875D+01
          1 0.52532740D+01   -0.0408539   -0.0077168 0.208298D-01 -.156436D+01
          2 0.52349686D+01   -0.0183054   -0.0034846 0.468716D-01 0.486061D+00
          3 0.52339699D+01   -0.0009988   -0.0001908 0.424557D-01 -.187062D-01
     15   0 0.52941280D+01                           0.000000D+00 -.227875D+01
          1 0.52532740D+01   -0.0408539   -0.0077168 0.208298D-01 -.156436D+01
          2 0.52349686D+01   -0.0183054   -0.0034846 0.468716D-01 0.486061D+00
          3 0.52339699D+01   -0.0009988   -0.0001908 0.424557D-01 -.187062D-01
     16   0 0.52339699D+01                           0.000000D+00 -.455128D+01
          1 0.52128472D+01   -0.0211226   -0.0040357 0.424557D-01 0.119149D+01
          2 0.51974365D+01   -0.0154107   -0.0029563 0.205488D-01 -.461765D-01
     16   0 0.52339699D+01                           0.000000D+00 -.455128D+01
          1 0.52128472D+01   -0.0211226   -0.0040357 0.424557D-01 0.119149D+01
          2 0.51974365D+01   -0.0154107   -0.0029563 0.205488D-01 -.461765D-01
     17   0 0.51974365D+01                           0.000000D+00 -.225129D+01
          1 0.51573300D+01   -0.0401066   -0.0077166 0.205488D-01 -.157975D+01
          2 0.51377988D+01   -0.0195312   -0.0037871 0.480547D-01 0.504295D+00
          3 0.51366963D+01   -0.0011025   -0.0002146 0.433379D-01 -.204326D-01
     17   0 0.51974365D+01                           0.000000D+00 -.225129D+01
          1 0.51573300D+01   -0.0401066   -0.0077166 0.205488D-01 -.157975D+01
          2 0.51377988D+01   -0.0195312   -0.0037871 0.480547D-01 0.504295D+00
          3 0.51366963D+01   -0.0011025   -0.0002146 0.433379D-01 -.204326D-01
     18   0 0.51366963D+01                           0.000000D+00 -.467630D+01
          1 0.51173279D+01   -0.0193683   -0.0037706 0.433379D-01 0.126996D+01
          2 0.50997595D+01   -0.0175684   -0.0034331 0.203956D-01 -.282873D-01
     18   0 0.51366963D+01                           0.000000D+00 -.467630D+01
          1 0.51173279D+01   -0.0193683   -0.0037706 0.433379D-01 0.126996D+01
          2 0.50997595D+01   -0.0175684   -0.0034331 0.203956D-01 -.282873D-01
     19   0 0.50997595D+01                           0.000000D+00 -.224048D+01
          1 0.50600217D+01   -0.0397378   -0.0077921 0.203956D-01 -.158618D+01
          2 0.50400297D+01   -0.0199920   -0.0039510 0.484451D-01 0.513383D+00
          3 0.50388799D+01   -0.0011498   -0.0002281 0.436048D-01 -.212311D-01
     19   0 0.50997595D+01                           0.000000D+00 -.224048D+01
          1 0.50600217D+01   -0.0397378   -0.0077921 0.203956D-01 -.158618D+01
          2 0.50400297D+01   -0.0199920   -0.0039510 0.484451D-01 0.513383D+00
          3 0.50388799D+01   -0.0011498   -0.0002281 0.436048D-01 -.212311D-01
     20   0 0.50388799D+01                           0.000000D+00 -.474389D+01
          1 0.50203087D+01   -0.0185713   -0.0036856 0.436048D-01 0.130701D+01
          2 0.50017666D+01   -0.0185421   -0.0036934 0.202823D-01 -.199895D-01
     20   0 0.50388799D+01                           0.000000D+00 -.474389D+01
          1 0.50203087D+01   -0.0185713   -0.0036856 0.436048D-01 0.130701D+01
          2 0.50017666D+01   -0.0185421   -0.0036934 0.202823D-01 -.199895D-01
     21   0 0.50017666D+01                           0.000000D+00 -.224232D+01
          1 0.49621563D+01   -0.0396103   -0.0079193 0.202823D-01 -.159412D+01
          2 0.49419735D+01   -0.0201827   -0.0040673 0.484851D-01 0.521681D+00
          3 0.49407931D+01   -0.0011805   -0.0002389 0.435896D-01 -.217906D-01
     21   0 0.50017666D+01                           0.000000D+00 -.224232D+01
          1 0.49621563D+01   -0.0396103   -0.0079193 0.202823D-01 -.159412D+01
          2 0.49419735D+01   -0.0201827   -0.0040673 0.484851D-01 0.521681D+00
          3 0.49407931D+01   -0.0011805   -0.0002389 0.435896D-01 -.217906D-01

   ITERATIONS USING QUASI-NEWTON


   ITER STEP   FUNCTION     ABS CHANGE   REL CHANGE   STEP LENGTH   DERIVATIVE

      1   0 0.49407931D+01                           0.000000D+00 -.479064D+01
          1 0.50133308D+01    0.0725377    0.0146814 0.100000D+00 0.167443D+01
          2 0.49074806D+01   -0.1058501   -0.0211137 0.297823D-01 0.764056D+00
          3 0.49036250D+01   -0.0038557   -0.0007857 0.190513D-01 -.146530D+00
      2   0 0.49036250D+01                           0.000000D+00 -.204561D+01
          1 0.48645873D+01   -0.0390377   -0.0079610 0.190513D-01 -.205246D+01
          2 0.48254260D+01   -0.0391613   -0.0080503 0.381025D-01 -.205855D+01
          3 0.47468083D+01   -0.0786177   -0.0162924 0.762050D-01 -.206713D+01
          4 0.45894005D+01   -0.1574078   -0.0331608 0.152410D+00 -.205493D+01
          5 0.43012513D+01   -0.2881492   -0.0627858 0.304820D+00 -.150275D+01
          6 0.43670574D+01    0.0658061    0.0152993 0.432995D+00 0.594745D+01
          7 0.42379684D+01   -0.1290890   -0.0295597 0.374446D+00 0.338665D-01
      3   0 0.42379684D+01                           0.000000D+00 -.199053D+01
          1 0.55951092D+02   51.7131232   12.2023381 0.374446D+00 0.161024D+05
          2 0.42524454D+01  -51.6986462   -0.9239971 0.247444D+00 0.616011D+01
          3 0.40468853D+01   -0.2055601   -0.0483393 0.148887D+00 -.164545D+00
      4   0 0.40468853D+01                           0.000000D+00 -.191578D+01
          1 0.39240071D+01   -0.1228782   -0.0303636 0.148887D+00 0.115140D+01
          2 0.39084086D+01   -0.0155985   -0.0039751 0.115464D+00 -.110460D+00
      5   0 0.39084086D+01                           0.000000D+00 -.190580D+01
          1 0.37729209D+01   -0.1354877   -0.0346657 0.115464D+00 -.329527D-01
      6   0 0.37729209D+01                           0.000000D+00 -.189207D+01
          1 0.37641660D+01   -0.0087549   -0.0023205 0.115464D+00 0.325352D+01
          2 0.36997855D+01   -0.0643805   -0.0171035 0.672320D-01 -.442023D-01
      7   0 0.36997855D+01                           0.000000D+00 -.193385D+01
          1 0.36061351D+01   -0.0936504   -0.0253124 0.672320D-01 -.817375D+00
          2 0.35901970D+01   -0.0159381   -0.0044197 0.109948D+00 0.123413D+00
      8   0 0.35901970D+01                           0.000000D+00 -.196884D+01
          1 0.35042970D+01   -0.0859000   -0.0239263 0.109948D+00 0.935751D+00
          2 0.34941859D+01   -0.0101111   -0.0028853 0.850569D-01 -.625505D-01
      9   0 0.34941859D+01                           0.000000D+00 -.194000D+01
          1 0.34034351D+01   -0.0907508   -0.0259719 0.850569D-01 -.163895D+00
     10   0 0.34034351D+01                           0.000000D+00 -.194620D+01
          1 0.33303071D+01   -0.0731281   -0.0214866 0.850569D-01 0.185819D+00
     10   0 0.34034351D+01                           0.000000D+00 -.255660D+01
          1 0.28192081D+01   -0.5842270   -0.1716580 0.100000D+01 0.112556D+01
          2 0.26885283D+01   -0.1306799   -0.0463534 0.645356D+00 -.171669D+00
     11   0 0.26885283D+01                           0.000000D+00 -.756075D+00
          1 0.26411678D+01   -0.0473605   -0.0176158 0.850569D-01 -.356817D+00
          2 0.26292377D+01   -0.0119301   -0.0045170 0.160298D+00 0.610006D-01
     12   0 0.26292377D+01                           0.000000D+00 -.302225D+00
          1 0.26270639D+01   -0.0021738   -0.0008268 0.160298D+00 0.223241D+00
          2 0.26178307D+01   -0.0092331   -0.0035146 0.803307D-01 -.378981D-03
     13   0 0.26178307D+01                           0.000000D+00 -.289763D+00
          1 0.26086520D+01   -0.0091788   -0.0035063 0.803307D-01 0.529642D-01
          2 0.26083050D+01   -0.0003470   -0.0001330 0.671170D-01 -.540858D-03
     14   0 0.26083050D+01                           0.000000D+00 -.226368D+00
          1 0.26177646D+01    0.0094596    0.0036267 0.671170D-01 0.596027D+00
          2 0.26056153D+01   -0.0121493   -0.0046411 0.233495D-01 0.334393D-02
     15   0 0.26056153D+01                           0.000000D+00 -.166899D+00
          1 0.26036918D+01   -0.0019235   -0.0007382 0.233495D-01 -.167415D-02
     16   0 0.26036918D+01                           0.000000D+00 -.843772D-01
          1 0.26033076D+01   -0.0003843   -0.0001476 0.233495D-01 0.525276D-01
          2 0.26030765D+01   -0.0002311   -0.0000888 0.145187D-01 -.173290D-04
     17   0 0.26030765D+01                           0.000000D+00 -.458673D-01
          1 0.26030232D+01   -0.0000534   -0.0000205 0.145187D-01 0.382323D-01
          2 0.26028961D+01   -0.0001270   -0.0000488 0.788198D-02 -.144181D-05
     18   0 0.26028961D+01                           0.000000D+00 -.304736D-01
          1 0.26028107D+01   -0.0000854   -0.0000328 0.788198D-02 0.891673D-02
          2 0.26028028D+01   -0.0000079   -0.0000030 0.611020D-02 -.128010D-05
     19   0 0.26028028D+01                           0.000000D+00 -.258891D-01
          1 0.26027919D+01   -0.0000109   -0.0000042 0.611020D-02 0.225726D-01
          2 0.26027601D+01   -0.0000318   -0.0000122 0.328692D-02 -.313007D-06
     20   0 0.26027601D+01                           0.000000D+00 -.818130D-02
          1 0.26027392D+01   -0.0000209   -0.0000080 0.328692D-02 -.454547D-02
          2 0.26027299D+01   -0.0000094   -0.0000036 0.739619D-02 -.112920D-04
     20   0 0.26027601D+01                           0.000000D+00 -.704855D-02
          1 0.32729853D+01    0.6702251    0.2575055 0.100000D+01 0.260706D+01
          2 0.26449329D+01   -0.6280524   -0.1918898 0.314135D+00 0.272063D+00
          3 0.26027348D+01   -0.0421981   -0.0159543 0.765324D-02 0.410305D-03
     21   0 0.26027299D+01                           0.000000D+00 -.105705D-01
          1 0.26029080D+01    0.0001782    0.0000685 0.739619D-02 0.588047D-01
          2 0.26027239D+01   -0.0001841   -0.0000707 0.112911D-02 0.251888D-05
     22   0 0.26027239D+01                           0.000000D+00 -.299835D-02
          1 0.26027230D+01   -0.0000009   -0.0000003 0.112911D-02 0.143042D-02
          2 0.26027228D+01   -0.0000003   -0.0000001 0.764426D-03 0.112002D-05
     23   0 0.26027228D+01                           0.000000D+00 -.291921D-02
          1 0.26027215D+01   -0.0000012   -0.0000005 0.764426D-03 -.349529D-03
          2 0.26027215D+01    0.0000000    0.0000000 0.868404D-03 -.181303D-06
     24   0 0.26027215D+01                           0.000000D+00 -.237357D-02
          1 0.26027217D+01    0.0000002    0.0000001 0.868404D-03 0.277336D-02
          2 0.26027210D+01   -0.0000006   -0.0000002 0.400475D-03 0.681981D-06
     25   0 0.26027210D+01                           0.000000D+00 -.695221D-03
          1 0.26027210D+01    0.0000000    0.0000000 0.400475D-03 0.709288D-03
          2 0.26027209D+01   -0.0000001    0.0000000 0.198232D-03 0.742924D-08
     26   0 0.26027209D+01                           0.000000D+00 -.656956D-04
          1 0.26027209D+01    0.0000000    0.0000000 0.198232D-03 0.290908D-04
          2 0.26027209D+01    0.0000000    0.0000000 0.137393D-03 0.256728D-08
     27   0 0.26027209D+01                           0.000000D+00 -.254270D-04
          1 0.26027209D+01    0.0000000    0.0000000 0.137393D-03 0.172844D-04
          2 0.26027209D+01    0.0000000    0.0000000 0.817929D-04 0.717289D-09
     28   0 0.26027209D+01                           0.000000D+00 -.289614D-04
          1 0.26027209D+01    0.0000000    0.0000000 0.817929D-04 0.109084D-03
          2 0.26027209D+01    0.0000000    0.0000000 0.171599D-04 -.100394D-08
     29   0 0.26027209D+01                           0.000000D+00 -.357650D-04
          1 0.26027209D+01    0.0000000    0.0000000 0.171599D-04 0.870929D-04
          2 0.26027209D+01    0.0000000    0.0000000 0.499538D-05 -.211994D-09


DIAGRAM INFORMATION

  Use View Diagram under the Diagram menu in the Mplus Editor to view the diagram.
  If running Mplus from the Mplus Diagrammer, the diagram opens automatically.

  Diagram output
    c:\users\msassac6\dropbox (the university of manchester)\grants\measurement error and crime - project\longitudinal c

     Beginning Time:  08:37:14
        Ending Time:  08:37:14
       Elapsed Time:  00:00:00



MUTHEN & MUTHEN
3463 Stoner Ave.
Los Angeles, CA  90066

Tel: (310) 391-9971
Fax: (310) 391-8971
Web: www.StatModel.com
Support: Support@StatModel.com

Copyright (c) 1998-2021 Muthen & Muthen
