Mplus VERSION 8.6
MUTHEN & MUTHEN
04/18/2021   8:18 AM

INPUT INSTRUCTIONS

  TITLE: Your title goes here
  DATA: FILE = b6yw2_wo.dat;
  VARIABLE:
  NAMES = prop prop_r_wo prop_f_wo prop_p_wo prop_rp_wo prop_pers
       prop_p_r_wo prop_p_f_wo prop_p_p_wo prop_p_rp_wo viol viol_r_wo
       viol_f_wo viol_p_wo viol_rp_wo;
  USEVARIABLE = prop_r_wo prop_f_wo prop_p_wo prop_rp_wo
       prop_p_r_wo prop_p_f_wo prop_p_p_wo prop_p_rp_wo viol_r_wo
       viol_f_wo viol_p_wo viol_rp_wo;

  MISSING=.;



  Analysis:


    !COVERAGE = 0;
    ESTIMATOR = BAYES;
    PROCESSORS = 4;
    BCONVERGENCE = 0.05;
    THIN = 3000;
    ! FBITERATIONS = 100;
    BITERATIONS = 500000 20000;
    CHAINS = 4;
    BSEED = 201509;
    ALGORITHM = GIBBS(PX1);


  MODEL:

  t_viol BY viol_f_wo@1 viol_p_wo@1 viol_r_wo@1 viol_rp_wo@1;
  t_veh BY prop_f_wo@1 prop_p_wo@1 prop_r_wo@1 prop_rp_wo@1;
  t_pers BY prop_p_f_wo@1 prop_p_p_wo@1 prop_p_r_wo@1 prop_p_rp_wo@1;

  m_rep BY viol_p_wo@1 prop_p_wo@1 prop_p_p_wo@1;
  m_vic BY viol_r_wo@1 prop_r_wo@1 prop_p_r_wo@1;
  m_loc BY viol_f_wo@1 prop_f_wo@1 prop_p_f_wo@1;
  m_vicrep BY viol_rp_wo@1 prop_rp_wo@1 prop_p_rp_wo@1;

  m_vic WITH m_rep@0;
  m_vic WITH m_loc@0;
  m_vic WITH m_vicrep@0;
  m_vic WITH t_viol@0;
  m_vic WITH t_veh@0;
  m_vic WITH t_pers@0;


  m_rep WITH m_loc@0;
  m_rep WITH m_vicrep@0;
  m_rep WITH t_viol@0;
  m_rep WITH t_veh@0;
  m_rep WITH t_pers@0;

  m_loc WITH m_vicrep@0;
  m_loc WITH t_viol@0;
  m_loc WITH t_veh@0;
  m_loc WITH t_pers@0;

  m_vicrep WITH t_viol@0;
  m_vicrep WITH t_veh@0;
  m_vicrep WITH t_pers@0;

  [t_viol t_veh t_pers m_vic m_rep m_loc m_vicrep];

  [viol_p_wo@0 prop_p_wo@0 prop_p_p_wo@0 viol_r_wo@0 prop_r_wo@0
  prop_p_r_wo@0 viol_f_wo@0 prop_f_wo@0 prop_p_f_wo@0 viol_rp_wo@0
  prop_rp_wo@0 prop_p_rp_wo@0];



  OUTPUT:
  	CINTERVAL STANDARDIZED(STDYX) RESIDUAL SVALUES
  	TECH1 TECH5 TECH8 TECH10 TECH16 TECH12 TECH16;



*** WARNING in VARIABLE command
  Note that only the first 8 characters of variable names are used in the output.
  Shorten variable names to avoid any confusion.
*** WARNING in OUTPUT command
  TECH10 option is only available with categorical or count outcomes.
  Request for TECH10 is ignored.
*** WARNING in OUTPUT command
  TECH12 option is available only with TYPE=MIXTURE.
  Request for TECH12 is ignored.
   3 WARNING(S) FOUND IN THE INPUT INSTRUCTIONS



Your title goes here

SUMMARY OF ANALYSIS

Number of groups                                                 1
Number of observations                                          73

Number of dependent variables                                   12
Number of independent variables                                  0
Number of continuous latent variables                            7

Observed dependent variables

  Continuous
   PROP_R_WO   PROP_F_WO   PROP_P_WO   PROP_RP_WO  PROP_P_R_W  PROP_P_F_W
   PROP_P_P_W  PROP_P_RP_  VIOL_R_WO   VIOL_F_WO   VIOL_P_WO   VIOL_RP_WO

Continuous latent variables
   T_VIOL      T_VEH       T_PERS      M_REP       M_VIC       M_LOC
   M_VICREP


Estimator                                                    BAYES
Specifications for Bayesian Estimation
  Point estimate                                            MEDIAN
  Number of Markov chain Monte Carlo (MCMC) chains               4
  Random seed for the first chain                           201509
  Starting value information                           UNPERTURBED
  Algorithm used for Markov chain Monte Carlo           GIBBS(PX1)
  Convergence criterion                                  0.500D-01
  Maximum number of iterations                              500000
  K-th iteration used for thinning                            3000

Input data file(s)
  b6yw2_wo.dat
Input data format  FREE


SUMMARY OF DATA



COVARIANCE COVERAGE OF DATA

Minimum covariance coverage value   0.100

     Number of missing data patterns             1


     PROPORTION OF DATA PRESENT


           Covariance Coverage
              PROP_R_W      PROP_F_W      PROP_P_W      PROP_RP_      PROP_P_R
              ________      ________      ________      ________      ________
 PROP_R_W       1.000
 PROP_F_W       1.000         1.000
 PROP_P_W       1.000         1.000         1.000
 PROP_RP_       1.000         1.000         1.000         1.000
 PROP_P_R       1.000         1.000         1.000         1.000         1.000
 PROP_P_F       1.000         1.000         1.000         1.000         1.000
 PROP_P_P       1.000         1.000         1.000         1.000         1.000
 PROP_P_R       1.000         1.000         1.000         1.000         1.000
 VIOL_R_W       1.000         1.000         1.000         1.000         1.000
 VIOL_F_W       1.000         1.000         1.000         1.000         1.000
 VIOL_P_W       1.000         1.000         1.000         1.000         1.000
 VIOL_RP_       1.000         1.000         1.000         1.000         1.000


           Covariance Coverage
              PROP_P_F      PROP_P_P      PROP_P_R      VIOL_R_W      VIOL_F_W
              ________      ________      ________      ________      ________
 PROP_P_F       1.000
 PROP_P_P       1.000         1.000
 PROP_P_R       1.000         1.000         1.000
 VIOL_R_W       1.000         1.000         1.000         1.000
 VIOL_F_W       1.000         1.000         1.000         1.000         1.000
 VIOL_P_W       1.000         1.000         1.000         1.000         1.000
 VIOL_RP_       1.000         1.000         1.000         1.000         1.000


           Covariance Coverage
              VIOL_P_W      VIOL_RP_
              ________      ________
 VIOL_P_W       1.000
 VIOL_RP_       1.000         1.000



UNIVARIATE SAMPLE STATISTICS


     UNIVARIATE HIGHER-ORDER MOMENT DESCRIPTIVE STATISTICS

         Variable/         Mean/     Skewness/   Minimum/ % with                Percentiles
        Sample Size      Variance    Kurtosis    Maximum  Min/Max      20%/60%    40%/80%    Median

     PROP_R_WO             3.863      -1.556       0.000    2.74%       3.090      3.954      4.064
              73.000       1.148       3.019       5.297    1.37%       4.250      4.654
     PROP_F_WO             3.008      -1.017       0.000    5.48%       2.102      3.042      3.208
              73.000       1.184       1.025       4.818    1.37%       3.378      3.935
     PROP_P_WO             2.024      -0.618       0.000    8.22%       1.372      1.893      2.146
              73.000       0.807       0.016       3.729    1.37%       2.407      2.699
     PROP_RP_WO            2.294      -0.759       0.000    5.48%       1.605      2.225      2.490
              73.000       0.810       0.358       3.915    1.37%       2.622      2.981
     PROP_P_R_WO           4.091      -1.473       0.000    1.37%       3.449      4.098      4.343
              73.000       1.289       2.394       5.776    1.37%       4.565      4.890
     PROP_P_F_WO           2.876      -0.031       0.000    4.11%       1.610      2.476      2.871
              73.000       1.917      -0.331       6.180    1.37%       3.220      3.967
     PROP_P_P_WO           1.796       0.021       0.000   15.07%       0.670      1.581      1.852
              73.000       1.297      -0.715       4.471    1.37%       2.098      2.713
     PROP_P_RP_WO          2.530      -1.038       0.000    5.48%       1.793      2.337      2.813
              73.000       0.912       0.696       3.930    1.37%       2.987      3.252
     VIOL_R_WO             3.358      -1.196       0.000    1.37%       2.781      3.330      3.613
              73.000       1.031       1.411       5.035    1.37%       3.739      4.068
     VIOL_F_WO             2.384      -0.262       0.000    4.11%       1.602      2.152      2.458
              73.000       1.152      -0.130       4.849    1.37%       2.752      3.255
     VIOL_P_WO             1.236       0.107       0.000   20.55%       0.000      0.990      1.318
              73.000       0.790      -0.950       3.204    1.37%       1.445      2.023
     VIOL_RP_WO            1.438      -0.253       0.000   16.44%       0.626      1.296      1.532
              73.000       0.761      -0.929       2.961    1.37%       1.718      2.255

     THE MODEL ESTIMATION DID NOT TERMINATE NORMALLY.
     FAILURE TO GENERATE TRUNCATED NORMAL DEVIATE.

     THE PROBLEM OCCURRED IN CHAIN 3.






MODEL RESULTS

                    Estimate

 T_VIOL   BY
    VIOL_F_WO          1.000
    VIOL_P_WO          1.000
    VIOL_R_WO          1.000
    VIOL_RP_WO         1.000

 T_VEH    BY
    PROP_F_WO          1.000
    PROP_P_WO          1.000
    PROP_R_WO          1.000
    PROP_RP_WO         1.000

 T_PERS   BY
    PROP_P_F_W         1.000
    PROP_P_P_W         1.000
    PROP_P_R_W         1.000
    PROP_P_RP_         1.000

 M_REP    BY
    VIOL_P_WO          1.000
    PROP_P_WO          1.000
    PROP_P_P_W         1.000

 M_VIC    BY
    VIOL_R_WO          1.000
    PROP_R_WO          1.000
    PROP_P_R_W         1.000

 M_LOC    BY
    VIOL_F_WO          1.000
    PROP_F_WO          1.000
    PROP_P_F_W         1.000

 M_VICREP BY
    VIOL_RP_WO         1.000
    PROP_RP_WO         1.000
    PROP_P_RP_         1.000

 M_VIC    WITH
    M_REP              0.000
    M_LOC              0.000
    M_VICREP           0.000
    T_VIOL             0.000
    T_VEH              0.000
    T_PERS             0.000

 M_REP    WITH
    M_LOC              0.000
    M_VICREP           0.000
    T_VIOL             0.000
    T_VEH              0.000
    T_PERS             0.000

 M_LOC    WITH
    M_VICREP           0.000
    T_VIOL             0.000
    T_VEH              0.000
    T_PERS             0.000

 M_VICREP WITH
    T_VIOL             0.000
    T_VEH              0.000
    T_PERS             0.000

 T_VEH    WITH
    T_VIOL             0.741

 T_PERS   WITH
    T_VIOL             0.821
    T_VEH              0.930

 Means
    T_VIOL          -395.498
    T_VEH           -394.987
    T_PERS          -394.835
    M_REP            396.903
    M_VIC            398.796
    M_LOC            398.008
    M_VICREP         397.177

 Intercepts
    PROP_R_WO          0.000
    PROP_F_WO          0.000
    PROP_P_WO          0.000
    PROP_RP_WO         0.000
    PROP_P_R_W         0.000
    PROP_P_F_W         0.000
    PROP_P_P_W         0.000
    PROP_P_RP_         0.000
    VIOL_R_WO          0.000
    VIOL_F_WO          0.000
    VIOL_P_WO          0.000
    VIOL_RP_WO         0.000

 Variances
    T_VIOL             0.693
    T_VEH              0.918
    T_PERS             1.037
    M_REP              0.026
    M_VIC              0.132
    M_LOC              0.129
    M_VICREP           0.029

 Residual Variances
    PROP_R_WO          0.038
    PROP_F_WO          0.013
    PROP_P_WO          0.044
    PROP_RP_WO         0.041
    PROP_P_R_W         0.060
    PROP_P_F_W         0.511
    PROP_P_P_W         0.517
    PROP_P_RP_         0.133
    VIOL_R_WO          0.029
    VIOL_F_WO          0.232
    VIOL_P_WO          0.335
    VIOL_RP_WO         0.389


MODEL COMMAND WITH FINAL ESTIMATES USED AS STARTING VALUES

     t_viol BY viol_f_wo@1;
     t_viol BY viol_p_wo@1;
     t_viol BY viol_r_wo@1;
     t_viol BY viol_rp_wo@1;
     t_veh BY prop_f_wo@1;
     t_veh BY prop_p_wo@1;
     t_veh BY prop_r_wo@1;
     t_veh BY prop_rp_wo@1;
     t_pers BY prop_p_f_wo@1;
     t_pers BY prop_p_p_wo@1;
     t_pers BY prop_p_r_wo@1;
     t_pers BY prop_p_rp_wo@1;
     m_rep BY viol_p_wo@1;
     m_rep BY prop_p_wo@1;
     m_rep BY prop_p_p_wo@1;
     m_vic BY viol_r_wo@1;
     m_vic BY prop_r_wo@1;
     m_vic BY prop_p_r_wo@1;
     m_loc BY viol_f_wo@1;
     m_loc BY prop_f_wo@1;
     m_loc BY prop_p_f_wo@1;
     m_vicrep BY viol_rp_wo@1;
     m_vicrep BY prop_rp_wo@1;
     m_vicrep BY prop_p_rp_wo@1;

     m_vic WITH m_rep@0;
     m_vic WITH m_loc@0;
     m_vic WITH m_vicrep@0;
     m_vic WITH t_viol@0;
     m_vic WITH t_veh@0;
     m_vic WITH t_pers@0;
     m_rep WITH m_loc@0;
     m_rep WITH m_vicrep@0;
     m_rep WITH t_viol@0;
     m_rep WITH t_veh@0;
     m_rep WITH t_pers@0;
     m_loc WITH m_vicrep@0;
     m_loc WITH t_viol@0;
     m_loc WITH t_veh@0;
     m_loc WITH t_pers@0;
     m_vicrep WITH t_viol@0;
     m_vicrep WITH t_veh@0;
     m_vicrep WITH t_pers@0;
     t_veh WITH t_viol*0.74106;
     t_pers WITH t_viol*0.82115;
     t_pers WITH t_veh*0.93020;

     [ prop_r_wo@0 ];
     [ prop_f_wo@0 ];
     [ prop_p_wo@0 ];
     [ prop_rp_wo@0 ];
     [ prop_p_r_wo@0 ];
     [ prop_p_f_wo@0 ];
     [ prop_p_p_wo@0 ];
     [ prop_p_rp_wo@0 ];
     [ viol_r_wo@0 ];
     [ viol_f_wo@0 ];
     [ viol_p_wo@0 ];
     [ viol_rp_wo@0 ];
     [ t_viol*-395.49814 ];
     [ t_veh*-394.98669 ];
     [ t_pers*-394.83490 ];
     [ m_rep*396.90329 ];
     [ m_vic*398.79556 ];
     [ m_loc*398.00821 ];
     [ m_vicrep*397.17670 ];

     prop_r_wo*0.03759;
     prop_f_wo*0.01326;
     prop_p_wo*0.04441;
     prop_rp_wo*0.04127;
     prop_p_r_wo*0.06008;
     prop_p_f_wo*0.51062;
     prop_p_p_wo*0.51669;
     prop_p_rp_wo*0.13268;
     viol_r_wo*0.02898;
     viol_f_wo*0.23181;
     viol_p_wo*0.33478;
     viol_rp_wo*0.38914;
     t_viol*0.69283;
     t_veh*0.91829;
     t_pers*1.03710;
     m_rep*0.02617;
     m_vic*0.13224;
     m_loc*0.12910;
     m_vicrep*0.02880;



TECHNICAL 1 OUTPUT


     PARAMETER SPECIFICATION


           NU
              PROP_R_W      PROP_F_W      PROP_P_W      PROP_RP_      PROP_P_R
              ________      ________      ________      ________      ________
                    0             0             0             0             0


           NU
              PROP_P_F      PROP_P_P      PROP_P_R      VIOL_R_W      VIOL_F_W
              ________      ________      ________      ________      ________
                    0             0             0             0             0


           NU
              VIOL_P_W      VIOL_RP_
              ________      ________
                    0             0


           LAMBDA
              T_VIOL        T_VEH         T_PERS        M_REP         M_VIC
              ________      ________      ________      ________      ________
 PROP_R_W           0             0             0             0             0
 PROP_F_W           0             0             0             0             0
 PROP_P_W           0             0             0             0             0
 PROP_RP_           0             0             0             0             0
 PROP_P_R           0             0             0             0             0
 PROP_P_F           0             0             0             0             0
 PROP_P_P           0             0             0             0             0
 PROP_P_R           0             0             0             0             0
 VIOL_R_W           0             0             0             0             0
 VIOL_F_W           0             0             0             0             0
 VIOL_P_W           0             0             0             0             0
 VIOL_RP_           0             0             0             0             0


           LAMBDA
              M_LOC         M_VICREP
              ________      ________
 PROP_R_W           0             0
 PROP_F_W           0             0
 PROP_P_W           0             0
 PROP_RP_           0             0
 PROP_P_R           0             0
 PROP_P_F           0             0
 PROP_P_P           0             0
 PROP_P_R           0             0
 VIOL_R_W           0             0
 VIOL_F_W           0             0
 VIOL_P_W           0             0
 VIOL_RP_           0             0


           THETA
              PROP_R_W      PROP_F_W      PROP_P_W      PROP_RP_      PROP_P_R
              ________      ________      ________      ________      ________
 PROP_R_W           1
 PROP_F_W           0             2
 PROP_P_W           0             0             3
 PROP_RP_           0             0             0             4
 PROP_P_R           0             0             0             0             5
 PROP_P_F           0             0             0             0             0
 PROP_P_P           0             0             0             0             0
 PROP_P_R           0             0             0             0             0
 VIOL_R_W           0             0             0             0             0
 VIOL_F_W           0             0             0             0             0
 VIOL_P_W           0             0             0             0             0
 VIOL_RP_           0             0             0             0             0


           THETA
              PROP_P_F      PROP_P_P      PROP_P_R      VIOL_R_W      VIOL_F_W
              ________      ________      ________      ________      ________
 PROP_P_F           6
 PROP_P_P           0             7
 PROP_P_R           0             0             8
 VIOL_R_W           0             0             0             9
 VIOL_F_W           0             0             0             0            10
 VIOL_P_W           0             0             0             0             0
 VIOL_RP_           0             0             0             0             0


           THETA
              VIOL_P_W      VIOL_RP_
              ________      ________
 VIOL_P_W          11
 VIOL_RP_           0            12


           ALPHA
              T_VIOL        T_VEH         T_PERS        M_REP         M_VIC
              ________      ________      ________      ________      ________
                   13            14            15            16            17


           ALPHA
              M_LOC         M_VICREP
              ________      ________
                   18            19


           BETA
              T_VIOL        T_VEH         T_PERS        M_REP         M_VIC
              ________      ________      ________      ________      ________
 T_VIOL             0             0             0             0             0
 T_VEH              0             0             0             0             0
 T_PERS             0             0             0             0             0
 M_REP              0             0             0             0             0
 M_VIC              0             0             0             0             0
 M_LOC              0             0             0             0             0
 M_VICREP           0             0             0             0             0


           BETA
              M_LOC         M_VICREP
              ________      ________
 T_VIOL             0             0
 T_VEH              0             0
 T_PERS             0             0
 M_REP              0             0
 M_VIC              0             0
 M_LOC              0             0
 M_VICREP           0             0


           PSI
              T_VIOL        T_VEH         T_PERS        M_REP         M_VIC
              ________      ________      ________      ________      ________
 T_VIOL            20
 T_VEH             21            22
 T_PERS            23            24            25
 M_REP              0             0             0            26
 M_VIC              0             0             0             0            27
 M_LOC              0             0             0             0             0
 M_VICREP           0             0             0             0             0


           PSI
              M_LOC         M_VICREP
              ________      ________
 M_LOC             28
 M_VICREP           0            29


     STARTING VALUES


           NU
              PROP_R_W      PROP_F_W      PROP_P_W      PROP_RP_      PROP_P_R
              ________      ________      ________      ________      ________
                0.000         0.000         0.000         0.000         0.000


           NU
              PROP_P_F      PROP_P_P      PROP_P_R      VIOL_R_W      VIOL_F_W
              ________      ________      ________      ________      ________
                0.000         0.000         0.000         0.000         0.000


           NU
              VIOL_P_W      VIOL_RP_
              ________      ________
                0.000         0.000


           LAMBDA
              T_VIOL        T_VEH         T_PERS        M_REP         M_VIC
              ________      ________      ________      ________      ________
 PROP_R_W       0.000         1.000         0.000         0.000         1.000
 PROP_F_W       0.000         1.000         0.000         0.000         0.000
 PROP_P_W       0.000         1.000         0.000         1.000         0.000
 PROP_RP_       0.000         1.000         0.000         0.000         0.000
 PROP_P_R       0.000         0.000         1.000         0.000         1.000
 PROP_P_F       0.000         0.000         1.000         0.000         0.000
 PROP_P_P       0.000         0.000         1.000         1.000         0.000
 PROP_P_R       0.000         0.000         1.000         0.000         0.000
 VIOL_R_W       1.000         0.000         0.000         0.000         1.000
 VIOL_F_W       1.000         0.000         0.000         0.000         0.000
 VIOL_P_W       1.000         0.000         0.000         1.000         0.000
 VIOL_RP_       1.000         0.000         0.000         0.000         0.000


           LAMBDA
              M_LOC         M_VICREP
              ________      ________
 PROP_R_W       0.000         0.000
 PROP_F_W       1.000         0.000
 PROP_P_W       0.000         0.000
 PROP_RP_       0.000         1.000
 PROP_P_R       0.000         0.000
 PROP_P_F       1.000         0.000
 PROP_P_P       0.000         0.000
 PROP_P_R       0.000         1.000
 VIOL_R_W       0.000         0.000
 VIOL_F_W       1.000         0.000
 VIOL_P_W       0.000         0.000
 VIOL_RP_       0.000         1.000


           THETA
              PROP_R_W      PROP_F_W      PROP_P_W      PROP_RP_      PROP_P_R
              ________      ________      ________      ________      ________
 PROP_R_W       0.574
 PROP_F_W       0.000         0.592
 PROP_P_W       0.000         0.000         0.403
 PROP_RP_       0.000         0.000         0.000         0.405
 PROP_P_R       0.000         0.000         0.000         0.000         0.644
 PROP_P_F       0.000         0.000         0.000         0.000         0.000
 PROP_P_P       0.000         0.000         0.000         0.000         0.000
 PROP_P_R       0.000         0.000         0.000         0.000         0.000
 VIOL_R_W       0.000         0.000         0.000         0.000         0.000
 VIOL_F_W       0.000         0.000         0.000         0.000         0.000
 VIOL_P_W       0.000         0.000         0.000         0.000         0.000
 VIOL_RP_       0.000         0.000         0.000         0.000         0.000


           THETA
              PROP_P_F      PROP_P_P      PROP_P_R      VIOL_R_W      VIOL_F_W
              ________      ________      ________      ________      ________
 PROP_P_F       0.958
 PROP_P_P       0.000         0.648
 PROP_P_R       0.000         0.000         0.456
 VIOL_R_W       0.000         0.000         0.000         0.516
 VIOL_F_W       0.000         0.000         0.000         0.000         0.576
 VIOL_P_W       0.000         0.000         0.000         0.000         0.000
 VIOL_RP_       0.000         0.000         0.000         0.000         0.000


           THETA
              VIOL_P_W      VIOL_RP_
              ________      ________
 VIOL_P_W       0.395
 VIOL_RP_       0.000         0.380


           ALPHA
              T_VIOL        T_VEH         T_PERS        M_REP         M_VIC
              ________      ________      ________      ________      ________
                0.000         0.000         0.000         0.000         0.000


           ALPHA
              M_LOC         M_VICREP
              ________      ________
                0.000         0.000


           BETA
              T_VIOL        T_VEH         T_PERS        M_REP         M_VIC
              ________      ________      ________      ________      ________
 T_VIOL         0.000         0.000         0.000         0.000         0.000
 T_VEH          0.000         0.000         0.000         0.000         0.000
 T_PERS         0.000         0.000         0.000         0.000         0.000
 M_REP          0.000         0.000         0.000         0.000         0.000
 M_VIC          0.000         0.000         0.000         0.000         0.000
 M_LOC          0.000         0.000         0.000         0.000         0.000
 M_VICREP       0.000         0.000         0.000         0.000         0.000


           BETA
              M_LOC         M_VICREP
              ________      ________
 T_VIOL         0.000         0.000
 T_VEH          0.000         0.000
 T_PERS         0.000         0.000
 M_REP          0.000         0.000
 M_VIC          0.000         0.000
 M_LOC          0.000         0.000
 M_VICREP       0.000         0.000


           PSI
              T_VIOL        T_VEH         T_PERS        M_REP         M_VIC
              ________      ________      ________      ________      ________
 T_VIOL         1.000
 T_VEH          0.000         1.000
 T_PERS         0.000         0.000         1.000
 M_REP          0.000         0.000         0.000         1.000
 M_VIC          0.000         0.000         0.000         0.000         1.000
 M_LOC          0.000         0.000         0.000         0.000         0.000
 M_VICREP       0.000         0.000         0.000         0.000         0.000


           PSI
              M_LOC         M_VICREP
              ________      ________
 M_LOC          1.000
 M_VICREP       0.000         1.000



     PRIORS FOR ALL PARAMETERS            PRIOR MEAN      PRIOR VARIANCE     PRIOR STD. DEV.

     Parameter 1~IG(-1.000,0.000)          infinity            infinity            infinity
     Parameter 2~IG(-1.000,0.000)          infinity            infinity            infinity
     Parameter 3~IG(-1.000,0.000)          infinity            infinity            infinity
     Parameter 4~IG(-1.000,0.000)          infinity            infinity            infinity
     Parameter 5~IG(-1.000,0.000)          infinity            infinity            infinity
     Parameter 6~IG(-1.000,0.000)          infinity            infinity            infinity
     Parameter 7~IG(-1.000,0.000)          infinity            infinity            infinity
     Parameter 8~IG(-1.000,0.000)          infinity            infinity            infinity
     Parameter 9~IG(-1.000,0.000)          infinity            infinity            infinity
     Parameter 10~IG(-1.000,0.000)         infinity            infinity            infinity
     Parameter 11~IG(-1.000,0.000)         infinity            infinity            infinity
     Parameter 12~IG(-1.000,0.000)         infinity            infinity            infinity
     Parameter 13~N(0.000,infinity)          0.0000            infinity            infinity
     Parameter 14~N(0.000,infinity)          0.0000            infinity            infinity
     Parameter 15~N(0.000,infinity)          0.0000            infinity            infinity
     Parameter 16~N(0.000,infinity)          0.0000            infinity            infinity
     Parameter 17~N(0.000,infinity)          0.0000            infinity            infinity
     Parameter 18~N(0.000,infinity)          0.0000            infinity            infinity
     Parameter 19~N(0.000,infinity)          0.0000            infinity            infinity
     Parameter 20~IW(0.000,-4)             infinity            infinity            infinity
     Parameter 21~IW(0.000,-4)             infinity            infinity            infinity
     Parameter 22~IW(0.000,-4)             infinity            infinity            infinity
     Parameter 23~IW(0.000,-4)             infinity            infinity            infinity
     Parameter 24~IW(0.000,-4)             infinity            infinity            infinity
     Parameter 25~IW(0.000,-4)             infinity            infinity            infinity
     Parameter 26~IG(-1.000,0.000)         infinity            infinity            infinity
     Parameter 27~IG(-1.000,0.000)         infinity            infinity            infinity
     Parameter 28~IG(-1.000,0.000)         infinity            infinity            infinity
     Parameter 29~IG(-1.000,0.000)         infinity            infinity            infinity


TECHNICAL 16 OUTPUT


TECHNICAL 8 OUTPUT


   TECHNICAL 8 OUTPUT FOR BAYES ESTIMATION

     CHAIN    BSEED
     1        201509
     2        501689
     3        654631
     4        993086

                     POTENTIAL       PARAMETER WITH
     ITERATION    SCALE REDUCTION      HIGHEST PSR
     100              3.365               19
     200              2.435               18
     300              2.757               14
     400              3.365               16
     500              3.608               16
     600              3.183               17
     700              3.263               15
     800              3.132               13
     900              3.243               13
     1000             3.254               19
     1100             3.227               19
     1200             3.484               19
     1300             3.635               19
     1400             3.712               19
     1500             3.587               17
     1600             3.404               17
     1700             3.000               16
     1800             2.783               18
     1900             2.814               18
     2000             2.824               16
     2100             2.805               18
     2200             2.787               18
     2300             2.892               18
     2400             2.855               18
     2500             2.783               18
     2600             2.821               18
     2700             2.831               18
     2800             2.745               18
     2900             2.643               18
     3000             2.638               18
     3100             2.665               18
     3200             2.717               18
     3300             2.719               18
     3400             2.727               18
     3500             2.693               18
     3600             2.644               18
     3700             2.647               18
     3800             2.667               18
     3900             2.694               18
     4000             2.612               15
     4100             2.490               18
     4200             2.360               15
     4300             2.270               18
     4400             2.198               18
     4500             2.117               18
     4600             2.084               19
     4700             2.068               15
     4800             2.064               18
     4900             2.074               15
     5000             2.085               15
     5100             2.112               15
     5200             2.155               15
     5300             2.214               15
     5400             2.276               15
     5500             2.340               15
     5600             2.413               15
     5700             2.472               15
     5800             2.491               15
     5900             2.496               15
     6000             2.482               15
     6100             2.474               18
     6200             2.466               18
     6300             2.475               18
     6400             2.473               19
     6500             2.464               19
     6600             2.474               19
     6700             2.475               18
     6800             2.472               18
     6900             2.468               18
     7000             2.478               18
     7100             2.504               18
     7200             2.529               18
     7300             2.569               13
     7400             2.613               13
     7500             2.660               13
     7600             2.713               13
     7700             2.729               13
     7800             2.691               19
     7900             2.639               19
     8000             2.582               15
     8100             2.558               19
     8200             2.546               19
     8300             2.540               19
     8400             2.521               19
     8500             2.522               19
     8600             2.527               19
     8700             2.529               19
     8800             2.536               19
     8900             2.549               18
     9000             2.560               19
     9100             2.574               16
     9200             2.584               19
     9300             2.568               19
     9400             2.523               19
     9500             2.492               19
     9600             2.476               19
     9700             2.470               16
     9800             2.455               16
     9900             2.439               16
     10000            2.422               18
     10100            2.389               16
     10200            2.352               14
     10300            2.312               14
     10400            2.272               18
     10500            2.247               18
     10600            2.224               18
     10700            2.221               18
     10800            2.223               18
     10900            2.223               18
     11000            2.227               18
     11100            2.235               18
     11200            2.237               18
     11300            2.234               18
     11400            2.225               18
     11500            2.205               18
     11600            2.172               18
     11700            2.151               18
     11800            2.140               18
     11900            2.128               18
     12000            2.121               18
     12100            2.115               18
     12200            2.115               18
     12300            2.122               18
     12400            2.125               18
     12500            2.128               18
     12600            2.139               18
     12700            2.149               18
     12800            2.150               18
     12900            2.148               18
     13000            2.148               18
     13100            2.147               18
     13200            2.144               18
     13300            2.136               18
     13400            2.131               18
     13500            2.124               18
     13600            2.107               18
     13700            2.093               18
     13800            2.089               18
     13900            2.088               18
     14000            2.087               18
     14100            2.090               18
     14200            2.085               18
     14300            2.077               18
     14400            2.065               18
     14500            2.051               18
     14600            2.039               18
     14700            2.034               18
     14800            2.035               18
     14900            2.034               18
     15000            2.030               18
     15100            2.030               18
     15200            2.032               18
     15300            2.042               18
     15400            2.051               18
     15500            2.057               18
     15600            2.072               18
     15700            2.086               18
     15800            2.104               18
     15900            2.121               18
     16000            2.136               18
     16100            2.126               18
     16200            2.099               18
     16300            2.070               18
     16400            2.044               18
     16500            2.017               18
     16600            1.990               18
     16700            1.966               18
     16800            1.934               18
     16900            1.898               15
     17000            1.857               15
     17100            1.808               18
     17200            1.766               18
     17300            1.726               18
     17400            1.686               18
     17500            1.643               18
     17600            1.603               17
     17700            1.566               17
     17800            1.527               18
     17900            1.490               18
     18000            1.463               18
     18100            1.436               18
     18200            1.409               18
     18300            1.380               18
     18400            1.352               18
     18500            1.329               18
     18600            1.307               18
     18700            1.287               18
     18800            1.268               18
     18900            1.250               18
     19000            1.235               18
     19100            1.222               18
     19200            1.212               18
     19300            1.203               18
     19400            1.196               18
     19500            1.191               18
     19600            1.189               18
     19700            1.186               18
     19800            1.183               18
     19900            1.181               18
     20000            1.179               18
     20100            1.178               18
     20200            1.177               18
     20300            1.177               18
     20400            1.178               18
     20500            1.179               18
     20600            1.181               18
     20700            1.183               18
     20800            1.185               18
     20900            1.187               18
     21000            1.191               18
     21100            1.195               18
     21200            1.199               18
     21300            1.203               18
     21400            1.207               18
     21500            1.212               18
     21600            1.217               18
     21700            1.221               18
     21800            1.227               18
     21900            1.232               18
     22000            1.237               18
     22100            1.242               18
     22200            1.247               18
     22300            1.252               18
     22400            1.258               18
     22500            1.263               18
     22600            1.268               18
     22700            1.273               18
     22800            1.278               18
     22900            1.284               18
     23000            1.289               18
     23100            1.295               18
     23200            1.301               18
     23300            1.307               18
     23400            1.312               18
     23500            1.317               18
     23600            1.322               18
     23700            1.327               18
     23800            1.333               18
     23900            1.338               18
     24000            1.342               18
     24100            1.347               18
     24200            1.352               18
     24300            1.356               18
     24400            1.360               18
     24500            1.364               18
     24600            1.368               18
     24700            1.371               18
     24800            1.375               18
     24900            1.379               18
     25000            1.383               18
     25100            1.386               18
     25200            1.391               18
     25300            1.395               18
     25400            1.400               18
     25500            1.405               18
     25600            1.410               18
     25700            1.414               18
     25800            1.419               18
     25900            1.423               18
     26000            1.425               18
     26100            1.429               18
     26200            1.433               18
     26300            1.437               18
     26400            1.440               18
     26500            1.444               18
     26600            1.449               18
     26700            1.453               18
     26800            1.458               18
     26900            1.463               18
     27000            1.469               18
     27100            1.474               18
     27200            1.479               18
     27300            1.484               18
     27400            1.490               18
     27500            1.496               18
     27600            1.502               18
     27700            1.509               18
     27800            1.517               18
     27900            1.525               18
     28000            1.533               18
     28100            1.541               18
     28200            1.548               18
     28300            1.556               18
     28400            1.566               18
     28500            1.576               18
     28600            1.586               18
     28700            1.596               18
     28800            1.607               18
     28900            1.618               18
     29000            1.629               18
     29100            1.640               18
     29200            1.652               18
     29300            1.663               18
     29400            1.675               18
     29500            1.687               18
     29600            1.698               18
     29700            1.709               18
     29800            1.721               18
     29900            1.734               18
     30000            1.748               18
     30100            1.763               18
     30200            1.778               18
     30300            1.794               18
     30400            1.810               18
     30500            1.825               18
     30600            1.840               18
     30700            1.854               18
     30800            1.867               18
     30900            1.878               18
     31000            1.887               17
     31100            1.898               17
     31200            1.910               17
     31300            1.922               18
     31400            1.934               18
     31500            1.947               18
     31600            1.960               18
     31700            1.975               18
     31800            1.988               18
     31900            2.000               18
     32000            2.012               17
     32100            2.024               17
     32200            2.034               17
     32300            2.042               17
     32400            2.049               17
     32500            2.055               17
     32600            2.062               17
     32700            2.068               17
     32800            2.073               17
     32900            2.079               17
     33000            2.088               17
     33100            2.098               17
     33200            2.106               17
     33300            2.114               17
     33400            2.120               17
     33500            2.126               17
     33600            2.132               17
     33700            2.136               17
     33800            2.142               17
     33900            2.147               17
     34000            2.153               17
     34100            2.159               17
     34200            2.162               17
     34300            2.165               17
     34400            2.168               17
     34500            2.168               17
     34600            2.166               17
     34700            2.164               17
     34800            2.162               17
     34900            2.160               17
     35000            2.157               17
     35100            2.154               17
     35200            2.154               17
     35300            2.154               17
     35400            2.154               17
     35500            2.151               17
     35600            2.148               17
     35700            2.147               17
     35800            2.146               17
     35900            2.146               17
     36000            2.146               17
     36100            2.144               17
     36200            2.143               17
     36300            2.141               17
     36400            2.139               17
     36500            2.137               17
     36600            2.135               17
     36700            2.133               17
     36800            2.131               17
     36900            2.126               17
     37000            2.120               17
     37100            2.114               17
     37200            2.110               17
     37300            2.109               17
     37400            2.110               17
     37500            2.111               17
     37600            2.114               17
     37700            2.118               17
     37800            2.123               17
     37900            2.128               17
     38000            2.132               17
     38100            2.135               17
     38200            2.136               17
     38300            2.137               17
     38400            2.138               16
     38500            2.139               16
     38600            2.142               16
     38700            2.143               16
     38800            2.143               16
     38900            2.142               16
     39000            2.139               19
     39100            2.135               19
     39200            2.132               19
     39300            2.129               19
     39400            2.125               16
     39500            2.124               16
     39600            2.123               16
     39700            2.122               16
     39800            2.124               16
     39900            2.126               16
     40000            2.130               16
     40100            2.135               17
     40200            2.140               16
     40300            2.144               16
     40400            2.145               16
     40500            2.148               16
     40600            2.153               16
     40700            2.161               16
     40800            2.169               16
     40900            2.177               19
     41000            2.185               16
     41100            2.193               16
     41200            2.201               16
     41300            2.209               16
     41400            2.218               16
     41500            2.227               16
     41600            2.235               16
     41700            2.243               16
     41800            2.250               16
     41900            2.257               16
     42000            2.264               16
     42100            2.270               16
     42200            2.277               16
     42300            2.284               16
     42400            2.292               16
     42500            2.300               19
     42600            2.307               16
     42700            2.315               16
     42800            2.324               16
     42900            2.332               16
     43000            2.341               16
     43100            2.348               16
     43200            2.352               16
     43300            2.357               16
     43400            2.363               19
     43500            2.371               19
     43600            2.379               19
     43700            2.387               19
     43800            2.396               19
     43900            2.405               19
     44000            2.415               19
     44100            2.425               19
     44200            2.433               19
     44300            2.443               19
     44400            2.452               19
     44500            2.461               19
     44600            2.470               19
     44700            2.477               19
     44800            2.484               19
     44900            2.490               19
     45000            2.496               19
     45100            2.500               19
     45200            2.503               19
     45300            2.507               19
     45400            2.508               19
     45500            2.508               19
     45600            2.508               19
     45700            2.510               19
     45800            2.514               19
     45900            2.521               19
     46000            2.526               19
     46100            2.529               19
     46200            2.532               19
     46300            2.532               19
     46400            2.529               19
     46500            2.526               19
     46600            2.521               19
     46700            2.514               19
     46800            2.504               19
     46900            2.492               19
     47000            2.482               19
     47100            2.472               19
     47200            2.463               19
     47300            2.455               19
     47400            2.445               19
     47500            2.434               19
     47600            2.427               19
     47700            2.417               19
     47800            2.402               19
     47900            2.384               19
     48000            2.369               19
     48100            2.354               19
     48200            2.337               19
     48300            2.323               19
     48400            2.308               19
     48500            2.293               19
     48600            2.280               19
     48700            2.268               19
     48800            2.255               19
     48900            2.243               19
     49000            2.231               19
     49100            2.216               19
     49200            2.201               19
     49300            2.184               19
     49400            2.167               19
     49500            2.151               19
     49600            2.135               19
     49700            2.120               19
     49800            2.104               19
     49900            2.089               19
     50000            2.074               19
     50100            2.057               19
     50200            2.043               19
     50300            2.029               19
     50400            2.018               19
     50500            2.008               19
     50600            1.998               19
     50700            1.987               19
     50800            1.975               19
     50900            1.964               19
     51000            1.953               19
     51100            1.940               19
     51200            1.929               19
     51300            1.919               19
     51400            1.910               19
     51500            1.899               19
     51600            1.890               19
     51700            1.882               19
     51800            1.875               19
     51900            1.870               19
     52000            1.867               19
     52100            1.863               19
     52200            1.861               19
     52300            1.860               19
     52400            1.860               19
     52500            1.860               19
     52600            1.859               19
     52700            1.858               19
     52800            1.858               19
     52900            1.857               19
     53000            1.856               19
     53100            1.854               19
     53200            1.853               19
     53300            1.851               19
     53400            1.850               19
     53500            1.849               19
     53600            1.848               19
     53700            1.847               19
     53800            1.846               19
     53900            1.845               19
     54000            1.844               19
     54100            1.843               19
     54200            1.841               19
     54300            1.840               19
     54400            1.838               19
     54500            1.835               19
     54600            1.832               19
     54700            1.828               19
     54800            1.824               19
     54900            1.821               19
     55000            1.819               19
     55100            1.816               19
     55200            1.814               19
     55300            1.811               19
     55400            1.807               19
     55500            1.804               19
     55600            1.800               19
     55700            1.795               19
     55800            1.791               19
     55900            1.786               19
     56000            1.781               16
     56100            1.775               16
     56200            1.769               16
     56300            1.762               16
     56400            1.756               16
     56500            1.750               16
     56600            1.744               16
     56700            1.738               16
     56800            1.732               16
     56900            1.726               16
     57000            1.720               16
     57100            1.715               16
     57200            1.711               16
     57300            1.706               16
     57400            1.702               16
     57500            1.697               16
     57600            1.693               16
     57700            1.689               16
     57800            1.684               16
     57900            1.680               16
     58000            1.676               16
     58100            1.673               16
     58200            1.669               16
     58300            1.665               16
     58400            1.661               16
     58500            1.658               16
     58600            1.654               16
     58700            1.650               16
     58800            1.646               16
     58900            1.643               19
     59000            1.640               19
     59100            1.637               16
     59200            1.634               16
     59300            1.632               19
     59400            1.630               16
     59500            1.629               16
     59600            1.627               16
     59700            1.626               19
     59800            1.625               19
     59900            1.623               19
     60000            1.622               19
     60100            1.621               16
     60200            1.619               16
     60300            1.618               16
     60400            1.617               16
     60500            1.616               16
     60600            1.615               16
     60700            1.614               16
     60800            1.613               16
     60900            1.612               16
     61000            1.611               16
     61100            1.609               16
     61200            1.607               16
     61300            1.605               16
     61400            1.604               16
     61500            1.602               16
     61600            1.600               16
     61700            1.598               16
     61800            1.596               16
     61900            1.594               16
     62000            1.592               16
     62100            1.591               16
     62200            1.590               16
     62300            1.588               16
     62400            1.587               16
     62500            1.586               16
     62600            1.585               16
     62700            1.584               16
     62800            1.584               16
     62900            1.583               16
     63000            1.583               16
     63100            1.582               16
     63200            1.581               16
     63300            1.581               16
     63400            1.581               16
     63500            1.581               16
     63600            1.582               16
     63700            1.582               16
     63800            1.583               16
     63900            1.584               16
     64000            1.586               16
     64100            1.586               16
     64200            1.587               16
     64300            1.588               16
     64400            1.588               16
     64500            1.588               16
     64600            1.588               16
     64700            1.589               16
     64800            1.590               16
     64900            1.591               16
     65000            1.591               16
     65100            1.592               16
     65200            1.592               16
     65300            1.592               16
     65400            1.593               16
     65500            1.593               16
     65600            1.593               16
     65700            1.594               16
     65800            1.595               16
     65900            1.596               16
     66000            1.597               16
     66100            1.597               16
     66200            1.598               16
     66300            1.598               16
     66400            1.599               16
     66500            1.599               16
     66600            1.600               16
     66700            1.601               16
     66800            1.601               16
     66900            1.602               16
     67000            1.602               16
     67100            1.602               16
     67200            1.603               16
     67300            1.603               16
     67400            1.604               16
     67500            1.605               16
     67600            1.606               16
     67700            1.607               16
     67800            1.608               16
     67900            1.609               16
     68000            1.610               16
     68100            1.610               16
     68200            1.611               16
     68300            1.612               16
     68400            1.613               16
     68500            1.615               16
     68600            1.616               16
     68700            1.617               16
     68800            1.618               16
     68900            1.619               16
     69000            1.620               16
     69100            1.621               16
     69200            1.623               16
     69300            1.624               16
     69400            1.626               16
     69500            1.628               16
     69600            1.629               16
     69700            1.631               16
     69800            1.632               16
     69900            1.634               16
     70000            1.635               16
     70100            1.637               16
     70200            1.638               16
     70300            1.640               16
     70400            1.642               16
     70500            1.643               16
     70600            1.645               16
     70700            1.647               16
     70800            1.650               16
     70900            1.652               16
     71000            1.654               16
     71100            1.656               17
     71200            1.658               17
     71300            1.660               17
     71400            1.662               17
     71500            1.663               17
     71600            1.665               17
     71700            1.666               17
     71800            1.668               17
     71900            1.670               17
     72000            1.672               17
     72100            1.674               17
     72200            1.676               17
     72300            1.678               17
     72400            1.680               15
     72500            1.682               15
     72600            1.684               15
     72700            1.686               15
     72800            1.688               15
     72900            1.690               15
     73000            1.692               15
     73100            1.694               15
     73200            1.696               17
     73300            1.698               15
     73400            1.700               15
     73500            1.702               15
     73600            1.704               15
     73700            1.707               15
     73800            1.709               15
     73900            1.711               15
     74000            1.714               15
     74100            1.716               15
     74200            1.718               15
     74300            1.721               15
     74400            1.723               15
     74500            1.724               15
     74600            1.726               15
     74700            1.728               15
     74800            1.730               15
     74900            1.731               15
     75000            1.733               15
     75100            1.734               15
     75200            1.735               15
     75300            1.736               15
     75400            1.738               15
     75500            1.740               15
     75600            1.741               17
     75700            1.743               17
     75800            1.745               17
     75900            1.746               17
     76000            1.748               15
     76100            1.751               15
     76200            1.753               17
     76300            1.755               17
     76400            1.757               17
     76500            1.759               17
     76600            1.760               17
     76700            1.762               17
     76800            1.764               17
     76900            1.767               15
     77000            1.769               15
     77100            1.772               17
     77200            1.775               17
     77300            1.777               17
     77400            1.780               17
     77500            1.783               17
     77600            1.786               17
     77700            1.788               17
     77800            1.791               17
     77900            1.794               17
     78000            1.797               17
     78100            1.800               17
     78200            1.804               17
     78300            1.807               17
     78400            1.810               17
     78500            1.813               17
     78600            1.815               17
     78700            1.818               17
     78800            1.821               17
     78900            1.824               17
     79000            1.826               17
     79100            1.829               15
     79200            1.831               15
     79300            1.834               17
     79400            1.836               17
     79500            1.838               17
     79600            1.840               15
     79700            1.842               15
     79800            1.844               15
     79900            1.846               15
     80000            1.849               17
     80100            1.851               15
     80200            1.853               17
     80300            1.855               17
     80400            1.856               17
     80500            1.858               17
     80600            1.860               15
     80700            1.862               15
     80800            1.864               15
     80900            1.865               15
     81000            1.867               15
     81100            1.869               15
     81200            1.870               15
     81300            1.872               17
     81400            1.874               17
     81500            1.876               17
     81600            1.878               17
     81700            1.879               17
     81800            1.881               17
     81900            1.883               17
     82000            1.885               17
     82100            1.887               17
     82200            1.889               17
     82300            1.891               17
     82400            1.893               17
     82500            1.895               17
     82600            1.897               17
     82700            1.900               17
     82800            1.903               17
     82900            1.905               17
     83000            1.908               17
     83100            1.912               17
     83200            1.915               17
     83300            1.918               17
     83400            1.921               17
     83500            1.925               17
     83600            1.928               17
     83700            1.932               17
     83800            1.936               17
     83900            1.940               17
     84000            1.944               17
     84100            1.947               17
     84200            1.951               17
     84300            1.955               17
     84400            1.958               17
     84500            1.962               17
     84600            1.965               17
     84700            1.968               15
     84800            1.972               15
     84900            1.975               15
     85000            1.979               15
     85100            1.982               15
     85200            1.985               15
     85300            1.989               15
     85400            1.992               15
     85500            1.995               15
     85600            1.999               15
     85700            2.003               15
     85800            2.008               15
     85900            2.012               15
     86000            2.016               15
     86100            2.020               15
     86200            2.024               15
     86300            2.029               15
     86400            2.033               15
     86500            2.038               15
     86600            2.042               15
     86700            2.047               15
     86800            2.051               15
     86900            2.055               15
     87000            2.059               15
     87100            2.064               15
     87200            2.068               15
     87300            2.072               15
     87400            2.077               15
     87500            2.081               15
     87600            2.084               15
     87700            2.088               15
     87800            2.091               15
     87900            2.095               15
     88000            2.099               15
     88100            2.103               15
     88200            2.107               15
     88300            2.111               15
     88400            2.115               15
     88500            2.119               15
     88600            2.123               15
     88700            2.128               15
     88800            2.133               15
     88900            2.138               15
     89000            2.142               15
     89100            2.147               15
     89200            2.153               15
     89300            2.158               15
     89400            2.164               15
     89500            2.170               15
     89600            2.176               15
     89700            2.182               15
     89800            2.188               15
     89900            2.194               15
     90000            2.200               15
     90100            2.207               15
     90200            2.214               15
     90300            2.221               15
     90400            2.229               15
     90500            2.236               15
     90600            2.244               15
     90700            2.252               15
     90800            2.260               15
     90900            2.267               15
     91000            2.274               15
     91100            2.282               15
     91200            2.289               15
     91300            2.296               15
     91400            2.303               15
     91500            2.309               15
     91600            2.315               15
     91700            2.321               15
     91800            2.327               15
     91900            2.333               15
     92000            2.339               15
     92100            2.344               15
     92200            2.349               15
     92300            2.355               15
     92400            2.360               15
     92500            2.365               15
     92600            2.370               15
     92700            2.375               15
     92800            2.381               15
     92900            2.387               15
     93000            2.394               15
     93100            2.400               15
     93200            2.407               15
     93300            2.414               15
     93400            2.421               15
     93500            2.427               15
     93600            2.434               15
     93700            2.441               15
     93800            2.447               15
     93900            2.454               15
     94000            2.461               15
     94100            2.467               15
     94200            2.473               15
     94300            2.480               15
     94400            2.486               15
     94500            2.493               15
     94600            2.500               15
     94700            2.506               15
     94800            2.513               15
     94900            2.520               15
     95000            2.528               15
     95100            2.535               15
     95200            2.542               17
     95300            2.549               17
     95400            2.556               17
     95500            2.563               17
     95600            2.570               17
     95700            2.577               17
     95800            2.583               17
     95900            2.589               17
     96000            2.596               17
     96100            2.602               17
     96200            2.608               17
     96300            2.614               17
     96400            2.620               17
     96500            2.626               17
     96600            2.632               17
     96700            2.638               17
     96800            2.644               17
     96900            2.650               17
     97000            2.656               17
     97100            2.663               17
     97200            2.669               17
     97300            2.676               17
     97400            2.683               17
     97500            2.689               17
     97600            2.696               17
     97700            2.702               17
     97800            2.709               17
     97900            2.716               17
     98000            2.722               17
     98100            2.729               17
     98200            2.735               17
     98300            2.742               17
     98400            2.749               17
     98500            2.756               17
     98600            2.763               17
     98700            2.769               17
     98800            2.775               17
     98900            2.781               17
     99000            2.787               17
     99100            2.792               17
     99200            2.797               17
     99300            2.803               17
     99400            2.809               17
     99500            2.814               17
     99600            2.820               17
     99700            2.825               17
     99800            2.831               17
     99900            2.837               17
     100000           2.843               17
     100100           2.850               17
     100200           2.858               17
     100300           2.865               17
     100400           2.871               17
     100500           2.878               17
     100600           2.884               17
     100700           2.889               17
     100800           2.894               17
     100900           2.899               17
     101000           2.904               17
     101100           2.910               17
     101200           2.915               18
     101300           2.921               18
     101400           2.926               18
     101500           2.930               18
     101600           2.935               18
     101700           2.940               18
     101800           2.945               18
     101900           2.950               18
     102000           2.955               17
     102100           2.960               17
     102200           2.965               17
     102300           2.970               17
     102400           2.975               17
     102500           2.980               17
     102600           2.986               18
     102700           2.991               18
     102800           2.996               18
     102900           3.002               18
     103000           3.008               18
     103100           3.013               18
     103200           3.019               18
     103300           3.024               18
     103400           3.029               18
     103500           3.034               18
     103600           3.040               18
     103700           3.045               18
     103800           3.050               18
     103900           3.056               18
     104000           3.062               18
     104100           3.068               18
     104200           3.074               18
     104300           3.081               18
     104400           3.087               18
     104500           3.094               18
     104600           3.100               18
     104700           3.107               18
     104800           3.114               18
     104900           3.120               18
     105000           3.127               18
     105100           3.132               18
     105200           3.138               18
     105300           3.144               18
     105400           3.149               18
     105500           3.154               18
     105600           3.157               18
     105700           3.161               18
     105800           3.165               18
     105900           3.170               18
     106000           3.174               18
     106100           3.178               18
     106200           3.182               18
     106300           3.186               18
     106400           3.190               18
     106500           3.194               18
     106600           3.197               18
     106700           3.201               18
     106800           3.205               18
     106900           3.209               18
     107000           3.212               18
     107100           3.216               18
     107200           3.219               18
     107300           3.223               18
     107400           3.226               18
     107500           3.228               18
     107600           3.231               18
     107700           3.235               18
     107800           3.237               18
     107900           3.240               18
     108000           3.242               18
     108100           3.243               18
     108200           3.243               18
     108300           3.243               18
     108400           3.242               18
     108500           3.242               18
     108600           3.242               18
     108700           3.244               18
     108800           3.246               18
     108900           3.247               18
     109000           3.248               18
     109100           3.250               18
     109200           3.251               18
     109300           3.252               18
     109400           3.252               18
     109500           3.253               18
     109600           3.255               18
     109700           3.257               18
     109800           3.258               18
     109900           3.260               18
     110000           3.262               18
     110100           3.264               18
     110200           3.265               18
     110300           3.266               18
     110400           3.267               18
     110500           3.268               18
     110600           3.268               18
     110700           3.268               18
     110800           3.268               18
     110900           3.267               18
     111000           3.267               18
     111100           3.267               18
     111200           3.266               18
     111300           3.266               18
     111400           3.267               18
     111500           3.268               18
     111600           3.268               18
     111700           3.268               18
     111800           3.267               18
     111900           3.266               18
     112000           3.265               18
     112100           3.263               18
     112200           3.261               18
     112300           3.259               18
     112400           3.257               18
     112500           3.254               18
     112600           3.252               18
     112700           3.250               18
     112800           3.248               18
     112900           3.246               18


TECHNICAL 5 OUTPUT


DIAGRAM INFORMATION

  Use View Diagram under the Diagram menu in the Mplus Editor to view the diagram.
  If running Mplus from the Mplus Diagrammer, the diagram opens automatically.

  Diagram output
    c:\users\msassac6\dropbox (the university of manchester)\grants\measurement error and crime - project\longitudinal c

     Beginning Time:  08:18:30
        Ending Time:  05:21:00
       Elapsed Time:  21:02:30



MUTHEN & MUTHEN
3463 Stoner Ave.
Los Angeles, CA  90066

Tel: (310) 391-9971
Fax: (310) 391-8971
Web: www.StatModel.com
Support: Support@StatModel.com

Copyright (c) 1998-2021 Muthen & Muthen
