Mplus VERSION 8.6
MUTHEN & MUTHEN
04/20/2021   8:50 AM

INPUT INSTRUCTIONS

  TITLE: Your title goes here
  DATA: FILE = "./mplus/b2yw_wo.dat";
  VARIABLE:
  NAMES = id prop_vh_15 prop_vh_17 prop_vh_19 prop_vh_r_15 prop_vh_r_17 prop_vh_r_19
       prop_vh_f_15 prop_vh_f_17 prop_vh_f_19 prop_vh_p_15 prop_vh_p_17 prop_vh_p_19
       prop_vh_rp_15 prop_vh_rp_17 prop_vh_rp_19 prop_15 prop_17 prop_19 prop_r_15
       prop_r_17 prop_r_19 prop_f_15 prop_f_17 prop_f_19 prop_p_15 prop_p_17 prop_p_19
       prop_rp_15 prop_rp_17 prop_rp_19 viol_15 viol_17 viol_19 viol_r_15 viol_r_17
       viol_r_19 viol_f_15 viol_f_17 viol_f_19 viol_p_15 viol_p_17 viol_p_19
       viol_rp_15 viol_rp_17 viol_rp_19;

  USEVARIABLE = prop_f_15 prop_f_17 prop_f_19;

  MISSING=.;

  MODEL:

  t1 BY prop_f_15@1;
  t2 BY prop_f_17@1;
  t3 BY prop_f_19@1;

  t2 ON t1;
  t3 ON t2;

  prop_f_15 (a)
  prop_f_17 (a)
  prop_f_19 (a);



  OUTPUT:
  	CINTERVAL STANDARDIZED(STDYX) RESIDUAL SVALUES
  	TECH1 TECH5 TECH8 TECH10 TECH16 TECH12 TECH16;



*** WARNING in VARIABLE command
  Note that only the first 8 characters of variable names are used in the output.
  Shorten variable names to avoid any confusion.
*** WARNING in OUTPUT command
  TECH8 option is available only with analysis types MIXTURE, RANDOM, or
  TWOLEVEL with estimators ML, MLF, or MLR or ALGORITHM=INTEGRATION.
  Request for TECH8 is ignored.
*** WARNING in OUTPUT command
  TECH10 option is available only with estimators ML, MLF, and MLR for TYPE=MIXTURE or
  analysis with ALGORITHM=INTEGRATION.
  Request for TECH10 is ignored.
*** WARNING in OUTPUT command
  TECH12 option is available only with TYPE=MIXTURE.
  Request for TECH12 is ignored.
*** WARNING in OUTPUT command
  TECH16 option is only available with ESTIMATOR=BAYES.
  Request for TECH16 will be ignored.
   5 WARNING(S) FOUND IN THE INPUT INSTRUCTIONS



Your title goes here

SUMMARY OF ANALYSIS

Number of groups                                                 1
Number of observations                                          73

Number of dependent variables                                    3
Number of independent variables                                  0
Number of continuous latent variables                            3

Observed dependent variables

  Continuous
   PROP_F_15   PROP_F_17   PROP_F_19

Continuous latent variables
   T1          T2          T3


Estimator                                                       ML
Information matrix                                        OBSERVED
Maximum number of iterations                                  1000
Convergence criterion                                    0.500D-04
Maximum number of steepest descent iterations                   20
Maximum number of iterations for H1                           2000
Convergence criterion for H1                             0.100D-03

Input data file(s)
  ./mplus/b2yw_wo.dat

Input data format  FREE


SUMMARY OF DATA

     Number of missing data patterns             1


COVARIANCE COVERAGE OF DATA

Minimum covariance coverage value   0.100


     PROPORTION OF DATA PRESENT


           Covariance Coverage
              PROP_F_1      PROP_F_1      PROP_F_1
              ________      ________      ________
 PROP_F_1       1.000
 PROP_F_1       1.000         1.000
 PROP_F_1       1.000         1.000         1.000



UNIVARIATE SAMPLE STATISTICS


     UNIVARIATE HIGHER-ORDER MOMENT DESCRIPTIVE STATISTICS

         Variable/         Mean/     Skewness/   Minimum/ % with                Percentiles
        Sample Size      Variance    Kurtosis    Maximum  Min/Max      20%/60%    40%/80%    Median

     PROP_F_15             1.590       0.369       0.000   15.07%       0.338      1.252      1.658
              73.000       1.225      -0.364       4.320    1.37%       1.777      2.391
     PROP_F_17             1.995       0.182       0.000   10.96%       0.764      1.508      2.173
              73.000       1.589      -0.709       5.079    1.37%       2.359      3.025
     PROP_F_19             2.105       0.237       0.000   12.33%       0.809      1.710      2.133
              73.000       1.739      -0.371       5.554    1.37%       2.376      3.148


THE MODEL ESTIMATION TERMINATED NORMALLY

     WARNING:  THE LATENT VARIABLE COVARIANCE MATRIX (PSI) IS NOT POSITIVE
     DEFINITE.  THIS COULD INDICATE A NEGATIVE VARIANCE/RESIDUAL VARIANCE FOR A
     LATENT VARIABLE, A CORRELATION GREATER OR EQUAL TO ONE BETWEEN TWO LATENT
     VARIABLES, OR A LINEAR DEPENDENCY AMONG MORE THAN TWO LATENT VARIABLES.
     CHECK THE TECH4 OUTPUT FOR MORE INFORMATION.
     PROBLEM INVOLVING VARIABLE T2.




MODEL FIT INFORMATION

Number of Free Parameters                        9

Loglikelihood

          H0 Value                        -241.849
          H1 Value                        -241.849

Information Criteria

          Akaike (AIC)                     501.698
          Bayesian (BIC)                   522.312
          Sample-Size Adjusted BIC         493.953
            (n* = (n + 2) / 24)

Chi-Square Test of Model Fit

          Value                              0.000
          Degrees of Freedom                     0
          P-Value                           0.0000

RMSEA (Root Mean Square Error Of Approximation)

          Estimate                           0.000
          90 Percent C.I.                    0.000  0.000
          Probability RMSEA <= .05           0.000

CFI/TLI

          CFI                                1.000
          TLI                                1.000

Chi-Square Test of Model Fit for the Baseline Model

          Value                            226.784
          Degrees of Freedom                     3
          P-Value                           0.0000

SRMR (Standardized Root Mean Square Residual)

          Value                              0.000



MODEL RESULTS

                                                    Two-Tailed
                    Estimate       S.E.  Est./S.E.    P-Value

 T1       BY
    PROP_F_15          1.000      0.000    999.000    999.000

 T2       BY
    PROP_F_17          1.000      0.000    999.000    999.000

 T3       BY
    PROP_F_19          1.000      0.000    999.000    999.000

 T2       ON
    T1                 1.200      0.128      9.381      0.000

 T3       ON
    T2                 1.129      0.073     15.378      0.000

 Intercepts
    PROP_F_15          1.590      0.130     12.275      0.000
    PROP_F_17          1.995      0.148     13.523      0.000
    PROP_F_19          2.105      0.154     13.637      0.000

 Variances
    T1                 0.949      0.212      4.483      0.000

 Residual Variances
    PROP_F_15          0.276      0.061      4.546      0.000
    PROP_F_17          0.276      0.061      4.546      0.000
    PROP_F_19          0.276      0.061      4.546      0.000
    T2                -0.055      0.101     -0.540      0.589
    T3                -0.211      0.098     -2.168      0.030


QUALITY OF NUMERICAL RESULTS

     Condition Number for the Information Matrix              0.581E-02
       (ratio of smallest to largest eigenvalue)


STANDARDIZED MODEL RESULTS


STDYX Standardization

                                                    Two-Tailed
                    Estimate       S.E.  Est./S.E.    P-Value

 T1       BY
    PROP_F_15          0.880      0.035     24.963      0.000

 T2       BY
    PROP_F_17          0.909      0.025     36.936      0.000

 T3       BY
    PROP_F_19          0.917      0.024     38.480      0.000

 T2       ON
    T1                 1.021      0.038     26.842      0.000

 T3       ON
    T2                 1.070      0.036     29.519      0.000

 Intercepts
    PROP_F_15          1.437      0.167      8.611      0.000
    PROP_F_17          1.583      0.176      9.010      0.000
    PROP_F_19          1.596      0.176      9.044      0.000

 Variances
    T1                 1.000      0.000    999.000    999.000

 Residual Variances
    PROP_F_15          0.225      0.062      3.633      0.000
    PROP_F_17          0.174      0.045      3.885      0.000
    PROP_F_19          0.159      0.044      3.633      0.000
    T2                -0.042    999.000    999.000    999.000
    T3                -0.145    999.000    999.000    999.000


R-SQUARE

    Observed                                        Two-Tailed
    Variable        Estimate       S.E.  Est./S.E.    P-Value

    PROP_F_1           0.775      0.062     12.481      0.000
    PROP_F_1           0.826      0.045     18.468      0.000
    PROP_F_1           0.841      0.044     19.240      0.000

     Latent                                         Two-Tailed
    Variable        Estimate       S.E.  Est./S.E.    P-Value

    T2              Undefined   0.10416E+01
    T3              Undefined   0.11445E+01


CONFIDENCE INTERVALS OF MODEL RESULTS

                  Lower .5%  Lower 2.5%    Lower 5%    Estimate    Upper 5%  Upper 2.5%   Upper .5%

 T1       BY
    PROP_F_15        1.000       1.000       1.000       1.000       1.000       1.000       1.000

 T2       BY
    PROP_F_17        1.000       1.000       1.000       1.000       1.000       1.000       1.000

 T3       BY
    PROP_F_19        1.000       1.000       1.000       1.000       1.000       1.000       1.000

 T2       ON
    T1               0.871       0.950       0.990       1.200       1.411       1.451       1.530

 T3       ON
    T2               0.940       0.985       1.008       1.129       1.250       1.273       1.318

 Intercepts
    PROP_F_1         1.256       1.336       1.377       1.590       1.803       1.844       1.924
    PROP_F_1         1.615       1.706       1.752       1.995       2.238       2.284       2.375
    PROP_F_1         1.707       1.802       1.851       2.105       2.358       2.407       2.502

 Variances
    T1               0.404       0.534       0.601       0.949       1.297       1.364       1.494

 Residual Variances
    PROP_F_1         0.120       0.157       0.176       0.276       0.376       0.395       0.433
    PROP_F_1         0.120       0.157       0.176       0.276       0.376       0.395       0.433
    PROP_F_1         0.120       0.157       0.176       0.276       0.376       0.395       0.433
    T2              -0.315      -0.253      -0.221      -0.055       0.112       0.143       0.206
    T3              -0.463      -0.403      -0.372      -0.211      -0.051      -0.020       0.040


CONFIDENCE INTERVALS OF STANDARDIZED MODEL RESULTS


STDYX Standardization

                  Lower .5%  Lower 2.5%    Lower 5%    Estimate    Upper 5%  Upper 2.5%   Upper .5%

 T1       BY
    PROP_F_15        0.789       0.811       0.822       0.880       0.938       0.949       0.971

 T2       BY
    PROP_F_17        0.846       0.861       0.868       0.909       0.949       0.957       0.972

 T3       BY
    PROP_F_19        0.856       0.870       0.878       0.917       0.956       0.964       0.979

 T2       ON
    T1               0.923       0.946       0.958       1.021       1.083       1.095       1.119

 T3       ON
    T2               0.976       0.999       1.010       1.070       1.129       1.141       1.163

 Intercepts
    PROP_F_1         1.007       1.110       1.162       1.437       1.711       1.764       1.866
    PROP_F_1         1.130       1.238       1.294       1.583       1.872       1.927       2.035
    PROP_F_1         1.141       1.250       1.306       1.596       1.886       1.942       2.051

 Variances
    T1               1.000       1.000       1.000       1.000       1.000       1.000       1.000

 Residual Variances
    PROP_F_1         0.066       0.104       0.123       0.225       0.328       0.347       0.385
    PROP_F_1         0.059       0.086       0.100       0.174       0.247       0.261       0.289
    PROP_F_1         0.046       0.073       0.087       0.159       0.231       0.245       0.271
    T2             999.000     999.000     999.000      -0.042     999.000     999.000     999.000
    T3             999.000     999.000     999.000      -0.145     999.000     999.000     999.000


MODEL COMMAND WITH FINAL ESTIMATES USED AS STARTING VALUES

     t1 BY prop_f_15@1;
     t2 BY prop_f_17@1;
     t3 BY prop_f_19@1;

     t2 ON t1*1.20043;
     t3 ON t2*1.12926;

     [ prop_f_15*1.59005 ];
     [ prop_f_17*1.99509 ];
     [ prop_f_19*2.10457 ];

     prop_f_15*0.27614 (a);
     prop_f_17*0.27614 (a);
     prop_f_19*0.27614 (a);
     t1*0.94879;
     t2*-0.05457;
     t3*-0.21140;



RESIDUAL OUTPUT


     ESTIMATED MODEL AND RESIDUALS (OBSERVED - ESTIMATED)


           Model Estimated Means
              PROP_F_1      PROP_F_1      PROP_F_1
              ________      ________      ________
                1.590         1.995         2.105


           Residuals for Means
              PROP_F_1      PROP_F_1      PROP_F_1
              ________      ________      ________
                0.000         0.000         0.000


           Standardized Residuals (z-scores) for Means
              PROP_F_1      PROP_F_1      PROP_F_1
              ________      ________      ________
                0.000         0.000         0.000


           Normalized Residuals for Means
              PROP_F_1      PROP_F_1      PROP_F_1
              ________      ________      ________
                0.000         0.000         0.000


           Model Estimated Covariances
              PROP_F_1      PROP_F_1      PROP_F_1
              ________      ________      ________
 PROP_F_1       1.225
 PROP_F_1       1.139         1.589
 PROP_F_1       1.286         1.482         1.739


           Model Estimated Correlations
              PROP_F_1      PROP_F_1      PROP_F_1
              ________      ________      ________
 PROP_F_1       1.000
 PROP_F_1       0.816         1.000
 PROP_F_1       0.881         0.892         1.000


           Residuals for Covariances
              PROP_F_1      PROP_F_1      PROP_F_1
              ________      ________      ________
 PROP_F_1       0.000
 PROP_F_1       0.000         0.000
 PROP_F_1       0.000         0.000         0.000


           Residuals for Correlations
              PROP_F_1      PROP_F_1      PROP_F_1
              ________      ________      ________
 PROP_F_1       0.000
 PROP_F_1       0.000         0.000
 PROP_F_1       0.000         0.000         0.000


           Standardized Residuals (z-scores) for Covariances
              PROP_F_1      PROP_F_1      PROP_F_1
              ________      ________      ________
 PROP_F_1       0.000
 PROP_F_1       0.000         0.000
 PROP_F_1       0.000       999.000       999.000


           Normalized Residuals for Covariances
              PROP_F_1      PROP_F_1      PROP_F_1
              ________      ________      ________
 PROP_F_1       0.000
 PROP_F_1       0.000         0.000
 PROP_F_1       0.000         0.000         0.000


TECHNICAL 1 OUTPUT


     PARAMETER SPECIFICATION


           NU
              PROP_F_1      PROP_F_1      PROP_F_1
              ________      ________      ________
                  1             2             3


           LAMBDA
              T1            T2            T3
              ________      ________      ________
 PROP_F_1           0             0             0
 PROP_F_1           0             0             0
 PROP_F_1           0             0             0


           THETA
              PROP_F_1      PROP_F_1      PROP_F_1
              ________      ________      ________
 PROP_F_1           4
 PROP_F_1           0             4
 PROP_F_1           0             0             4


           ALPHA
              T1            T2            T3
              ________      ________      ________
                  0             0             0


           BETA
              T1            T2            T3
              ________      ________      ________
 T1                 0             0             0
 T2                 5             0             0
 T3                 0             6             0


           PSI
              T1            T2            T3
              ________      ________      ________
 T1                 7
 T2                 0             8
 T3                 0             0             9


     STARTING VALUES


           NU
              PROP_F_1      PROP_F_1      PROP_F_1
              ________      ________      ________
                1.590         1.995         2.105


           LAMBDA
              T1            T2            T3
              ________      ________      ________
 PROP_F_1       1.000         0.000         0.000
 PROP_F_1       0.000         1.000         0.000
 PROP_F_1       0.000         0.000         1.000


           THETA
              PROP_F_1      PROP_F_1      PROP_F_1
              ________      ________      ________
 PROP_F_1       0.612
 PROP_F_1       0.000         0.794
 PROP_F_1       0.000         0.000         0.869


           ALPHA
              T1            T2            T3
              ________      ________      ________
                0.000         0.000         0.000


           BETA
              T1            T2            T3
              ________      ________      ________
 T1             0.000         0.000         0.000
 T2             0.000         0.000         0.000
 T3             0.000         0.000         0.000


           PSI
              T1            T2            T3
              ________      ________      ________
 T1             0.050
 T2             0.000         0.050
 T3             0.000         0.000         0.050


TECHNICAL 5/6 OUTPUT



TECHNICAL OUTPUT FROM EM ALGORITHM ITERATIONS FOR THE H1 MODEL

   ITER        FUNCTION     ABS CHANGE   REL CHANGE

      1     0.42192830D+01
      2     0.11123659D+01   -3.1069172   -0.7363614
      3     0.11123659D+01   -3.1069172   -0.7363614

   TECHNICAL OUTPUT FROM QUASI-NEWTON ITERATIONS


   ITERATIONS USING GRADIENT


   ITER STEP   FUNCTION     ABS CHANGE   REL CHANGE   STEP LENGTH   DERIVATIVE

      1   0 0.19399218D+01                           0.000000D+00 -.190384D+01
          1 0.17857759D+01   -0.1541459   -0.0794598 0.100000D+00 -.122974D+01
          2 0.16319276D+01   -0.1538483   -0.0861521 0.282427D+00 -.538929D+00
          3 0.15777818D+01   -0.0541459   -0.0331791 0.424746D+00 -.245911D+00
          4 0.15584846D+01   -0.0192972   -0.0122306 0.544185D+00 -.872721D-01
      1   0 0.19399218D+01                           0.000000D+00 -.190384D+01
          1 0.17857759D+01   -0.1541459   -0.0794598 0.100000D+00 -.122974D+01
          2 0.16319276D+01   -0.1538483   -0.0861521 0.282427D+00 -.538929D+00
          3 0.15777818D+01   -0.0541459   -0.0331791 0.424746D+00 -.245911D+00
          4 0.15584846D+01   -0.0192972   -0.0122306 0.544185D+00 -.872721D-01
      2   0 0.15584846D+01                           0.000000D+00 -.199789D+00
          1 0.14741485D+01   -0.0843361   -0.0541142 0.544185D+00 -.940349D-01
          2 0.14590374D+01   -0.0151112   -0.0102508 0.829279D+00 -.104760D-01
      2   0 0.15584846D+01                           0.000000D+00 -.199529D+00
          1 0.14801137D+01   -0.0783710   -0.0502866 0.544185D+00 -.766983D-01
          2 0.14700512D+01   -0.0100624   -0.0067984 0.784251D+00 -.648791D-02
      3   0 0.14590374D+01                           0.000000D+00 -.347867D+00
          1 0.10762200D+01   -0.3828173   -0.2623766 0.829279D+00 -.583871D+00
          2 0.49919660D+00   -0.5770234   -0.5361575 0.165856D+01 -.606185D+00
          3                                          0.331712D+01
          4 0.51317325D+00    0.0139767    0.0279983 0.182441D+01 0.181364D+01
          5 0.46343319D+00   -0.0497401   -0.0969265 0.175256D+01 -.156880D-01
      3   0 0.14590374D+01                           0.000000D+00 -.342755D+00
          1 0.10982506D+01   -0.3607867   -0.2472772 0.784251D+00 -.607553D+00
          2 0.48834756D+00   -0.6099031   -0.5553405 0.156850D+01 -.463880D+00
          3                                          0.313700D+01
          4 0.10131430D+01    0.5247954    1.0746351 0.172535D+01 0.192437D+02
          5 0.50043889D+00   -0.5127041   -0.5060530 0.164427D+01 0.122579D+01
          6 0.47928739D+00   -0.0211515   -0.0422659 0.160414D+01 0.114842D-01
      4   0 0.46343319D+00                           0.000000D+00 -.743892D+00
          1                                          0.175256D+01
          2                                          0.963908D+00
          3 0.46981765D+01    4.2347433    9.1377644 0.530149D+00 0.120326D+03
          4 0.47156768D+00   -4.2266088   -0.8996275 0.325711D+00 0.207971D+01
          5 0.36959929D+00   -0.1019684   -0.2162328 0.193196D+00 -.450317D-01
      4   0 0.46343319D+00                           0.000000D+00 -.740894D+00
          1                                          0.160414D+01
          2                                          0.882276D+00
          3 0.14447621D+01    0.9813289    2.1175198 0.485252D+00 0.163653D+02
          4 0.38641256D+00   -1.0583496   -0.7325424 0.265240D+00 0.618839D+00
          5 0.36912437D+00   -0.0172882   -0.0447402 0.196206D+00 -.490622D-01
      5   0 0.36912437D+00                           0.000000D+00 -.117786D+01
          1 0.44788938D+00    0.0787650    0.2133834 0.193196D+00 0.860070D+00
          2 0.35143321D+00   -0.0964562   -0.2153571 0.499117D-01 0.198200D+00
          3 0.35020851D+00   -0.0012247   -0.0034849 0.371017D-01 -.172454D-01
      5   0 0.36912437D+00                           0.000000D+00 -.117786D+01
          1 0.45047366D+00    0.0813493    0.2203845 0.196206D+00 0.861875D+00
          2 0.35150977D+00   -0.0989639   -0.2196885 0.502988D-01 0.203768D+00
          3 0.35020788D+00   -0.0013019   -0.0037037 0.370929D-01 -.174483D-01
      6   0 0.35020788D+00                           0.000000D+00 -.516045D+00
          1 0.33390963D+00   -0.0162983   -0.0465388 0.371017D-01 -.351950D+00
          2 0.32449309D+00   -0.0094165   -0.0282009 0.910649D-01 0.427491D-01
      6   0 0.35020788D+00                           0.000000D+00 -.516041D+00
          1 0.33391198D+00   -0.0162959   -0.0465321 0.370929D-01 -.352045D+00
          2 0.32448730D+00   -0.0094247   -0.0282250 0.910876D-01 0.427751D-01
      7   0 0.32448730D+00                           0.000000D+00 -.123666D+01
          1 0.32963174D+00    0.0051444    0.0158540 0.910649D-01 0.696778D+00
          2 0.30612100D+00   -0.0235107   -0.0713243 0.361611D-01 0.262932D-01
      7   0 0.32448730D+00                           0.000000D+00 -.123666D+01
          1 0.32964477D+00    0.0051575    0.0158942 0.910876D-01 0.696881D+00
          2 0.30612035D+00   -0.0235244   -0.0713629 0.361642D-01 0.263270D-01
      8   0 0.30612035D+00                           0.000000D+00 -.472286D+00
          1 0.29218911D+00   -0.0139312   -0.0455090 0.361611D-01 -.285629D+00
          2 0.28665397D+00   -0.0055351   -0.0189437 0.751157D-01 0.255228D-01
      8   0 0.30612035D+00                           0.000000D+00 -.472283D+00
          1 0.29218766D+00   -0.0139327   -0.0455138 0.361642D-01 -.285651D+00
          2 0.28665023D+00   -0.0055374   -0.0189516 0.751314D-01 0.255216D-01
      9   0 0.28665023D+00                           0.000000D+00 -.105178D+01
          1 0.28758016D+00    0.0009299    0.0032441 0.751157D-01 0.606192D+00
          2 0.27226515D+00   -0.0153150   -0.0532547 0.320174D-01 0.103448D-01
      9   0 0.28665023D+00                           0.000000D+00 -.105178D+01
          1 0.28758807D+00    0.0009378    0.0032717 0.751314D-01 0.606292D+00
          2 0.27226474D+00   -0.0153233   -0.0532822 0.320193D-01 0.103628D-01
     10   0 0.27226474D+00                           0.000000D+00 -.440009D+00
          1 0.26071822D+00   -0.0115465   -0.0424092 0.320174D-01 -.271033D+00
          2 0.25570689D+00   -0.0050113   -0.0192212 0.689415D-01 0.211300D-01
     10   0 0.27226474D+00                           0.000000D+00 -.440007D+00
          1 0.26071754D+00   -0.0115472   -0.0424116 0.320193D-01 -.271038D+00
          2 0.25570530D+00   -0.0050122   -0.0192248 0.689491D-01 0.211250D-01
     11   0 0.25570530D+00                           0.000000D+00 -.978857D+00
          1 0.25624124D+00    0.0005359    0.0020959 0.689415D-01 0.583284D+00
          2 0.24305920D+00   -0.0131820   -0.0514439 0.298375D-01 0.753980D-02
     11   0 0.25570530D+00                           0.000000D+00 -.978857D+00
          1 0.25624506D+00    0.0005398    0.0021108 0.689491D-01 0.583341D+00
          2 0.24305904D+00   -0.0131860   -0.0514586 0.298383D-01 0.754789D-02
     12   0 0.24305904D+00                           0.000000D+00 -.415940D+00
          1 0.23289293D+00   -0.0101661   -0.0418257 0.298375D-01 -.256442D+00
          2 0.22838031D+00   -0.0045126   -0.0193763 0.648553D-01 0.178992D-01
     12   0 0.24305904D+00                           0.000000D+00 -.415940D+00
          1 0.23289273D+00   -0.0101663   -0.0418265 0.298383D-01 -.256439D+00
          2 0.22837991D+00   -0.0045128   -0.0193773 0.648578D-01 0.178943D-01
     13   0 0.22837991D+00                           0.000000D+00 -.929045D+00
          1 0.22882990D+00    0.0004500    0.0019704 0.648553D-01 0.569474D+00
          2 0.21690001D+00   -0.0119299   -0.0521343 0.282846D-01 0.617622D-02
     13   0 0.22837991D+00                           0.000000D+00 -.929045D+00
          1 0.22882980D+00    0.0004499    0.0019699 0.648578D-01 0.569468D+00
          2 0.21689958D+00   -0.0119302   -0.0521358 0.282857D-01 0.617624D-02
     14   0 0.21689958D+00                           0.000000D+00 -.397994D+00
          1 0.20768630D+00   -0.0092133   -0.0424772 0.282846D-01 -.245221D+00
          2 0.20354528D+00   -0.0041410   -0.0199388 0.618095D-01 0.156556D-01
     14   0 0.21689958D+00                           0.000000D+00 -.397994D+00
          1 0.20768563D+00   -0.0092140   -0.0424803 0.282857D-01 -.245246D+00
          2 0.20354284D+00   -0.0041428   -0.0199474 0.618213D-01 0.156573D-01
     15   0 0.20354284D+00                           0.000000D+00 -.891508D+00
          1 0.20394087D+00    0.0003980    0.0019556 0.618095D-01 0.558727D+00
          2 0.19291107D+00   -0.0110298   -0.0540833 0.271135D-01 0.526059D-02
     15   0 0.20354284D+00                           0.000000D+00 -.891507D+00
          1 0.20394360D+00    0.0004008    0.0019689 0.618213D-01 0.558767D+00
          2 0.19290998D+00   -0.0110336   -0.0541013 0.271167D-01 0.526616D-02
     16   0 0.19290998D+00                           0.000000D+00 -.384236D+00
          1 0.18439377D+00   -0.0085162   -0.0441460 0.271135D-01 -.236262D+00
          2 0.18054686D+00   -0.0038469   -0.0208625 0.593838D-01 0.139772D-01
     16   0 0.19290998D+00                           0.000000D+00 -.384235D+00
          1 0.18439211D+00   -0.0085179   -0.0441546 0.271167D-01 -.236316D+00
          2 0.18054165D+00   -0.0038505   -0.0208819 0.594091D-01 0.139855D-01
     17   0 0.18054165D+00                           0.000000D+00 -.860837D+00
          1 0.18089921D+00    0.0003576    0.0019805 0.593838D-01 0.549560D+00
          2 0.17057454D+00   -0.0103247   -0.0570742 0.261781D-01 0.457240D-02
     17   0 0.18054165D+00                           0.000000D+00 -.860836D+00
          1 0.18090807D+00    0.0003664    0.0020295 0.594091D-01 0.549724D+00
          2 0.17057312D+00   -0.0103349   -0.0571282 0.261827D-01 0.458896D-02
     18   0 0.17057312D+00                           0.000000D+00 -.372982D+00
          1 0.16260568D+00   -0.0079674   -0.0467098 0.261781D-01 -.228460D+00
          2 0.15901504D+00   -0.0035906   -0.0220819 0.572878D-01 0.125941D-01
     18   0 0.17057312D+00                           0.000000D+00 -.372980D+00
          1 0.16260346D+00   -0.0079697   -0.0467229 0.261827D-01 -.228528D+00
          2 0.15900850D+00   -0.0035950   -0.0221087 0.573202D-01 0.126055D-01
     19   0 0.15900850D+00                           0.000000D+00 -.833023D+00
          1 0.15933570D+00    0.0003272    0.0020578 0.572878D-01 0.540894D+00
          2 0.14961598D+00   -0.0097197   -0.0610015 0.253658D-01 0.400827D-02
     19   0 0.15900850D+00                           0.000000D+00 -.833022D+00
          1 0.15934775D+00    0.0003392    0.0021335 0.573202D-01 0.541136D+00
          2 0.14961443D+00   -0.0097333   -0.0610823 0.253711D-01 0.402976D-02
     20   0 0.14961443D+00                           0.000000D+00 -.362815D+00
          1 0.14212345D+00   -0.0074910   -0.0500686 0.253658D-01 -.220894D+00
          2 0.13878030D+00   -0.0033432   -0.0235229 0.552937D-01 0.113436D-01
     20   0 0.14961443D+00                           0.000000D+00 -.362813D+00
          1 0.14212099D+00   -0.0074934   -0.0500850 0.253711D-01 -.220971D+00
          2 0.13877319D+00   -0.0033478   -0.0235560 0.553299D-01 0.113564D-01
     21   0 0.13877319D+00                           0.000000D+00 -.805044D+00
          1 0.13907504D+00    0.0003018    0.0021751 0.552937D-01 0.531650D+00
          2 0.12993111D+00   -0.0091439   -0.0657482 0.245887D-01 0.350073D-02
     21   0 0.13877319D+00                           0.000000D+00 -.805043D+00
          1 0.13908850D+00    0.0003153    0.0022721 0.553299D-01 0.531939D+00
          2 0.12992949D+00   -0.0091590   -0.0658502 0.245944D-01 0.352368D-02
     22   0 0.12992949D+00                           0.000000D+00 -.352617D+00
          1 0.12289544D+00   -0.0070340   -0.0541374 0.245887D-01 -.212896D+00
          2 0.11980892D+00   -0.0030865   -0.0251150 0.532356D-01 0.101505D-01
     22   0 0.12992949D+00                           0.000000D+00 -.352615D+00
          1 0.12289284D+00   -0.0070367   -0.0541575 0.245944D-01 -.212983D+00
          2 0.11980137D+00   -0.0030915   -0.0251558 0.532751D-01 0.101641D-01
     23   0 0.11980137D+00                           0.000000D+00 -.774894D+00
          1 0.12007637D+00    0.0002750    0.0022954 0.532356D-01 0.520901D+00
          2 0.11152723D+00   -0.0085491   -0.0711975 0.237831D-01 0.301115D-02
     23   0 0.11980137D+00                           0.000000D+00 -.774892D+00
          1 0.12008936D+00    0.0002880    0.0024039 0.532751D-01 0.521190D+00
          2 0.11152513D+00   -0.0085642   -0.0713155 0.237903D-01 0.303246D-02
     24   0 0.11152513D+00                           0.000000D+00 -.341634D+00
          1 0.10496084D+00   -0.0065643   -0.0588593 0.237831D-01 -.204045D+00
          2 0.10214925D+00   -0.0028116   -0.0267870 0.509961D-01 0.900759D-02
     24   0 0.11152513D+00                           0.000000D+00 -.341631D+00
          1 0.10495706D+00   -0.0065681   -0.0588932 0.237903D-01 -.204208D+00
          2 0.10213704D+00   -0.0028200   -0.0268683 0.510626D-01 0.902780D-02
     25   0 0.10213704D+00                           0.000000D+00 -.741649D+00
          1 0.10237302D+00    0.0002360    0.0023105 0.509961D-01 0.507898D+00
          2 0.94467770D-01   -0.0079053   -0.0772201 0.229067D-01 0.251837D-02
     25   0 0.10213704D+00                           0.000000D+00 -.741646D+00
          1 0.10238837D+00    0.0002513    0.0024608 0.510626D-01 0.508223D+00
          2 0.94462806D-01   -0.0079256   -0.0774069 0.229233D-01 0.254334D-02
     26   0 0.94462806D-01                           0.000000D+00 -.329479D+00
          1 0.88397143D-01   -0.0060657   -0.0642122 0.229067D-01 -.194057D+00
          2 0.85885015D-01   -0.0025121   -0.0284187 0.484681D-01 0.793624D-02
     26   0 0.94462806D-01                           0.000000D+00 -.329473D+00
          1 0.88389188D-01   -0.0060736   -0.0642964 0.229233D-01 -.194394D+00
          2 0.85860476D-01   -0.0025287   -0.0286088 0.486076D-01 0.797110D-02
     27   0 0.85860476D-01                           0.000000D+00 -.704775D+00
          1 0.86028288D-01    0.0001678    0.0019545 0.484681D-01 0.491686D+00
          2 0.78842504D-01   -0.0071858   -0.0835282 0.219263D-01 0.200551D-02
     27   0 0.85860476D-01                           0.000000D+00 -.704769D+00
          1 0.86070231D-01    0.0002098    0.0024430 0.486076D-01 0.492745D+00
          2 0.78835347D-01   -0.0072349   -0.0840579 0.219524D-01 0.206732D-02
     28   0 0.78835347D-01                           0.000000D+00 -.315914D+00
          1 0.73303173D-01   -0.0055322   -0.0701738 0.219263D-01 -.182895D+00
          2 0.71109103D-01   -0.0021941   -0.0299314 0.456181D-01 0.696259D-02
     28   0 0.78835347D-01                           0.000000D+00 -.315902D+00
          1 0.73291529D-01   -0.0055438   -0.0703215 0.219524D-01 -.183401D+00
          2 0.71074449D-01   -0.0022171   -0.0302502 0.458246D-01 0.700896D-02
     29   0 0.71074449D-01                           0.000000D+00 -.663825D+00
          1 0.71167113D-01    0.0000927    0.0013038 0.456181D-01 0.472222D+00
          2 0.64760352D-01   -0.0064068   -0.0900242 0.208086D-01 0.151840D-02
     29   0 0.71074449D-01                           0.000000D+00 -.663815D+00
          1 0.71229838D-01    0.0001554    0.0021863 0.458246D-01 0.473991D+00
          2 0.64750980D-01   -0.0064789   -0.0909571 0.208445D-01 0.160355D-02
     30   0 0.64750980D-01                           0.000000D+00 -.300690D+00
          1 0.59793288D-01   -0.0049577   -0.0765655 0.208086D-01 -.170243D+00
          2 0.57937430D-01   -0.0018559   -0.0310379 0.423479D-01 0.602949D-02
     30   0 0.64750980D-01                           0.000000D+00 -.300670D+00
          1 0.59778015D-01   -0.0049730   -0.0768014 0.208445D-01 -.170955D+00
          2 0.57893238D-01   -0.0018848   -0.0315296 0.426258D-01 0.608758D-02
     31   0 0.57893238D-01                           0.000000D+00 -.617907D+00
          1 0.57900942D-01    0.0000077    0.0001331 0.423479D-01 0.448407D+00
          2 0.52343146D-01   -0.0055578   -0.0959880 0.195114D-01 0.106366D-02
     31   0 0.57893238D-01                           0.000000D+00 -.617889D+00
          1 0.57982737D-01    0.0000895    0.0015459 0.426258D-01 0.451009D+00
          2 0.52331555D-01   -0.0056512   -0.0974632 0.195583D-01 0.116495D-02
     32   0 0.52331555D-01                           0.000000D+00 -.283396D+00
          1 0.47994560D-01   -0.0043370   -0.0828753 0.195114D-01 -.155838D+00
          2 0.46488808D-01   -0.0015058   -0.0313734 0.386141D-01 0.505075D-02
     32   0 0.52331555D-01                           0.000000D+00 -.283367D+00
          1 0.47975840D-01   -0.0043557   -0.0832331 0.195583D-01 -.156781D+00
          2 0.46436830D-01   -0.0015390   -0.0320789 0.389621D-01 0.511892D-02
     33   0 0.46436830D-01                           0.000000D+00 -.566525D+00
          1 0.46350579D-01   -0.0000863   -0.0018574 0.386141D-01 0.419139D+00
          2 0.41702747D-01   -0.0046478   -0.1002756 0.180136D-01 0.657981D-03
     33   0 0.46436830D-01                           0.000000D+00 -.566497D+00
          1 0.46447401D-01    0.0000106    0.0002277 0.389621D-01 0.422682D+00
          2 0.41689373D-01   -0.0047580   -0.1024391 0.180712D-01 0.765756D-03
     34   0 0.41689373D-01                           0.000000D+00 -.263772D+00
          1 0.38008742D-01   -0.0036806   -0.0882870 0.180136D-01 -.139869D+00
          2 0.36841888D-01   -0.0011669   -0.0306996 0.345152D-01 0.400694D-02
     34   0 0.41689373D-01                           0.000000D+00 -.263732D+00
          1 0.37987468D-01   -0.0037019   -0.0887973 0.180712D-01 -.141039D+00
          2 0.36785871D-01   -0.0012016   -0.0316314 0.349195D-01 0.407973D-02
     35   0 0.36785871D-01                           0.000000D+00 -.510879D+00
          1 0.36605497D-01   -0.0001804   -0.0049034 0.345152D-01 0.384350D+00
          2 0.32879963D-01   -0.0037255   -0.1017753 0.163495D-01 0.329260D-03
     35   0 0.36785871D-01                           0.000000D+00 -.510839D+00
          1 0.36709014D-01   -0.0000769   -0.0020893 0.349195D-01 0.388808D+00
          2 0.32865693D-01   -0.0038433   -0.1046969 0.164160D-01 0.431102D-03
     36   0 0.32865693D-01                           0.000000D+00 -.242128D+00
          1 0.29842209D-01   -0.0030235   -0.0919951 0.163495D-01 -.123151D+00
          2 0.28974451D-01   -0.0008678   -0.0290782 0.302920D-01 0.298531D-02
     36   0 0.32865693D-01                           0.000000D+00 -.242079D+00
          1 0.29819899D-01   -0.0030458   -0.0926740 0.164160D-01 -.124506D+00
          2 0.28919015D-01   -0.0009009   -0.0302108 0.307293D-01 0.305511D-02
     37   0 0.28919015D-01                           0.000000D+00 -.453888D+00
          1 0.28660737D-01   -0.0002583   -0.0089311 0.302920D-01 0.345634D+00
          2 0.25793577D-01   -0.0028672   -0.1000379 0.146084D-01 0.100124D-03
     37   0 0.28919015D-01                           0.000000D+00 -.453836D+00
          1 0.28761102D-01   -0.0001579   -0.0054605 0.307293D-01 0.350823D+00
          2 0.25779440D-01   -0.0029817   -0.1036699 0.146808D-01 0.185979D-03
     38   0 0.25779440D-01                           0.000000D+00 -.219391D+00
          1 0.23367309D-01   -0.0024121   -0.0935680 0.146084D-01 -.106808D+00
          2 0.22740489D-01   -0.0006268   -0.0268246 0.262237D-01 0.210400D-02
     38   0 0.25779440D-01                           0.000000D+00 -.219335D+00
          1 0.23345569D-01   -0.0024339   -0.0944113 0.146808D-01 -.108284D+00
          2 0.22689439D-01   -0.0006561   -0.0281051 0.266699D-01 0.216461D-02
     39   0 0.22689439D-01                           0.000000D+00 -.398886D+00
          1 0.22383419D-01   -0.0003060   -0.0134873 0.262237D-01 0.305697D+00
          2 0.20246346D-01   -0.0021371   -0.0954757 0.128968D-01 -.309629D-04
     39   0 0.22689439D-01                           0.000000D+00 -.398823D+00
          1 0.22473174D-01   -0.0002163   -0.0095315 0.266699D-01 0.311349D+00
          2 0.20233176D-01   -0.0022400   -0.0996743 0.129719D-01 0.349222D-04
     40   0 0.20233176D-01                           0.000000D+00 -.196740D+00
          1 0.18350400D-01   -0.0018828   -0.0930539 0.128968D-01 -.917890D-01
          2 0.17904220D-01   -0.0004462   -0.0243145 0.225205D-01 0.142566D-02
     40   0 0.20233176D-01                           0.000000D+00 -.196680D+00
          1 0.18330433D-01   -0.0019027   -0.0940407 0.129719D-01 -.933164D-01
          2 0.17859660D-01   -0.0004708   -0.0256826 0.229566D-01 0.147439D-02
     41   0 0.17859660D-01                           0.000000D+00 -.348355D+00
          1 0.17538957D-01   -0.0003207   -0.0179569 0.225205D-01 0.267209D+00
          2 0.15977682D-01   -0.0015613   -0.0890176 0.112996D-01 -.878908D-04
     41   0 0.17859660D-01                           0.000000D+00 -.348284D+00
          1 0.17614673D-01   -0.0002450   -0.0137173 0.229566D-01 0.273054D+00
          2 0.15965960D-01   -0.0016487   -0.0935989 0.113749D-01 -.406056D-04
     42   0 0.15965960D-01                           0.000000D+00 -.175196D+00
          1 0.14515844D-01   -0.0014501   -0.0908255 0.112996D-01 -.786090D-01
          2 0.14198929D-01   -0.0003169   -0.0218324 0.192844D-01 0.944958D-03
     42   0 0.15965960D-01                           0.000000D+00 -.175134D+00
          1 0.14498272D-01   -0.0014677   -0.0919260 0.113749D-01 -.801315D-01
          2 0.14161380D-01   -0.0003369   -0.0232367 0.196989D-01 0.982152D-03
     43   0 0.14161380D-01                           0.000000D+00 -.303531D+00
          1 0.13852127D-01   -0.0003093   -0.0218378 0.192844D-01 0.232010D+00
          2 0.12721313D-01   -0.0011308   -0.0816347 0.986513D-02 -.100467D-03
     43   0 0.14161380D-01                           0.000000D+00 -.303455D+00
          1 0.13913689D-01   -0.0002477   -0.0174906 0.196989D-01 0.237832D+00
          2 0.12711190D-01   -0.0012025   -0.0864256 0.993891D-02 -.678882D-04
     44   0 0.12711190D-01                           0.000000D+00 -.155415D+00
          1 0.11600719D-01   -0.0011105   -0.0873617 0.986513D-02 -.673842D-01
          2 0.11374103D-01   -0.0002266   -0.0195346 0.165293D-01 0.621412D-03
     44   0 0.12711190D-01                           0.000000D+00 -.155353D+00
          1 0.11585671D-01   -0.0011255   -0.0885456 0.993891D-02 -.688643D-01
          2 0.11343074D-01   -0.0002426   -0.0209394 0.169172D-01 0.648960D-03
     45   0 0.11343074D-01                           0.000000D+00 -.264654D+00
          1 0.11061024D-01   -0.0002820   -0.0248653 0.165293D-01 0.200963D+00
          2 0.10241768D-01   -0.0008193   -0.0740670 0.860938D-02 -.919895D-04
     45   0 0.11343074D-01                           0.000000D+00 -.264574D+00
          1 0.11110128D-01   -0.0002329   -0.0205363 0.169172D-01 0.206624D+00
          2 0.10233175D-01   -0.0008770   -0.0789328 0.868057D-02 -.699718D-04
     46   0 0.10233175D-01                           0.000000D+00 -.137699D+00
          1 0.93827460D-02   -0.0008504   -0.0831051 0.860938D-02 -.579834D-01
          2 0.92187370D-02   -0.0001640   -0.0174798 0.142176D-01 0.409494D-03
     46   0 0.10233175D-01                           0.000000D+00 -.137638D+00
          1 0.93700464D-02   -0.0008631   -0.0843461 0.868057D-02 -.594015D-01
          2 0.91932897D-02   -0.0001768   -0.0188640 0.145783D-01 0.429634D-03
     47   0 0.91932897D-02                           0.000000D+00 -.231373D+00
          1 0.89451915D-02   -0.0002481   -0.0269869 0.142176D-01 0.174196D+00
          2 0.83478942D-02   -0.0005973   -0.0667730 0.752732D-02 -.763600D-04
     47   0 0.91932897D-02                           0.000000D+00 -.231292D+00
          1 0.89841281D-02   -0.0002092   -0.0227516 0.145783D-01 0.179626D+00
          2 0.83406514D-02   -0.0006435   -0.0716237 0.759549D-02 -.615292D-04
     48   0 0.83406514D-02                           0.000000D+00 -.122089D+00
          1 0.76866801D-02   -0.0006540   -0.0784077 0.752732D-02 -.501691D-01
          2 0.75662163D-02   -0.0001205   -0.0156718 0.122910D-01 0.272145D-03
     48   0 0.83406514D-02                           0.000000D+00 -.122030D+00
          1 0.76760187D-02   -0.0006646   -0.0796860 0.759549D-02 -.515187D-01
          2 0.75453315D-02   -0.0001307   -0.0170254 0.126263D-01 0.286854D-03
     49   0 0.75453315D-02                           0.000000D+00 -.203072D+00
          1 0.73319390D-02   -0.0002134   -0.0282814 0.122910D-01 0.151421D+00
          2 0.68920906D-02   -0.0004398   -0.0599907 0.660318D-02 -.603255D-04
     49   0 0.75453315D-02                           0.000000D+00 -.202990D+00
          1 0.73629141D-02   -0.0001824   -0.0241762 0.126263D-01 0.156598D+00
          2 0.68859877D-02   -0.0004769   -0.0647741 0.666830D-02 -.502599D-04
     50   0 0.68859877D-02                           0.000000D+00 -.108475D+00
          1 0.63796580D-02   -0.0005063   -0.0735304 0.660318D-02 -.436847D-01
          2 0.62897647D-02   -0.0000899   -0.0140906 0.106881D-01 0.183116D-03
     50   0 0.68859877D-02                           0.000000D+00 -.108419D+00
          1 0.63706972D-02   -0.0005153   -0.0748317 0.666830D-02 -.449672D-01
          2 0.62725199D-02   -0.0000982   -0.0154108 0.110009D-01 0.193929D-03
     51   0 0.62725199D-02                           0.000000D+00 -.179068D+00
          1 0.60913241D-02   -0.0001812   -0.0288872 0.106881D-01 0.132168D+00
          2 0.57635021D-02   -0.0003278   -0.0538179 0.581730D-02 -.464861D-04
     51   0 0.62725199D-02                           0.000000D+00 -.178987D+00
          1 0.61161899D-02   -0.0001563   -0.0249230 0.110009D-01 0.137101D+00
          2 0.57583382D-02   -0.0003579   -0.0585089 0.587954D-02 -.395557D-04
     52   0 0.57583382D-02                           0.000000D+00 -.966737D-01
          1 0.53629701D-02   -0.0003954   -0.0686601 0.581730D-02 -.382947D-01
          2 0.52948057D-02   -0.0000682   -0.0127102 0.935288D-02 0.125025D-03
     52   0 0.57583382D-02                           0.000000D+00 -.966195D-01
          1 0.53553999D-02   -0.0004029   -0.0699748 0.587954D-02 -.395155D-01
          2 0.52804365D-02   -0.0000750   -0.0139977 0.964636D-02 0.133063D-03
     53   0 0.52804365D-02                           0.000000D+00 -.158712D+00
          1 0.51275356D-02   -0.0001529   -0.0289561 0.935288D-02 0.115930D+00
          2 0.48800076D-02   -0.0002475   -0.0482743 0.514993D-02 -.354351D-04
     53   0 0.52804365D-02                           0.000000D+00 -.158633D+00
          1 0.51477437D-02   -0.0001327   -0.0251291 0.964636D-02 0.120642D+00
          2 0.48756091D-02   -0.0002721   -0.0528648 0.520955D-02 -.305761D-04
     54   0 0.48756091D-02                           0.000000D+00 -.864758D-01
          1 0.45639184D-02   -0.0003117   -0.0639286 0.514993D-02 -.337994D-01
          2 0.45114097D-02   -0.0000525   -0.0115052 0.823742D-02 0.867263D-04
     54   0 0.48756091D-02                           0.000000D+00 -.864236D-01
          1 0.45574763D-02   -0.0003181   -0.0652499 0.520955D-02 -.349651D-01
          2 0.44993111D-02   -0.0000582   -0.0127626 0.851452D-02 0.927833D-04
     55   0 0.44993111D-02                           0.000000D+00 -.141428D+00
          1 0.43704981D-02   -0.0001288   -0.0286295 0.823742D-02 0.102233D+00
          2 0.41810768D-02   -0.0001894   -0.0433409 0.458297D-02 -.269501D-04
     55   0 0.44993111D-02                           0.000000D+00 -.141352D+00
          1 0.43871468D-02   -0.0001122   -0.0249292 0.851452D-02 0.106751D+00
          2 0.41773010D-02   -0.0002098   -0.0478320 0.464025D-02 -.234753D-04
     56   0 0.41773010D-02                           0.000000D+00 -.776760D-01
          1 0.39290554D-02   -0.0002482   -0.0594273 0.458297D-02 -.300346D-01
          2 0.38879825D-02   -0.0000411   -0.0104536 0.730216D-02 0.611614D-04
     56   0 0.41773010D-02                           0.000000D+00 -.776258D-01
          1 0.39235286D-02   -0.0002538   -0.0607503 0.464025D-02 -.311515D-01
          2 0.38776869D-02   -0.0000458   -0.0116838 0.756539D-02 0.657906D-04
     57   0 0.38776869D-02                           0.000000D+00 -.126722D+00
          1 0.37689996D-02   -0.0001087   -0.0280289 0.730216D-02 0.906597D-01
          2 0.36220800D-02   -0.0001469   -0.0389811 0.410061D-02 -.205623D-04
     57   0 0.38776869D-02                           0.000000D+00 -.126648D+00
          1 0.37829059D-02   -0.0000948   -0.0244427 0.756539D-02 0.950112D-01
          2 0.36188129D-02   -0.0001641   -0.0433775 0.415578D-02 -.180272D-04
     58   0 0.36188129D-02                           0.000000D+00 -.700843D-01
          1 0.34189915D-02   -0.0001998   -0.0552174 0.410061D-02 -.268678D-01
          2 0.33863842D-02   -0.0000326   -0.0095371 0.651491D-02 0.438644D-04
     58   0 0.36188129D-02                           0.000000D+00 -.700361D-01
          1 0.34142113D-02   -0.0002046   -0.0565383 0.415578D-02 -.279413D-01
          2 0.33775340D-02   -0.0000367   -0.0107425 0.676627D-02 0.474524D-04
     59   0 0.33775340D-02                           0.000000D+00 -.114178D+00
          1 0.32854853D-02   -0.0000920   -0.0272532 0.651491D-02 0.808591D-01
          2 0.31699965D-02   -0.0001155   -0.0351512 0.368937D-02 -.157946D-04
     59   0 0.33775340D-02                           0.000000D+00 -.114106D+00
          1 0.32972533D-02   -0.0000803   -0.0237690 0.676627D-02 0.850674D-01
          2 0.31671482D-02   -0.0001301   -0.0394586 0.374264D-02 -.139089D-04
     60   0 0.31671482D-02                           0.000000D+00 -.635315D-01
          1 0.30045573D-02   -0.0001626   -0.0513367 0.368937D-02 -.241927D-01
          2 0.29782973D-02   -0.0000263   -0.0087400 0.584962D-02 0.319962D-04
     60   0 0.31671482D-02                           0.000000D+00 -.634853D-01
          1 0.30003912D-02   -0.0001668   -0.0526521 0.374264D-02 -.252268D-01
          2 0.29706196D-02   -0.0000298   -0.0099226 0.609063D-02 0.348145D-04
     61   0 0.29706196D-02                           0.000000D+00 -.103450D+00
          1 0.28922548D-02   -0.0000784   -0.0263800 0.584962D-02 0.725378D-01
          2 0.28002645D-02   -0.0000920   -0.0318057 0.333792D-02 -.122428D-04
     61   0 0.29706196D-02                           0.000000D+00 -.103380D+00
          1 0.29023320D-02   -0.0000683   -0.0229876 0.609063D-02 0.766209D-01
          2 0.27977643D-02   -0.0001046   -0.0360289 0.338942D-02 -.108142D-04
     62   0 0.27977643D-02                           0.000000D+00 -.578694D-01
          1 0.26640192D-02   -0.0001337   -0.0478043 0.333792D-02 -.219235D-01
          2 0.26425764D-02   -0.0000214   -0.0080490 0.528521D-02 0.237366D-04
     62   0 0.27977643D-02                           0.000000D+00 -.578251D-01
          1 0.26603636D-02   -0.0001374   -0.0491109 0.338942D-02 -.229211D-01
          2 0.26358620D-02   -0.0000245   -0.0092099 0.551698D-02 0.259776D-04
     63   0 0.26358620D-02                           0.000000D+00 -.942473D-01
          1 0.25687336D-02   -0.0000671   -0.0254674 0.528521D-02 0.654538D-01
          2 0.24944990D-02   -0.0000742   -0.0288993 0.303676D-02 -.959015D-05
     63   0 0.26358620D-02                           0.000000D+00 -.941807D-01
          1 0.25774536D-02   -0.0000584   -0.0221591 0.551698D-02 0.694239D-01
          2 0.24922913D-02   -0.0000852   -0.0330413 0.308658D-02 -.848949D-05
     64   0 0.24922913D-02                           0.000000D+00 -.529697D-01
          1 0.23810738D-02   -0.0001112   -0.0446246 0.303676D-02 -.199909D-01
          2 0.23633292D-02   -0.0000177   -0.0074523 0.480458D-02 0.179058D-04
     64   0 0.24922913D-02                           0.000000D+00 -.529273D-01
          1 0.23778471D-02   -0.0001144   -0.0459192 0.308658D-02 -.209539D-01
          2 0.23574168D-02   -0.0000204   -0.0085919 0.502785D-02 0.197079D-04
     65   0 0.23574168D-02                           0.000000D+00 -.863306D-01
          1 0.22995242D-02   -0.0000579   -0.0245576 0.480458D-02 0.594071D-01
          2 0.22388449D-02   -0.0000607   -0.0263878 0.277796D-02 -.759850D-05
     65   0 0.23574168D-02                           0.000000D+00 -.862666D-01
          1 0.23071380D-02   -0.0000503   -0.0213279 0.502785D-02 0.632716D-01
          2 0.22368855D-02   -0.0000703   -0.0304501 0.282614D-02 -.673719D-05
     66   0 0.22368855D-02                           0.000000D+00 -.487218D-01
          1 0.21434046D-02   -0.0000935   -0.0417906 0.277796D-02 -.183387D-01
          2 0.21285308D-02   -0.0000149   -0.0069393 0.439377D-02 0.137309D-04
     66   0 0.22368855D-02                           0.000000D+00 -.486814D-01
          1 0.21405423D-02   -0.0000963   -0.0430702 0.282614D-02 -.192677D-01
          2 0.21232946D-02   -0.0000172   -0.0080576 0.460899D-02 0.151946D-04
     67   0 0.21232946D-02                           0.000000D+00 -.794983D-01
          1 0.20730154D-02   -0.0000503   -0.0236798 0.439377D-02 0.542322D-01
          2 0.20227880D-02   -0.0000502   -0.0242291 0.255487D-02 -.609216D-05
     67   0 0.21232946D-02                           0.000000D+00 -.794369D-01
          1 0.20797139D-02   -0.0000436   -0.0205250 0.460899D-02 0.579939D-01
          2 0.20210419D-02   -0.0000587   -0.0282116 0.260143D-02 -.540856D-05
     68   0 0.20210419D-02                           0.000000D+00 -.450309D-01
          1 0.19416410D-02   -0.0000794   -0.0392871 0.255487D-02 -.169206D-01
          2 0.19290195D-02   -0.0000126   -0.0065004 0.404131D-02 0.106992D-04
     68   0 0.20210419D-02                           0.000000D+00 -.449925D-01
          1 0.19390916D-02   -0.0000820   -0.0405485 0.260143D-02 -.178158D-01
          2 0.19243604D-02   -0.0000147   -0.0075970 0.424870D-02 0.118988D-04
     69   0 0.19243604D-02                           0.000000D+00 -.735818D-01
          1 0.18803840D-02   -0.0000440   -0.0228525 0.404131D-02 0.497917D-01
          2 0.18382945D-02   -0.0000421   -0.0223834 0.236193D-02 -.494300D-05
     69   0 0.19243604D-02                           0.000000D+00 -.735230D-01
          1 0.18863145D-02   -0.0000380   -0.0197707 0.424870D-02 0.534501D-01
          2 0.18367332D-02   -0.0000496   -0.0262847 0.240685D-02 -.439343D-05
     70   0 0.18367332D-02                           0.000000D+00 -.418154D-01
          1 0.17686039D-02   -0.0000681   -0.0370926 0.236193D-02 -.156986D-01
          2 0.17577679D-02   -0.0000108   -0.0061268 0.373775D-02 0.846673D-05
     70   0 0.18367332D-02                           0.000000D+00 -.417790D-01
          1 0.17663256D-02   -0.0000704   -0.0383330 0.240685D-02 -.165595D-01
          2 0.17536065D-02   -0.0000127   -0.0072009 0.393739D-02 0.945774D-05
     71   0 0.17536065D-02                           0.000000D+00 -.684394D-01
          1 0.17148758D-02   -0.0000387   -0.0220863 0.373775D-02 0.459709D-01
          2 0.16791832D-02   -0.0000357   -0.0208135 0.219445D-02 -.405788D-05
     71   0 0.17536065D-02                           0.000000D+00 -.683832D-01
          1 0.17201535D-02   -0.0000335   -0.0190767 0.393739D-02 0.495229D-01
          2 0.16777834D-02   -0.0000424   -0.0246316 0.223770D-02 -.361089D-05
     72   0 0.16777834D-02                           0.000000D+00 -.390056D-01
          1 0.16187548D-02   -0.0000590   -0.0351825 0.219445D-02 -.146409D-01
          2 0.16093489D-02   -0.0000094   -0.0058105 0.347524D-02 0.679981D-05
     72   0 0.16777834D-02                           0.000000D+00 -.389711D-01
          1 0.16167136D-02   -0.0000611   -0.0363991 0.223770D-02 -.154672D-01
          2 0.16056211D-02   -0.0000111   -0.0068611 0.366708D-02 0.762430D-05
     73   0 0.16056211D-02                           0.000000D+00 -.639517D-01
          1 0.15712831D-02   -0.0000343   -0.0213861 0.347524D-02 0.426735D-01
          2 0.15406665D-02   -0.0000306   -0.0194851 0.204849D-02 -.336911D-05
     73   0 0.16056211D-02                           0.000000D+00 -.638979D-01
          1 0.15759994D-02   -0.0000296   -0.0184488 0.366708D-02 0.461141D-01
          2 0.15394090D-02   -0.0000366   -0.0232172 0.209003D-02 -.300172D-05
     74   0 0.15394090D-02                           0.000000D+00 -.365413D-01
          1 0.14877924D-02   -0.0000516   -0.0335301 0.204849D-02 -.137213D-01
          2 0.14795437D-02   -0.0000082   -0.0055443 0.324721D-02 0.553803D-05
     74   0 0.15394090D-02                           0.000000D+00 -.365087D-01
          1 0.14859600D-02   -0.0000534   -0.0347205 0.209003D-02 -.145122D-01
          2 0.14761967D-02   -0.0000098   -0.0065704 0.343119D-02 0.622827D-05
     75   0 0.14761967D-02                           0.000000D+00 -.600178D-01
          1 0.14455619D-02   -0.0000306   -0.0207525 0.324721D-02 0.398182D-01
          2 0.14190113D-02   -0.0000266   -0.0183670 0.192072D-02 -.282741D-05
     75   0 0.14761967D-02                           0.000000D+00 -.599664D-01
          1 0.14497902D-02   -0.0000264   -0.0178882 0.343119D-02 0.431420D-01
          2 0.14178800D-02   -0.0000319   -0.0220102 0.196051D-02 -.252257D-05
     76   0 0.14178800D-02                           0.000000D+00 -.343714D-01
          1 0.13723540D-02   -0.0000455   -0.0321086 0.192072D-02 -.129178D-01
          2 0.13650510D-02   -0.0000073   -0.0053215 0.304821D-02 0.456996D-05
     76   0 0.14178800D-02                           0.000000D+00 -.343406D-01
          1 0.13707066D-02   -0.0000472   -0.0332704 0.196051D-02 -.136727D-01
          2 0.13620409D-02   -0.0000087   -0.0063221 0.322420D-02 0.515095D-05
     77   0 0.13620409D-02                           0.000000D+00 -.565526D-01
          1 0.13345503D-02   -0.0000275   -0.0201834 0.304821D-02 0.373365D-01
          2 0.13112877D-02   -0.0000233   -0.0174310 0.180833D-02 -.239670D-05
     77   0 0.13620409D-02                           0.000000D+00 -.565034D-01
          1 0.13383508D-02   -0.0000237   -0.0173931 0.322420D-02 0.405377D-01
          2 0.13102690D-02   -0.0000281   -0.0209824 0.184634D-02 -.214161D-05
     78   0 0.13102690D-02                           0.000000D+00 -.324520D-01
          1 0.12697927D-02   -0.0000405   -0.0308916 0.180833D-02 -.122118D-01
          2 0.12632707D-02   -0.0000065   -0.0051363 0.287363D-02 0.381730D-05
     78   0 0.13102690D-02                           0.000000D+00 -.324229D-01
          1 0.12683102D-02   -0.0000420   -0.0320230 0.184634D-02 -.129303D-01
          2 0.12605604D-02   -0.0000077   -0.0061103 0.304155D-02 0.430865D-05
     79   0 0.12605604D-02                           0.000000D+00 -.534841D-01
          1 0.12357591D-02   -0.0000248   -0.0196748 0.287363D-02 0.351703D-01
          2 0.12151812D-02   -0.0000206   -0.0166520 0.170896D-02 -.205046D-05
     79   0 0.12605604D-02                           0.000000D+00 -.534370D-01
          1 0.12391817D-02   -0.0000214   -0.0169597 0.304155D-02 0.382436D-01
          2 0.12142632D-02   -0.0000249   -0.0201088 0.174516D-02 -.183539D-05
     80   0 0.12142632D-02                           0.000000D+00 -.307456D-01
          1 0.11780122D-02   -0.0000363   -0.0298544 0.170896D-02 -.115878D-01
          2 0.11721416D-02   -0.0000059   -0.0049835 0.271962D-02 0.322445D-05
     80   0 0.12142632D-02                           0.000000D+00 -.307181D-01
          1 0.11766771D-02   -0.0000376   -0.0309538 0.174516D-02 -.122698D-01
          2 0.11696994D-02   -0.0000070   -0.0059301 0.287940D-02 0.364169D-05
     81   0 0.11696994D-02                           0.000000D+00 -.507515D-01
          1 0.11472156D-02   -0.0000225   -0.0192218 0.271962D-02 0.332704D-01
          2 0.11288511D-02   -0.0000184   -0.0160079 0.162059D-02 -.176906D-05
     81   0 0.11696994D-02                           0.000000D+00 -.507064D-01
          1 0.11503021D-02   -0.0000194   -0.0165831 0.287940D-02 0.362111D-01
          2 0.11280236D-02   -0.0000223   -0.0193675 0.165497D-02 -.158652D-05
     82   0 0.11280236D-02                           0.000000D+00 -.292204D-01
          1 0.10953403D-02   -0.0000327   -0.0289740 0.162059D-02 -.110329D-01
          2 0.10900186D-02   -0.0000053   -0.0048585 0.258294D-02 0.275154D-05
     82   0 0.11280236D-02                           0.000000D+00 -.291944D-01
          1 0.10941377D-02   -0.0000339   -0.0300401 0.165497D-02 -.116782D-01
          2 0.10878171D-02   -0.0000063   -0.0057768 0.273457D-02 0.310709D-05
     83   0 0.10878171D-02                           0.000000D+00 -.483036D-01
          1 0.10673454D-02   -0.0000205   -0.0188191 0.258294D-02 0.315950D-01
          2 0.10508238D-02   -0.0000165   -0.0154791 0.154154D-02 -.153790D-05
     83   0 0.10878171D-02                           0.000000D+00 -.482604D-01
          1 0.10701313D-02   -0.0000177   -0.0162581 0.273457D-02 0.343998D-01
          2 0.10500779D-02   -0.0000201   -0.0187392 0.157411D-02 -.138206D-05
     84   0 0.10500779D-02                           0.000000D+00 -.278493D-01
          1 0.10204346D-02   -0.0000296   -0.0282296 0.154154D-02 -.105361D-01
          2 0.10155802D-02   -0.0000049   -0.0047572 0.246089D-02 0.236963D-05
     84   0 0.10500779D-02                           0.000000D+00 -.278246D-01
          1 0.10193513D-02   -0.0000307   -0.0292613 0.157411D-02 -.111451D-01
          2 0.10135955D-02   -0.0000058   -0.0056465 0.260438D-02 0.267351D-05
     85   0 0.10135955D-02                           0.000000D+00 -.460973D-01
          1 0.99488324D-03   -0.0000187   -0.0184613 0.246089D-02 0.301088D-01
          2 0.97991155D-03   -0.0000150   -0.0150487 0.147041D-02 -.134601D-05
     85   0 0.10135955D-02                           0.000000D+00 -.460559D-01
          1 0.99739923D-03   -0.0000162   -0.0159790 0.260438D-02 0.327753D-01
          2 0.97923926D-03   -0.0000182   -0.0182073 0.150117D-02 -.121231D-05
     86   0 0.97923926D-03                           0.000000D+00 -.266093D-01
          1 0.95220984D-03   -0.0000270   -0.0276025 0.147041D-02 -.100883D-01
          2 0.94775719D-03   -0.0000045   -0.0046761 0.235118D-02 0.205756D-05
     86   0 0.97923926D-03                           0.000000D+00 -.265859D-01
          1 0.95123402D-03   -0.0000280   -0.0285990 0.150117D-02 -.106615D-01
          2 0.94596808D-03   -0.0000053   -0.0055359 0.248663D-02 0.231791D-05

   ITERATIONS USING QUASI-NEWTON


   ITER STEP   FUNCTION     ABS CHANGE   REL CHANGE   STEP LENGTH   DERIVATIVE

      1   0 0.94596808D-03                           0.000000D+00 -.440964D-01
          1 0.79967587D-01    0.0790216   83.5351855 0.100000D+00 0.119539D+01
          2 0.91708444D-03   -0.0790505   -0.9885318 0.176088D-02 0.108859D-01
          3 0.91515012D-03   -0.0000019   -0.0021092 0.140599D-02 -.101487D-05
      2   0 0.91515012D-03                           0.000000D+00 -.219000D-01
          1 0.88468755D-03   -0.0000305   -0.0332870 0.140599D-02 -.214327D-01
          2 0.17703740D-03   -0.0007077   -0.7998871 0.659040D-01 -.713468D-03
      3   0 0.17703740D-03                           0.000000D+00 -.148083D-01
          1 0.35895560D-02    0.0034125   19.2756927 0.659040D-01 0.115268D+00
          2 0.12500187D-03   -0.0034646   -0.9651762 0.705235D-02 0.139008D-04
      4   0 0.12500187D-03                           0.000000D+00 -.105951D-01
          1 0.62271878D-04   -0.0000627   -0.5018324 0.705235D-02 -.718554D-02
          2 0.99017261D-05   -0.0000524   -0.8409920 0.215564D-01 0.497984D-05
      5   0 0.99017261D-05                           0.000000D+00 -.611305D-02
          1 0.49404783D-03    0.0004841   48.8951215 0.215564D-01 0.518164D-01
          2 0.26883912D-05   -0.0004914   -0.9945584 0.236012D-02 0.859188D-05
      6   0 0.26883912D-05                           0.000000D+00 -.198313D-02
          1 0.63625845D-07   -0.0000026   -0.9763331 0.236012D-02 -.238244D-03
          2 0.25447113D-07    0.0000000   -0.6000507 0.268237D-02 0.134408D-05
      7   0 0.25447113D-07                           0.000000D+00 -.139664D-03
          1 0.10322520D-05    0.0000010   39.5646017 0.268237D-02 0.890576D-03
          2 0.38591685D-10   -0.0000010   -0.9999626 0.363633D-03 -.802429D-07


DIAGRAM INFORMATION

  Use View Diagram under the Diagram menu in the Mplus Editor to view the diagram.
  If running Mplus from the Mplus Diagrammer, the diagram opens automatically.

  Diagram output
    c:\users\msassac6\dropbox (the university of manchester)\grants\measurement error and crime - project\longitudinal c

     Beginning Time:  08:50:10
        Ending Time:  08:50:10
       Elapsed Time:  00:00:00



MUTHEN & MUTHEN
3463 Stoner Ave.
Los Angeles, CA  90066

Tel: (310) 391-9971
Fax: (310) 391-8971
Web: www.StatModel.com
Support: Support@StatModel.com

Copyright (c) 1998-2021 Muthen & Muthen
