Mplus VERSION 8.6
MUTHEN & MUTHEN
04/20/2021   8:42 AM

INPUT INSTRUCTIONS

  TITLE: Your title goes here
  DATA: FILE = "./mplus/b2yw_wo.dat";
  VARIABLE:
  NAMES = id prop_vh_15 prop_vh_17 prop_vh_19 prop_vh_r_15 prop_vh_r_17 prop_vh_r_19
       prop_vh_f_15 prop_vh_f_17 prop_vh_f_19 prop_vh_p_15 prop_vh_p_17 prop_vh_p_19
       prop_vh_rp_15 prop_vh_rp_17 prop_vh_rp_19 prop_15 prop_17 prop_19 prop_r_15
       prop_r_17 prop_r_19 prop_f_15 prop_f_17 prop_f_19 prop_p_15 prop_p_17 prop_p_19
       prop_rp_15 prop_rp_17 prop_rp_19 viol_15 viol_17 viol_19 viol_r_15 viol_r_17
       viol_r_19 viol_f_15 viol_f_17 viol_f_19 viol_p_15 viol_p_17 viol_p_19
       viol_rp_15 viol_rp_17 viol_rp_19;

  USEVARIABLE = prop_p_15 prop_p_17 prop_p_19
                  prop_r_15 prop_r_17 prop_r_19
                  prop_f_15 prop_f_17 prop_f_19
                  prop_rp_15 prop_rp_17 prop_rp_19;

  MISSING=.;

  Analysis:


    !COVERAGE = 0;
    !ESTIMATOR = BAYES;
    !PROCESSORS = 4;
    !BCONVERGENCE = 0.05;
    !THIN = 3000;
    ! FBITERATIONS = 100;
    !BITERATIONS = 500000 20000;
    !CHAINS = 4;
    !BSEED = 2015011;
    !ALGORITHM = GIBBS(PX1);



  MODEL:

  t1 BY prop_f_15@1 prop_p_15@1 prop_r_15@1 prop_rp_15@1;
  t2 BY prop_f_17@1 prop_p_17@1 prop_r_17@1 prop_rp_17@1;
  t3 BY prop_f_19@1 prop_p_19@1 prop_r_19@1 prop_rp_19@1;

  t2 ON t1;
  t3 ON t2;

  m_rep BY prop_p_15@1 prop_p_17@1 prop_p_19@1;
  m_vic BY prop_r_15@1 prop_r_17@1 prop_r_19@1;
  m_loc BY prop_f_15@1 prop_f_17@1 prop_f_19@1;
  m_vicrep BY prop_rp_15@1 prop_rp_17@1 prop_rp_19@1;

  m_vic WITH m_rep@0;
  m_vic WITH m_loc@0;
  m_vic WITH m_vicrep@0;
  m_vic WITH t1@0;
  m_rep WITH m_loc@0;
  m_rep WITH m_vicrep@0;
  m_rep WITH t1@0;
  m_loc WITH m_vicrep@0;
  m_loc WITH t1@0;
  m_vicrep WITH t1@0;


  ![t1 t2 t3 m_vic m_rep m_loc m_vicrep];

  ![prop_p_15@0 prop_p_17@0 prop_p_19@0 prop_r_15@0 prop_r_17@0
  !prop_r_19@0 prop_f_15@0 prop_f_17@0 prop_f_19@0 prop_rp_15@0
  !prop_rp_17@0 prop_rp_19@0];

  ! m_rep@0;


  OUTPUT:
  	CINTERVAL STANDARDIZED(STDYX) RESIDUAL SVALUES
  	TECH1 TECH5 TECH8 TECH10 TECH16 TECH12 TECH16;



*** WARNING in VARIABLE command
  Note that only the first 8 characters of variable names are used in the output.
  Shorten variable names to avoid any confusion.
*** WARNING in OUTPUT command
  TECH8 option is available only with analysis types MIXTURE, RANDOM, or
  TWOLEVEL with estimators ML, MLF, or MLR or ALGORITHM=INTEGRATION.
  Request for TECH8 is ignored.
*** WARNING in OUTPUT command
  TECH10 option is available only with estimators ML, MLF, and MLR for TYPE=MIXTURE or
  analysis with ALGORITHM=INTEGRATION.
  Request for TECH10 is ignored.
*** WARNING in OUTPUT command
  TECH12 option is available only with TYPE=MIXTURE.
  Request for TECH12 is ignored.
*** WARNING in OUTPUT command
  TECH16 option is only available with ESTIMATOR=BAYES.
  Request for TECH16 will be ignored.
   5 WARNING(S) FOUND IN THE INPUT INSTRUCTIONS



Your title goes here

SUMMARY OF ANALYSIS

Number of groups                                                 1
Number of observations                                          73

Number of dependent variables                                   12
Number of independent variables                                  0
Number of continuous latent variables                            7

Observed dependent variables

  Continuous
   PROP_P_15   PROP_P_17   PROP_P_19   PROP_R_15   PROP_R_17   PROP_R_19
   PROP_F_15   PROP_F_17   PROP_F_19   PROP_RP_15  PROP_RP_17  PROP_RP_19

Continuous latent variables
   T1          T2          T3          M_REP       M_VIC       M_LOC
   M_VICREP


Estimator                                                       ML
Information matrix                                        OBSERVED
Maximum number of iterations                                  1000
Convergence criterion                                    0.500D-04
Maximum number of steepest descent iterations                   20
Maximum number of iterations for H1                           2000
Convergence criterion for H1                             0.100D-03

Input data file(s)
  ./mplus/b2yw_wo.dat

Input data format  FREE


SUMMARY OF DATA

     Number of missing data patterns             1


COVARIANCE COVERAGE OF DATA

Minimum covariance coverage value   0.100


     PROPORTION OF DATA PRESENT


           Covariance Coverage
              PROP_P_1      PROP_P_1      PROP_P_1      PROP_R_1      PROP_R_1
              ________      ________      ________      ________      ________
 PROP_P_1       1.000
 PROP_P_1       1.000         1.000
 PROP_P_1       1.000         1.000         1.000
 PROP_R_1       1.000         1.000         1.000         1.000
 PROP_R_1       1.000         1.000         1.000         1.000         1.000
 PROP_R_1       1.000         1.000         1.000         1.000         1.000
 PROP_F_1       1.000         1.000         1.000         1.000         1.000
 PROP_F_1       1.000         1.000         1.000         1.000         1.000
 PROP_F_1       1.000         1.000         1.000         1.000         1.000
 PROP_RP_       1.000         1.000         1.000         1.000         1.000
 PROP_RP_       1.000         1.000         1.000         1.000         1.000
 PROP_RP_       1.000         1.000         1.000         1.000         1.000


           Covariance Coverage
              PROP_R_1      PROP_F_1      PROP_F_1      PROP_F_1      PROP_RP_
              ________      ________      ________      ________      ________
 PROP_R_1       1.000
 PROP_F_1       1.000         1.000
 PROP_F_1       1.000         1.000         1.000
 PROP_F_1       1.000         1.000         1.000         1.000
 PROP_RP_       1.000         1.000         1.000         1.000         1.000
 PROP_RP_       1.000         1.000         1.000         1.000         1.000
 PROP_RP_       1.000         1.000         1.000         1.000         1.000


           Covariance Coverage
              PROP_RP_      PROP_RP_
              ________      ________
 PROP_RP_       1.000
 PROP_RP_       1.000         1.000



UNIVARIATE SAMPLE STATISTICS


     UNIVARIATE HIGHER-ORDER MOMENT DESCRIPTIVE STATISTICS

         Variable/         Mean/     Skewness/   Minimum/ % with                Percentiles
        Sample Size      Variance    Kurtosis    Maximum  Min/Max      20%/60%    40%/80%    Median

     PROP_P_15             0.857       0.528       0.000   34.25%       0.000      0.507      0.768
              73.000       0.657      -0.874       2.725    1.37%       1.007      1.612
     PROP_P_17             1.077       0.512       0.000   32.88%       0.000      0.649      1.004
              73.000       0.962      -0.721       3.677    1.37%       1.314      2.013
     PROP_P_19             1.120       0.381       0.000   28.77%       0.000      0.778      1.111
              73.000       0.855      -0.644       3.546    1.37%       1.430      1.966
     PROP_R_15             2.753      -1.163       0.000    5.48%       2.011      2.843      2.977
              73.000       1.122       0.873       4.443    1.37%       3.308      3.558
     PROP_R_17             3.137      -1.183       0.000    2.74%       2.406      3.132      3.349
              73.000       1.024       1.452       4.701    1.37%       3.477      3.929
     PROP_R_19             3.097      -1.079       0.000    5.48%       2.180      3.145      3.380
              73.000       1.488       0.505       5.029    1.37%       3.613      4.059
     PROP_F_15             1.590       0.369       0.000   15.07%       0.338      1.252      1.658
              73.000       1.225      -0.364       4.320    1.37%       1.777      2.391
     PROP_F_17             1.995       0.182       0.000   10.96%       0.764      1.508      2.173
              73.000       1.589      -0.709       5.079    1.37%       2.359      3.025
     PROP_F_19             2.105       0.237       0.000   12.33%       0.809      1.710      2.133
              73.000       1.739      -0.371       5.554    1.37%       2.376      3.148
     PROP_RP_15            1.416      -0.419       0.000   12.33%       0.710      1.358      1.517
              73.000       0.593      -0.678       2.815    1.37%       1.604      2.058
     PROP_RP_17            1.707      -0.492       0.000    9.59%       1.075      1.469      1.779
              73.000       0.699      -0.522       3.218    1.37%       1.967      2.476
     PROP_RP_19            1.556      -0.416       0.000   17.81%       0.694      1.475      1.777
              73.000       0.853      -0.840       3.110    1.37%       1.925      2.238


THE MODEL ESTIMATION TERMINATED NORMALLY



MODEL FIT INFORMATION

Number of Free Parameters                       33

Loglikelihood

          H0 Value                        -810.603
          H1 Value                        -647.903

Information Criteria

          Akaike (AIC)                    1687.205
          Bayesian (BIC)                  1762.790
          Sample-Size Adjusted BIC        1658.807
            (n* = (n + 2) / 24)

Chi-Square Test of Model Fit

          Value                            325.398
          Degrees of Freedom                    57
          P-Value                           0.0000

RMSEA (Root Mean Square Error Of Approximation)

          Estimate                           0.254
          90 Percent C.I.                    0.228  0.281
          Probability RMSEA <= .05           0.000

CFI/TLI

          CFI                                0.763
          TLI                                0.725

Chi-Square Test of Model Fit for the Baseline Model

          Value                           1197.423
          Degrees of Freedom                    66
          P-Value                           0.0000

SRMR (Standardized Root Mean Square Residual)

          Value                              0.173



MODEL RESULTS

                                                    Two-Tailed
                    Estimate       S.E.  Est./S.E.    P-Value

 T1       BY
    PROP_F_15          1.000      0.000    999.000    999.000
    PROP_P_15          1.000      0.000    999.000    999.000
    PROP_R_15          1.000      0.000    999.000    999.000
    PROP_RP_15         1.000      0.000    999.000    999.000

 T2       BY
    PROP_F_17          1.000      0.000    999.000    999.000
    PROP_P_17          1.000      0.000    999.000    999.000
    PROP_R_17          1.000      0.000    999.000    999.000
    PROP_RP_17         1.000      0.000    999.000    999.000

 T3       BY
    PROP_F_19          1.000      0.000    999.000    999.000
    PROP_P_19          1.000      0.000    999.000    999.000
    PROP_R_19          1.000      0.000    999.000    999.000
    PROP_RP_19         1.000      0.000    999.000    999.000

 M_REP    BY
    PROP_P_15          1.000      0.000    999.000    999.000
    PROP_P_17          1.000      0.000    999.000    999.000
    PROP_P_19          1.000      0.000    999.000    999.000

 M_VIC    BY
    PROP_R_15          1.000      0.000    999.000    999.000
    PROP_R_17          1.000      0.000    999.000    999.000
    PROP_R_19          1.000      0.000    999.000    999.000

 M_LOC    BY
    PROP_F_15          1.000      0.000    999.000    999.000
    PROP_F_17          1.000      0.000    999.000    999.000
    PROP_F_19          1.000      0.000    999.000    999.000

 M_VICREP BY
    PROP_RP_15         1.000      0.000    999.000    999.000
    PROP_RP_17         1.000      0.000    999.000    999.000
    PROP_RP_19         1.000      0.000    999.000    999.000

 T2       ON
    T1                 1.044      0.085     12.222      0.000

 T3       ON
    T2                 1.045      0.064     16.360      0.000

 M_VIC    WITH
    M_REP              0.000      0.000    999.000    999.000
    M_LOC              0.000      0.000    999.000    999.000
    M_VICREP           0.000      0.000    999.000    999.000
    T1                 0.000      0.000    999.000    999.000

 M_REP    WITH
    M_LOC              0.000      0.000    999.000    999.000
    M_VICREP           0.000      0.000    999.000    999.000
    T1                 0.000      0.000    999.000    999.000

 M_LOC    WITH
    M_VICREP           0.000      0.000    999.000    999.000
    T1                 0.000      0.000    999.000    999.000

 M_VICREP WITH
    T1                 0.000      0.000    999.000    999.000

 Intercepts
    PROP_P_15          0.857      0.105      8.149      0.000
    PROP_P_17          1.077      0.116      9.247      0.000
    PROP_P_19          1.120      0.121      9.284      0.000
    PROP_R_15          2.753      0.107     25.763      0.000
    PROP_R_17          3.137      0.109     28.868      0.000
    PROP_R_19          3.097      0.125     24.677      0.000
    PROP_F_15          1.590      0.115     13.806      0.000
    PROP_F_17          1.995      0.128     15.577      0.000
    PROP_F_19          2.105      0.131     16.108      0.000
    PROP_RP_15         1.416      0.107     13.179      0.000
    PROP_RP_17         1.707      0.109     15.633      0.000
    PROP_RP_19         1.556      0.125     12.447      0.000

 Variances
    T1                 0.489      0.098      4.977      0.000
    M_REP              0.120      0.081      1.486      0.137
    M_VIC              0.143      0.067      2.147      0.032
    M_LOC              0.358      0.121      2.954      0.003
    M_VICREP           0.091      0.073      1.235      0.217

 Residual Variances
    PROP_P_15          0.198      0.052      3.800      0.000
    PROP_P_17          0.215      0.050      4.334      0.000
    PROP_P_19          0.148      0.044      3.366      0.001
    PROP_R_15          0.202      0.050      4.038      0.000
    PROP_R_17          0.063      0.029      2.174      0.030
    PROP_R_19          0.213      0.051      4.208      0.000
    PROP_F_15          0.122      0.042      2.918      0.004
    PROP_F_17          0.184      0.045      4.083      0.000
    PROP_F_19          0.095      0.037      2.569      0.010
    PROP_RP_15         0.263      0.061      4.329      0.000
    PROP_RP_17         0.123      0.039      3.141      0.002
    PROP_RP_19         0.256      0.059      4.343      0.000
    T2                 0.123      0.036      3.450      0.001
    T3                 0.077      0.028      2.795      0.005


QUALITY OF NUMERICAL RESULTS

     Condition Number for the Information Matrix              0.506E-02
       (ratio of smallest to largest eigenvalue)


STANDARDIZED MODEL RESULTS


STDYX Standardization

                                                    Two-Tailed
                    Estimate       S.E.  Est./S.E.    P-Value

 T1       BY
    PROP_F_15          0.710      0.062     11.377      0.000
    PROP_P_15          0.778      0.056     13.897      0.000
    PROP_R_15          0.766      0.051     14.893      0.000
    PROP_RP_15         0.761      0.053     14.389      0.000

 T2       BY
    PROP_F_17          0.740      0.052     14.122      0.000
    PROP_P_17          0.814      0.046     17.843      0.000
    PROP_R_17          0.872      0.042     20.705      0.000
    PROP_RP_17         0.868      0.041     21.011      0.000

 T3       BY
    PROP_F_19          0.798      0.051     15.680      0.000
    PROP_P_19          0.865      0.041     21.026      0.000
    PROP_R_19          0.831      0.039     21.075      0.000
    PROP_RP_19         0.834      0.039     21.409      0.000

 M_REP    BY
    PROP_P_15          0.386      0.114      3.396      0.001
    PROP_P_17          0.348      0.105      3.311      0.001
    PROP_P_19          0.336      0.106      3.180      0.001

 M_VIC    BY
    PROP_R_15          0.414      0.086      4.798      0.000
    PROP_R_17          0.407      0.088      4.606      0.000
    PROP_R_19          0.353      0.076      4.660      0.000

 M_LOC    BY
    PROP_F_15          0.608      0.075      8.097      0.000
    PROP_F_17          0.547      0.072      7.548      0.000
    PROP_F_19          0.536      0.077      6.987      0.000

 M_VICREP BY
    PROP_RP_15         0.328      0.118      2.775      0.006
    PROP_RP_17         0.323      0.120      2.680      0.007
    PROP_RP_19         0.282      0.105      2.683      0.007

 T2       ON
    T1                 0.901      0.033     27.267      0.000

 T3       ON
    T2                 0.950      0.020     48.169      0.000

 M_VIC    WITH
    M_REP              0.000      0.000    999.000    999.000
    M_LOC              0.000      0.000    999.000    999.000
    M_VICREP           0.000      0.000    999.000    999.000
    T1                 0.000      0.000    999.000    999.000

 M_REP    WITH
    M_LOC              0.000      0.000    999.000    999.000
    M_VICREP           0.000      0.000    999.000    999.000
    T1                 0.000      0.000    999.000    999.000

 M_LOC    WITH
    M_VICREP           0.000      0.000    999.000    999.000
    T1                 0.000      0.000    999.000    999.000

 M_VICREP WITH
    T1                 0.000      0.000    999.000    999.000

 Intercepts
    PROP_P_15          0.954      0.142      6.696      0.000
    PROP_P_17          1.082      0.144      7.493      0.000
    PROP_P_19          1.087      0.146      7.463      0.000
    PROP_R_15          3.015      0.248     12.166      0.000
    PROP_R_17          3.379      0.287     11.754      0.000
    PROP_R_19          2.888      0.241     12.001      0.000
    PROP_F_15          1.616      0.173      9.331      0.000
    PROP_F_17          1.823      0.176     10.336      0.000
    PROP_F_19          1.885      0.179     10.556      0.000
    PROP_RP_15         1.542      0.177      8.698      0.000
    PROP_RP_17         1.830      0.192      9.533      0.000
    PROP_RP_19         1.457      0.166      8.803      0.000

 Variances
    T1                 1.000      0.000    999.000    999.000
    M_REP              1.000      0.000    999.000    999.000
    M_VIC              1.000      0.000    999.000    999.000
    M_LOC              1.000      0.000    999.000    999.000
    M_VICREP           1.000      0.000    999.000    999.000

 Residual Variances
    PROP_P_15          0.246      0.062      3.951      0.000
    PROP_P_17          0.217      0.053      4.111      0.000
    PROP_P_19          0.139      0.042      3.303      0.001
    PROP_R_15          0.242      0.059      4.109      0.000
    PROP_R_17          0.073      0.034      2.153      0.031
    PROP_R_19          0.185      0.046      4.059      0.000
    PROP_F_15          0.126      0.043      2.955      0.003
    PROP_F_17          0.154      0.039      3.945      0.000
    PROP_F_19          0.076      0.031      2.483      0.013
    PROP_RP_15         0.313      0.065      4.774      0.000
    PROP_RP_17         0.142      0.049      2.902      0.004
    PROP_RP_19         0.224      0.053      4.269      0.000
    T2                 0.188      0.060      3.147      0.002
    T3                 0.097      0.037      2.587      0.010


R-SQUARE

    Observed                                        Two-Tailed
    Variable        Estimate       S.E.  Est./S.E.    P-Value

    PROP_P_1           0.754      0.062     12.120      0.000
    PROP_P_1           0.783      0.053     14.866      0.000
    PROP_P_1           0.861      0.042     20.383      0.000
    PROP_R_1           0.758      0.059     12.848      0.000
    PROP_R_1           0.927      0.034     27.225      0.000
    PROP_R_1           0.815      0.046     17.848      0.000
    PROP_F_1           0.874      0.043     20.498      0.000
    PROP_F_1           0.846      0.039     21.752      0.000
    PROP_F_1           0.924      0.031     30.206      0.000
    PROP_RP_           0.687      0.065     10.498      0.000
    PROP_RP_           0.858      0.049     17.573      0.000
    PROP_RP_           0.776      0.053     14.761      0.000

     Latent                                         Two-Tailed
    Variable        Estimate       S.E.  Est./S.E.    P-Value

    T2                 0.812      0.060     13.633      0.000
    T3                 0.903      0.037     24.084      0.000


CONFIDENCE INTERVALS OF MODEL RESULTS

                  Lower .5%  Lower 2.5%    Lower 5%    Estimate    Upper 5%  Upper 2.5%   Upper .5%

 T1       BY
    PROP_F_15        1.000       1.000       1.000       1.000       1.000       1.000       1.000
    PROP_P_15        1.000       1.000       1.000       1.000       1.000       1.000       1.000
    PROP_R_15        1.000       1.000       1.000       1.000       1.000       1.000       1.000
    PROP_RP_15       1.000       1.000       1.000       1.000       1.000       1.000       1.000

 T2       BY
    PROP_F_17        1.000       1.000       1.000       1.000       1.000       1.000       1.000
    PROP_P_17        1.000       1.000       1.000       1.000       1.000       1.000       1.000
    PROP_R_17        1.000       1.000       1.000       1.000       1.000       1.000       1.000
    PROP_RP_17       1.000       1.000       1.000       1.000       1.000       1.000       1.000

 T3       BY
    PROP_F_19        1.000       1.000       1.000       1.000       1.000       1.000       1.000
    PROP_P_19        1.000       1.000       1.000       1.000       1.000       1.000       1.000
    PROP_R_19        1.000       1.000       1.000       1.000       1.000       1.000       1.000
    PROP_RP_19       1.000       1.000       1.000       1.000       1.000       1.000       1.000

 M_REP    BY
    PROP_P_15        1.000       1.000       1.000       1.000       1.000       1.000       1.000
    PROP_P_17        1.000       1.000       1.000       1.000       1.000       1.000       1.000
    PROP_P_19        1.000       1.000       1.000       1.000       1.000       1.000       1.000

 M_VIC    BY
    PROP_R_15        1.000       1.000       1.000       1.000       1.000       1.000       1.000
    PROP_R_17        1.000       1.000       1.000       1.000       1.000       1.000       1.000
    PROP_R_19        1.000       1.000       1.000       1.000       1.000       1.000       1.000

 M_LOC    BY
    PROP_F_15        1.000       1.000       1.000       1.000       1.000       1.000       1.000
    PROP_F_17        1.000       1.000       1.000       1.000       1.000       1.000       1.000
    PROP_F_19        1.000       1.000       1.000       1.000       1.000       1.000       1.000

 M_VICREP BY
    PROP_RP_15       1.000       1.000       1.000       1.000       1.000       1.000       1.000
    PROP_RP_17       1.000       1.000       1.000       1.000       1.000       1.000       1.000
    PROP_RP_19       1.000       1.000       1.000       1.000       1.000       1.000       1.000

 T2       ON
    T1               0.824       0.877       0.904       1.044       1.185       1.212       1.265

 T3       ON
    T2               0.881       0.920       0.940       1.045       1.150       1.171       1.210

 M_VIC    WITH
    M_REP            0.000       0.000       0.000       0.000       0.000       0.000       0.000
    M_LOC            0.000       0.000       0.000       0.000       0.000       0.000       0.000
    M_VICREP         0.000       0.000       0.000       0.000       0.000       0.000       0.000
    T1               0.000       0.000       0.000       0.000       0.000       0.000       0.000

 M_REP    WITH
    M_LOC            0.000       0.000       0.000       0.000       0.000       0.000       0.000
    M_VICREP         0.000       0.000       0.000       0.000       0.000       0.000       0.000
    T1               0.000       0.000       0.000       0.000       0.000       0.000       0.000

 M_LOC    WITH
    M_VICREP         0.000       0.000       0.000       0.000       0.000       0.000       0.000
    T1               0.000       0.000       0.000       0.000       0.000       0.000       0.000

 M_VICREP WITH
    T1               0.000       0.000       0.000       0.000       0.000       0.000       0.000

 Intercepts
    PROP_P_1         0.586       0.651       0.684       0.857       1.030       1.063       1.128
    PROP_P_1         0.777       0.849       0.885       1.077       1.269       1.305       1.377
    PROP_P_1         0.809       0.883       0.921       1.120       1.318       1.356       1.430
    PROP_R_1         2.477       2.543       2.577       2.753       2.928       2.962       3.028
    PROP_R_1         2.857       2.924       2.958       3.137       3.316       3.350       3.417
    PROP_R_1         2.773       2.851       2.890       3.097       3.303       3.343       3.420
    PROP_F_1         1.293       1.364       1.401       1.590       1.780       1.816       1.887
    PROP_F_1         1.665       1.744       1.784       1.995       2.206       2.246       2.325
    PROP_F_1         1.768       1.848       1.890       2.105       2.319       2.361       2.441
    PROP_RP_         1.139       1.205       1.239       1.416       1.593       1.626       1.693
    PROP_RP_         1.425       1.493       1.527       1.707       1.886       1.921       1.988
    PROP_RP_         1.234       1.311       1.350       1.556       1.761       1.801       1.877

 Variances
    T1               0.236       0.296       0.327       0.489       0.650       0.681       0.741
    M_REP           -0.088      -0.038      -0.013       0.120       0.253       0.278       0.328
    M_VIC           -0.029       0.012       0.033       0.143       0.252       0.273       0.314
    M_LOC            0.046       0.120       0.159       0.358       0.557       0.595       0.670
    M_VICREP        -0.098      -0.053      -0.030       0.091       0.211       0.235       0.280

 Residual Variances
    PROP_P_1         0.064       0.096       0.113       0.198       0.284       0.301       0.333
    PROP_P_1         0.087       0.118       0.133       0.215       0.296       0.312       0.342
    PROP_P_1         0.035       0.062       0.076       0.148       0.220       0.234       0.261
    PROP_R_1         0.073       0.104       0.120       0.202       0.284       0.300       0.331
    PROP_R_1        -0.012       0.006       0.015       0.063       0.111       0.120       0.138
    PROP_R_1         0.083       0.114       0.130       0.213       0.296       0.312       0.343
    PROP_F_1         0.014       0.040       0.053       0.122       0.191       0.204       0.230
    PROP_F_1         0.068       0.096       0.110       0.184       0.258       0.272       0.300
    PROP_F_1         0.000       0.022       0.034       0.095       0.155       0.167       0.190
    PROP_RP_         0.107       0.144       0.163       0.263       0.363       0.383       0.420
    PROP_RP_         0.022       0.046       0.059       0.123       0.188       0.200       0.224
    PROP_RP_         0.104       0.140       0.159       0.256       0.353       0.371       0.407
    T2               0.031       0.053       0.064       0.123       0.182       0.193       0.215
    T3               0.006       0.023       0.032       0.077       0.122       0.131       0.148


CONFIDENCE INTERVALS OF STANDARDIZED MODEL RESULTS


STDYX Standardization

                  Lower .5%  Lower 2.5%    Lower 5%    Estimate    Upper 5%  Upper 2.5%   Upper .5%

 T1       BY
    PROP_F_15        0.549       0.588       0.608       0.710       0.813       0.833       0.871
    PROP_P_15        0.634       0.668       0.686       0.778       0.870       0.888       0.922
    PROP_R_15        0.633       0.665       0.681       0.766       0.850       0.866       0.898
    PROP_RP_15       0.625       0.658       0.674       0.761       0.849       0.865       0.898

 T2       BY
    PROP_F_17        0.605       0.637       0.654       0.740       0.826       0.843       0.875
    PROP_P_17        0.696       0.724       0.739       0.814       0.889       0.903       0.931
    PROP_R_17        0.764       0.790       0.803       0.872       0.942       0.955       0.981
    PROP_RP_17       0.762       0.787       0.800       0.868       0.936       0.949       0.975

 T3       BY
    PROP_F_19        0.667       0.698       0.714       0.798       0.882       0.898       0.929
    PROP_P_19        0.759       0.784       0.797       0.865       0.932       0.945       0.971
    PROP_R_19        0.729       0.754       0.766       0.831       0.896       0.908       0.932
    PROP_RP_19       0.734       0.758       0.770       0.834       0.898       0.911       0.935

 M_REP    BY
    PROP_P_15        0.093       0.163       0.199       0.386       0.572       0.608       0.678
    PROP_P_17        0.077       0.142       0.175       0.348       0.521       0.554       0.619
    PROP_P_19        0.064       0.129       0.162       0.336       0.510       0.543       0.608

 M_VIC    BY
    PROP_R_15        0.192       0.245       0.272       0.414       0.556       0.583       0.636
    PROP_R_17        0.179       0.234       0.262       0.407       0.553       0.580       0.635
    PROP_R_19        0.158       0.204       0.228       0.353       0.477       0.501       0.547

 M_LOC    BY
    PROP_F_15        0.414       0.461       0.484       0.608       0.731       0.755       0.801
    PROP_F_17        0.360       0.405       0.427       0.547       0.666       0.689       0.733
    PROP_F_19        0.338       0.386       0.410       0.536       0.662       0.686       0.733

 M_VICREP BY
    PROP_RP_15       0.024       0.096       0.134       0.328       0.522       0.560       0.632
    PROP_RP_17       0.013       0.087       0.125       0.323       0.521       0.559       0.633
    PROP_RP_19       0.011       0.076       0.109       0.282       0.455       0.488       0.553

 T2       ON
    T1               0.816       0.837       0.847       0.901       0.956       0.966       0.987

 T3       ON
    T2               0.899       0.912       0.918       0.950       0.983       0.989       1.001

 M_VIC    WITH
    M_REP            0.000       0.000       0.000       0.000       0.000       0.000       0.000
    M_LOC            0.000       0.000       0.000       0.000       0.000       0.000       0.000
    M_VICREP         0.000       0.000       0.000       0.000       0.000       0.000       0.000
    T1               0.000       0.000       0.000       0.000       0.000       0.000       0.000

 M_REP    WITH
    M_LOC            0.000       0.000       0.000       0.000       0.000       0.000       0.000
    M_VICREP         0.000       0.000       0.000       0.000       0.000       0.000       0.000
    T1               0.000       0.000       0.000       0.000       0.000       0.000       0.000

 M_LOC    WITH
    M_VICREP         0.000       0.000       0.000       0.000       0.000       0.000       0.000
    T1               0.000       0.000       0.000       0.000       0.000       0.000       0.000

 M_VICREP WITH
    T1               0.000       0.000       0.000       0.000       0.000       0.000       0.000

 Intercepts
    PROP_P_1         0.587       0.675       0.719       0.954       1.188       1.233       1.321
    PROP_P_1         0.710       0.799       0.845       1.082       1.320       1.365       1.454
    PROP_P_1         0.712       0.801       0.847       1.087       1.326       1.372       1.462
    PROP_R_1         2.377       2.530       2.608       3.015       3.423       3.501       3.654
    PROP_R_1         2.638       2.815       2.906       3.379       3.852       3.942       4.119
    PROP_R_1         2.268       2.417       2.492       2.888       3.284       3.360       3.508
    PROP_F_1         1.170       1.276       1.331       1.616       1.901       1.955       2.062
    PROP_F_1         1.369       1.477       1.533       1.823       2.113       2.169       2.277
    PROP_F_1         1.425       1.535       1.592       1.885       2.179       2.235       2.345
    PROP_RP_         1.086       1.195       1.251       1.542       1.834       1.890       1.999
    PROP_RP_         1.335       1.454       1.514       1.830       2.146       2.206       2.324
    PROP_RP_         1.031       1.132       1.185       1.457       1.729       1.781       1.883

 Variances
    T1               1.000       1.000       1.000       1.000       1.000       1.000       1.000
    M_REP            1.000       1.000       1.000       1.000       1.000       1.000       1.000
    M_VIC            1.000       1.000       1.000       1.000       1.000       1.000       1.000
    M_LOC            1.000       1.000       1.000       1.000       1.000       1.000       1.000
    M_VICREP         1.000       1.000       1.000       1.000       1.000       1.000       1.000

 Residual Variances
    PROP_P_1         0.086       0.124       0.144       0.246       0.348       0.368       0.406
    PROP_P_1         0.081       0.113       0.130       0.217       0.303       0.320       0.352
    PROP_P_1         0.031       0.057       0.070       0.139       0.209       0.222       0.248
    PROP_R_1         0.090       0.127       0.145       0.242       0.339       0.358       0.394
    PROP_R_1        -0.014       0.007       0.017       0.073       0.129       0.140       0.161
    PROP_R_1         0.068       0.096       0.110       0.185       0.260       0.275       0.303
    PROP_F_1         0.016       0.042       0.056       0.126       0.196       0.210       0.236
    PROP_F_1         0.053       0.077       0.089       0.154       0.218       0.230       0.254
    PROP_F_1        -0.003       0.016       0.026       0.076       0.126       0.136       0.155
    PROP_RP_         0.144       0.184       0.205       0.313       0.420       0.441       0.481
    PROP_RP_         0.016       0.046       0.061       0.142       0.222       0.237       0.268
    PROP_RP_         0.089       0.121       0.138       0.224       0.311       0.327       0.360
    T2               0.034       0.071       0.090       0.188       0.286       0.304       0.341
    T3               0.000       0.024       0.035       0.097       0.159       0.170       0.194


MODEL COMMAND WITH FINAL ESTIMATES USED AS STARTING VALUES

     t1 BY prop_f_15@1;
     t1 BY prop_p_15@1;
     t1 BY prop_r_15@1;
     t1 BY prop_rp_15@1;
     t2 BY prop_f_17@1;
     t2 BY prop_p_17@1;
     t2 BY prop_r_17@1;
     t2 BY prop_rp_17@1;
     t3 BY prop_f_19@1;
     t3 BY prop_p_19@1;
     t3 BY prop_r_19@1;
     t3 BY prop_rp_19@1;
     m_rep BY prop_p_15@1;
     m_rep BY prop_p_17@1;
     m_rep BY prop_p_19@1;
     m_vic BY prop_r_15@1;
     m_vic BY prop_r_17@1;
     m_vic BY prop_r_19@1;
     m_loc BY prop_f_15@1;
     m_loc BY prop_f_17@1;
     m_loc BY prop_f_19@1;
     m_vicrep BY prop_rp_15@1;
     m_vicrep BY prop_rp_17@1;
     m_vicrep BY prop_rp_19@1;

     t2 ON t1*1.04441;
     t3 ON t2*1.04528;

     m_vic WITH m_rep@0;
     m_vic WITH m_loc@0;
     m_vic WITH m_vicrep@0;
     m_vic WITH t1@0;
     m_rep WITH m_loc@0;
     m_rep WITH m_vicrep@0;
     m_rep WITH t1@0;
     m_loc WITH m_vicrep@0;
     m_loc WITH t1@0;
     m_vicrep WITH t1@0;

     [ prop_p_15*0.85678 ];
     [ prop_p_17*1.07709 ];
     [ prop_p_19*1.11963 ];
     [ prop_r_15*2.75270 ];
     [ prop_r_17*3.13690 ];
     [ prop_r_19*3.09670 ];
     [ prop_f_15*1.59005 ];
     [ prop_f_17*1.99509 ];
     [ prop_f_19*2.10457 ];
     [ prop_rp_15*1.41585 ];
     [ prop_rp_17*1.70658 ];
     [ prop_rp_19*1.55556 ];

     prop_p_15*0.19839;
     prop_p_17*0.21456;
     prop_p_19*0.14806;
     prop_r_15*0.20195;
     prop_r_17*0.06316;
     prop_r_19*0.21300;
     prop_f_15*0.12201;
     prop_f_17*0.18383;
     prop_f_19*0.09467;
     prop_rp_15*0.26338;
     prop_rp_17*0.12330;
     prop_rp_19*0.25575;
     t1*0.48856;
     t2*0.12303;
     t3*0.07699;
     m_rep*0.11997;
     m_vic*0.14287;
     m_loc*0.35776;
     m_vicrep*0.09064;



RESIDUAL OUTPUT


     ESTIMATED MODEL AND RESIDUALS (OBSERVED - ESTIMATED)


           Model Estimated Means
              PROP_P_1      PROP_P_1      PROP_P_1      PROP_R_1      PROP_R_1
              ________      ________      ________      ________      ________
                0.857         1.077         1.120         2.753         3.137


           Model Estimated Means
              PROP_R_1      PROP_F_1      PROP_F_1      PROP_F_1      PROP_RP_
              ________      ________      ________      ________      ________
                3.097         1.590         1.995         2.105         1.416


           Model Estimated Means
              PROP_RP_      PROP_RP_
              ________      ________
                1.707         1.556


           Residuals for Means
              PROP_P_1      PROP_P_1      PROP_P_1      PROP_R_1      PROP_R_1
              ________      ________      ________      ________      ________
                0.000         0.000         0.000         0.000         0.000


           Residuals for Means
              PROP_R_1      PROP_F_1      PROP_F_1      PROP_F_1      PROP_RP_
              ________      ________      ________      ________      ________
                0.000         0.000         0.000         0.000         0.000


           Residuals for Means
              PROP_RP_      PROP_RP_
              ________      ________
                0.000         0.000


           Standardized Residuals (z-scores) for Means
              PROP_P_1      PROP_P_1      PROP_P_1      PROP_R_1      PROP_R_1
              ________      ________      ________      ________      ________
                0.000         0.000         0.000         0.000         0.000


           Standardized Residuals (z-scores) for Means
              PROP_R_1      PROP_F_1      PROP_F_1      PROP_F_1      PROP_RP_
              ________      ________      ________      ________      ________
                0.000         0.000         0.000         0.000         0.000


           Standardized Residuals (z-scores) for Means
              PROP_RP_      PROP_RP_
              ________      ________
                0.000         0.000


           Normalized Residuals for Means
              PROP_P_1      PROP_P_1      PROP_P_1      PROP_R_1      PROP_R_1
              ________      ________      ________      ________      ________
                0.000         0.000         0.000         0.000         0.000


           Normalized Residuals for Means
              PROP_R_1      PROP_F_1      PROP_F_1      PROP_F_1      PROP_RP_
              ________      ________      ________      ________      ________
                0.000         0.000         0.000         0.000         0.000


           Normalized Residuals for Means
              PROP_RP_      PROP_RP_
              ________      ________
                0.000         0.000


           Model Estimated Covariances
              PROP_P_1      PROP_P_1      PROP_P_1      PROP_R_1      PROP_R_1
              ________      ________      ________      ________      ________
 PROP_P_1       0.807
 PROP_P_1       0.630         0.990
 PROP_P_1       0.653         0.806         1.062
 PROP_R_1       0.489         0.510         0.533         0.833
 PROP_R_1       0.510         0.656         0.686         0.653         0.862
 PROP_R_1       0.533         0.686         0.794         0.676         0.829
 PROP_F_1       0.489         0.510         0.533         0.489         0.510
 PROP_F_1       0.510         0.656         0.686         0.510         0.656
 PROP_F_1       0.533         0.686         0.794         0.533         0.686
 PROP_RP_       0.489         0.510         0.533         0.489         0.510
 PROP_RP_       0.510         0.656         0.686         0.510         0.656
 PROP_RP_       0.533         0.686         0.794         0.533         0.686


           Model Estimated Covariances
              PROP_R_1      PROP_F_1      PROP_F_1      PROP_F_1      PROP_RP_
              ________      ________      ________      ________      ________
 PROP_R_1       1.150
 PROP_F_1       0.533         0.968
 PROP_F_1       0.686         0.868         1.198
 PROP_F_1       0.794         0.891         1.043         1.246
 PROP_RP_       0.533         0.489         0.510         0.533         0.843
 PROP_RP_       0.686         0.510         0.656         0.686         0.601
 PROP_RP_       0.794         0.533         0.686         0.794         0.624


           Model Estimated Covariances
              PROP_RP_      PROP_RP_
              ________      ________
 PROP_RP_       0.870
 PROP_RP_       0.776         1.140


           Model Estimated Correlations
              PROP_P_1      PROP_P_1      PROP_P_1      PROP_R_1      PROP_R_1
              ________      ________      ________      ________      ________
 PROP_P_1       1.000
 PROP_P_1       0.705         1.000
 PROP_P_1       0.706         0.786         1.000
 PROP_R_1       0.596         0.562         0.567         1.000
 PROP_R_1       0.612         0.710         0.717         0.771         1.000
 PROP_R_1       0.554         0.643         0.718         0.691         0.832
 PROP_F_1       0.553         0.521         0.526         0.544         0.559
 PROP_F_1       0.519         0.602         0.608         0.511         0.646
 PROP_F_1       0.532         0.617         0.690         0.523         0.662
 PROP_RP_       0.593         0.559         0.564         0.583         0.599
 PROP_RP_       0.609         0.707         0.713         0.599         0.758
 PROP_RP_       0.556         0.645         0.721         0.547         0.692


           Model Estimated Correlations
              PROP_R_1      PROP_F_1      PROP_F_1      PROP_F_1      PROP_RP_
              ________      ________      ________      ________      ________
 PROP_R_1       1.000
 PROP_F_1       0.506         1.000
 PROP_F_1       0.584         0.806         1.000
 PROP_F_1       0.663         0.811         0.854         1.000
 PROP_RP_       0.542         0.541         0.508         0.521         1.000
 PROP_RP_       0.686         0.556         0.643         0.659         0.702
 PROP_RP_       0.693         0.508         0.587         0.666         0.637


           Model Estimated Correlations
              PROP_RP_      PROP_RP_
              ________      ________
 PROP_RP_       1.000
 PROP_RP_       0.780         1.000


           Residuals for Covariances
              PROP_P_1      PROP_P_1      PROP_P_1      PROP_R_1      PROP_R_1
              ________      ________      ________      ________      ________
 PROP_P_1      -0.150
 PROP_P_1      -0.117        -0.029
 PROP_P_1      -0.160        -0.097        -0.206
 PROP_R_1      -0.049         0.071         0.104         0.288
 PROP_R_1      -0.052         0.007        -0.058         0.249         0.162
 PROP_R_1       0.043         0.065        -0.028         0.386         0.230
 PROP_F_1       0.300         0.350         0.251         0.270         0.256
 PROP_F_1       0.219         0.464         0.266         0.302         0.317
 PROP_F_1       0.274         0.419         0.285         0.382         0.276
 PROP_RP_      -0.222        -0.210        -0.145         0.158        -0.023
 PROP_RP_      -0.216        -0.187        -0.262         0.183         0.066
 PROP_RP_      -0.188        -0.175        -0.299         0.176         0.014


           Residuals for Covariances
              PROP_R_1      PROP_F_1      PROP_F_1      PROP_F_1      PROP_RP_
              ________      ________      ________      ________      ________
 PROP_R_1       0.338
 PROP_F_1       0.415         0.257
 PROP_F_1       0.415         0.271         0.391
 PROP_F_1       0.436         0.395         0.439         0.493
 PROP_RP_       0.040        -0.089        -0.109         0.004        -0.250
 PROP_RP_       0.141        -0.028        -0.024        -0.047        -0.214
 PROP_RP_       0.156         0.066        -0.031        -0.063        -0.253


           Residuals for Covariances
              PROP_RP_      PROP_RP_
              ________      ________
 PROP_RP_      -0.171
 PROP_RP_      -0.197        -0.287


           Residuals for Correlations
              PROP_P_1      PROP_P_1      PROP_P_1      PROP_R_1      PROP_R_1
              ________      ________      ________      ________      ________
 PROP_P_1       0.000
 PROP_P_1      -0.060         0.000
 PROP_P_1      -0.047        -0.005         0.000
 PROP_R_1      -0.084        -0.002         0.083         0.000
 PROP_R_1      -0.054        -0.042        -0.046         0.071         0.000
 PROP_R_1       0.029        -0.015        -0.040         0.131         0.025
 PROP_F_1       0.326         0.271         0.241         0.103         0.126
 PROP_F_1       0.195         0.303         0.208         0.098         0.117
 PROP_F_1       0.223         0.237         0.194         0.132         0.059
 PROP_RP_      -0.166        -0.161        -0.019         0.210         0.027
 PROP_RP_      -0.175        -0.134        -0.165         0.184         0.095
 PROP_RP_      -0.094        -0.082        -0.142         0.178         0.057


           Residuals for Correlations
              PROP_R_1      PROP_F_1      PROP_F_1      PROP_F_1      PROP_RP_
              ________      ________      ________      ________      ________
 PROP_R_1       0.000
 PROP_F_1       0.197         0.000
 PROP_F_1       0.131         0.010         0.000
 PROP_F_1       0.101         0.070         0.038         0.000
 PROP_RP_       0.068        -0.072        -0.094         0.009         0.000
 PROP_RP_       0.125        -0.035        -0.043        -0.079        -0.101
 PROP_RP_       0.149         0.079        -0.024        -0.066        -0.115


           Residuals for Correlations
              PROP_RP_      PROP_RP_
              ________      ________
 PROP_RP_       0.000
 PROP_RP_      -0.029         0.000


           Standardized Residuals (z-scores) for Covariances
              PROP_P_1      PROP_P_1      PROP_P_1      PROP_R_1      PROP_R_1
              ________      ________      ________      ________      ________
 PROP_P_1     999.000
 PROP_P_1     999.000        -0.776
 PROP_P_1     999.000       999.000       999.000
 PROP_R_1      -0.876         0.752         1.274         2.045
 PROP_R_1      -1.264         0.112        -2.049         2.151         1.561
 PROP_R_1       0.557         0.628        -0.476         2.576         1.802
 PROP_F_1       3.013         2.774         2.428         2.068         2.101
 PROP_F_1       2.068         3.064         2.214         1.990         2.239
 PROP_F_1       2.449         2.761         2.383         2.361         1.929
 PROP_RP_     999.000       999.000       999.000         2.191        -0.673
 PROP_RP_     999.000       999.000       999.000         2.200         1.571
 PROP_RP_     999.000       999.000       999.000         1.979         0.300


           Standardized Residuals (z-scores) for Covariances
              PROP_R_1      PROP_F_1      PROP_F_1      PROP_F_1      PROP_RP_
              ________      ________      ________      ________      ________
 PROP_R_1       1.873
 PROP_F_1       2.615         1.928
 PROP_F_1       2.306         1.852         1.979
 PROP_F_1       2.358         2.343         2.202         2.181
 PROP_RP_       0.592        -1.776        -1.587         0.056       999.000
 PROP_RP_       1.685        -0.416        -0.327        -0.625       999.000
 PROP_RP_       1.773         0.783        -0.345        -0.841       999.000


           Standardized Residuals (z-scores) for Covariances
              PROP_RP_      PROP_RP_
              ________      ________
 PROP_RP_     999.000
 PROP_RP_     999.000       999.000


           Normalized Residuals for Covariances
              PROP_P_1      PROP_P_1      PROP_P_1      PROP_R_1      PROP_R_1
              ________      ________      ________      ________      ________
 PROP_P_1      -1.378
 PROP_P_1      -1.059        -0.179
 PROP_P_1      -1.520        -0.724        -1.458
 PROP_R_1      -0.433         0.513         0.759         1.554
 PROP_R_1      -0.475         0.053        -0.440         1.519         0.957
 PROP_R_1       0.319         0.394        -0.175         1.973         1.206
 PROP_F_1       2.145         2.158         1.666         1.653         1.612
 PROP_F_1       1.490         2.376         1.510         1.653         1.689
 PROP_F_1       1.748         2.105         1.494         1.953         1.434
 PROP_RP_      -2.801        -2.211        -1.529         1.297        -0.215
 PROP_RP_      -2.503        -1.689        -2.536         1.393         0.504
 PROP_RP_      -1.944        -1.442        -2.584         1.248         0.100


           Normalized Residuals for Covariances
              PROP_R_1      PROP_F_1      PROP_F_1      PROP_F_1      PROP_RP_
              ________      ________      ________      ________      ________
 PROP_R_1       1.374
 PROP_F_1       2.151         1.266
 PROP_F_1       1.875         1.285         1.488
 PROP_F_1       1.838         1.735         1.684         1.712
 PROP_RP_       0.309        -0.806        -0.887         0.032        -2.550
 PROP_RP_       0.919        -0.229        -0.168        -0.315        -2.441
 PROP_RP_       0.902         0.478        -0.196        -0.379        -2.696


           Normalized Residuals for Covariances
              PROP_RP_      PROP_RP_
              ________      ________
 PROP_RP_      -1.480
 PROP_RP_      -1.739        -2.033


TECHNICAL 1 OUTPUT


     PARAMETER SPECIFICATION


           NU
              PROP_P_1      PROP_P_1      PROP_P_1      PROP_R_1      PROP_R_1
              ________      ________      ________      ________      ________
                  1             2             3             4             5


           NU
              PROP_R_1      PROP_F_1      PROP_F_1      PROP_F_1      PROP_RP_
              ________      ________      ________      ________      ________
                  6             7             8             9            10


           NU
              PROP_RP_      PROP_RP_
              ________      ________
                 11            12


           LAMBDA
              T1            T2            T3            M_REP         M_VIC
              ________      ________      ________      ________      ________
 PROP_P_1           0             0             0             0             0
 PROP_P_1           0             0             0             0             0
 PROP_P_1           0             0             0             0             0
 PROP_R_1           0             0             0             0             0
 PROP_R_1           0             0             0             0             0
 PROP_R_1           0             0             0             0             0
 PROP_F_1           0             0             0             0             0
 PROP_F_1           0             0             0             0             0
 PROP_F_1           0             0             0             0             0
 PROP_RP_           0             0             0             0             0
 PROP_RP_           0             0             0             0             0
 PROP_RP_           0             0             0             0             0


           LAMBDA
              M_LOC         M_VICREP
              ________      ________
 PROP_P_1           0             0
 PROP_P_1           0             0
 PROP_P_1           0             0
 PROP_R_1           0             0
 PROP_R_1           0             0
 PROP_R_1           0             0
 PROP_F_1           0             0
 PROP_F_1           0             0
 PROP_F_1           0             0
 PROP_RP_           0             0
 PROP_RP_           0             0
 PROP_RP_           0             0


           THETA
              PROP_P_1      PROP_P_1      PROP_P_1      PROP_R_1      PROP_R_1
              ________      ________      ________      ________      ________
 PROP_P_1          13
 PROP_P_1           0            14
 PROP_P_1           0             0            15
 PROP_R_1           0             0             0            16
 PROP_R_1           0             0             0             0            17
 PROP_R_1           0             0             0             0             0
 PROP_F_1           0             0             0             0             0
 PROP_F_1           0             0             0             0             0
 PROP_F_1           0             0             0             0             0
 PROP_RP_           0             0             0             0             0
 PROP_RP_           0             0             0             0             0
 PROP_RP_           0             0             0             0             0


           THETA
              PROP_R_1      PROP_F_1      PROP_F_1      PROP_F_1      PROP_RP_
              ________      ________      ________      ________      ________
 PROP_R_1          18
 PROP_F_1           0            19
 PROP_F_1           0             0            20
 PROP_F_1           0             0             0            21
 PROP_RP_           0             0             0             0            22
 PROP_RP_           0             0             0             0             0
 PROP_RP_           0             0             0             0             0


           THETA
              PROP_RP_      PROP_RP_
              ________      ________
 PROP_RP_          23
 PROP_RP_           0            24


           ALPHA
              T1            T2            T3            M_REP         M_VIC
              ________      ________      ________      ________      ________
                  0             0             0             0             0


           ALPHA
              M_LOC         M_VICREP
              ________      ________
                  0             0


           BETA
              T1            T2            T3            M_REP         M_VIC
              ________      ________      ________      ________      ________
 T1                 0             0             0             0             0
 T2                25             0             0             0             0
 T3                 0            26             0             0             0
 M_REP              0             0             0             0             0
 M_VIC              0             0             0             0             0
 M_LOC              0             0             0             0             0
 M_VICREP           0             0             0             0             0


           BETA
              M_LOC         M_VICREP
              ________      ________
 T1                 0             0
 T2                 0             0
 T3                 0             0
 M_REP              0             0
 M_VIC              0             0
 M_LOC              0             0
 M_VICREP           0             0


           PSI
              T1            T2            T3            M_REP         M_VIC
              ________      ________      ________      ________      ________
 T1                27
 T2                 0            28
 T3                 0             0            29
 M_REP              0             0             0            30
 M_VIC              0             0             0             0            31
 M_LOC              0             0             0             0             0
 M_VICREP           0             0             0             0             0


           PSI
              M_LOC         M_VICREP
              ________      ________
 M_LOC             32
 M_VICREP           0            33


     STARTING VALUES


           NU
              PROP_P_1      PROP_P_1      PROP_P_1      PROP_R_1      PROP_R_1
              ________      ________      ________      ________      ________
                0.857         1.077         1.120         2.753         3.137


           NU
              PROP_R_1      PROP_F_1      PROP_F_1      PROP_F_1      PROP_RP_
              ________      ________      ________      ________      ________
                3.097         1.590         1.995         2.105         1.416


           NU
              PROP_RP_      PROP_RP_
              ________      ________
                1.707         1.556


           LAMBDA
              T1            T2            T3            M_REP         M_VIC
              ________      ________      ________      ________      ________
 PROP_P_1       1.000         0.000         0.000         1.000         0.000
 PROP_P_1       0.000         1.000         0.000         1.000         0.000
 PROP_P_1       0.000         0.000         1.000         1.000         0.000
 PROP_R_1       1.000         0.000         0.000         0.000         1.000
 PROP_R_1       0.000         1.000         0.000         0.000         1.000
 PROP_R_1       0.000         0.000         1.000         0.000         1.000
 PROP_F_1       1.000         0.000         0.000         0.000         0.000
 PROP_F_1       0.000         1.000         0.000         0.000         0.000
 PROP_F_1       0.000         0.000         1.000         0.000         0.000
 PROP_RP_       1.000         0.000         0.000         0.000         0.000
 PROP_RP_       0.000         1.000         0.000         0.000         0.000
 PROP_RP_       0.000         0.000         1.000         0.000         0.000


           LAMBDA
              M_LOC         M_VICREP
              ________      ________
 PROP_P_1       0.000         0.000
 PROP_P_1       0.000         0.000
 PROP_P_1       0.000         0.000
 PROP_R_1       0.000         0.000
 PROP_R_1       0.000         0.000
 PROP_R_1       0.000         0.000
 PROP_F_1       1.000         0.000
 PROP_F_1       1.000         0.000
 PROP_F_1       1.000         0.000
 PROP_RP_       0.000         1.000
 PROP_RP_       0.000         1.000
 PROP_RP_       0.000         1.000


           THETA
              PROP_P_1      PROP_P_1      PROP_P_1      PROP_R_1      PROP_R_1
              ________      ________      ________      ________      ________
 PROP_P_1       0.329
 PROP_P_1       0.000         0.481
 PROP_P_1       0.000         0.000         0.428
 PROP_R_1       0.000         0.000         0.000         0.561
 PROP_R_1       0.000         0.000         0.000         0.000         0.512
 PROP_R_1       0.000         0.000         0.000         0.000         0.000
 PROP_F_1       0.000         0.000         0.000         0.000         0.000
 PROP_F_1       0.000         0.000         0.000         0.000         0.000
 PROP_F_1       0.000         0.000         0.000         0.000         0.000
 PROP_RP_       0.000         0.000         0.000         0.000         0.000
 PROP_RP_       0.000         0.000         0.000         0.000         0.000
 PROP_RP_       0.000         0.000         0.000         0.000         0.000


           THETA
              PROP_R_1      PROP_F_1      PROP_F_1      PROP_F_1      PROP_RP_
              ________      ________      ________      ________      ________
 PROP_R_1       0.744
 PROP_F_1       0.000         0.612
 PROP_F_1       0.000         0.000         0.794
 PROP_F_1       0.000         0.000         0.000         0.869
 PROP_RP_       0.000         0.000         0.000         0.000         0.296
 PROP_RP_       0.000         0.000         0.000         0.000         0.000
 PROP_RP_       0.000         0.000         0.000         0.000         0.000


           THETA
              PROP_RP_      PROP_RP_
              ________      ________
 PROP_RP_       0.349
 PROP_RP_       0.000         0.427


           ALPHA
              T1            T2            T3            M_REP         M_VIC
              ________      ________      ________      ________      ________
                0.000         0.000         0.000         0.000         0.000


           ALPHA
              M_LOC         M_VICREP
              ________      ________
                0.000         0.000


           BETA
              T1            T2            T3            M_REP         M_VIC
              ________      ________      ________      ________      ________
 T1             0.000         0.000         0.000         0.000         0.000
 T2             0.000         0.000         0.000         0.000         0.000
 T3             0.000         0.000         0.000         0.000         0.000
 M_REP          0.000         0.000         0.000         0.000         0.000
 M_VIC          0.000         0.000         0.000         0.000         0.000
 M_LOC          0.000         0.000         0.000         0.000         0.000
 M_VICREP       0.000         0.000         0.000         0.000         0.000


           BETA
              M_LOC         M_VICREP
              ________      ________
 T1             0.000         0.000
 T2             0.000         0.000
 T3             0.000         0.000
 M_REP          0.000         0.000
 M_VIC          0.000         0.000
 M_LOC          0.000         0.000
 M_VICREP       0.000         0.000


           PSI
              T1            T2            T3            M_REP         M_VIC
              ________      ________      ________      ________      ________
 T1             0.050
 T2             0.000         0.050
 T3             0.000         0.000         0.050
 M_REP          0.000         0.000         0.000         0.050
 M_VIC          0.000         0.000         0.000         0.000         0.050
 M_LOC          0.000         0.000         0.000         0.000         0.000
 M_VICREP       0.000         0.000         0.000         0.000         0.000


           PSI
              M_LOC         M_VICREP
              ________      ________
 M_LOC          0.050
 M_VICREP       0.000         0.050


TECHNICAL 5/6 OUTPUT



TECHNICAL OUTPUT FROM EM ALGORITHM ITERATIONS FOR THE H1 MODEL

   ITER        FUNCTION     ABS CHANGE   REL CHANGE

      1     0.12100445D+02
      2    -0.43037449D+01  -16.4041903   -1.3556683
      3    -0.43037449D+01  -16.4041903   -1.3556683

   TECHNICAL OUTPUT FROM QUASI-NEWTON ITERATIONS


   ITERATIONS USING GRADIENT


   ITER STEP   FUNCTION     ABS CHANGE   REL CHANGE   STEP LENGTH   DERIVATIVE

      1   0 0.70320927D+01                           0.000000D+00 -.125105D+02
          1 0.61417541D+01   -0.8903386   -0.1266108 0.100000D+00 -.619912D+01
          2 0.56888365D+01   -0.4529176   -0.0737440 0.198221D+00 -.334446D+01
          3 0.54132746D+01   -0.2755619   -0.0484391 0.313294D+00 -.163300D+01
          4 0.52872912D+01   -0.1259834   -0.0232730 0.423092D+00 -.742571D+00
      1   0 0.70320927D+01                           0.000000D+00 -.125105D+02
          1 0.61417541D+01   -0.8903386   -0.1266108 0.100000D+00 -.619912D+01
          2 0.56888365D+01   -0.4529176   -0.0737440 0.198221D+00 -.334446D+01
          3 0.54132746D+01   -0.2755619   -0.0484391 0.313294D+00 -.163300D+01
          4 0.52872912D+01   -0.1259834   -0.0232730 0.423092D+00 -.742571D+00
      2   0 0.52872912D+01                           0.000000D+00 -.187885D+01
          1 0.46392960D+01   -0.6479952   -0.1225571 0.423092D+00 -.113683D+01
          2 0.49621058D+01    0.3228098    0.0695816 0.885586D+00 0.704445D+01
          3 0.44741734D+01   -0.4879324   -0.0983317 0.676834D+00 0.124507D+00
      2   0 0.52872912D+01                           0.000000D+00 -.187885D+01
          1 0.46392960D+01   -0.6479952   -0.1225571 0.423092D+00 -.113683D+01
          2 0.49621058D+01    0.3228098    0.0695816 0.885586D+00 0.704445D+01
          3 0.44741734D+01   -0.4879324   -0.0983317 0.676834D+00 0.124507D+00
      3   0 0.44741734D+01                           0.000000D+00 -.337593D+01
          1 0.43691953D+01   -0.1049781   -0.0234631 0.676834D+00 0.147665D+00
      3   0 0.44741734D+01                           0.000000D+00 -.337593D+01
          1 0.43691953D+01   -0.1049781   -0.0234631 0.676834D+00 0.147665D+00
      4   0 0.43691953D+01                           0.000000D+00 -.179807D+01
          1 0.40119876D+01   -0.3572077   -0.0817559 0.676834D+00 0.119557D+02
          2 0.36095901D+01   -0.4023975   -0.1002988 0.454035D+00 -.112089D+01
          3 0.35558638D+01   -0.0537263   -0.0148843 0.565427D+00 0.531688D+00
          4 0.35504252D+01   -0.0054386   -0.0015295 0.542141D+00 -.329664D-01
      4   0 0.43691953D+01                           0.000000D+00 -.179807D+01
          1 0.40119876D+01   -0.3572077   -0.0817559 0.676834D+00 0.119557D+02
          2 0.36095901D+01   -0.4023975   -0.1002988 0.454035D+00 -.112089D+01
          3 0.35558638D+01   -0.0537263   -0.0148843 0.565427D+00 0.531688D+00
          4 0.35504252D+01   -0.0054386   -0.0015295 0.542141D+00 -.329664D-01
      5   0 0.35504252D+01                           0.000000D+00 -.263323D+01
          1 0.33114971D+01   -0.2389281   -0.0672956 0.542141D+00 -.140047D+00
      5   0 0.35504252D+01                           0.000000D+00 -.263323D+01
          1 0.33114971D+01   -0.2389281   -0.0672956 0.542141D+00 -.140047D+00
      6   0 0.33114971D+01                           0.000000D+00 -.174022D+01
          1                                          0.542141D+00
          2 0.29585989D+01   -0.3528982   -0.1065676 0.298178D+00 0.258925D+00
          3 0.29573465D+01   -0.0012524   -0.0004233 0.281034D+00 -.993806D-01
      6   0 0.33114971D+01                           0.000000D+00 -.174022D+01
          1                                          0.542141D+00
          2 0.29585989D+01   -0.3528982   -0.1065676 0.298178D+00 0.258925D+00
          3 0.29573465D+01   -0.0012524   -0.0004233 0.281034D+00 -.993806D-01
      7   0 0.29573465D+01                           0.000000D+00 -.293426D+01
          1 0.28800231D+01   -0.0773234   -0.0261462 0.281034D+00 0.419433D+00
          2 0.28385632D+01   -0.0414599   -0.0143957 0.124102D+00 -.266174D-01
      7   0 0.29573465D+01                           0.000000D+00 -.293426D+01
          1 0.28800231D+01   -0.0773234   -0.0261462 0.281034D+00 0.419433D+00
          2 0.28385632D+01   -0.0414599   -0.0143957 0.124102D+00 -.266174D-01
      8   0 0.28385632D+01                           0.000000D+00 -.155433D+01
          1 0.26762434D+01   -0.1623198   -0.0571838 0.124102D+00 -.951499D+00
          2 0.26403583D+01   -0.0358851   -0.0134088 0.222846D+00 0.486609D+00
          3 0.26351194D+01   -0.0052389   -0.0019842 0.199247D+00 -.176921D-01
      8   0 0.28385632D+01                           0.000000D+00 -.155433D+01
          1 0.26762434D+01   -0.1623198   -0.0571838 0.124102D+00 -.951499D+00
          2 0.26403583D+01   -0.0358851   -0.0134088 0.222846D+00 0.486609D+00
          3 0.26351194D+01   -0.0052389   -0.0019842 0.199247D+00 -.176921D-01
      9   0 0.26351194D+01                           0.000000D+00 -.207690D+01
          1 0.25779484D+01   -0.0571710   -0.0216958 0.199247D+00 0.428188D+00
          2 0.25549810D+01   -0.0229674   -0.0089092 0.101087D+00 -.494743D-01
      9   0 0.26351194D+01                           0.000000D+00 -.207690D+01
          1 0.25779484D+01   -0.0571710   -0.0216958 0.199247D+00 0.428188D+00
          2 0.25549810D+01   -0.0229674   -0.0089092 0.101087D+00 -.494743D-01
     10   0 0.25549810D+01                           0.000000D+00 -.126131D+01
          1 0.24563683D+01   -0.0986127   -0.0385962 0.101087D+00 -.575723D+00
          2 0.24441892D+01   -0.0121792   -0.0049582 0.149881D+00 0.147144D+00
          3 0.24436226D+01   -0.0005666   -0.0002318 0.141905D+00 -.252113D-02
     10   0 0.25549810D+01                           0.000000D+00 -.126131D+01
          1 0.24563683D+01   -0.0986127   -0.0385962 0.101087D+00 -.575723D+00
          2 0.24441892D+01   -0.0121792   -0.0049582 0.149881D+00 0.147144D+00
          3 0.24436226D+01   -0.0005666   -0.0002318 0.141905D+00 -.252113D-02
     11   0 0.24436226D+01                           0.000000D+00 -.161039D+01
          1 0.24113689D+01   -0.0322537   -0.0131991 0.141905D+00 0.474587D+00
          2 0.23940749D+01   -0.0172939   -0.0071718 0.749408D-01 -.272010D-01
     11   0 0.24436226D+01                           0.000000D+00 -.161039D+01
          1 0.24113689D+01   -0.0322537   -0.0131991 0.141905D+00 0.474587D+00
          2 0.23940749D+01   -0.0172939   -0.0071718 0.749408D-01 -.272010D-01
     12   0 0.23940749D+01                           0.000000D+00 -.989060D+00
          1 0.23403171D+01   -0.0537578   -0.0224545 0.749408D-01 -.352692D+00
          2 0.23360783D+01   -0.0042388   -0.0018112 0.101051D+00 0.516613D-01
     12   0 0.23940749D+01                           0.000000D+00 -.989060D+00
          1 0.23403171D+01   -0.0537578   -0.0224545 0.749408D-01 -.352692D+00
          2 0.23360783D+01   -0.0042388   -0.0018112 0.101051D+00 0.516613D-01
     13   0 0.23360783D+01                           0.000000D+00 -.128220D+01
          1 0.23190157D+01   -0.0170626   -0.0073040 0.101051D+00 0.461164D+00
          2 0.23069885D+01   -0.0120272   -0.0051864 0.533759D-01 -.142162D-01
     13   0 0.23360783D+01                           0.000000D+00 -.128220D+01
          1 0.23190157D+01   -0.0170626   -0.0073040 0.101051D+00 0.461164D+00
          2 0.23069885D+01   -0.0120272   -0.0051864 0.533759D-01 -.142162D-01
     14   0 0.23069885D+01                           0.000000D+00 -.740040D+00
          1 0.22792829D+01   -0.0277055   -0.0120094 0.533759D-01 -.244687D+00
          2 0.22771160D+01   -0.0021669   -0.0009507 0.717521D-01 0.196371D-01
     14   0 0.23069885D+01                           0.000000D+00 -.740040D+00
          1 0.22792829D+01   -0.0277055   -0.0120094 0.533759D-01 -.244687D+00
          2 0.22771160D+01   -0.0021669   -0.0009507 0.717521D-01 0.196371D-01
     15   0 0.22771160D+01                           0.000000D+00 -.884758D+00
          1 0.22710856D+01   -0.0060304   -0.0026482 0.717521D-01 0.438621D+00
          2 0.22627029D+01   -0.0083827   -0.0036911 0.366695D-01 -.362885D-02
     15   0 0.22771160D+01                           0.000000D+00 -.884755D+00
          1 0.22710580D+01   -0.0060580   -0.0026604 0.717521D-01 0.438093D+00
          2 0.22626927D+01   -0.0083652   -0.0036834 0.366944D-01 -.365883D-02
     16   0 0.22626927D+01                           0.000000D+00 -.479371D+00
          1 0.22517729D+01   -0.0109198   -0.0048260 0.366695D-01 -.882163D-01
          2 0.22514856D+01   -0.0002873   -0.0001276 0.432680D-01 0.236474D-02
     16   0 0.22626927D+01                           0.000000D+00 -.479367D+00
          1 0.22517547D+01   -0.0109380   -0.0048341 0.366944D-01 -.888814D-01
          2 0.22514623D+01   -0.0002924   -0.0001298 0.433578D-01 0.238834D-02
     17   0 0.22514623D+01                           0.000000D+00 -.510115D+00
          1 0.22487221D+01   -0.0027402   -0.0012171 0.432680D-01 0.283027D+00
          2 0.22458228D+01   -0.0028993   -0.0012893 0.237589D-01 -.142233D-02
     17   0 0.22514623D+01                           0.000000D+00 -.510104D+00
          1 0.22487155D+01   -0.0027468   -0.0012200 0.433578D-01 0.282956D+00
          2 0.22458111D+01   -0.0029044   -0.0012916 0.238093D-01 -.142386D-02
     18   0 0.22458111D+01                           0.000000D+00 -.305091D+00
          1 0.22414186D+01   -0.0043926   -0.0019559 0.237589D-01 -.532307D-01
          2 0.22413038D+01   -0.0001148   -0.0000512 0.280837D-01 0.623104D-03
     18   0 0.22458111D+01                           0.000000D+00 -.305080D+00
          1 0.22414051D+01   -0.0044061   -0.0019619 0.238093D-01 -.536140D-01
          2 0.22412882D+01   -0.0001168   -0.0000521 0.281808D-01 0.629455D-03
     19   0 0.22412882D+01                           0.000000D+00 -.346710D+00
          1 0.22395668D+01   -0.0017214   -0.0007680 0.280837D-01 0.181669D+00
          2 0.22385134D+01   -0.0010535   -0.0004704 0.168010D-01 -.635494D-03
     19   0 0.22412882D+01                           0.000000D+00 -.346699D+00
          1 0.22395711D+01   -0.0017171   -0.0007661 0.281808D-01 0.182271D+00
          2 0.22385080D+01   -0.0010631   -0.0004747 0.168341D-01 -.633630D-03
     20   0 0.22385080D+01                           0.000000D+00 -.215184D+00
          1 0.22363327D+01   -0.0021754   -0.0009718 0.168010D-01 -.378379D-01
          2 0.22362721D+01   -0.0000606   -0.0000271 0.200030D-01 0.250254D-03
     20   0 0.22385080D+01                           0.000000D+00 -.215177D+00
          1 0.22363273D+01   -0.0021808   -0.0009742 0.168341D-01 -.379836D-01
          2 0.22362661D+01   -0.0000612   -0.0000274 0.200572D-01 0.251688D-03
     21   0 0.22362661D+01                           0.000000D+00 -.249428D+00
          1 0.22353243D+01   -0.0009417   -0.0004211 0.200030D-01 0.133324D+00
          2 0.22347950D+01   -0.0005293   -0.0002368 0.122175D-01 -.255007D-03
     21   0 0.22362661D+01                           0.000000D+00 -.249422D+00
          1 0.22353274D+01   -0.0009387   -0.0004198 0.200572D-01 0.133818D+00
          2 0.22347933D+01   -0.0005341   -0.0002389 0.122317D-01 -.254311D-03
     22   0 0.22347933D+01                           0.000000D+00 -.155597D+00
          1 0.22336613D+01   -0.0011320   -0.0005065 0.122175D-01 -.265271D-01
          2 0.22336307D+01   -0.0000306   -0.0000137 0.145255D-01 0.967858D-04
     22   0 0.22347933D+01                           0.000000D+00 -.155594D+00
          1 0.22336597D+01   -0.0011336   -0.0005072 0.122317D-01 -.265725D-01
          2 0.22336289D+01   -0.0000308   -0.0000138 0.145472D-01 0.970336D-04
     23   0 0.22336289D+01                           0.000000D+00 -.181611D+00
          1 0.22331153D+01   -0.0005136   -0.0002299 0.145255D-01 0.991217D-01
          2 0.22328357D+01   -0.0002796   -0.0001252 0.896505D-02 -.103804D-03
     23   0 0.22336289D+01                           0.000000D+00 -.181609D+00
          1 0.22331166D+01   -0.0005124   -0.0002294 0.145472D-01 0.993723D-01
          2 0.22328353D+01   -0.0002812   -0.0001259 0.896937D-02 -.103617D-03
     24   0 0.22328353D+01                           0.000000D+00 -.113888D+00
          1 0.22322303D+01   -0.0006050   -0.0002709 0.896505D-02 -.193580D-01
          2 0.22322136D+01   -0.0000167   -0.0000075 0.106889D-01 0.393243D-04
     24   0 0.22328353D+01                           0.000000D+00 -.113887D+00
          1 0.22322300D+01   -0.0006053   -0.0002711 0.896937D-02 -.193643D-01
          2 0.22322133D+01   -0.0000167   -0.0000075 0.106947D-01 0.393454D-04
     25   0 0.22322133D+01                           0.000000D+00 -.134138D+00
          1 0.22319237D+01   -0.0002896   -0.0001297 0.106889D-01 0.734948D-01
          2 0.22317745D+01   -0.0001493   -0.0000669 0.667128D-02 -.439894D-04
     25   0 0.22322133D+01                           0.000000D+00 -.134137D+00
          1 0.22319232D+01   -0.0002901   -0.0001300 0.106947D-01 0.734215D-01
          2 0.22317741D+01   -0.0001491   -0.0000668 0.667746D-02 -.440276D-04
     26   0 0.22317741D+01                           0.000000D+00 -.848602D-01
          1 0.22314384D+01   -0.0003356   -0.0001504 0.667128D-02 -.148113D-01
          2 0.22314284D+01   -0.0000100   -0.0000045 0.801599D-02 0.173510D-04
     26   0 0.22317741D+01                           0.000000D+00 -.848599D-01
          1 0.22314372D+01   -0.0003368   -0.0001509 0.667746D-02 -.150800D-01
          2 0.22314268D+01   -0.0000104   -0.0000047 0.805307D-02 0.177565D-04
     27   0 0.22314268D+01                           0.000000D+00 -.101397D+00
          1 0.22312546D+01   -0.0001722   -0.0000772 0.801599D-02 0.547490D-01
          2 0.22311734D+01   -0.0000812   -0.0000364 0.507376D-02 -.199217D-04
     27   0 0.22314268D+01                           0.000000D+00 -.101396D+00
          1 0.22312535D+01   -0.0001734   -0.0000777 0.805307D-02 0.546601D-01
          2 0.22311721D+01   -0.0000814   -0.0000365 0.510008D-02 -.200100D-04
     28   0 0.22311721D+01                           0.000000D+00 -.648864D-01
          1 0.22309760D+01   -0.0001961   -0.0000879 0.507376D-02 -.118610D-01
          2 0.22309695D+01   -0.0000065   -0.0000029 0.616701D-02 0.848185D-05
     28   0 0.22311721D+01                           0.000000D+00 -.648849D-01
          1 0.22309742D+01   -0.0001979   -0.0000887 0.510008D-02 -.121926D-01
          2 0.22309672D+01   -0.0000069   -0.0000031 0.623679D-02 0.881104D-05

   ITERATIONS USING QUASI-NEWTON


   ITER STEP   FUNCTION     ABS CHANGE   REL CHANGE   STEP LENGTH   DERIVATIVE

      1   0 0.22309672D+01                           0.000000D+00 -.789834D-01
          1 0.22862181D+01    0.0552508    0.0247654 0.100000D+00 0.931504D+00
          2 0.22308149D+01   -0.0554031   -0.0242335 0.455640D-02 0.109139D-01
          3 0.22308118D+01   -0.0000031   -0.0000014 0.398285D-02 -.494072D-05
      2   0 0.22308118D+01                           0.000000D+00 -.429965D-01
          1 0.22306514D+01   -0.0001604   -0.0000719 0.398285D-02 -.375238D-01
          2 0.22301443D+01   -0.0005071   -0.0002273 0.312918D-01 0.552533D-03
      3   0 0.22301443D+01                           0.000000D+00 -.251336D-01
          1 0.22295683D+01   -0.0005760   -0.0002583 0.312918D-01 -.109496D-01
          2 0.22294630D+01   -0.0001054   -0.0000473 0.506230D-01 0.456592D-03
      4   0 0.22294630D+01                           0.000000D+00 -.244004D-01
          1 0.22300707D+01    0.0006077    0.0002726 0.506230D-01 0.543207D-01
          2 0.22292344D+01   -0.0008363   -0.0003750 0.183256D-01 0.100993D-03
      5   0 0.22292344D+01                           0.000000D+00 -.238739D-01
          1 0.22289830D+01   -0.0002514   -0.0001128 0.183256D-01 -.356897D-02
          2 0.22289772D+01   -0.0000057   -0.0000026 0.215495D-01 0.942588D-05
      6   0 0.22289772D+01                           0.000000D+00 -.246495D-01
          1 0.22291602D+01    0.0001830    0.0000821 0.215495D-01 0.429199D-01
          2 0.22288761D+01   -0.0002841   -0.0001274 0.815109D-02 0.120674D-04
      7   0 0.22288761D+01                           0.000000D+00 -.216179D-01
          1 0.22288278D+01   -0.0000483   -0.0000217 0.815109D-02 0.963992D-02
          2 0.22288156D+01   -0.0000122   -0.0000055 0.561749D-02 -.308058D-06
      8   0 0.22288156D+01                           0.000000D+00 -.151715D-01
          1 0.22287772D+01   -0.0000383   -0.0000172 0.561749D-02 0.148931D-02
      9   0 0.22287772D+01                           0.000000D+00 -.106463D-01
          1 0.22287719D+01   -0.0000053   -0.0000024 0.561749D-02 0.880102D-02
          2 0.22287608D+01   -0.0000111   -0.0000050 0.308441D-02 -.416141D-07
     10   0 0.22287608D+01                           0.000000D+00 -.680812D-02
          1 0.22287728D+01    0.0000121    0.0000054 0.308441D-02 0.146315D-01
          2 0.22287575D+01   -0.0000154   -0.0000069 0.979451D-03 -.104784D-05
     10   0 0.22287608D+01                           0.000000D+00 -.707959D-02
          1                                          0.100000D+01
          2 0.19610698D+02   17.3819371    7.7989245 0.550000D+00 0.139430D+04
          3 0.27957158D+01  -16.8149820   -0.8574392 0.357961D+00 0.516324D+01
          4 0.22357750D+01   -0.5599409   -0.2002853 0.507080D-01 0.285171D+00
          5 0.22287564D+01   -0.0070186   -0.0031392 0.124636D-02 0.456703D-04
     11   0 0.22287564D+01                           0.000000D+00 -.166109D-02
          1 0.22287567D+01    0.0000003    0.0000001 0.979451D-03 0.223845D-02
          2 0.22287561D+01   -0.0000006   -0.0000003 0.417217D-03 0.128663D-06
     12   0 0.22287561D+01                           0.000000D+00 -.710100D-03
          1 0.22287561D+01    0.0000001    0.0000000 0.417217D-03 0.100080D-02
          2 0.22287560D+01   -0.0000001   -0.0000001 0.173164D-03 -.797428D-07
     13   0 0.22287560D+01                           0.000000D+00 -.135772D-03
          1 0.22287560D+01    0.0000000    0.0000000 0.173164D-03 0.557636D-03
          2 0.22287560D+01    0.0000000    0.0000000 0.339062D-04 -.117246D-07


DIAGRAM INFORMATION

  Use View Diagram under the Diagram menu in the Mplus Editor to view the diagram.
  If running Mplus from the Mplus Diagrammer, the diagram opens automatically.

  Diagram output
    c:\users\msassac6\dropbox (the university of manchester)\grants\measurement error and crime - project\longitudinal c

     Beginning Time:  08:42:46
        Ending Time:  08:42:46
       Elapsed Time:  00:00:00



MUTHEN & MUTHEN
3463 Stoner Ave.
Los Angeles, CA  90066

Tel: (310) 391-9971
Fax: (310) 391-8971
Web: www.StatModel.com
Support: Support@StatModel.com

Copyright (c) 1998-2021 Muthen & Muthen
