Mplus VERSION 8.6
MUTHEN & MUTHEN
04/18/2021   8:17 AM

INPUT INSTRUCTIONS

  TITLE: Your title goes here
  DATA: FILE = "./mplus/b2yw_wo.dat";
  VARIABLE:
  NAMES = id p_15 p_17 p_19 p_r_wo_15 p_r_wo_17
       p_r_wo_19 p_f_wo_15 p_f_wo_17 p_f_wo_19 p_p_wo_15
       p_p_wo_17 p_p_wo_19 p_rp_wo_15 p_rp_wo_17
       p_rp_wo_19 p_pers_15 p_pers_17 p_pers_19 p_pers_r_wo_15
       p_pers_r_wo_17 p_pers_r_wo_19 p_pers_f_wo_15 p_pers_f_wo_17
       p_pers_f_wo_19 p_pers_p_wo_15 p_pers_p_wo_17 p_pers_p_wo_19
       p_pers_rp_wo_15 p_pers_rp_wo_17 p_pers_rp_wo_19 viol_15 viol_17
       viol_19 viol_r_wo_15 viol_r_wo_17 viol_r_wo_19 viol_f_wo_15 viol_f_wo_17
       viol_f_wo_19 viol_p_wo_15 viol_p_wo_17 viol_p_wo_19 viol_rp_wo_15 viol_rp_wo_17
       viol_rp_wo_19;

  USEVARIABLE = p_p_wo_15 p_p_wo_17 p_p_wo_19 p_r_wo_15 p_r_wo_17
      p_r_wo_19 p_f_wo_15 p_f_wo_17 p_f_wo_19;

  MISSING=.;

  Analysis:


    !COVERAGE = 0;
    ESTIMATOR = BAYES;
    PROCESSORS = 4;
    BCONVERGENCE = 0.01;
    THIN = 3000;
    ! FBITERATIONS = 10000;
    BITERATIONS = 500000 20000;
    CHAINS = 4;
    BSEED = 2015022;
    ALGORITHM = GIBBS(PX1);



  MODEL:

  t1 BY p_f_wo_15@1 p_p_wo_15@1 p_r_wo_15@1;
  t2 BY p_f_wo_17@1 p_p_wo_17@1 p_r_wo_17@1;
  t3 BY p_f_wo_19@1 p_p_wo_19@1 p_r_wo_19@1;

  t2 ON t1;
  t3 ON t2;

  m_rep BY p_p_wo_15@1 p_p_wo_17@1 p_p_wo_19@1;
  m_vic BY p_r_wo_15@1 p_r_wo_17@1 p_r_wo_19@1;
  m_loc BY p_f_wo_15@1 p_f_wo_17@1 p_f_wo_19@1;

  m_vic WITH m_rep@0;
  m_vic WITH m_loc@0;
  m_vic WITH t1@0;
  m_rep WITH m_loc@0;
  m_rep WITH t1@0;
  m_loc WITH t1@0;


  [t1 t2 t3 m_vic m_rep m_loc ];

  [p_p_wo_15@0 p_p_wo_17@0 p_p_wo_19@0 p_r_wo_15@0 p_r_wo_17@0
  p_r_wo_19@0 p_f_wo_15@0 p_f_wo_17@0 p_f_wo_19@0];




  OUTPUT:
  	CINTERVAL STANDARDIZED(STDYX) RESIDUAL SVALUES
  	TECH1 TECH5 TECH8 TECH10 TECH16 TECH12 TECH16;



*** WARNING in VARIABLE command
  Note that only the first 8 characters of variable names are used in the output.
  Shorten variable names to avoid any confusion.
*** WARNING in OUTPUT command
  TECH10 option is only available with categorical or count outcomes.
  Request for TECH10 is ignored.
*** WARNING in OUTPUT command
  TECH12 option is available only with TYPE=MIXTURE.
  Request for TECH12 is ignored.
   3 WARNING(S) FOUND IN THE INPUT INSTRUCTIONS



Your title goes here

SUMMARY OF ANALYSIS

Number of groups                                                 1
Number of observations                                          73

Number of dependent variables                                    9
Number of independent variables                                  0
Number of continuous latent variables                            6

Observed dependent variables

  Continuous
   P_P_WO_15   P_P_WO_17   P_P_WO_19   P_R_WO_15   P_R_WO_17   P_R_WO_19
   P_F_WO_15   P_F_WO_17   P_F_WO_19

Continuous latent variables
   T1          T2          T3          M_REP       M_VIC       M_LOC


Estimator                                                    BAYES
Specifications for Bayesian Estimation
  Point estimate                                            MEDIAN
  Number of Markov chain Monte Carlo (MCMC) chains               4
  Random seed for the first chain                          2015022
  Starting value information                           UNPERTURBED
  Algorithm used for Markov chain Monte Carlo           GIBBS(PX1)
  Convergence criterion                                  0.100D-01
  Maximum number of iterations                              500000
  K-th iteration used for thinning                            3000

Input data file(s)
  ./mplus/b2yw_wo.dat
Input data format  FREE


SUMMARY OF DATA



COVARIANCE COVERAGE OF DATA

Minimum covariance coverage value   0.100

     Number of missing data patterns             1


     PROPORTION OF DATA PRESENT


           Covariance Coverage
              P_P_WO_1      P_P_WO_1      P_P_WO_1      P_R_WO_1      P_R_WO_1
              ________      ________      ________      ________      ________
 P_P_WO_1       1.000
 P_P_WO_1       1.000         1.000
 P_P_WO_1       1.000         1.000         1.000
 P_R_WO_1       1.000         1.000         1.000         1.000
 P_R_WO_1       1.000         1.000         1.000         1.000         1.000
 P_R_WO_1       1.000         1.000         1.000         1.000         1.000
 P_F_WO_1       1.000         1.000         1.000         1.000         1.000
 P_F_WO_1       1.000         1.000         1.000         1.000         1.000
 P_F_WO_1       1.000         1.000         1.000         1.000         1.000


           Covariance Coverage
              P_R_WO_1      P_F_WO_1      P_F_WO_1      P_F_WO_1
              ________      ________      ________      ________
 P_R_WO_1       1.000
 P_F_WO_1       1.000         1.000
 P_F_WO_1       1.000         1.000         1.000
 P_F_WO_1       1.000         1.000         1.000         1.000



UNIVARIATE SAMPLE STATISTICS


     UNIVARIATE HIGHER-ORDER MOMENT DESCRIPTIVE STATISTICS

         Variable/         Mean/     Skewness/   Minimum/ % with                Percentiles
        Sample Size      Variance    Kurtosis    Maximum  Min/Max      20%/60%    40%/80%    Median

     P_P_WO_15             1.268      -0.271       0.000   15.07%       0.689      1.177      1.291
              73.000       0.528      -0.490       2.964    1.37%       1.493      1.850
     P_P_WO_17             1.186      -0.010       0.000   17.81%       0.610      1.009      1.111
              73.000       0.591      -0.869       2.916    1.37%       1.395      1.926
     P_P_WO_19             0.997       0.190       0.000   28.77%       0.000      0.781      1.088
              73.000       0.622      -0.865       2.839    1.37%       1.292      1.635
     P_R_WO_15             2.765      -1.020       0.000    4.11%       1.883      2.869      3.048
              73.000       1.063       0.495       4.350    1.37%       3.154      3.483
     P_R_WO_17             2.922      -1.233       0.000    5.48%       2.410      2.773      3.077
              73.000       1.021       1.527       4.406    1.37%       3.367      3.756
     P_R_WO_19             2.700      -0.738       0.000    2.74%       2.088      2.640      2.803
              73.000       0.903       0.389       4.349    1.37%       3.078      3.464
     P_F_WO_15             2.258      -0.768       0.000    9.59%       1.528      2.254      2.471
              73.000       1.082      -0.119       4.045    1.37%       2.604      3.134
     P_F_WO_17             1.928      -0.330       0.000    6.85%       1.155      1.706      2.076
              73.000       0.852      -0.557       3.837    1.37%       2.296      2.690
     P_F_WO_19             1.723       0.004       0.000    9.59%       0.825      1.438      1.798
              73.000       0.947      -0.676       3.716    1.37%       2.056      2.538

     THE MODEL ESTIMATION DID NOT TERMINATE NORMALLY.
     FAILURE TO GENERATE TRUNCATED NORMAL DEVIATE.

     THE PROBLEM OCCURRED IN CHAIN 2.






MODEL RESULTS

                    Estimate

 T1       BY
    P_F_WO_15          1.000
    P_P_WO_15          1.000
    P_R_WO_15          1.000

 T2       BY
    P_F_WO_17          1.000
    P_P_WO_17          1.000
    P_R_WO_17          1.000

 T3       BY
    P_F_WO_19          1.000
    P_P_WO_19          1.000
    P_R_WO_19          1.000

 M_REP    BY
    P_P_WO_15          1.000
    P_P_WO_17          1.000
    P_P_WO_19          1.000

 M_VIC    BY
    P_R_WO_15          1.000
    P_R_WO_17          1.000
    P_R_WO_19          1.000

 M_LOC    BY
    P_F_WO_15          1.000
    P_F_WO_17          1.000
    P_F_WO_19          1.000

 T2         ON
    T1                 0.806

 T3         ON
    T2                 0.991

 M_VIC    WITH
    M_REP              0.000
    M_LOC              0.000
    T1                 0.000

 M_REP    WITH
    M_LOC              0.000
    T1                 0.000

 M_LOC    WITH
    T1                 0.000

 Means
    T1                55.973
    M_REP            -54.876
    M_VIC            -53.201
    M_LOC            -54.030

 Intercepts
    P_P_WO_15          0.000
    P_P_WO_17          0.000
    P_P_WO_19          0.000
    P_R_WO_15          0.000
    P_R_WO_17          0.000
    P_R_WO_19          0.000
    P_F_WO_15          0.000
    P_F_WO_17          0.000
    P_F_WO_19          0.000
    T2                10.885
    T3                 0.233

 Variances
    T1                 0.898
    M_REP              0.030
    M_VIC              0.122
    M_LOC              0.013

 Residual Variances
    P_P_WO_15          0.048
    P_P_WO_17          0.269
    P_P_WO_19          0.115
    P_R_WO_15          0.222
    P_R_WO_17          0.179
    P_R_WO_19          0.105
    P_F_WO_15          0.313
    P_F_WO_17          0.130
    P_F_WO_19          0.045
    T2                 0.123
    T3                 0.197


MODEL COMMAND WITH FINAL ESTIMATES USED AS STARTING VALUES

     t1 BY p_f_wo_15@1;
     t1 BY p_p_wo_15@1;
     t1 BY p_r_wo_15@1;
     t2 BY p_f_wo_17@1;
     t2 BY p_p_wo_17@1;
     t2 BY p_r_wo_17@1;
     t3 BY p_f_wo_19@1;
     t3 BY p_p_wo_19@1;
     t3 BY p_r_wo_19@1;
     m_rep BY p_p_wo_15@1;
     m_rep BY p_p_wo_17@1;
     m_rep BY p_p_wo_19@1;
     m_vic BY p_r_wo_15@1;
     m_vic BY p_r_wo_17@1;
     m_vic BY p_r_wo_19@1;
     m_loc BY p_f_wo_15@1;
     m_loc BY p_f_wo_17@1;
     m_loc BY p_f_wo_19@1;

     t2 ON t1*0.80632;
     t3 ON t2*0.99108;

     m_vic WITH m_rep@0;
     m_vic WITH m_loc@0;
     m_vic WITH t1@0;
     m_rep WITH m_loc@0;
     m_rep WITH t1@0;
     m_loc WITH t1@0;

     [ p_p_wo_15@0 ];
     [ p_p_wo_17@0 ];
     [ p_p_wo_19@0 ];
     [ p_r_wo_15@0 ];
     [ p_r_wo_17@0 ];
     [ p_r_wo_19@0 ];
     [ p_f_wo_15@0 ];
     [ p_f_wo_17@0 ];
     [ p_f_wo_19@0 ];
     [ t1*55.97275 ];
     [ t2*10.88497 ];
     [ t3*0.23285 ];
     [ m_rep*-54.87588 ];
     [ m_vic*-53.20072 ];
     [ m_loc*-54.03025 ];

     p_p_wo_15*0.04842;
     p_p_wo_17*0.26945;
     p_p_wo_19*0.11537;
     p_r_wo_15*0.22233;
     p_r_wo_17*0.17925;
     p_r_wo_19*0.10533;
     p_f_wo_15*0.31277;
     p_f_wo_17*0.12991;
     p_f_wo_19*0.04543;
     t1*0.89827;
     t2*0.12261;
     t3*0.19721;
     m_rep*0.03014;
     m_vic*0.12179;
     m_loc*0.01262;



TECHNICAL 1 OUTPUT


     PARAMETER SPECIFICATION


           NU
              P_P_WO_1      P_P_WO_1      P_P_WO_1      P_R_WO_1      P_R_WO_1
              ________      ________      ________      ________      ________
                    0             0             0             0             0


           NU
              P_R_WO_1      P_F_WO_1      P_F_WO_1      P_F_WO_1
              ________      ________      ________      ________
                    0             0             0             0


           LAMBDA
              T1            T2            T3            M_REP         M_VIC
              ________      ________      ________      ________      ________
 P_P_WO_1           0             0             0             0             0
 P_P_WO_1           0             0             0             0             0
 P_P_WO_1           0             0             0             0             0
 P_R_WO_1           0             0             0             0             0
 P_R_WO_1           0             0             0             0             0
 P_R_WO_1           0             0             0             0             0
 P_F_WO_1           0             0             0             0             0
 P_F_WO_1           0             0             0             0             0
 P_F_WO_1           0             0             0             0             0


           LAMBDA
              M_LOC
              ________
 P_P_WO_1           0
 P_P_WO_1           0
 P_P_WO_1           0
 P_R_WO_1           0
 P_R_WO_1           0
 P_R_WO_1           0
 P_F_WO_1           0
 P_F_WO_1           0
 P_F_WO_1           0


           THETA
              P_P_WO_1      P_P_WO_1      P_P_WO_1      P_R_WO_1      P_R_WO_1
              ________      ________      ________      ________      ________
 P_P_WO_1           1
 P_P_WO_1           0             2
 P_P_WO_1           0             0             3
 P_R_WO_1           0             0             0             4
 P_R_WO_1           0             0             0             0             5
 P_R_WO_1           0             0             0             0             0
 P_F_WO_1           0             0             0             0             0
 P_F_WO_1           0             0             0             0             0
 P_F_WO_1           0             0             0             0             0


           THETA
              P_R_WO_1      P_F_WO_1      P_F_WO_1      P_F_WO_1
              ________      ________      ________      ________
 P_R_WO_1           6
 P_F_WO_1           0             7
 P_F_WO_1           0             0             8
 P_F_WO_1           0             0             0             9


           ALPHA
              T1            T2            T3            M_REP         M_VIC
              ________      ________      ________      ________      ________
                   10            11            12            13            14


           ALPHA
              M_LOC
              ________
                   15


           BETA
              T1            T2            T3            M_REP         M_VIC
              ________      ________      ________      ________      ________
 T1                 0             0             0             0             0
 T2                16             0             0             0             0
 T3                 0            17             0             0             0
 M_REP              0             0             0             0             0
 M_VIC              0             0             0             0             0
 M_LOC              0             0             0             0             0


           BETA
              M_LOC
              ________
 T1                 0
 T2                 0
 T3                 0
 M_REP              0
 M_VIC              0
 M_LOC              0


           PSI
              T1            T2            T3            M_REP         M_VIC
              ________      ________      ________      ________      ________
 T1                18
 T2                 0            19
 T3                 0             0            20
 M_REP              0             0             0            21
 M_VIC              0             0             0             0            22
 M_LOC              0             0             0             0             0


           PSI
              M_LOC
              ________
 M_LOC             23


     STARTING VALUES


           NU
              P_P_WO_1      P_P_WO_1      P_P_WO_1      P_R_WO_1      P_R_WO_1
              ________      ________      ________      ________      ________
                0.000         0.000         0.000         0.000         0.000


           NU
              P_R_WO_1      P_F_WO_1      P_F_WO_1      P_F_WO_1
              ________      ________      ________      ________
                0.000         0.000         0.000         0.000


           LAMBDA
              T1            T2            T3            M_REP         M_VIC
              ________      ________      ________      ________      ________
 P_P_WO_1       1.000         0.000         0.000         1.000         0.000
 P_P_WO_1       0.000         1.000         0.000         1.000         0.000
 P_P_WO_1       0.000         0.000         1.000         1.000         0.000
 P_R_WO_1       1.000         0.000         0.000         0.000         1.000
 P_R_WO_1       0.000         1.000         0.000         0.000         1.000
 P_R_WO_1       0.000         0.000         1.000         0.000         1.000
 P_F_WO_1       1.000         0.000         0.000         0.000         0.000
 P_F_WO_1       0.000         1.000         0.000         0.000         0.000
 P_F_WO_1       0.000         0.000         1.000         0.000         0.000


           LAMBDA
              M_LOC
              ________
 P_P_WO_1       0.000
 P_P_WO_1       0.000
 P_P_WO_1       0.000
 P_R_WO_1       0.000
 P_R_WO_1       0.000
 P_R_WO_1       0.000
 P_F_WO_1       1.000
 P_F_WO_1       1.000
 P_F_WO_1       1.000


           THETA
              P_P_WO_1      P_P_WO_1      P_P_WO_1      P_R_WO_1      P_R_WO_1
              ________      ________      ________      ________      ________
 P_P_WO_1       0.264
 P_P_WO_1       0.000         0.295
 P_P_WO_1       0.000         0.000         0.311
 P_R_WO_1       0.000         0.000         0.000         0.531
 P_R_WO_1       0.000         0.000         0.000         0.000         0.510
 P_R_WO_1       0.000         0.000         0.000         0.000         0.000
 P_F_WO_1       0.000         0.000         0.000         0.000         0.000
 P_F_WO_1       0.000         0.000         0.000         0.000         0.000
 P_F_WO_1       0.000         0.000         0.000         0.000         0.000


           THETA
              P_R_WO_1      P_F_WO_1      P_F_WO_1      P_F_WO_1
              ________      ________      ________      ________
 P_R_WO_1       0.452
 P_F_WO_1       0.000         0.541
 P_F_WO_1       0.000         0.000         0.426
 P_F_WO_1       0.000         0.000         0.000         0.473


           ALPHA
              T1            T2            T3            M_REP         M_VIC
              ________      ________      ________      ________      ________
                0.000         0.000         0.000         0.000         0.000


           ALPHA
              M_LOC
              ________
                0.000


           BETA
              T1            T2            T3            M_REP         M_VIC
              ________      ________      ________      ________      ________
 T1             0.000         0.000         0.000         0.000         0.000
 T2             0.000         0.000         0.000         0.000         0.000
 T3             0.000         0.000         0.000         0.000         0.000
 M_REP          0.000         0.000         0.000         0.000         0.000
 M_VIC          0.000         0.000         0.000         0.000         0.000
 M_LOC          0.000         0.000         0.000         0.000         0.000


           BETA
              M_LOC
              ________
 T1             0.000
 T2             0.000
 T3             0.000
 M_REP          0.000
 M_VIC          0.000
 M_LOC          0.000


           PSI
              T1            T2            T3            M_REP         M_VIC
              ________      ________      ________      ________      ________
 T1             1.000
 T2             0.000         1.000
 T3             0.000         0.000         1.000
 M_REP          0.000         0.000         0.000         1.000
 M_VIC          0.000         0.000         0.000         0.000         1.000
 M_LOC          0.000         0.000         0.000         0.000         0.000


           PSI
              M_LOC
              ________
 M_LOC          1.000



     PRIORS FOR ALL PARAMETERS            PRIOR MEAN      PRIOR VARIANCE     PRIOR STD. DEV.

     Parameter 1~IG(-1.000,0.000)          infinity            infinity            infinity
     Parameter 2~IG(-1.000,0.000)          infinity            infinity            infinity
     Parameter 3~IG(-1.000,0.000)          infinity            infinity            infinity
     Parameter 4~IG(-1.000,0.000)          infinity            infinity            infinity
     Parameter 5~IG(-1.000,0.000)          infinity            infinity            infinity
     Parameter 6~IG(-1.000,0.000)          infinity            infinity            infinity
     Parameter 7~IG(-1.000,0.000)          infinity            infinity            infinity
     Parameter 8~IG(-1.000,0.000)          infinity            infinity            infinity
     Parameter 9~IG(-1.000,0.000)          infinity            infinity            infinity
     Parameter 10~N(0.000,infinity)          0.0000            infinity            infinity
     Parameter 11~N(0.000,infinity)          0.0000            infinity            infinity
     Parameter 12~N(0.000,infinity)          0.0000            infinity            infinity
     Parameter 13~N(0.000,infinity)          0.0000            infinity            infinity
     Parameter 14~N(0.000,infinity)          0.0000            infinity            infinity
     Parameter 15~N(0.000,infinity)          0.0000            infinity            infinity
     Parameter 16~N(0.000,infinity)          0.0000            infinity            infinity
     Parameter 17~N(0.000,infinity)          0.0000            infinity            infinity
     Parameter 18~IG(-1.000,0.000)         infinity            infinity            infinity
     Parameter 19~IG(-1.000,0.000)         infinity            infinity            infinity
     Parameter 20~IG(-1.000,0.000)         infinity            infinity            infinity
     Parameter 21~IG(-1.000,0.000)         infinity            infinity            infinity
     Parameter 22~IG(-1.000,0.000)         infinity            infinity            infinity
     Parameter 23~IG(-1.000,0.000)         infinity            infinity            infinity


TECHNICAL 16 OUTPUT


TECHNICAL 8 OUTPUT


   TECHNICAL 8 OUTPUT FOR BAYES ESTIMATION

     CHAIN    BSEED
     1        2015022
     2        183801
     3        669693
     4        657352

                     POTENTIAL       PARAMETER WITH
     ITERATION    SCALE REDUCTION      HIGHEST PSR
     100              4.668               13
     200              3.677               10
     300              2.973               14
     400              3.804               14
     500              3.664               14
     600              2.520               14
     700              2.266               14
     800              2.338               15
     900              2.418               14
     1000             2.492               10
     1100             2.410               10
     1200             2.289               13
     1300             2.127               10
     1400             1.958               10
     1500             1.764               10
     1600             1.630               10
     1700             1.528               10
     1800             1.407               10
     1900             1.346               14
     2000             1.312               14
     2100             1.299               13
     2200             1.298               13
     2300             1.328               13
     2400             1.363               10
     2500             1.404               10
     2600             1.461               10
     2700             1.477               10
     2800             1.492               10
     2900             1.513               10
     3000             1.540               13
     3100             1.607               10
     3200             1.693               10
     3300             1.768               10
     3400             1.811               10
     3500             1.830               10
     3600             1.882               10
     3700             1.904               10
     3800             1.935               10
     3900             1.964               10
     4000             1.981               10
     4100             1.997               10
     4200             2.036               10
     4300             2.089               10
     4400             2.148               10
     4500             2.214               10
     4600             2.289               10
     4700             2.363               10
     4800             2.446               10
     4900             2.518               10
     5000             2.576               14
     5100             2.655               10
     5200             2.716               10
     5300             2.790               14
     5400             2.875               14
     5500             2.946               14
     5600             2.978               14
     5700             3.022               14
     5800             3.054               14
     5900             3.023               14
     6000             3.032               14
     6100             3.014               14
     6200             2.916               14
     6300             2.785               14
     6400             2.677               14
     6500             2.569               14
     6600             2.496               14
     6700             2.422               14
     6800             2.329               10
     6900             2.225               14
     7000             2.128               14
     7100             2.050               14
     7200             1.996               14
     7300             1.944               14
     7400             1.919               14
     7500             1.919               14
     7600             1.918               14
     7700             1.924               14
     7800             1.934               14
     7900             1.942               14
     8000             1.951               14
     8100             1.966               14
     8200             1.979               14
     8300             1.993               14
     8400             2.010               14
     8500             2.034               14
     8600             2.053               14
     8700             2.065               14
     8800             2.079               14
     8900             2.098               14
     9000             2.122               14
     9100             2.134               14
     9200             2.148               14
     9300             2.160               14
     9400             2.172               14
     9500             2.179               14
     9600             2.196               14
     9700             2.223               14
     9800             2.253               14
     9900             2.275               14
     10000            2.291               14
     10100            2.302               14
     10200            2.327               14
     10300            2.355               14
     10400            2.391               14
     10500            2.432               14
     10600            2.470               14
     10700            2.516               14
     10800            2.565               14
     10900            2.617               14
     11000            2.667               14
     11100            2.713               14
     11200            2.761               14
     11300            2.811               14
     11400            2.857               14
     11500            2.899               14
     11600            2.927               14
     11700            2.943               14
     11800            2.963               14
     11900            2.982               14
     12000            3.001               14
     12100            3.029               14
     12200            3.051               14
     12300            3.068               14
     12400            3.078               14
     12500            3.072               14
     12600            3.052               14
     12700            3.032               14
     12800            3.001               14
     12900            2.944               14
     13000            2.887               14
     13100            2.832               14
     13200            2.786               14
     13300            2.735               14
     13400            2.683               14
     13500            2.618               14
     13600            2.551               14
     13700            2.498               14
     13800            2.450               14
     13900            2.405               14
     14000            2.360               14
     14100            2.320               14
     14200            2.278               14
     14300            2.243               14
     14400            2.217               14
     14500            2.193               14
     14600            2.168               14
     14700            2.149               14
     14800            2.122               14
     14900            2.094               14
     15000            2.072               14
     15100            2.051               14
     15200            2.036               14
     15300            2.019               14
     15400            2.007               14
     15500            2.001               14
     15600            1.993               14
     15700            1.982               14
     15800            1.970               14
     15900            1.961               14
     16000            1.955               14
     16100            1.947               14
     16200            1.940               14
     16300            1.929               14
     16400            1.910               14
     16500            1.887               14
     16600            1.860               14
     16700            1.836               14
     16800            1.817               14
     16900            1.795               14
     17000            1.776               14
     17100            1.760               14
     17200            1.748               14
     17300            1.739               14
     17400            1.733               14
     17500            1.725               14
     17600            1.717               14
     17700            1.709               14
     17800            1.701               14
     17900            1.696               14
     18000            1.692               14
     18100            1.686               14
     18200            1.682               14
     18300            1.679               14
     18400            1.679               14
     18500            1.680               14
     18600            1.683               14
     18700            1.685               14
     18800            1.685               14
     18900            1.688               14
     19000            1.692               14
     19100            1.695               14
     19200            1.695               14
     19300            1.693               14
     19400            1.691               14
     19500            1.688               14
     19600            1.686               14
     19700            1.687               14
     19800            1.689               14
     19900            1.688               14
     20000            1.687               14
     20100            1.686               14
     20200            1.680               14
     20300            1.671               14
     20400            1.662               14
     20500            1.653               14
     20600            1.646               14
     20700            1.639               14
     20800            1.630               14
     20900            1.619               14
     21000            1.609               14
     21100            1.601               14
     21200            1.592               14
     21300            1.584               14
     21400            1.576               14
     21500            1.569               14
     21600            1.559               14
     21700            1.548               14
     21800            1.536               14
     21900            1.523               14
     22000            1.511               14
     22100            1.499               14
     22200            1.488               14
     22300            1.479               14
     22400            1.469               14
     22500            1.458               14
     22600            1.447               14
     22700            1.437               14
     22800            1.427               14
     22900            1.417               14
     23000            1.407               14
     23100            1.399               14
     23200            1.392               14
     23300            1.386               14
     23400            1.380               14
     23500            1.376               14
     23600            1.372               14
     23700            1.368               14
     23800            1.363               14
     23900            1.359               14
     24000            1.356               14
     24100            1.353               14
     24200            1.349               14
     24300            1.345               14
     24400            1.341               14
     24500            1.337               14
     24600            1.333               14
     24700            1.328               14
     24800            1.324               14
     24900            1.318               14
     25000            1.311               14
     25100            1.305               14
     25200            1.298               14
     25300            1.290               14
     25400            1.281               14
     25500            1.273               14
     25600            1.265               14
     25700            1.257               14
     25800            1.252               14
     25900            1.246               14
     26000            1.240               14
     26100            1.233               14
     26200            1.228               14
     26300            1.223               14
     26400            1.218               14
     26500            1.213               14
     26600            1.209               14
     26700            1.207               14
     26800            1.204               14
     26900            1.204               14
     27000            1.204               14
     27100            1.205               14
     27200            1.204               14
     27300            1.203               14
     27400            1.202               14
     27500            1.202               14
     27600            1.202               14
     27700            1.202               14
     27800            1.202               14
     27900            1.204               14
     28000            1.206               14
     28100            1.208               14
     28200            1.212               14
     28300            1.215               14
     28400            1.219               14
     28500            1.223               14
     28600            1.226               14
     28700            1.230               14
     28800            1.234               14
     28900            1.236               14
     29000            1.238               14
     29100            1.241               14
     29200            1.244               14
     29300            1.246               14
     29400            1.248               14
     29500            1.251               14
     29600            1.253               14
     29700            1.256               14
     29800            1.259               14
     29900            1.263               14
     30000            1.266               14
     30100            1.270               14
     30200            1.274               14
     30300            1.278               14
     30400            1.282               14
     30500            1.287               14
     30600            1.291               14
     30700            1.295               14
     30800            1.298               14
     30900            1.301               14
     31000            1.303               14
     31100            1.305               14
     31200            1.308               14
     31300            1.312               14
     31400            1.316               14
     31500            1.319               14
     31600            1.322               14
     31700            1.323               14
     31800            1.324               14
     31900            1.326               14
     32000            1.329               14
     32100            1.331               14
     32200            1.334               14
     32300            1.337               14
     32400            1.340               14
     32500            1.342               14
     32600            1.345               14
     32700            1.347               14
     32800            1.350               14
     32900            1.353               14
     33000            1.356               14
     33100            1.358               14
     33200            1.361               14
     33300            1.363               14
     33400            1.365               14
     33500            1.366               14
     33600            1.366               14
     33700            1.366               14
     33800            1.365               10
     33900            1.364               14
     34000            1.364               10
     34100            1.363               10
     34200            1.363               10
     34300            1.363               10
     34400            1.362               10
     34500            1.362               10
     34600            1.363               10
     34700            1.364               10
     34800            1.364               10
     34900            1.363               10
     35000            1.363               10
     35100            1.363               10
     35200            1.363               10
     35300            1.364               10
     35400            1.365               10
     35500            1.366               10
     35600            1.367               10
     35700            1.370               10
     35800            1.372               10
     35900            1.374               10
     36000            1.375               10
     36100            1.375               10
     36200            1.375               10
     36300            1.375               10
     36400            1.376               10
     36500            1.376               10
     36600            1.376               10
     36700            1.376               10
     36800            1.376               10
     36900            1.377               10
     37000            1.379               10
     37100            1.380               10
     37200            1.382               10
     37300            1.384               10
     37400            1.384               10
     37500            1.384               10
     37600            1.384               10
     37700            1.382               10
     37800            1.381               10
     37900            1.379               10
     38000            1.377               10
     38100            1.375               10
     38200            1.373               10
     38300            1.370               10
     38400            1.367               10
     38500            1.364               10
     38600            1.362               10
     38700            1.359               10
     38800            1.358               10
     38900            1.357               10
     39000            1.355               10
     39100            1.353               10
     39200            1.352               10
     39300            1.351               10
     39400            1.350               10
     39500            1.348               10
     39600            1.347               10
     39700            1.346               10
     39800            1.345               10
     39900            1.344               10
     40000            1.343               10
     40100            1.342               10
     40200            1.342               10
     40300            1.341               10
     40400            1.340               10
     40500            1.340               10
     40600            1.340               10
     40700            1.341               10
     40800            1.340               10
     40900            1.340               10
     41000            1.340               10
     41100            1.340               10
     41200            1.339               10
     41300            1.339               10
     41400            1.339               10
     41500            1.339               10
     41600            1.339               10
     41700            1.339               10
     41800            1.340               10
     41900            1.340               10
     42000            1.339               10
     42100            1.339               10
     42200            1.339               10
     42300            1.339               10
     42400            1.339               10
     42500            1.338               10
     42600            1.339               10
     42700            1.340               10
     42800            1.341               10
     42900            1.342               10
     43000            1.343               10
     43100            1.344               10
     43200            1.346               10
     43300            1.347               10
     43400            1.347               10
     43500            1.349               10
     43600            1.350               10
     43700            1.351               10
     43800            1.352               10
     43900            1.353               10
     44000            1.355               10
     44100            1.356               10
     44200            1.357               10
     44300            1.358               10
     44400            1.359               10
     44500            1.360               10
     44600            1.361               10
     44700            1.361               10
     44800            1.361               10
     44900            1.361               10
     45000            1.361               10
     45100            1.361               10
     45200            1.361               10
     45300            1.362               15
     45400            1.363               15
     45500            1.363               15
     45600            1.364               15
     45700            1.364               15
     45800            1.364               15
     45900            1.363               15
     46000            1.363               15
     46100            1.363               15
     46200            1.363               15
     46300            1.363               15
     46400            1.364               15
     46500            1.365               15
     46600            1.366               15
     46700            1.367               15
     46800            1.369               15
     46900            1.370               15
     47000            1.371               15
     47100            1.373               15
     47200            1.374               15
     47300            1.374               15
     47400            1.375               15
     47500            1.376               15
     47600            1.377               15
     47700            1.378               15
     47800            1.378               15
     47900            1.378               15
     48000            1.379               15
     48100            1.380               15
     48200            1.381               15
     48300            1.382               15
     48400            1.383               15
     48500            1.385               15
     48600            1.387               15
     48700            1.389               15
     48800            1.390               15
     48900            1.390               15
     49000            1.390               15
     49100            1.390               15
     49200            1.390               15
     49300            1.390               15
     49400            1.390               15
     49500            1.390               15
     49600            1.390               15
     49700            1.390               15
     49800            1.389               15
     49900            1.389               15
     50000            1.388               15
     50100            1.387               15
     50200            1.386               15
     50300            1.385               15
     50400            1.384               15
     50500            1.383               15
     50600            1.382               15
     50700            1.380               15
     50800            1.379               15
     50900            1.379               15
     51000            1.379               15
     51100            1.379               15
     51200            1.378               15
     51300            1.378               15
     51400            1.379               15
     51500            1.379               15
     51600            1.380               15
     51700            1.380               15
     51800            1.380               15
     51900            1.380               15
     52000            1.381               15
     52100            1.381               15
     52200            1.381               15
     52300            1.382               15
     52400            1.383               15
     52500            1.383               15
     52600            1.383               15
     52700            1.384               15
     52800            1.385               15
     52900            1.386               15
     53000            1.387               15
     53100            1.389               15
     53200            1.390               15
     53300            1.391               15
     53400            1.391               15
     53500            1.391               15
     53600            1.392               15
     53700            1.394               15
     53800            1.396               15
     53900            1.398               15
     54000            1.400               15
     54100            1.402               15
     54200            1.404               15
     54300            1.406               15
     54400            1.408               15
     54500            1.410               15
     54600            1.412               15
     54700            1.414               15
     54800            1.416               15
     54900            1.418               15
     55000            1.421               15
     55100            1.423               15
     55200            1.426               15
     55300            1.428               15
     55400            1.430               15
     55500            1.432               15
     55600            1.434               15
     55700            1.437               13
     55800            1.439               15
     55900            1.441               15
     56000            1.444               15
     56100            1.446               15
     56200            1.448               15
     56300            1.451               15
     56400            1.454               15
     56500            1.457               15
     56600            1.460               15
     56700            1.463               15
     56800            1.466               15
     56900            1.469               15
     57000            1.472               15
     57100            1.476               15
     57200            1.478               15
     57300            1.481               15
     57400            1.484               15
     57500            1.487               15
     57600            1.490               15
     57700            1.493               15
     57800            1.495               15
     57900            1.498               15
     58000            1.500               15
     58100            1.503               15
     58200            1.505               15
     58300            1.508               15
     58400            1.511               15
     58500            1.514               15
     58600            1.517               15
     58700            1.520               15
     58800            1.523               15
     58900            1.525               15
     59000            1.528               15
     59100            1.531               15
     59200            1.533               15
     59300            1.535               15
     59400            1.538               15
     59500            1.540               15
     59600            1.543               15
     59700            1.545               15
     59800            1.547               15
     59900            1.550               15
     60000            1.552               15
     60100            1.555               15
     60200            1.557               15
     60300            1.560               15
     60400            1.562               15
     60500            1.565               15
     60600            1.568               15
     60700            1.571               15
     60800            1.574               15
     60900            1.577               15
     61000            1.579               15
     61100            1.581               15
     61200            1.584               15
     61300            1.586               15
     61400            1.588               15
     61500            1.590               15
     61600            1.592               15
     61700            1.595               15
     61800            1.597               15
     61900            1.599               15
     62000            1.602               15
     62100            1.605               15
     62200            1.608               15
     62300            1.611               15
     62400            1.614               15
     62500            1.617               15
     62600            1.621               15
     62700            1.625               15
     62800            1.629               15
     62900            1.634               15
     63000            1.638               15
     63100            1.643               15
     63200            1.647               15
     63300            1.650               15
     63400            1.654               15
     63500            1.657               15
     63600            1.661               15
     63700            1.665               15
     63800            1.668               15
     63900            1.672               15
     64000            1.675               15
     64100            1.678               15
     64200            1.681               15
     64300            1.685               15
     64400            1.689               15
     64500            1.693               15
     64600            1.697               15
     64700            1.701               15
     64800            1.706               15
     64900            1.710               15
     65000            1.715               15
     65100            1.719               15
     65200            1.724               15
     65300            1.729               15
     65400            1.734               15
     65500            1.738               15
     65600            1.743               15
     65700            1.748               15
     65800            1.752               15
     65900            1.756               15
     66000            1.759               15
     66100            1.762               15
     66200            1.766               15
     66300            1.769               15
     66400            1.772               15
     66500            1.774               15
     66600            1.776               15
     66700            1.778               15
     66800            1.780               15
     66900            1.782               15
     67000            1.784               15
     67100            1.786               15
     67200            1.787               15
     67300            1.789               15
     67400            1.791               15
     67500            1.793               15
     67600            1.796               15
     67700            1.798               15
     67800            1.801               15
     67900            1.803               15
     68000            1.806               15
     68100            1.808               15
     68200            1.811               15
     68300            1.814               15
     68400            1.817               15
     68500            1.820               15
     68600            1.822               15
     68700            1.825               15
     68800            1.827               15
     68900            1.830               15
     69000            1.832               15
     69100            1.834               15
     69200            1.837               15
     69300            1.840               15
     69400            1.843               15
     69500            1.846               15
     69600            1.849               15
     69700            1.851               15
     69800            1.853               15
     69900            1.856               15
     70000            1.860               15
     70100            1.863               15
     70200            1.866               15
     70300            1.869               15
     70400            1.872               15
     70500            1.876               15
     70600            1.880               15
     70700            1.884               15
     70800            1.888               15
     70900            1.893               15
     71000            1.898               15
     71100            1.902               15
     71200            1.907               15
     71300            1.912               15
     71400            1.917               15
     71500            1.922               15
     71600            1.926               15
     71700            1.931               15
     71800            1.935               15
     71900            1.939               15
     72000            1.944               15
     72100            1.948               15
     72200            1.952               15
     72300            1.957               15
     72400            1.961               15
     72500            1.965               15
     72600            1.969               15
     72700            1.973               15
     72800            1.978               15
     72900            1.981               15
     73000            1.985               15
     73100            1.988               15
     73200            1.992               15
     73300            1.997               15
     73400            2.001               15
     73500            2.005               15
     73600            2.009               15
     73700            2.013               15
     73800            2.017               15
     73900            2.021               15
     74000            2.025               15
     74100            2.029               15
     74200            2.033               15
     74300            2.038               15
     74400            2.042               15
     74500            2.046               15
     74600            2.051               15
     74700            2.056               15
     74800            2.061               15
     74900            2.066               15
     75000            2.072               15
     75100            2.078               15
     75200            2.083               15
     75300            2.089               15
     75400            2.095               15
     75500            2.100               15
     75600            2.105               15
     75700            2.110               15
     75800            2.115               15
     75900            2.120               15
     76000            2.124               15
     76100            2.128               15
     76200            2.132               15
     76300            2.136               15
     76400            2.139               15
     76500            2.143               15
     76600            2.147               15
     76700            2.150               15
     76800            2.153               15
     76900            2.156               10
     77000            2.160               10
     77100            2.164               10
     77200            2.168               10
     77300            2.173               10
     77400            2.177               10
     77500            2.181               10
     77600            2.186               10
     77700            2.191               10
     77800            2.195               10
     77900            2.199               10
     78000            2.204               10
     78100            2.208               10
     78200            2.213               15
     78300            2.217               10
     78400            2.222               10
     78500            2.226               10
     78600            2.231               10
     78700            2.236               15
     78800            2.240               15
     78900            2.245               10
     79000            2.249               10
     79100            2.253               10
     79200            2.258               10
     79300            2.263               15
     79400            2.268               15
     79500            2.274               15
     79600            2.280               15
     79700            2.286               15
     79800            2.292               15
     79900            2.298               10
     80000            2.304               15
     80100            2.311               15
     80200            2.317               15
     80300            2.323               10
     80400            2.329               10
     80500            2.336               10
     80600            2.342               10
     80700            2.348               10
     80800            2.355               10
     80900            2.361               10
     81000            2.367               15
     81100            2.373               15
     81200            2.379               10
     81300            2.385               10
     81400            2.390               10
     81500            2.395               10
     81600            2.401               15
     81700            2.406               10
     81800            2.411               10
     81900            2.416               15
     82000            2.422               15
     82100            2.428               15
     82200            2.434               15
     82300            2.440               15
     82400            2.446               15
     82500            2.452               15
     82600            2.458               15
     82700            2.465               15
     82800            2.471               15
     82900            2.477               15
     83000            2.483               10
     83100            2.489               10
     83200            2.496               10
     83300            2.502               10
     83400            2.508               10
     83500            2.515               10
     83600            2.521               10
     83700            2.528               10
     83800            2.535               10
     83900            2.541               10
     84000            2.547               10
     84100            2.553               10
     84200            2.558               10
     84300            2.564               10
     84400            2.570               10
     84500            2.575               10
     84600            2.581               10
     84700            2.586               10
     84800            2.591               10
     84900            2.597               10
     85000            2.602               10
     85100            2.608               10
     85200            2.614               10
     85300            2.620               10
     85400            2.627               10
     85500            2.633               10
     85600            2.640               10
     85700            2.647               10
     85800            2.653               10
     85900            2.660               10
     86000            2.666               13
     86100            2.672               13
     86200            2.677               13
     86300            2.682               13
     86400            2.686               13
     86500            2.690               13
     86600            2.693               13
     86700            2.694               15
     86800            2.695               15
     86900            2.697               10
     87000            2.698               10
     87100            2.700               15
     87200            2.701               15
     87300            2.703               15
     87400            2.704               15
     87500            2.707               15
     87600            2.710               15
     87700            2.713               15
     87800            2.715               15
     87900            2.717               15
     88000            2.720               13
     88100            2.723               15
     88200            2.727               15
     88300            2.731               15
     88400            2.734               13
     88500            2.737               13
     88600            2.739               13
     88700            2.741               13
     88800            2.743               13
     88900            2.745               13
     89000            2.747               13
     89100            2.749               15
     89200            2.750               15
     89300            2.752               15
     89400            2.752               15
     89500            2.753               15
     89600            2.754               15
     89700            2.755               15
     89800            2.756               15
     89900            2.757               15
     90000            2.758               15
     90100            2.759               15
     90200            2.761               15
     90300            2.764               15
     90400            2.767               15
     90500            2.770               15
     90600            2.773               15
     90700            2.775               15
     90800            2.778               15
     90900            2.780               15
     91000            2.782               15
     91100            2.785               15
     91200            2.788               15
     91300            2.791               15
     91400            2.795               15
     91500            2.798               15
     91600            2.800               15
     91700            2.803               15
     91800            2.806               15
     91900            2.811               15
     92000            2.815               15
     92100            2.820               15
     92200            2.824               15
     92300            2.828               15
     92400            2.831               15
     92500            2.833               15
     92600            2.836               15
     92700            2.839               15
     92800            2.841               15
     92900            2.844               15
     93000            2.847               15
     93100            2.850               15
     93200            2.853               15
     93300            2.857               15
     93400            2.861               15
     93500            2.865               15
     93600            2.869               15
     93700            2.874               13
     93800            2.878               13
     93900            2.883               15
     94000            2.888               15
     94100            2.893               15
     94200            2.898               15
     94300            2.902               15
     94400            2.907               15
     94500            2.912               15
     94600            2.917               15
     94700            2.922               15
     94800            2.927               15
     94900            2.931               15
     95000            2.936               15
     95100            2.942               15
     95200            2.947               15
     95300            2.952               15
     95400            2.956               15
     95500            2.960               15
     95600            2.964               15
     95700            2.968               15
     95800            2.972               15
     95900            2.975               15
     96000            2.979               15
     96100            2.984               15
     96200            2.988               15
     96300            2.993               15
     96400            2.997               15
     96500            3.001               15
     96600            3.005               15
     96700            3.008               15
     96800            3.012               15
     96900            3.018               15
     97000            3.023               15
     97100            3.028               15
     97200            3.033               15
     97300            3.038               15
     97400            3.041               15
     97500            3.045               15
     97600            3.047               15
     97700            3.047               15
     97800            3.048               15
     97900            3.048               15
     98000            3.049               15
     98100            3.051               15
     98200            3.052               15
     98300            3.054               15
     98400            3.056               15
     98500            3.058               15
     98600            3.061               15
     98700            3.064               15
     98800            3.067               15
     98900            3.068               15
     99000            3.070               15
     99100            3.071               15
     99200            3.071               15
     99300            3.070               15
     99400            3.069               15
     99500            3.069               15
     99600            3.069               15
     99700            3.068               15
     99800            3.068               15
     99900            3.066               15
     100000           3.062               15
     100100           3.059               15
     100200           3.056               15
     100300           3.053               15
     100400           3.050               15
     100500           3.046               15
     100600           3.044               15
     100700           3.041               15
     100800           3.038               15
     100900           3.035               15
     101000           3.032               15
     101100           3.030               15
     101200           3.027               15
     101300           3.026               15
     101400           3.024               15
     101500           3.022               15
     101600           3.020               15
     101700           3.018               15
     101800           3.016               15
     101900           3.013               15
     102000           3.010               15
     102100           3.006               15
     102200           3.003               15
     102300           3.000               15
     102400           2.998               15
     102500           2.996               15
     102600           2.994               15
     102700           2.993               15
     102800           2.992               15
     102900           2.990               15
     103000           2.988               15
     103100           2.984               15
     103200           2.980               15
     103300           2.975               15
     103400           2.969               15
     103500           2.964               15
     103600           2.957               15
     103700           2.951               15
     103800           2.945               15
     103900           2.940               15
     104000           2.937               15
     104100           2.934               15
     104200           2.931               15
     104300           2.929               15
     104400           2.926               15
     104500           2.924               15
     104600           2.921               15
     104700           2.918               15
     104800           2.915               15
     104900           2.912               15
     105000           2.909               15
     105100           2.906               15
     105200           2.905               15
     105300           2.903               15
     105400           2.901               15
     105500           2.900               15
     105600           2.898               15
     105700           2.898               15
     105800           2.897               15
     105900           2.897               15
     106000           2.895               15
     106100           2.894               15
     106200           2.891               15
     106300           2.888               15
     106400           2.885               15
     106500           2.882               15
     106600           2.880               15
     106700           2.877               15
     106800           2.874               15
     106900           2.872               15
     107000           2.872               15
     107100           2.870               15
     107200           2.869               15
     107300           2.867               15
     107400           2.863               15
     107500           2.859               15
     107600           2.856               15
     107700           2.852               15
     107800           2.849               15
     107900           2.845               15
     108000           2.842               15
     108100           2.839               15
     108200           2.838               15
     108300           2.836               15
     108400           2.832               13
     108500           2.828               15
     108600           2.824               15
     108700           2.821               13
     108800           2.817               13
     108900           2.813               13
     109000           2.807               13
     109100           2.800               13
     109200           2.794               13
     109300           2.787               13
     109400           2.781               13
     109500           2.774               13
     109600           2.766               13
     109700           2.759               13
     109800           2.751               13
     109900           2.744               13
     110000           2.736               13
     110100           2.727               13
     110200           2.719               13
     110300           2.710               13
     110400           2.702               13
     110500           2.694               13
     110600           2.685               13
     110700           2.677               13
     110800           2.669               13
     110900           2.662               13
     111000           2.654               13
     111100           2.647               13
     111200           2.640               13
     111300           2.634               13
     111400           2.629               13
     111500           2.625               13
     111600           2.620               13
     111700           2.615               13
     111800           2.610               13
     111900           2.603               13
     112000           2.596               13
     112100           2.590               13
     112200           2.583               13
     112300           2.576               13
     112400           2.569               13
     112500           2.560               13
     112600           2.553               13
     112700           2.546               13
     112800           2.538               13
     112900           2.531               13
     113000           2.524               13
     113100           2.518               13
     113200           2.512               13
     113300           2.505               13
     113400           2.498               13
     113500           2.491               13
     113600           2.485               13
     113700           2.478               13
     113800           2.472               13
     113900           2.465               13
     114000           2.458               13
     114100           2.452               13
     114200           2.446               13
     114300           2.440               13
     114400           2.434               13
     114500           2.428               13
     114600           2.423               13
     114700           2.418               13
     114800           2.413               13
     114900           2.408               13
     115000           2.403               13
     115100           2.398               14
     115200           2.393               14
     115300           2.388               14
     115400           2.384               14
     115500           2.379               14
     115600           2.374               14
     115700           2.369               14
     115800           2.365               14
     115900           2.361               14
     116000           2.357               14
     116100           2.353               14
     116200           2.349               14
     116300           2.344               14
     116400           2.339               14
     116500           2.335               14
     116600           2.330               13
     116700           2.325               14
     116800           2.321               14
     116900           2.317               14
     117000           2.313               14
     117100           2.309               14
     117200           2.305               14
     117300           2.301               14
     117400           2.297               14
     117500           2.294               14
     117600           2.291               14
     117700           2.288               14
     117800           2.284               14
     117900           2.281               14
     118000           2.278               14
     118100           2.276               14
     118200           2.273               14
     118300           2.270               14
     118400           2.268               14
     118500           2.265               14
     118600           2.263               14
     118700           2.260               14
     118800           2.258               14
     118900           2.256               14
     119000           2.253               14
     119100           2.251               14
     119200           2.248               14
     119300           2.245               14
     119400           2.241               14
     119500           2.238               14
     119600           2.234               14
     119700           2.231               14
     119800           2.227               14
     119900           2.224               14
     120000           2.220               14
     120100           2.216               14
     120200           2.212               13
     120300           2.208               14
     120400           2.205               13
     120500           2.201               13
     120600           2.197               13
     120700           2.194               13
     120800           2.191               13
     120900           2.188               13
     121000           2.185               13
     121100           2.182               13
     121200           2.178               13
     121300           2.174               13
     121400           2.171               13
     121500           2.167               14
     121600           2.163               14
     121700           2.159               13
     121800           2.154               13
     121900           2.151               13
     122000           2.147               13
     122100           2.143               13
     122200           2.139               14
     122300           2.135               13
     122400           2.131               13
     122500           2.127               13
     122600           2.123               13
     122700           2.119               14
     122800           2.115               14
     122900           2.110               13
     123000           2.106               13
     123100           2.101               13
     123200           2.097               13
     123300           2.092               13
     123400           2.087               13
     123500           2.082               13
     123600           2.078               13
     123700           2.074               13
     123800           2.070               14
     123900           2.066               14
     124000           2.062               14
     124100           2.058               14
     124200           2.055               14
     124300           2.051               14
     124400           2.047               14
     124500           2.043               14
     124600           2.039               14
     124700           2.035               14
     124800           2.031               14
     124900           2.027               14
     125000           2.023               14
     125100           2.018               14
     125200           2.014               14
     125300           2.010               14
     125400           2.006               14
     125500           2.002               14
     125600           1.998               14
     125700           1.995               10
     125800           1.991               10
     125900           1.988               10
     126000           1.985               10
     126100           1.982               10
     126200           1.978               10
     126300           1.975               10
     126400           1.972               10
     126500           1.969               10
     126600           1.966               10
     126700           1.963               10
     126800           1.960               10
     126900           1.957               10
     127000           1.954               10
     127100           1.951               10
     127200           1.948               10
     127300           1.945               10
     127400           1.942               14
     127500           1.938               10
     127600           1.935               10
     127700           1.932               10
     127800           1.928               10
     127900           1.925               10
     128000           1.921               14
     128100           1.918               14
     128200           1.914               14
     128300           1.910               14
     128400           1.906               14
     128500           1.902               14
     128600           1.898               14
     128700           1.894               14
     128800           1.891               14
     128900           1.887               14
     129000           1.884               14
     129100           1.881               10
     129200           1.879               10
     129300           1.875               10
     129400           1.872               10
     129500           1.869               10
     129600           1.866               10
     129700           1.863               10
     129800           1.859               10
     129900           1.856               10
     130000           1.852               10
     130100           1.849               10
     130200           1.846               10
     130300           1.842               10
     130400           1.839               10
     130500           1.836               10
     130600           1.833               10
     130700           1.830               10
     130800           1.827               10
     130900           1.824               10
     131000           1.821               10
     131100           1.818               10
     131200           1.815               10
     131300           1.812               10
     131400           1.809               10
     131500           1.807               10
     131600           1.804               10
     131700           1.802               10
     131800           1.799               10
     131900           1.797               10
     132000           1.795               10
     132100           1.792               10
     132200           1.790               14
     132300           1.788               10
     132400           1.786               10
     132500           1.784               10
     132600           1.782               10
     132700           1.780               10
     132800           1.779               10
     132900           1.777               10
     133000           1.776               10
     133100           1.774               10
     133200           1.772               10
     133300           1.771               10
     133400           1.769               10
     133500           1.768               10
     133600           1.767               10
     133700           1.766               14
     133800           1.765               14
     133900           1.764               14
     134000           1.764               10
     134100           1.763               14
     134200           1.763               14
     134300           1.762               14
     134400           1.762               14
     134500           1.761               14
     134600           1.761               10
     134700           1.760               14
     134800           1.760               14
     134900           1.759               14
     135000           1.758               14
     135100           1.758               14
     135200           1.757               10
     135300           1.757               10
     135400           1.756               10
     135500           1.756               10
     135600           1.755               10
     135700           1.755               10
     135800           1.755               10
     135900           1.754               10
     136000           1.754               10
     136100           1.753               10
     136200           1.752               10
     136300           1.752               10
     136400           1.751               10
     136500           1.751               10
     136600           1.751               10
     136700           1.750               10
     136800           1.750               10
     136900           1.750               10
     137000           1.750               10
     137100           1.749               10
     137200           1.749               10
     137300           1.748               10
     137400           1.748               10
     137500           1.747               10
     137600           1.747               10
     137700           1.747               10
     137800           1.747               10
     137900           1.747               10
     138000           1.747               10
     138100           1.746               10
     138200           1.746               10
     138300           1.746               10
     138400           1.746               10
     138500           1.745               10
     138600           1.745               14
     138700           1.745               14
     138800           1.745               14
     138900           1.744               10
     139000           1.744               14
     139100           1.744               10
     139200           1.744               10
     139300           1.744               14
     139400           1.744               10
     139500           1.745               14
     139600           1.745               14
     139700           1.745               14
     139800           1.746               14
     139900           1.746               14
     140000           1.746               14
     140100           1.747               14
     140200           1.748               14
     140300           1.748               14
     140400           1.749               14
     140500           1.749               14
     140600           1.750               14
     140700           1.750               14
     140800           1.751               14
     140900           1.751               14
     141000           1.752               14
     141100           1.752               14
     141200           1.753               14
     141300           1.753               14
     141400           1.754               14
     141500           1.755               14
     141600           1.756               14
     141700           1.756               14
     141800           1.757               14
     141900           1.758               14
     142000           1.758               14
     142100           1.759               14
     142200           1.760               14
     142300           1.760               14
     142400           1.761               14
     142500           1.762               14
     142600           1.763               14
     142700           1.763               14
     142800           1.764               14
     142900           1.764               14
     143000           1.765               14
     143100           1.766               14
     143200           1.766               14
     143300           1.767               14
     143400           1.768               14
     143500           1.769               14
     143600           1.770               14
     143700           1.770               14
     143800           1.771               14
     143900           1.772               14
     144000           1.773               14
     144100           1.773               14
     144200           1.774               14
     144300           1.775               14
     144400           1.775               14
     144500           1.776               14
     144600           1.777               14
     144700           1.778               14
     144800           1.778               14
     144900           1.779               14
     145000           1.780               14
     145100           1.781               14
     145200           1.782               14
     145300           1.783               14
     145400           1.784               14
     145500           1.785               14
     145600           1.786               14
     145700           1.786               14
     145800           1.787               14
     145900           1.788               14
     146000           1.789               14
     146100           1.790               14
     146200           1.791               14
     146300           1.792               14
     146400           1.792               14
     146500           1.793               14
     146600           1.794               14
     146700           1.795               14
     146800           1.795               14
     146900           1.796               14
     147000           1.797               14
     147100           1.797               14
     147200           1.798               14
     147300           1.799               14
     147400           1.800               14
     147500           1.800               14
     147600           1.801               14
     147700           1.801               14
     147800           1.802               14
     147900           1.803               14
     148000           1.803               14
     148100           1.804               14
     148200           1.805               14
     148300           1.806               14
     148400           1.806               14
     148500           1.807               14
     148600           1.808               14
     148700           1.808               14
     148800           1.809               14
     148900           1.809               14
     149000           1.810               14
     149100           1.810               14
     149200           1.811               14
     149300           1.812               14
     149400           1.812               14
     149500           1.813               14
     149600           1.814               14
     149700           1.815               14
     149800           1.815               14
     149900           1.816               14
     150000           1.816               14
     150100           1.817               14
     150200           1.818               14
     150300           1.818               14
     150400           1.819               14
     150500           1.819               14
     150600           1.820               14
     150700           1.820               14
     150800           1.821               14
     150900           1.822               14
     151000           1.822               14
     151100           1.823               14
     151200           1.823               14
     151300           1.824               14
     151400           1.824               14
     151500           1.824               14
     151600           1.824               14
     151700           1.825               14
     151800           1.825               14
     151900           1.826               14
     152000           1.826               14
     152100           1.826               14
     152200           1.827               14
     152300           1.827               14
     152400           1.827               14
     152500           1.828               14
     152600           1.828               14
     152700           1.829               14
     152800           1.830               14
     152900           1.830               14
     153000           1.831               14
     153100           1.831               14
     153200           1.832               14
     153300           1.832               14
     153400           1.833               14
     153500           1.833               14
     153600           1.834               14
     153700           1.834               14
     153800           1.834               14
     153900           1.835               14
     154000           1.835               14
     154100           1.835               14
     154200           1.835               14
     154300           1.835               14
     154400           1.835               14
     154500           1.834               14
     154600           1.834               14
     154700           1.834               14
     154800           1.833               14
     154900           1.833               14
     155000           1.833               14
     155100           1.832               14
     155200           1.832               14
     155300           1.832               14
     155400           1.832               14
     155500           1.832               14
     155600           1.832               14
     155700           1.832               14
     155800           1.831               14
     155900           1.831               14
     156000           1.831               14
     156100           1.831               14
     156200           1.831               14
     156300           1.831               14
     156400           1.831               14
     156500           1.831               14
     156600           1.831               14
     156700           1.830               14
     156800           1.830               14
     156900           1.830               14
     157000           1.830               14
     157100           1.830               14
     157200           1.830               14
     157300           1.830               14
     157400           1.830               14
     157500           1.830               14
     157600           1.830               14
     157700           1.831               14
     157800           1.831               14
     157900           1.832               14
     158000           1.832               14
     158100           1.832               14
     158200           1.833               14
     158300           1.833               14
     158400           1.834               14
     158500           1.834               14
     158600           1.835               14
     158700           1.835               14
     158800           1.836               14
     158900           1.836               14
     159000           1.837               14
     159100           1.837               14
     159200           1.837               14
     159300           1.838               14
     159400           1.838               14
     159500           1.839               14
     159600           1.839               14
     159700           1.840               14
     159800           1.840               14
     159900           1.841               14
     160000           1.842               14
     160100           1.842               14
     160200           1.843               14
     160300           1.843               14
     160400           1.844               14
     160500           1.845               14
     160600           1.845               14
     160700           1.846               14
     160800           1.847               14
     160900           1.847               14
     161000           1.848               14
     161100           1.849               14
     161200           1.849               14
     161300           1.850               14
     161400           1.850               14
     161500           1.851               14
     161600           1.852               14
     161700           1.852               14
     161800           1.853               14
     161900           1.854               14
     162000           1.854               14
     162100           1.855               14
     162200           1.856               14
     162300           1.856               14
     162400           1.857               14
     162500           1.858               14
     162600           1.858               14
     162700           1.859               14
     162800           1.860               14
     162900           1.861               14
     163000           1.862               14
     163100           1.863               14
     163200           1.864               14
     163300           1.865               14
     163400           1.866               14
     163500           1.867               14
     163600           1.868               14
     163700           1.869               14
     163800           1.870               14
     163900           1.871               14
     164000           1.872               14
     164100           1.872               14
     164200           1.874               14
     164300           1.875               14
     164400           1.875               14
     164500           1.876               14
     164600           1.877               14
     164700           1.878               14
     164800           1.879               14
     164900           1.880               14
     165000           1.881               14
     165100           1.882               14
     165200           1.883               14
     165300           1.884               14
     165400           1.885               14
     165500           1.886               14
     165600           1.887               14
     165700           1.888               14
     165800           1.889               14
     165900           1.890               14
     166000           1.892               14
     166100           1.893               14
     166200           1.894               14
     166300           1.895               14
     166400           1.897               14
     166500           1.898               14
     166600           1.900               14
     166700           1.901               14
     166800           1.902               14
     166900           1.904               14
     167000           1.905               14
     167100           1.907               14
     167200           1.908               14
     167300           1.909               14
     167400           1.911               14
     167500           1.912               14
     167600           1.914               14
     167700           1.915               14
     167800           1.917               14
     167900           1.918               14


TECHNICAL 5 OUTPUT


DIAGRAM INFORMATION

  Use View Diagram under the Diagram menu in the Mplus Editor to view the diagram.
  If running Mplus from the Mplus Diagrammer, the diagram opens automatically.

  Diagram output
    c:\users\msassac6\dropbox (the university of manchester)\grants\measurement error and crime - project\longitudinal c

     Beginning Time:  08:17:38
        Ending Time:  10:09:39
       Elapsed Time:  25:52:01



MUTHEN & MUTHEN
3463 Stoner Ave.
Los Angeles, CA  90066

Tel: (310) 391-9971
Fax: (310) 391-8971
Web: www.StatModel.com
Support: Support@StatModel.com

Copyright (c) 1998-2021 Muthen & Muthen
